[0.034s] Invoking command in '/home/armrs/drone_racing_ros2_ws/build/ros2_shared': CMAKE_PREFIX_PATH=${CMAKE_PREFIX_PATH}:/opt/ros/galactic /usr/bin/cmake --build /home/armrs/drone_racing_ros2_ws/build/ros2_shared -- -j4 -l4
[0.120s] Invoked command in '/home/armrs/drone_racing_ros2_ws/build/ros2_shared' returned '0': CMAKE_PREFIX_PATH=${CMAKE_PREFIX_PATH}:/opt/ros/galactic /usr/bin/cmake --build /home/armrs/drone_racing_ros2_ws/build/ros2_shared -- -j4 -l4
[0.156s] Invoking command in '/home/armrs/drone_racing_ros2_ws/build/ros2_shared': CMAKE_PREFIX_PATH=${CMAKE_PREFIX_PATH}:/opt/ros/galactic /usr/bin/cmake --install /home/armrs/drone_racing_ros2_ws/build/ros2_shared
[0.200s] -- Install configuration: ""
[0.200s] -- Up-to-date: /home/armrs/drone_racing_ros2_ws/install/ros2_shared/include
[0.201s] -- Up-to-date: /home/armrs/drone_racing_ros2_ws/install/ros2_shared/include/ros2_shared
[0.201s] -- Up-to-date: /home/armrs/drone_racing_ros2_ws/install/ros2_shared/include/ros2_shared/context_macros.hpp
[0.201s] -- Up-to-date: /home/armrs/drone_racing_ros2_ws/install/ros2_shared/include/ros2_shared/param_macros.hpp
[0.202s] -- Up-to-date: /home/armrs/drone_racing_ros2_ws/install/ros2_shared/include/ros2_shared/string_printf.hpp
[0.202s] -- Up-to-date: /home/armrs/drone_racing_ros2_ws/install/ros2_shared/share/ament_index/resource_index/package_run_dependencies/ros2_shared
[0.202s] -- Up-to-date: /home/armrs/drone_racing_ros2_ws/install/ros2_shared/share/ament_index/resource_index/parent_prefix_path/ros2_shared
[0.203s] -- Up-to-date: /home/armrs/drone_racing_ros2_ws/install/ros2_shared/share/ros2_shared/environment/ament_prefix_path.sh
[0.203s] -- Up-to-date: /home/armrs/drone_racing_ros2_ws/install/ros2_shared/share/ros2_shared/environment/ament_prefix_path.dsv
[0.204s] -- Up-to-date: /home/armrs/drone_racing_ros2_ws/install/ros2_shared/share/ros2_shared/environment/path.sh
[0.204s] -- Up-to-date: /home/armrs/drone_racing_ros2_ws/install/ros2_shared/share/ros2_shared/environment/path.dsv
[0.205s] -- Up-to-date: /home/armrs/drone_racing_ros2_ws/install/ros2_shared/share/ros2_shared/local_setup.bash
[0.205s] -- Up-to-date: /home/armrs/drone_racing_ros2_ws/install/ros2_shared/share/ros2_shared/local_setup.sh
[0.205s] -- Up-to-date: /home/armrs/drone_racing_ros2_ws/install/ros2_shared/share/ros2_shared/local_setup.zsh
[0.206s] -- Up-to-date: /home/armrs/drone_racing_ros2_ws/install/ros2_shared/share/ros2_shared/local_setup.dsv
[0.206s] -- Installing: /home/armrs/drone_racing_ros2_ws/install/ros2_shared/share/ros2_shared/package.dsv
[0.207s] -- Up-to-date: /home/armrs/drone_racing_ros2_ws/install/ros2_shared/share/ament_index/resource_index/packages/ros2_shared
[0.207s] -- Up-to-date: /home/armrs/drone_racing_ros2_ws/install/ros2_shared/share/ros2_shared/cmake/ament_cmake_export_include_directories-extras.cmake
[0.208s] -- Up-to-date: /home/armrs/drone_racing_ros2_ws/install/ros2_shared/share/ros2_shared/cmake/ros2_sharedConfig.cmake
[0.208s] -- Up-to-date: /home/armrs/drone_racing_ros2_ws/install/ros2_shared/share/ros2_shared/cmake/ros2_sharedConfig-version.cmake
[0.209s] -- Up-to-date: /home/armrs/drone_racing_ros2_ws/install/ros2_shared/share/ros2_shared/package.xml
[0.216s] Invoked command in '/home/armrs/drone_racing_ros2_ws/build/ros2_shared' returned '0': CMAKE_PREFIX_PATH=${CMAKE_PREFIX_PATH}:/opt/ros/galactic /usr/bin/cmake --install /home/armrs/drone_racing_ros2_ws/build/ros2_shared
