[0.035s] Invoking command in '/home/armrs/drone_racing_ros2_ws/build/tello_description': CMAKE_PREFIX_PATH=/opt/ros/galactic /usr/bin/cmake --build /home/armrs/drone_racing_ros2_ws/build/tello_description -- -j4 -l4
[0.170s] [ 22%] Built target generate_urdf
[0.171s] [ 22%] Built target generate_urdf_6
[0.188s] [ 33%] Built target generate_urdf_1
[0.190s] [ 44%] Built target generate_urdf_3
[0.244s] [ 55%] Built target generate_urdf_4
[0.258s] [ 66%] Built target generate_urdf_8
[0.267s] [ 77%] Built target generate_urdf_7
[0.275s] [ 88%] Built target generate_urdf_5
[0.295s] [100%] Built target generate_urdf_2
[0.311s] Invoked command in '/home/armrs/drone_racing_ros2_ws/build/tello_description' returned '0': CMAKE_PREFIX_PATH=/opt/ros/galactic /usr/bin/cmake --build /home/armrs/drone_racing_ros2_ws/build/tello_description -- -j4 -l4
[0.315s] Invoking command in '/home/armrs/drone_racing_ros2_ws/build/tello_description': CMAKE_PREFIX_PATH=/opt/ros/galactic /usr/bin/cmake --install /home/armrs/drone_racing_ros2_ws/build/tello_description
[0.326s] -- Install configuration: ""
[0.327s] -- Up-to-date: /home/armrs/drone_racing_ros2_ws/install/tello_description/share/tello_description/urdf
[0.327s] -- Up-to-date: /home/armrs/drone_racing_ros2_ws/install/tello_description/share/tello_description/urdf/tello_7.urdf
[0.327s] -- Up-to-date: /home/armrs/drone_racing_ros2_ws/install/tello_description/share/tello_description/urdf/tello.urdf
[0.327s] -- Up-to-date: /home/armrs/drone_racing_ros2_ws/install/tello_description/share/tello_description/urdf/tello_2.urdf
[0.328s] -- Up-to-date: /home/armrs/drone_racing_ros2_ws/install/tello_description/share/tello_description/urdf/tello_3.urdf
[0.328s] -- Up-to-date: /home/armrs/drone_racing_ros2_ws/install/tello_description/share/tello_description/urdf/tello_6.urdf
[0.328s] -- Up-to-date: /home/armrs/drone_racing_ros2_ws/install/tello_description/share/tello_description/urdf/tello_1.urdf
[0.328s] -- Up-to-date: /home/armrs/drone_racing_ros2_ws/install/tello_description/share/tello_description/urdf/tello_5.urdf
[0.328s] -- Up-to-date: /home/armrs/drone_racing_ros2_ws/install/tello_description/share/tello_description/urdf/tello_8.urdf
[0.328s] -- Up-to-date: /home/armrs/drone_racing_ros2_ws/install/tello_description/share/tello_description/urdf/tello_4.urdf
[0.329s] -- Up-to-date: /home/armrs/drone_racing_ros2_ws/install/tello_description/share/ament_index/resource_index/package_run_dependencies/tello_description
[0.329s] -- Up-to-date: /home/armrs/drone_racing_ros2_ws/install/tello_description/share/ament_index/resource_index/parent_prefix_path/tello_description
[0.329s] -- Up-to-date: /home/armrs/drone_racing_ros2_ws/install/tello_description/share/tello_description/environment/ament_prefix_path.sh
[0.329s] -- Up-to-date: /home/armrs/drone_racing_ros2_ws/install/tello_description/share/tello_description/environment/ament_prefix_path.dsv
[0.329s] -- Up-to-date: /home/armrs/drone_racing_ros2_ws/install/tello_description/share/tello_description/environment/path.sh
[0.330s] -- Up-to-date: /home/armrs/drone_racing_ros2_ws/install/tello_description/share/tello_description/environment/path.dsv
[0.330s] -- Up-to-date: /home/armrs/drone_racing_ros2_ws/install/tello_description/share/tello_description/local_setup.bash
[0.330s] -- Up-to-date: /home/armrs/drone_racing_ros2_ws/install/tello_description/share/tello_description/local_setup.sh
[0.330s] -- Up-to-date: /home/armrs/drone_racing_ros2_ws/install/tello_description/share/tello_description/local_setup.zsh
[0.331s] -- Up-to-date: /home/armrs/drone_racing_ros2_ws/install/tello_description/share/tello_description/local_setup.dsv
[0.331s] -- Installing: /home/armrs/drone_racing_ros2_ws/install/tello_description/share/tello_description/package.dsv
[0.331s] -- Up-to-date: /home/armrs/drone_racing_ros2_ws/install/tello_description/share/ament_index/resource_index/packages/tello_description
[0.331s] -- Up-to-date: /home/armrs/drone_racing_ros2_ws/install/tello_description/share/tello_description/cmake/tello_descriptionConfig.cmake
[0.331s] -- Up-to-date: /home/armrs/drone_racing_ros2_ws/install/tello_description/share/tello_description/cmake/tello_descriptionConfig-version.cmake
[0.332s] -- Up-to-date: /home/armrs/drone_racing_ros2_ws/install/tello_description/share/tello_description/package.xml
[0.334s] Invoked command in '/home/armrs/drone_racing_ros2_ws/build/tello_description' returned '0': CMAKE_PREFIX_PATH=/opt/ros/galactic /usr/bin/cmake --install /home/armrs/drone_racing_ros2_ws/build/tello_description
