[0.037s] Invoking command in '/home/armrs/drone_racing_ros2_ws/build/ros2_shared': CMAKE_PREFIX_PATH=/opt/ros/galactic /usr/bin/cmake --build /home/armrs/drone_racing_ros2_ws/build/ros2_shared -- -j4 -l4
[0.104s] Invoked command in '/home/armrs/drone_racing_ros2_ws/build/ros2_shared' returned '0': CMAKE_PREFIX_PATH=/opt/ros/galactic /usr/bin/cmake --build /home/armrs/drone_racing_ros2_ws/build/ros2_shared -- -j4 -l4
[0.124s] Invoking command in '/home/armrs/drone_racing_ros2_ws/build/ros2_shared': CMAKE_PREFIX_PATH=/opt/ros/galactic /usr/bin/cmake --install /home/armrs/drone_racing_ros2_ws/build/ros2_shared
[0.173s] -- Install configuration: ""
[0.174s] -- Up-to-date: /home/armrs/drone_racing_ros2_ws/install/ros2_shared/include
[0.174s] -- Up-to-date: /home/armrs/drone_racing_ros2_ws/install/ros2_shared/include/ros2_shared
[0.174s] -- Up-to-date: /home/armrs/drone_racing_ros2_ws/install/ros2_shared/include/ros2_shared/context_macros.hpp
[0.174s] -- Up-to-date: /home/armrs/drone_racing_ros2_ws/install/ros2_shared/include/ros2_shared/param_macros.hpp
[0.175s] -- Up-to-date: /home/armrs/drone_racing_ros2_ws/install/ros2_shared/include/ros2_shared/string_printf.hpp
[0.175s] -- Up-to-date: /home/armrs/drone_racing_ros2_ws/install/ros2_shared/share/ament_index/resource_index/package_run_dependencies/ros2_shared
[0.175s] -- Up-to-date: /home/armrs/drone_racing_ros2_ws/install/ros2_shared/share/ament_index/resource_index/parent_prefix_path/ros2_shared
[0.176s] -- Up-to-date: /home/armrs/drone_racing_ros2_ws/install/ros2_shared/share/ros2_shared/environment/ament_prefix_path.sh
[0.176s] -- Up-to-date: /home/armrs/drone_racing_ros2_ws/install/ros2_shared/share/ros2_shared/environment/ament_prefix_path.dsv
[0.176s] -- Up-to-date: /home/armrs/drone_racing_ros2_ws/install/ros2_shared/share/ros2_shared/environment/path.sh
[0.176s] -- Up-to-date: /home/armrs/drone_racing_ros2_ws/install/ros2_shared/share/ros2_shared/environment/path.dsv
[0.176s] -- Up-to-date: /home/armrs/drone_racing_ros2_ws/install/ros2_shared/share/ros2_shared/local_setup.bash
[0.177s] -- Up-to-date: /home/armrs/drone_racing_ros2_ws/install/ros2_shared/share/ros2_shared/local_setup.sh
[0.177s] -- Up-to-date: /home/armrs/drone_racing_ros2_ws/install/ros2_shared/share/ros2_shared/local_setup.zsh
[0.177s] -- Up-to-date: /home/armrs/drone_racing_ros2_ws/install/ros2_shared/share/ros2_shared/local_setup.dsv
[0.177s] -- Installing: /home/armrs/drone_racing_ros2_ws/install/ros2_shared/share/ros2_shared/package.dsv
[0.182s] -- Up-to-date: /home/armrs/drone_racing_ros2_ws/install/ros2_shared/share/ament_index/resource_index/packages/ros2_shared
[0.183s] -- Up-to-date: /home/armrs/drone_racing_ros2_ws/install/ros2_shared/share/ros2_shared/cmake/ament_cmake_export_include_directories-extras.cmake
[0.183s] -- Up-to-date: /home/armrs/drone_racing_ros2_ws/install/ros2_shared/share/ros2_shared/cmake/ros2_sharedConfig.cmake
[0.183s] -- Up-to-date: /home/armrs/drone_racing_ros2_ws/install/ros2_shared/share/ros2_shared/cmake/ros2_sharedConfig-version.cmake
[0.183s] -- Up-to-date: /home/armrs/drone_racing_ros2_ws/install/ros2_shared/share/ros2_shared/package.xml
[0.187s] Invoked command in '/home/armrs/drone_racing_ros2_ws/build/ros2_shared' returned '0': CMAKE_PREFIX_PATH=/opt/ros/galactic /usr/bin/cmake --install /home/armrs/drone_racing_ros2_ws/build/ros2_shared
