[0.120s] DEBUG:colcon:Command line arguments: ['/usr/bin/colcon', 'build']
[0.120s] DEBUG:colcon:Parsed command line arguments: Namespace(allow_overriding=[], ament_cmake_args=None, base_paths=['.'], build_base='build', catkin_cmake_args=None, catkin_skip_building_tests=False, cmake_args=None, cmake_clean_cache=False, cmake_clean_first=False, cmake_force_configure=False, cmake_target=None, cmake_target_skip_unavailable=False, continue_on_error=False, event_handlers=None, executor='parallel', ignore_user_meta=False, install_base='install', log_base=None, log_level=None, main=<bound method BuildVerb.main of <colcon_core.verb.build.BuildVerb object at 0x7f376eb21190>>, merge_install=False, metas=['./colcon.meta'], mixin=None, mixin_files=None, mixin_verb=('build',), packages_above=None, packages_above_and_dependencies=None, packages_above_depth=None, packages_end=None, packages_ignore=None, packages_ignore_regex=None, packages_select=None, packages_select_build_failed=False, packages_select_by_dep=None, packages_select_regex=None, packages_select_test_failures=False, packages_skip=None, packages_skip_build_finished=False, packages_skip_by_dep=None, packages_skip_regex=None, packages_skip_test_passed=False, packages_skip_up_to=None, packages_start=None, packages_up_to=None, packages_up_to_regex=None, parallel_workers=12, paths=None, symlink_install=False, test_result_base=None, verb_extension=<colcon_core.verb.build.BuildVerb object at 0x7f376eb21190>, verb_name='build', verb_parser=<colcon_mixin.mixin.mixin_argument.MixinArgumentDecorator object at 0x7f376e9e0790>)
[0.202s] Level 1:colcon.colcon_core.package_discovery:discover_packages(colcon_meta) check parameters
[0.202s] Level 1:colcon.colcon_core.package_discovery:discover_packages(recursive) check parameters
[0.202s] Level 1:colcon.colcon_core.package_discovery:discover_packages(ignore) check parameters
[0.202s] Level 1:colcon.colcon_core.package_discovery:discover_packages(path) check parameters
[0.202s] Level 1:colcon.colcon_core.package_discovery:discover_packages(colcon_meta) discover
[0.203s] Level 1:colcon.colcon_core.package_discovery:discover_packages(recursive) discover
[0.203s] INFO:colcon.colcon_core.package_discovery:Crawling recursively for packages in '/home/ayesha/Documents/OpenProj/aerial-drones/src/drone_racing_ros2/tello_ros/tello_comm'
[0.203s] Level 1:colcon.colcon_core.package_identification:_identify(.) by extensions ['ignore', 'ignore_ament_install']
[0.203s] Level 1:colcon.colcon_core.package_identification:_identify(.) by extension 'ignore'
[0.203s] Level 1:colcon.colcon_core.package_identification:_identify(.) by extension 'ignore_ament_install'
[0.203s] Level 1:colcon.colcon_core.package_identification:_identify(.) by extensions ['colcon_pkg']
[0.203s] Level 1:colcon.colcon_core.package_identification:_identify(.) by extension 'colcon_pkg'
[0.203s] Level 1:colcon.colcon_core.package_identification:_identify(.) by extensions ['colcon_meta']
[0.203s] Level 1:colcon.colcon_core.package_identification:_identify(.) by extension 'colcon_meta'
[0.203s] Level 1:colcon.colcon_core.package_identification:_identify(.) by extensions ['ros']
[0.203s] Level 1:colcon.colcon_core.package_identification:_identify(.) by extension 'ros'
[0.212s] DEBUG:colcon.colcon_core.package_identification:Package '.' with type 'ros.ament_python' and name 'tello_comm'
[0.212s] Level 1:colcon.colcon_core.package_discovery:discover_packages(recursive) using defaults
[0.212s] Level 1:colcon.colcon_core.package_discovery:discover_packages(ignore) discover
[0.212s] Level 1:colcon.colcon_core.package_discovery:discover_packages(ignore) using defaults
[0.212s] Level 1:colcon.colcon_core.package_discovery:discover_packages(path) discover
[0.212s] Level 1:colcon.colcon_core.package_discovery:discover_packages(path) using defaults
[0.222s] Level 1:colcon.colcon_core.package_discovery:discover_packages(prefix_path) check parameters
[0.222s] Level 1:colcon.colcon_core.package_discovery:discover_packages(prefix_path) discover
[0.229s] DEBUG:colcon.colcon_installed_package_information.package_discovery:Found 1 installed packages in /home/ayesha/Documents/OpenProj/aerial-drones/src/drone_racing_ros2/tello_ros/tello_comm/install
[0.230s] DEBUG:colcon.colcon_installed_package_information.package_discovery:Found 6 installed packages in /home/ayesha/Documents/OpenProj/aerial-drones/install
[0.230s] DEBUG:colcon.colcon_installed_package_information.package_discovery:Found 1 installed packages in /home/ayesha/ros2_ws/install
[0.230s] DEBUG:colcon.colcon_installed_package_information.package_discovery:Found 6 installed packages in /home/ayesha/Documents/drone_racing_ros2_w/install
[0.231s] DEBUG:colcon.colcon_installed_package_information.package_discovery:Found 5 installed packages in /home/ayesha/drone_racing_ros2_ws/install
[0.232s] DEBUG:colcon.colcon_installed_package_information.package_discovery:Found 277 installed packages in /opt/ros/galactic
[0.233s] Level 1:colcon.colcon_core.package_discovery:discover_packages(prefix_path) using defaults
[0.264s] Level 5:colcon.colcon_core.verb:set package 'tello_comm' build argument 'cmake_args' from command line to 'None'
[0.264s] Level 5:colcon.colcon_core.verb:set package 'tello_comm' build argument 'cmake_target' from command line to 'None'
[0.264s] Level 5:colcon.colcon_core.verb:set package 'tello_comm' build argument 'cmake_target_skip_unavailable' from command line to 'False'
[0.264s] Level 5:colcon.colcon_core.verb:set package 'tello_comm' build argument 'cmake_clean_cache' from command line to 'False'
[0.264s] Level 5:colcon.colcon_core.verb:set package 'tello_comm' build argument 'cmake_clean_first' from command line to 'False'
[0.264s] Level 5:colcon.colcon_core.verb:set package 'tello_comm' build argument 'cmake_force_configure' from command line to 'False'
[0.264s] Level 5:colcon.colcon_core.verb:set package 'tello_comm' build argument 'ament_cmake_args' from command line to 'None'
[0.264s] Level 5:colcon.colcon_core.verb:set package 'tello_comm' build argument 'catkin_cmake_args' from command line to 'None'
[0.264s] Level 5:colcon.colcon_core.verb:set package 'tello_comm' build argument 'catkin_skip_building_tests' from command line to 'False'
[0.264s] DEBUG:colcon.colcon_core.verb:Building package 'tello_comm' with the following arguments: {'ament_cmake_args': None, 'build_base': '/home/ayesha/Documents/OpenProj/aerial-drones/src/drone_racing_ros2/tello_ros/tello_comm/build/tello_comm', 'catkin_cmake_args': None, 'catkin_skip_building_tests': False, 'cmake_args': None, 'cmake_clean_cache': False, 'cmake_clean_first': False, 'cmake_force_configure': False, 'cmake_target': None, 'cmake_target_skip_unavailable': False, 'install_base': '/home/ayesha/Documents/OpenProj/aerial-drones/src/drone_racing_ros2/tello_ros/tello_comm/install/tello_comm', 'merge_install': False, 'path': '/home/ayesha/Documents/OpenProj/aerial-drones/src/drone_racing_ros2/tello_ros/tello_comm', 'symlink_install': False, 'test_result_base': None}
[0.264s] INFO:colcon.colcon_core.executor:Executing jobs using 'parallel' executor
[0.265s] DEBUG:colcon.colcon_parallel_executor.executor.parallel:run_until_complete
[0.265s] INFO:colcon.colcon_ros.task.ament_python.build:Building ROS package in '/home/ayesha/Documents/OpenProj/aerial-drones/src/drone_racing_ros2/tello_ros/tello_comm' with build type 'ament_python'
[0.265s] Level 1:colcon.colcon_core.shell:create_environment_hook('tello_comm', 'ament_prefix_path')
[0.266s] INFO:colcon.colcon_core.plugin_system:Skipping extension 'colcon_core.shell.bat': Not used on non-Windows systems
[0.266s] INFO:colcon.colcon_core.shell:Creating environment hook '/home/ayesha/Documents/OpenProj/aerial-drones/src/drone_racing_ros2/tello_ros/tello_comm/install/tello_comm/share/tello_comm/hook/ament_prefix_path.ps1'
[0.266s] INFO:colcon.colcon_core.shell:Creating environment descriptor '/home/ayesha/Documents/OpenProj/aerial-drones/src/drone_racing_ros2/tello_ros/tello_comm/install/tello_comm/share/tello_comm/hook/ament_prefix_path.dsv'
[0.267s] INFO:colcon.colcon_core.shell:Creating environment hook '/home/ayesha/Documents/OpenProj/aerial-drones/src/drone_racing_ros2/tello_ros/tello_comm/install/tello_comm/share/tello_comm/hook/ament_prefix_path.sh'
[0.267s] INFO:colcon.colcon_core.shell:Skip shell extension 'powershell' for command environment: Not usable outside of PowerShell
[0.267s] DEBUG:colcon.colcon_core.shell:Skip shell extension 'dsv' for command environment
[0.403s] INFO:colcon.colcon_core.task.python.build:Building Python package in '/home/ayesha/Documents/OpenProj/aerial-drones/src/drone_racing_ros2/tello_ros/tello_comm'
[0.403s] INFO:colcon.colcon_core.shell:Skip shell extension 'powershell' for command environment: Not usable outside of PowerShell
[0.403s] DEBUG:colcon.colcon_core.shell:Skip shell extension 'dsv' for command environment
[0.667s] DEBUG:colcon.colcon_core.event_handler.log_command:Invoking command in '/home/ayesha/Documents/OpenProj/aerial-drones/src/drone_racing_ros2/tello_ros/tello_comm': PYTHONPATH=/home/ayesha/Documents/OpenProj/aerial-drones/src/drone_racing_ros2/tello_ros/tello_comm/build/tello_comm/prefix_override:/usr/lib/python3/dist-packages/colcon_core/task/python/colcon_distutils_commands:/home/ayesha/Documents/OpenProj/aerial-drones/src/drone_racing_ros2/tello_ros/tello_comm/install/tello_comm/lib/python3.8/site-packages:${PYTHONPATH} /usr/bin/python3 -W ignore:setup.py install is deprecated -W ignore:easy_install command is deprecated setup.py egg_info --egg-base build/tello_comm build --build-base /home/ayesha/Documents/OpenProj/aerial-drones/src/drone_racing_ros2/tello_ros/tello_comm/build/tello_comm/build install --record /home/ayesha/Documents/OpenProj/aerial-drones/src/drone_racing_ros2/tello_ros/tello_comm/build/tello_comm/install.log --single-version-externally-managed install_data
[0.835s] DEBUG:colcon.colcon_core.event_handler.log_command:Invoked command in '/home/ayesha/Documents/OpenProj/aerial-drones/src/drone_racing_ros2/tello_ros/tello_comm' returned '0': PYTHONPATH=/home/ayesha/Documents/OpenProj/aerial-drones/src/drone_racing_ros2/tello_ros/tello_comm/build/tello_comm/prefix_override:/usr/lib/python3/dist-packages/colcon_core/task/python/colcon_distutils_commands:/home/ayesha/Documents/OpenProj/aerial-drones/src/drone_racing_ros2/tello_ros/tello_comm/install/tello_comm/lib/python3.8/site-packages:${PYTHONPATH} /usr/bin/python3 -W ignore:setup.py install is deprecated -W ignore:easy_install command is deprecated setup.py egg_info --egg-base build/tello_comm build --build-base /home/ayesha/Documents/OpenProj/aerial-drones/src/drone_racing_ros2/tello_ros/tello_comm/build/tello_comm/build install --record /home/ayesha/Documents/OpenProj/aerial-drones/src/drone_racing_ros2/tello_ros/tello_comm/build/tello_comm/install.log --single-version-externally-managed install_data
[0.836s] Level 1:colcon.colcon_core.environment:checking '/home/ayesha/Documents/OpenProj/aerial-drones/src/drone_racing_ros2/tello_ros/tello_comm/install/tello_comm' for CMake module files
[0.836s] Level 1:colcon.colcon_core.environment:checking '/home/ayesha/Documents/OpenProj/aerial-drones/src/drone_racing_ros2/tello_ros/tello_comm/install/tello_comm' for CMake config files
[0.837s] Level 1:colcon.colcon_core.environment:checking '/home/ayesha/Documents/OpenProj/aerial-drones/src/drone_racing_ros2/tello_ros/tello_comm/install/tello_comm/lib'
[0.837s] Level 1:colcon.colcon_core.environment:checking '/home/ayesha/Documents/OpenProj/aerial-drones/src/drone_racing_ros2/tello_ros/tello_comm/install/tello_comm/bin'
[0.837s] Level 1:colcon.colcon_core.environment:checking '/home/ayesha/Documents/OpenProj/aerial-drones/src/drone_racing_ros2/tello_ros/tello_comm/install/tello_comm/lib/pkgconfig/tello_comm.pc'
[0.837s] Level 1:colcon.colcon_core.environment:checking '/home/ayesha/Documents/OpenProj/aerial-drones/src/drone_racing_ros2/tello_ros/tello_comm/install/tello_comm/lib/python3.8/site-packages'
[0.837s] Level 1:colcon.colcon_core.shell:create_environment_hook('tello_comm', 'pythonpath')
[0.837s] INFO:colcon.colcon_core.shell:Creating environment hook '/home/ayesha/Documents/OpenProj/aerial-drones/src/drone_racing_ros2/tello_ros/tello_comm/install/tello_comm/share/tello_comm/hook/pythonpath.ps1'
[0.838s] INFO:colcon.colcon_core.shell:Creating environment descriptor '/home/ayesha/Documents/OpenProj/aerial-drones/src/drone_racing_ros2/tello_ros/tello_comm/install/tello_comm/share/tello_comm/hook/pythonpath.dsv'
[0.838s] INFO:colcon.colcon_core.shell:Creating environment hook '/home/ayesha/Documents/OpenProj/aerial-drones/src/drone_racing_ros2/tello_ros/tello_comm/install/tello_comm/share/tello_comm/hook/pythonpath.sh'
[0.838s] Level 1:colcon.colcon_core.environment:checking '/home/ayesha/Documents/OpenProj/aerial-drones/src/drone_racing_ros2/tello_ros/tello_comm/install/tello_comm/bin'
[0.838s] Level 1:colcon.colcon_core.environment:create_environment_scripts_only(tello_comm)
[0.838s] INFO:colcon.colcon_core.shell:Creating package script '/home/ayesha/Documents/OpenProj/aerial-drones/src/drone_racing_ros2/tello_ros/tello_comm/install/tello_comm/share/tello_comm/package.ps1'
[0.839s] INFO:colcon.colcon_core.shell:Creating package descriptor '/home/ayesha/Documents/OpenProj/aerial-drones/src/drone_racing_ros2/tello_ros/tello_comm/install/tello_comm/share/tello_comm/package.dsv'
[0.839s] INFO:colcon.colcon_core.shell:Creating package script '/home/ayesha/Documents/OpenProj/aerial-drones/src/drone_racing_ros2/tello_ros/tello_comm/install/tello_comm/share/tello_comm/package.sh'
[0.839s] INFO:colcon.colcon_core.shell:Creating package script '/home/ayesha/Documents/OpenProj/aerial-drones/src/drone_racing_ros2/tello_ros/tello_comm/install/tello_comm/share/tello_comm/package.bash'
[0.840s] INFO:colcon.colcon_core.shell:Creating package script '/home/ayesha/Documents/OpenProj/aerial-drones/src/drone_racing_ros2/tello_ros/tello_comm/install/tello_comm/share/tello_comm/package.zsh'
[0.840s] Level 1:colcon.colcon_core.environment:create_file_with_runtime_dependencies(/home/ayesha/Documents/OpenProj/aerial-drones/src/drone_racing_ros2/tello_ros/tello_comm/install/tello_comm/share/colcon-core/packages/tello_comm)
[0.840s] DEBUG:colcon.colcon_parallel_executor.executor.parallel:closing loop
[0.841s] DEBUG:colcon.colcon_parallel_executor.executor.parallel:loop closed
[0.841s] DEBUG:colcon.colcon_parallel_executor.executor.parallel:run_until_complete finished with '0'
[0.841s] DEBUG:colcon.colcon_core.event_reactor:joining thread
[0.845s] INFO:colcon.colcon_core.plugin_system:Skipping extension 'colcon_notification.desktop_notification.terminal_notifier': Not used on non-Darwin systems
[0.845s] INFO:colcon.colcon_core.plugin_system:Skipping extension 'colcon_notification.desktop_notification.win32': Not used on non-Windows systems
[0.845s] INFO:colcon.colcon_notification.desktop_notification:Sending desktop notification using 'notify2'
[0.856s] DEBUG:colcon.colcon_core.event_reactor:joined thread
[0.856s] INFO:colcon.colcon_core.shell:Creating prefix script '/home/ayesha/Documents/OpenProj/aerial-drones/src/drone_racing_ros2/tello_ros/tello_comm/install/local_setup.ps1'
[0.857s] INFO:colcon.colcon_core.shell:Creating prefix util module '/home/ayesha/Documents/OpenProj/aerial-drones/src/drone_racing_ros2/tello_ros/tello_comm/install/_local_setup_util_ps1.py'
[0.857s] INFO:colcon.colcon_core.shell:Creating prefix chain script '/home/ayesha/Documents/OpenProj/aerial-drones/src/drone_racing_ros2/tello_ros/tello_comm/install/setup.ps1'
[0.858s] INFO:colcon.colcon_core.shell:Creating prefix script '/home/ayesha/Documents/OpenProj/aerial-drones/src/drone_racing_ros2/tello_ros/tello_comm/install/local_setup.sh'
[0.859s] INFO:colcon.colcon_core.shell:Creating prefix util module '/home/ayesha/Documents/OpenProj/aerial-drones/src/drone_racing_ros2/tello_ros/tello_comm/install/_local_setup_util_sh.py'
[0.859s] INFO:colcon.colcon_core.shell:Creating prefix chain script '/home/ayesha/Documents/OpenProj/aerial-drones/src/drone_racing_ros2/tello_ros/tello_comm/install/setup.sh'
[0.860s] INFO:colcon.colcon_core.shell:Creating prefix script '/home/ayesha/Documents/OpenProj/aerial-drones/src/drone_racing_ros2/tello_ros/tello_comm/install/local_setup.bash'
[0.860s] INFO:colcon.colcon_core.shell:Creating prefix chain script '/home/ayesha/Documents/OpenProj/aerial-drones/src/drone_racing_ros2/tello_ros/tello_comm/install/setup.bash'
[0.861s] INFO:colcon.colcon_core.shell:Creating prefix script '/home/ayesha/Documents/OpenProj/aerial-drones/src/drone_racing_ros2/tello_ros/tello_comm/install/local_setup.zsh'
[0.861s] INFO:colcon.colcon_core.shell:Creating prefix chain script '/home/ayesha/Documents/OpenProj/aerial-drones/src/drone_racing_ros2/tello_ros/tello_comm/install/setup.zsh'
