[  2%] Built target tello_msgs__cpp
[ 12%] Built target tello_msgs__rosidl_generator_c
[ 23%] Built target tello_msgs__rosidl_typesupport_cpp
[ 34%] Built target tello_msgs__rosidl_typesupport_introspection_cpp
[ 44%] Built target tello_msgs__rosidl_typesupport_introspection_c
[ 55%] Built target tello_msgs__rosidl_typesupport_fastrtps_cpp
[ 65%] Built target tello_msgs__rosidl_typesupport_c
[ 76%] Built target tello_msgs__rosidl_typesupport_fastrtps_c
[ 76%] Built target tello_msgs
[ 78%] Built target tello_msgs__py
[35m[1mScanning dependencies of target tello_msgs__python[0m
[ 80%] [32mBuilding C object CMakeFiles/tello_msgs__python.dir/rosidl_generator_py/tello_msgs/msg/_flight_data_s.c.o[0m
[ 85%] [32mBuilding C object CMakeFiles/tello_msgs__python.dir/rosidl_generator_py/tello_msgs/srv/_tello_action_s.c.o[0m
[ 85%] [32mBuilding C object CMakeFiles/tello_msgs__python.dir/rosidl_generator_py/tello_msgs/msg/_tello_response_s.c.o[0m
[ 87%] [32m[1mLinking C shared library rosidl_generator_py/tello_msgs/libtello_msgs__python.so[0m
[ 87%] Built target tello_msgs__python
[35m[1mScanning dependencies of target tello_msgs__rosidl_typesupport_introspection_c__pyext[0m
[35m[1mScanning dependencies of target tello_msgs__rosidl_typesupport_c__pyext[0m
[35m[1mScanning dependencies of target tello_msgs__rosidl_typesupport_fastrtps_c__pyext[0m
[ 89%] [32mBuilding C object CMakeFiles/tello_msgs__rosidl_typesupport_introspection_c__pyext.dir/rosidl_generator_py/tello_msgs/_tello_msgs_s.ep.rosidl_typesupport_introspection_c.c.o[0m
[ 91%] [32mBuilding C object CMakeFiles/tello_msgs__rosidl_typesupport_c__pyext.dir/rosidl_generator_py/tello_msgs/_tello_msgs_s.ep.rosidl_typesupport_c.c.o[0m
[ 93%] [32mBuilding C object CMakeFiles/tello_msgs__rosidl_typesupport_fastrtps_c__pyext.dir/rosidl_generator_py/tello_msgs/_tello_msgs_s.ep.rosidl_typesupport_fastrtps_c.c.o[0m
[ 95%] [32m[1mLinking CXX shared library rosidl_generator_py/tello_msgs/tello_msgs_s__rosidl_typesupport_fastrtps_c.cpython-38-x86_64-linux-gnu.so[0m
[ 97%] [32m[1mLinking C shared library rosidl_generator_py/tello_msgs/tello_msgs_s__rosidl_typesupport_introspection_c.cpython-38-x86_64-linux-gnu.so[0m
[100%] [32m[1mLinking C shared library rosidl_generator_py/tello_msgs/tello_msgs_s__rosidl_typesupport_c.cpython-38-x86_64-linux-gnu.so[0m
[100%] Built target tello_msgs__rosidl_typesupport_introspection_c__pyext
[100%] Built target tello_msgs__rosidl_typesupport_c__pyext
[100%] Built target tello_msgs__rosidl_typesupport_fastrtps_c__pyext
