[0.032s] Invoking command in '/home/armrs/drone_racing_ros2_ws/build/tello_msgs': CMAKE_PREFIX_PATH=/opt/ros/galactic /usr/bin/cmake --build /home/armrs/drone_racing_ros2_ws/build/tello_msgs -- -j4 -l4
[0.194s] [  2%] Built target tello_msgs__cpp
[0.227s] [ 12%] Built target tello_msgs__rosidl_generator_c
[0.284s] [ 23%] Built target tello_msgs__rosidl_typesupport_cpp
[0.293s] [ 34%] Built target tello_msgs__rosidl_typesupport_fastrtps_cpp
[0.301s] [ 44%] Built target tello_msgs__rosidl_typesupport_introspection_cpp
[0.310s] [ 55%] Built target tello_msgs__rosidl_typesupport_introspection_c
[0.347s] [ 65%] Built target tello_msgs__rosidl_typesupport_c
[0.363s] [ 76%] Built target tello_msgs__rosidl_typesupport_fastrtps_c
[0.387s] [ 76%] Built target tello_msgs
[0.415s] [ 78%] Built target tello_msgs__py
[0.451s] [ 87%] Built target tello_msgs__python
[0.484s] [ 91%] Built target tello_msgs__rosidl_typesupport_fastrtps_c__pyext
[0.494s] [100%] Built target tello_msgs__rosidl_typesupport_introspection_c__pyext
[0.495s] [100%] Built target tello_msgs__rosidl_typesupport_c__pyext
[0.509s] Invoked command in '/home/armrs/drone_racing_ros2_ws/build/tello_msgs' returned '0': CMAKE_PREFIX_PATH=/opt/ros/galactic /usr/bin/cmake --build /home/armrs/drone_racing_ros2_ws/build/tello_msgs -- -j4 -l4
[0.512s] Invoking command in '/home/armrs/drone_racing_ros2_ws/build/tello_msgs': CMAKE_PREFIX_PATH=/opt/ros/galactic /usr/bin/cmake --install /home/armrs/drone_racing_ros2_ws/build/tello_msgs
[0.523s] -- Install configuration: ""
[0.524s] -- Up-to-date: /home/armrs/drone_racing_ros2_ws/install/tello_msgs/share/ament_index/resource_index/rosidl_interfaces/tello_msgs
[0.524s] -- Up-to-date: /home/armrs/drone_racing_ros2_ws/install/tello_msgs/include/tello_msgs
[0.524s] -- Up-to-date: /home/armrs/drone_racing_ros2_ws/install/tello_msgs/include/tello_msgs/msg
[0.524s] -- Up-to-date: /home/armrs/drone_racing_ros2_ws/install/tello_msgs/include/tello_msgs/msg/flight_data.h
[0.524s] -- Up-to-date: /home/armrs/drone_racing_ros2_ws/install/tello_msgs/include/tello_msgs/msg/detail
[0.524s] -- Up-to-date: /home/armrs/drone_racing_ros2_ws/install/tello_msgs/include/tello_msgs/msg/detail/tello_response__functions.h
[0.524s] -- Up-to-date: /home/armrs/drone_racing_ros2_ws/install/tello_msgs/include/tello_msgs/msg/detail/flight_data__functions.h
[0.525s] -- Up-to-date: /home/armrs/drone_racing_ros2_ws/install/tello_msgs/include/tello_msgs/msg/detail/tello_response__type_support.h
[0.525s] -- Up-to-date: /home/armrs/drone_racing_ros2_ws/install/tello_msgs/include/tello_msgs/msg/detail/tello_response__struct.h
[0.525s] -- Up-to-date: /home/armrs/drone_racing_ros2_ws/install/tello_msgs/include/tello_msgs/msg/detail/flight_data__type_support.h
[0.525s] -- Up-to-date: /home/armrs/drone_racing_ros2_ws/install/tello_msgs/include/tello_msgs/msg/detail/tello_response__functions.c
[0.525s] -- Up-to-date: /home/armrs/drone_racing_ros2_ws/install/tello_msgs/include/tello_msgs/msg/detail/flight_data__struct.h
[0.525s] -- Up-to-date: /home/armrs/drone_racing_ros2_ws/install/tello_msgs/include/tello_msgs/msg/detail/flight_data__functions.c
[0.526s] -- Up-to-date: /home/armrs/drone_racing_ros2_ws/install/tello_msgs/include/tello_msgs/msg/tello_response.h
[0.526s] -- Up-to-date: /home/armrs/drone_racing_ros2_ws/install/tello_msgs/include/tello_msgs/msg/rosidl_generator_c__visibility_control.h
[0.526s] -- Up-to-date: /home/armrs/drone_racing_ros2_ws/install/tello_msgs/include/tello_msgs/srv
[0.526s] -- Up-to-date: /home/armrs/drone_racing_ros2_ws/install/tello_msgs/include/tello_msgs/srv/tello_action.h
[0.526s] -- Up-to-date: /home/armrs/drone_racing_ros2_ws/install/tello_msgs/include/tello_msgs/srv/detail
[0.526s] -- Up-to-date: /home/armrs/drone_racing_ros2_ws/install/tello_msgs/include/tello_msgs/srv/detail/tello_action__struct.h
[0.526s] -- Up-to-date: /home/armrs/drone_racing_ros2_ws/install/tello_msgs/include/tello_msgs/srv/detail/tello_action__functions.h
[0.526s] -- Up-to-date: /home/armrs/drone_racing_ros2_ws/install/tello_msgs/include/tello_msgs/srv/detail/tello_action__type_support.h
[0.527s] -- Up-to-date: /home/armrs/drone_racing_ros2_ws/install/tello_msgs/include/tello_msgs/srv/detail/tello_action__functions.c
[0.527s] -- Up-to-date: /home/armrs/drone_racing_ros2_ws/install/tello_msgs/share/tello_msgs/environment/library_path.sh
[0.527s] -- Up-to-date: /home/armrs/drone_racing_ros2_ws/install/tello_msgs/share/tello_msgs/environment/library_path.dsv
[0.527s] -- Up-to-date: /home/armrs/drone_racing_ros2_ws/install/tello_msgs/lib/libtello_msgs__rosidl_generator_c.so
[0.527s] -- Up-to-date: /home/armrs/drone_racing_ros2_ws/install/tello_msgs/include/tello_msgs
[0.527s] -- Up-to-date: /home/armrs/drone_racing_ros2_ws/install/tello_msgs/include/tello_msgs/msg
[0.528s] -- Up-to-date: /home/armrs/drone_racing_ros2_ws/install/tello_msgs/include/tello_msgs/msg/rosidl_typesupport_fastrtps_c__visibility_control.h
[0.528s] -- Up-to-date: /home/armrs/drone_racing_ros2_ws/install/tello_msgs/include/tello_msgs/msg/detail
[0.528s] -- Up-to-date: /home/armrs/drone_racing_ros2_ws/install/tello_msgs/include/tello_msgs/msg/detail/flight_data__rosidl_typesupport_fastrtps_c.h
[0.528s] -- Up-to-date: /home/armrs/drone_racing_ros2_ws/install/tello_msgs/include/tello_msgs/msg/detail/tello_response__rosidl_typesupport_fastrtps_c.h
[0.528s] -- Up-to-date: /home/armrs/drone_racing_ros2_ws/install/tello_msgs/include/tello_msgs/srv
[0.529s] -- Up-to-date: /home/armrs/drone_racing_ros2_ws/install/tello_msgs/include/tello_msgs/srv/detail
[0.529s] -- Up-to-date: /home/armrs/drone_racing_ros2_ws/install/tello_msgs/include/tello_msgs/srv/detail/tello_action__rosidl_typesupport_fastrtps_c.h
[0.529s] -- Up-to-date: /home/armrs/drone_racing_ros2_ws/install/tello_msgs/lib/libtello_msgs__rosidl_typesupport_fastrtps_c.so
[0.529s] -- Up-to-date: /home/armrs/drone_racing_ros2_ws/install/tello_msgs/include/tello_msgs
[0.530s] -- Up-to-date: /home/armrs/drone_racing_ros2_ws/install/tello_msgs/include/tello_msgs/msg
[0.530s] -- Up-to-date: /home/armrs/drone_racing_ros2_ws/install/tello_msgs/include/tello_msgs/msg/rosidl_typesupport_fastrtps_cpp__visibility_control.h
[0.530s] -- Up-to-date: /home/armrs/drone_racing_ros2_ws/install/tello_msgs/include/tello_msgs/msg/detail
[0.530s] -- Up-to-date: /home/armrs/drone_racing_ros2_ws/install/tello_msgs/include/tello_msgs/msg/detail/dds_fastrtps
[0.530s] -- Up-to-date: /home/armrs/drone_racing_ros2_ws/install/tello_msgs/include/tello_msgs/msg/detail/flight_data__rosidl_typesupport_fastrtps_cpp.hpp
[0.531s] -- Up-to-date: /home/armrs/drone_racing_ros2_ws/install/tello_msgs/include/tello_msgs/msg/detail/tello_response__rosidl_typesupport_fastrtps_cpp.hpp
[0.531s] -- Up-to-date: /home/armrs/drone_racing_ros2_ws/install/tello_msgs/include/tello_msgs/srv
[0.531s] -- Up-to-date: /home/armrs/drone_racing_ros2_ws/install/tello_msgs/include/tello_msgs/srv/detail
[0.531s] -- Up-to-date: /home/armrs/drone_racing_ros2_ws/install/tello_msgs/include/tello_msgs/srv/detail/dds_fastrtps
[0.531s] -- Up-to-date: /home/armrs/drone_racing_ros2_ws/install/tello_msgs/include/tello_msgs/srv/detail/tello_action__rosidl_typesupport_fastrtps_cpp.hpp
[0.532s] -- Up-to-date: /home/armrs/drone_racing_ros2_ws/install/tello_msgs/lib/libtello_msgs__rosidl_typesupport_fastrtps_cpp.so
[0.532s] -- Up-to-date: /home/armrs/drone_racing_ros2_ws/install/tello_msgs/include/tello_msgs
[0.532s] -- Up-to-date: /home/armrs/drone_racing_ros2_ws/install/tello_msgs/include/tello_msgs/msg
[0.532s] -- Up-to-date: /home/armrs/drone_racing_ros2_ws/install/tello_msgs/include/tello_msgs/msg/rosidl_typesupport_introspection_c__visibility_control.h
[0.533s] -- Up-to-date: /home/armrs/drone_racing_ros2_ws/install/tello_msgs/include/tello_msgs/msg/detail
[0.533s] -- Up-to-date: /home/armrs/drone_racing_ros2_ws/install/tello_msgs/include/tello_msgs/msg/detail/tello_response__type_support.c
[0.533s] -- Up-to-date: /home/armrs/drone_racing_ros2_ws/install/tello_msgs/include/tello_msgs/msg/detail/tello_response__rosidl_typesupport_introspection_c.h
[0.533s] -- Up-to-date: /home/armrs/drone_racing_ros2_ws/install/tello_msgs/include/tello_msgs/msg/detail/flight_data__type_support.c
[0.533s] -- Up-to-date: /home/armrs/drone_racing_ros2_ws/install/tello_msgs/include/tello_msgs/msg/detail/flight_data__rosidl_typesupport_introspection_c.h
[0.533s] -- Up-to-date: /home/armrs/drone_racing_ros2_ws/install/tello_msgs/include/tello_msgs/srv
[0.534s] -- Up-to-date: /home/armrs/drone_racing_ros2_ws/install/tello_msgs/include/tello_msgs/srv/detail
[0.534s] -- Up-to-date: /home/armrs/drone_racing_ros2_ws/install/tello_msgs/include/tello_msgs/srv/detail/tello_action__rosidl_typesupport_introspection_c.h
[0.534s] -- Up-to-date: /home/armrs/drone_racing_ros2_ws/install/tello_msgs/include/tello_msgs/srv/detail/tello_action__type_support.c
[0.534s] -- Up-to-date: /home/armrs/drone_racing_ros2_ws/install/tello_msgs/lib/libtello_msgs__rosidl_typesupport_introspection_c.so
[0.534s] -- Up-to-date: /home/armrs/drone_racing_ros2_ws/install/tello_msgs/lib/libtello_msgs__rosidl_typesupport_c.so
[0.534s] -- Up-to-date: /home/armrs/drone_racing_ros2_ws/install/tello_msgs/include/tello_msgs
[0.535s] -- Up-to-date: /home/armrs/drone_racing_ros2_ws/install/tello_msgs/include/tello_msgs/msg
[0.535s] -- Up-to-date: /home/armrs/drone_racing_ros2_ws/install/tello_msgs/include/tello_msgs/msg/tello_response.hpp
[0.535s] -- Up-to-date: /home/armrs/drone_racing_ros2_ws/install/tello_msgs/include/tello_msgs/msg/detail
[0.535s] -- Up-to-date: /home/armrs/drone_racing_ros2_ws/install/tello_msgs/include/tello_msgs/msg/detail/tello_response__builder.hpp
[0.535s] -- Up-to-date: /home/armrs/drone_racing_ros2_ws/install/tello_msgs/include/tello_msgs/msg/detail/flight_data__traits.hpp
[0.535s] -- Up-to-date: /home/armrs/drone_racing_ros2_ws/install/tello_msgs/include/tello_msgs/msg/detail/flight_data__struct.hpp
[0.536s] -- Up-to-date: /home/armrs/drone_racing_ros2_ws/install/tello_msgs/include/tello_msgs/msg/detail/tello_response__traits.hpp
[0.536s] -- Up-to-date: /home/armrs/drone_racing_ros2_ws/install/tello_msgs/include/tello_msgs/msg/detail/flight_data__builder.hpp
[0.536s] -- Up-to-date: /home/armrs/drone_racing_ros2_ws/install/tello_msgs/include/tello_msgs/msg/detail/tello_response__struct.hpp
[0.536s] -- Up-to-date: /home/armrs/drone_racing_ros2_ws/install/tello_msgs/include/tello_msgs/msg/flight_data.hpp
[0.536s] -- Up-to-date: /home/armrs/drone_racing_ros2_ws/install/tello_msgs/include/tello_msgs/srv
[0.536s] -- Up-to-date: /home/armrs/drone_racing_ros2_ws/install/tello_msgs/include/tello_msgs/srv/tello_action.hpp
[0.536s] -- Up-to-date: /home/armrs/drone_racing_ros2_ws/install/tello_msgs/include/tello_msgs/srv/detail
[0.536s] -- Up-to-date: /home/armrs/drone_racing_ros2_ws/install/tello_msgs/include/tello_msgs/srv/detail/tello_action__struct.hpp
[0.537s] -- Up-to-date: /home/armrs/drone_racing_ros2_ws/install/tello_msgs/include/tello_msgs/srv/detail/tello_action__builder.hpp
[0.537s] -- Up-to-date: /home/armrs/drone_racing_ros2_ws/install/tello_msgs/include/tello_msgs/srv/detail/tello_action__traits.hpp
[0.537s] -- Up-to-date: /home/armrs/drone_racing_ros2_ws/install/tello_msgs/include/tello_msgs
[0.537s] -- Up-to-date: /home/armrs/drone_racing_ros2_ws/install/tello_msgs/include/tello_msgs/msg
[0.537s] -- Up-to-date: /home/armrs/drone_racing_ros2_ws/install/tello_msgs/include/tello_msgs/msg/detail
[0.537s] -- Up-to-date: /home/armrs/drone_racing_ros2_ws/install/tello_msgs/include/tello_msgs/msg/detail/flight_data__rosidl_typesupport_introspection_cpp.hpp
[0.537s] -- Up-to-date: /home/armrs/drone_racing_ros2_ws/install/tello_msgs/include/tello_msgs/msg/detail/flight_data__type_support.cpp
[0.537s] -- Up-to-date: /home/armrs/drone_racing_ros2_ws/install/tello_msgs/include/tello_msgs/msg/detail/tello_response__rosidl_typesupport_introspection_cpp.hpp
[0.538s] -- Up-to-date: /home/armrs/drone_racing_ros2_ws/install/tello_msgs/include/tello_msgs/msg/detail/tello_response__type_support.cpp
[0.538s] -- Up-to-date: /home/armrs/drone_racing_ros2_ws/install/tello_msgs/include/tello_msgs/srv
[0.538s] -- Up-to-date: /home/armrs/drone_racing_ros2_ws/install/tello_msgs/include/tello_msgs/srv/detail
[0.538s] -- Up-to-date: /home/armrs/drone_racing_ros2_ws/install/tello_msgs/include/tello_msgs/srv/detail/tello_action__type_support.cpp
[0.538s] -- Up-to-date: /home/armrs/drone_racing_ros2_ws/install/tello_msgs/include/tello_msgs/srv/detail/tello_action__rosidl_typesupport_introspection_cpp.hpp
[0.538s] -- Up-to-date: /home/armrs/drone_racing_ros2_ws/install/tello_msgs/lib/libtello_msgs__rosidl_typesupport_introspection_cpp.so
[0.538s] -- Up-to-date: /home/armrs/drone_racing_ros2_ws/install/tello_msgs/lib/libtello_msgs__rosidl_typesupport_cpp.so
[0.538s] -- Up-to-date: /home/armrs/drone_racing_ros2_ws/install/tello_msgs/share/tello_msgs/environment/pythonpath.sh
[0.538s] -- Up-to-date: /home/armrs/drone_racing_ros2_ws/install/tello_msgs/share/tello_msgs/environment/pythonpath.dsv
[0.539s] -- Up-to-date: /home/armrs/drone_racing_ros2_ws/install/tello_msgs/lib/python3.8/site-packages/tello_msgs/__init__.py
[0.573s] -- Up-to-date: /home/armrs/drone_racing_ros2_ws/install/tello_msgs/lib/python3.8/site-packages/tello_msgs/msg
[0.574s] -- Up-to-date: /home/armrs/drone_racing_ros2_ws/install/tello_msgs/lib/python3.8/site-packages/tello_msgs/msg/_tello_response_s.c
[0.574s] -- Up-to-date: /home/armrs/drone_racing_ros2_ws/install/tello_msgs/lib/python3.8/site-packages/tello_msgs/msg/_flight_data_s.c
[0.574s] -- Up-to-date: /home/armrs/drone_racing_ros2_ws/install/tello_msgs/lib/python3.8/site-packages/tello_msgs/msg/__init__.py
[0.574s] -- Up-to-date: /home/armrs/drone_racing_ros2_ws/install/tello_msgs/lib/python3.8/site-packages/tello_msgs/msg/_flight_data.py
[0.574s] -- Up-to-date: /home/armrs/drone_racing_ros2_ws/install/tello_msgs/lib/python3.8/site-packages/tello_msgs/msg/_tello_response.py
[0.574s] -- Up-to-date: /home/armrs/drone_racing_ros2_ws/install/tello_msgs/lib/python3.8/site-packages/tello_msgs/srv
[0.574s] -- Up-to-date: /home/armrs/drone_racing_ros2_ws/install/tello_msgs/lib/python3.8/site-packages/tello_msgs/srv/_tello_action.py
[0.575s] -- Up-to-date: /home/armrs/drone_racing_ros2_ws/install/tello_msgs/lib/python3.8/site-packages/tello_msgs/srv/_tello_action_s.c
[0.575s] -- Up-to-date: /home/armrs/drone_racing_ros2_ws/install/tello_msgs/lib/python3.8/site-packages/tello_msgs/srv/__init__.py
[0.575s] -- Up-to-date: /home/armrs/drone_racing_ros2_ws/install/tello_msgs/lib/python3.8/site-packages/tello_msgs/tello_msgs_s__rosidl_typesupport_fastrtps_c.cpython-38-x86_64-linux-gnu.so
[0.576s] -- Up-to-date: /home/armrs/drone_racing_ros2_ws/install/tello_msgs/lib/python3.8/site-packages/tello_msgs/tello_msgs_s__rosidl_typesupport_introspection_c.cpython-38-x86_64-linux-gnu.so
[0.577s] -- Up-to-date: /home/armrs/drone_racing_ros2_ws/install/tello_msgs/lib/python3.8/site-packages/tello_msgs/tello_msgs_s__rosidl_typesupport_c.cpython-38-x86_64-linux-gnu.so
[0.578s] -- Up-to-date: /home/armrs/drone_racing_ros2_ws/install/tello_msgs/lib/libtello_msgs__python.so
[0.578s] -- Up-to-date: /home/armrs/drone_racing_ros2_ws/install/tello_msgs/share/tello_msgs/msg/FlightData.idl
[0.578s] -- Up-to-date: /home/armrs/drone_racing_ros2_ws/install/tello_msgs/share/tello_msgs/msg/TelloResponse.idl
[0.579s] -- Up-to-date: /home/armrs/drone_racing_ros2_ws/install/tello_msgs/share/tello_msgs/srv/TelloAction.idl
[0.579s] -- Up-to-date: /home/armrs/drone_racing_ros2_ws/install/tello_msgs/share/tello_msgs/msg/FlightData.msg
[0.579s] -- Up-to-date: /home/armrs/drone_racing_ros2_ws/install/tello_msgs/share/tello_msgs/msg/TelloResponse.msg
[0.579s] -- Up-to-date: /home/armrs/drone_racing_ros2_ws/install/tello_msgs/share/tello_msgs/srv/TelloAction.srv
[0.580s] -- Up-to-date: /home/armrs/drone_racing_ros2_ws/install/tello_msgs/share/tello_msgs/srv/TelloAction_Request.msg
[0.580s] -- Up-to-date: /home/armrs/drone_racing_ros2_ws/install/tello_msgs/share/tello_msgs/srv/TelloAction_Response.msg
[0.580s] -- Up-to-date: /home/armrs/drone_racing_ros2_ws/install/tello_msgs/share/ament_index/resource_index/package_run_dependencies/tello_msgs
[0.580s] -- Up-to-date: /home/armrs/drone_racing_ros2_ws/install/tello_msgs/share/ament_index/resource_index/parent_prefix_path/tello_msgs
[0.581s] -- Up-to-date: /home/armrs/drone_racing_ros2_ws/install/tello_msgs/share/tello_msgs/environment/ament_prefix_path.sh
[0.581s] -- Up-to-date: /home/armrs/drone_racing_ros2_ws/install/tello_msgs/share/tello_msgs/environment/ament_prefix_path.dsv
[0.581s] -- Up-to-date: /home/armrs/drone_racing_ros2_ws/install/tello_msgs/share/tello_msgs/environment/path.sh
[0.581s] -- Up-to-date: /home/armrs/drone_racing_ros2_ws/install/tello_msgs/share/tello_msgs/environment/path.dsv
[0.581s] -- Up-to-date: /home/armrs/drone_racing_ros2_ws/install/tello_msgs/share/tello_msgs/local_setup.bash
[0.581s] -- Up-to-date: /home/armrs/drone_racing_ros2_ws/install/tello_msgs/share/tello_msgs/local_setup.sh
[0.582s] -- Up-to-date: /home/armrs/drone_racing_ros2_ws/install/tello_msgs/share/tello_msgs/local_setup.zsh
[0.582s] -- Up-to-date: /home/armrs/drone_racing_ros2_ws/install/tello_msgs/share/tello_msgs/local_setup.dsv
[0.582s] -- Installing: /home/armrs/drone_racing_ros2_ws/install/tello_msgs/share/tello_msgs/package.dsv
[0.582s] -- Up-to-date: /home/armrs/drone_racing_ros2_ws/install/tello_msgs/share/ament_index/resource_index/packages/tello_msgs
[0.582s] -- Up-to-date: /home/armrs/drone_racing_ros2_ws/install/tello_msgs/share/tello_msgs/cmake/tello_msgs__rosidl_generator_cExport.cmake
[0.582s] -- Up-to-date: /home/armrs/drone_racing_ros2_ws/install/tello_msgs/share/tello_msgs/cmake/tello_msgs__rosidl_generator_cExport-noconfig.cmake
[0.582s] -- Up-to-date: /home/armrs/drone_racing_ros2_ws/install/tello_msgs/share/tello_msgs/cmake/tello_msgs__rosidl_typesupport_introspection_cExport.cmake
[0.583s] -- Up-to-date: /home/armrs/drone_racing_ros2_ws/install/tello_msgs/share/tello_msgs/cmake/tello_msgs__rosidl_typesupport_introspection_cExport-noconfig.cmake
[0.583s] -- Up-to-date: /home/armrs/drone_racing_ros2_ws/install/tello_msgs/share/tello_msgs/cmake/tello_msgs__rosidl_typesupport_cExport.cmake
[0.583s] -- Up-to-date: /home/armrs/drone_racing_ros2_ws/install/tello_msgs/share/tello_msgs/cmake/tello_msgs__rosidl_typesupport_cExport-noconfig.cmake
[0.583s] -- Up-to-date: /home/armrs/drone_racing_ros2_ws/install/tello_msgs/share/tello_msgs/cmake/tello_msgs__rosidl_generator_cppExport.cmake
[0.584s] -- Up-to-date: /home/armrs/drone_racing_ros2_ws/install/tello_msgs/share/tello_msgs/cmake/tello_msgs__rosidl_typesupport_introspection_cppExport.cmake
[0.584s] -- Up-to-date: /home/armrs/drone_racing_ros2_ws/install/tello_msgs/share/tello_msgs/cmake/tello_msgs__rosidl_typesupport_introspection_cppExport-noconfig.cmake
[0.584s] -- Up-to-date: /home/armrs/drone_racing_ros2_ws/install/tello_msgs/share/tello_msgs/cmake/tello_msgs__rosidl_typesupport_cppExport.cmake
[0.585s] -- Up-to-date: /home/armrs/drone_racing_ros2_ws/install/tello_msgs/share/tello_msgs/cmake/tello_msgs__rosidl_typesupport_cppExport-noconfig.cmake
[0.585s] -- Up-to-date: /home/armrs/drone_racing_ros2_ws/install/tello_msgs/share/tello_msgs/cmake/rosidl_cmake-extras.cmake
[0.585s] -- Up-to-date: /home/armrs/drone_racing_ros2_ws/install/tello_msgs/share/tello_msgs/cmake/ament_cmake_export_dependencies-extras.cmake
[0.585s] -- Up-to-date: /home/armrs/drone_racing_ros2_ws/install/tello_msgs/share/tello_msgs/cmake/ament_cmake_export_libraries-extras.cmake
[0.585s] -- Up-to-date: /home/armrs/drone_racing_ros2_ws/install/tello_msgs/share/tello_msgs/cmake/ament_cmake_export_targets-extras.cmake
[0.586s] -- Up-to-date: /home/armrs/drone_racing_ros2_ws/install/tello_msgs/share/tello_msgs/cmake/ament_cmake_export_include_directories-extras.cmake
[0.586s] -- Up-to-date: /home/armrs/drone_racing_ros2_ws/install/tello_msgs/share/tello_msgs/cmake/rosidl_cmake_export_typesupport_libraries-extras.cmake
[0.586s] -- Up-to-date: /home/armrs/drone_racing_ros2_ws/install/tello_msgs/share/tello_msgs/cmake/rosidl_cmake_export_typesupport_targets-extras.cmake
[0.586s] -- Up-to-date: /home/armrs/drone_racing_ros2_ws/install/tello_msgs/share/tello_msgs/cmake/tello_msgsConfig.cmake
[0.586s] -- Up-to-date: /home/armrs/drone_racing_ros2_ws/install/tello_msgs/share/tello_msgs/cmake/tello_msgsConfig-version.cmake
[0.586s] -- Up-to-date: /home/armrs/drone_racing_ros2_ws/install/tello_msgs/share/tello_msgs/package.xml
[0.589s] Invoked command in '/home/armrs/drone_racing_ros2_ws/build/tello_msgs' returned '0': CMAKE_PREFIX_PATH=/opt/ros/galactic /usr/bin/cmake --install /home/armrs/drone_racing_ros2_ws/build/tello_msgs
