[0.397s] Invoking command in '/home/ayesha/Documents/OpenProj/aerial-drones/src/drone_racing_ros2/tello_ros/tello_comm': PYTHONPATH=/home/ayesha/Documents/OpenProj/aerial-drones/src/drone_racing_ros2/tello_ros/tello_comm/build/tello_comm/prefix_override:/usr/lib/python3/dist-packages/colcon_core/task/python/colcon_distutils_commands:/home/ayesha/Documents/OpenProj/aerial-drones/src/drone_racing_ros2/tello_ros/tello_comm/install/tello_comm/lib/python3.8/site-packages:${PYTHONPATH} /usr/bin/python3 -W ignore:setup.py install is deprecated -W ignore:easy_install command is deprecated setup.py egg_info --egg-base build/tello_comm build --build-base /home/ayesha/Documents/OpenProj/aerial-drones/src/drone_racing_ros2/tello_ros/tello_comm/build/tello_comm/build install --record /home/ayesha/Documents/OpenProj/aerial-drones/src/drone_racing_ros2/tello_ros/tello_comm/build/tello_comm/install.log --single-version-externally-managed install_data
[0.514s] running egg_info
[0.514s] creating build/tello_comm/tello_comm.egg-info
[0.514s] writing build/tello_comm/tello_comm.egg-info/PKG-INFO
[0.514s] writing dependency_links to build/tello_comm/tello_comm.egg-info/dependency_links.txt
[0.514s] writing entry points to build/tello_comm/tello_comm.egg-info/entry_points.txt
[0.514s] writing requirements to build/tello_comm/tello_comm.egg-info/requires.txt
[0.514s] writing top-level names to build/tello_comm/tello_comm.egg-info/top_level.txt
[0.518s] writing manifest file 'build/tello_comm/tello_comm.egg-info/SOURCES.txt'
[0.535s] reading manifest file 'build/tello_comm/tello_comm.egg-info/SOURCES.txt'
[0.535s] writing manifest file 'build/tello_comm/tello_comm.egg-info/SOURCES.txt'
[0.535s] running build
[0.535s] running build_py
[0.535s] creating /home/ayesha/Documents/OpenProj/aerial-drones/src/drone_racing_ros2/tello_ros/tello_comm/build/tello_comm/build
[0.536s] creating /home/ayesha/Documents/OpenProj/aerial-drones/src/drone_racing_ros2/tello_ros/tello_comm/build/tello_comm/build/lib
[0.536s] creating /home/ayesha/Documents/OpenProj/aerial-drones/src/drone_racing_ros2/tello_ros/tello_comm/build/tello_comm/build/lib/tello_comm
[0.536s] copying tello_comm/__init__.py -> /home/ayesha/Documents/OpenProj/aerial-drones/src/drone_racing_ros2/tello_ros/tello_comm/build/tello_comm/build/lib/tello_comm
[0.536s] running install
[0.536s] running install_lib
[0.537s] creating /home/ayesha/Documents/OpenProj/aerial-drones/src/drone_racing_ros2/tello_ros/tello_comm/install/tello_comm/lib/python3.8/site-packages/tello_comm
[0.537s] copying /home/ayesha/Documents/OpenProj/aerial-drones/src/drone_racing_ros2/tello_ros/tello_comm/build/tello_comm/build/lib/tello_comm/__init__.py -> /home/ayesha/Documents/OpenProj/aerial-drones/src/drone_racing_ros2/tello_ros/tello_comm/install/tello_comm/lib/python3.8/site-packages/tello_comm
[0.537s] byte-compiling /home/ayesha/Documents/OpenProj/aerial-drones/src/drone_racing_ros2/tello_ros/tello_comm/install/tello_comm/lib/python3.8/site-packages/tello_comm/__init__.py to __init__.cpython-38.pyc
[0.538s] running install_data
[0.538s] creating /home/ayesha/Documents/OpenProj/aerial-drones/src/drone_racing_ros2/tello_ros/tello_comm/install/tello_comm/share/ament_index
[0.538s] creating /home/ayesha/Documents/OpenProj/aerial-drones/src/drone_racing_ros2/tello_ros/tello_comm/install/tello_comm/share/ament_index/resource_index
[0.538s] creating /home/ayesha/Documents/OpenProj/aerial-drones/src/drone_racing_ros2/tello_ros/tello_comm/install/tello_comm/share/ament_index/resource_index/packages
[0.538s] copying resource/tello_comm -> /home/ayesha/Documents/OpenProj/aerial-drones/src/drone_racing_ros2/tello_ros/tello_comm/install/tello_comm/share/ament_index/resource_index/packages
[0.538s] copying package.xml -> /home/ayesha/Documents/OpenProj/aerial-drones/src/drone_racing_ros2/tello_ros/tello_comm/install/tello_comm/share/tello_comm
[0.538s] running install_egg_info
[0.539s] Copying build/tello_comm/tello_comm.egg-info to /home/ayesha/Documents/OpenProj/aerial-drones/src/drone_racing_ros2/tello_ros/tello_comm/install/tello_comm/lib/python3.8/site-packages/tello_comm-0.0.0-py3.8.egg-info
[0.539s] running install_scripts
[0.550s] Installing follower_cmd_listener script to /home/ayesha/Documents/OpenProj/aerial-drones/src/drone_racing_ros2/tello_ros/tello_comm/install/tello_comm/lib/tello_comm
[0.550s] Installing leader_cmd_pub script to /home/ayesha/Documents/OpenProj/aerial-drones/src/drone_racing_ros2/tello_ros/tello_comm/install/tello_comm/lib/tello_comm
[0.550s] writing list of installed files to '/home/ayesha/Documents/OpenProj/aerial-drones/src/drone_racing_ros2/tello_ros/tello_comm/build/tello_comm/install.log'
[0.563s] Invoked command in '/home/ayesha/Documents/OpenProj/aerial-drones/src/drone_racing_ros2/tello_ros/tello_comm' returned '0': PYTHONPATH=/home/ayesha/Documents/OpenProj/aerial-drones/src/drone_racing_ros2/tello_ros/tello_comm/build/tello_comm/prefix_override:/usr/lib/python3/dist-packages/colcon_core/task/python/colcon_distutils_commands:/home/ayesha/Documents/OpenProj/aerial-drones/src/drone_racing_ros2/tello_ros/tello_comm/install/tello_comm/lib/python3.8/site-packages:${PYTHONPATH} /usr/bin/python3 -W ignore:setup.py install is deprecated -W ignore:easy_install command is deprecated setup.py egg_info --egg-base build/tello_comm build --build-base /home/ayesha/Documents/OpenProj/aerial-drones/src/drone_racing_ros2/tello_ros/tello_comm/build/tello_comm/build install --record /home/ayesha/Documents/OpenProj/aerial-drones/src/drone_racing_ros2/tello_ros/tello_comm/build/tello_comm/install.log --single-version-externally-managed install_data
