[0.037s] Invoking command in '/home/armrs/drone_racing_ros2_ws/build/tello_description': CMAKE_PREFIX_PATH=/opt/ros/galactic /usr/bin/cmake --build /home/armrs/drone_racing_ros2_ws/build/tello_description -- -j4 -l4
[0.133s] [ 11%] Built target generate_urdf
[0.160s] [ 22%] Built target generate_urdf_1
[0.170s] [ 33%] Built target generate_urdf_6
[0.191s] [ 44%] Built target generate_urdf_3
[0.204s] [ 55%] Built target generate_urdf_8
[0.232s] [ 66%] Built target generate_urdf_4
[0.249s] [ 77%] Built target generate_urdf_5
[0.253s] [ 88%] Built target generate_urdf_7
[0.267s] [100%] Built target generate_urdf_2
[0.286s] Invoked command in '/home/armrs/drone_racing_ros2_ws/build/tello_description' returned '0': CMAKE_PREFIX_PATH=/opt/ros/galactic /usr/bin/cmake --build /home/armrs/drone_racing_ros2_ws/build/tello_description -- -j4 -l4
[0.288s] Invoking command in '/home/armrs/drone_racing_ros2_ws/build/tello_description': CMAKE_PREFIX_PATH=/opt/ros/galactic /usr/bin/cmake --install /home/armrs/drone_racing_ros2_ws/build/tello_description
[0.302s] -- Install configuration: ""
[0.302s] -- Up-to-date: /home/armrs/drone_racing_ros2_ws/install/tello_description/share/tello_description/urdf
[0.303s] -- Up-to-date: /home/armrs/drone_racing_ros2_ws/install/tello_description/share/tello_description/urdf/tello_7.urdf
[0.303s] -- Up-to-date: /home/armrs/drone_racing_ros2_ws/install/tello_description/share/tello_description/urdf/tello.urdf
[0.303s] -- Up-to-date: /home/armrs/drone_racing_ros2_ws/install/tello_description/share/tello_description/urdf/tello_2.urdf
[0.304s] -- Up-to-date: /home/armrs/drone_racing_ros2_ws/install/tello_description/share/tello_description/urdf/tello_3.urdf
[0.304s] -- Up-to-date: /home/armrs/drone_racing_ros2_ws/install/tello_description/share/tello_description/urdf/tello_6.urdf
[0.304s] -- Up-to-date: /home/armrs/drone_racing_ros2_ws/install/tello_description/share/tello_description/urdf/tello_1.urdf
[0.304s] -- Up-to-date: /home/armrs/drone_racing_ros2_ws/install/tello_description/share/tello_description/urdf/tello_5.urdf
[0.305s] -- Up-to-date: /home/armrs/drone_racing_ros2_ws/install/tello_description/share/tello_description/urdf/tello_8.urdf
[0.305s] -- Up-to-date: /home/armrs/drone_racing_ros2_ws/install/tello_description/share/tello_description/urdf/tello_4.urdf
[0.305s] -- Up-to-date: /home/armrs/drone_racing_ros2_ws/install/tello_description/share/ament_index/resource_index/package_run_dependencies/tello_description
[0.305s] -- Up-to-date: /home/armrs/drone_racing_ros2_ws/install/tello_description/share/ament_index/resource_index/parent_prefix_path/tello_description
[0.305s] -- Up-to-date: /home/armrs/drone_racing_ros2_ws/install/tello_description/share/tello_description/environment/ament_prefix_path.sh
[0.306s] -- Up-to-date: /home/armrs/drone_racing_ros2_ws/install/tello_description/share/tello_description/environment/ament_prefix_path.dsv
[0.309s] -- Up-to-date: /home/armrs/drone_racing_ros2_ws/install/tello_description/share/tello_description/environment/path.sh
[0.310s] -- Up-to-date: /home/armrs/drone_racing_ros2_ws/install/tello_description/share/tello_description/environment/path.dsv
[0.310s] -- Up-to-date: /home/armrs/drone_racing_ros2_ws/install/tello_description/share/tello_description/local_setup.bash
[0.310s] -- Up-to-date: /home/armrs/drone_racing_ros2_ws/install/tello_description/share/tello_description/local_setup.sh
[0.310s] -- Up-to-date: /home/armrs/drone_racing_ros2_ws/install/tello_description/share/tello_description/local_setup.zsh
[0.310s] -- Up-to-date: /home/armrs/drone_racing_ros2_ws/install/tello_description/share/tello_description/local_setup.dsv
[0.310s] -- Installing: /home/armrs/drone_racing_ros2_ws/install/tello_description/share/tello_description/package.dsv
[0.310s] -- Up-to-date: /home/armrs/drone_racing_ros2_ws/install/tello_description/share/ament_index/resource_index/packages/tello_description
[0.311s] -- Up-to-date: /home/armrs/drone_racing_ros2_ws/install/tello_description/share/tello_description/cmake/tello_descriptionConfig.cmake
[0.311s] -- Up-to-date: /home/armrs/drone_racing_ros2_ws/install/tello_description/share/tello_description/cmake/tello_descriptionConfig-version.cmake
[0.311s] -- Up-to-date: /home/armrs/drone_racing_ros2_ws/install/tello_description/share/tello_description/package.xml
[0.311s] Invoked command in '/home/armrs/drone_racing_ros2_ws/build/tello_description' returned '0': CMAKE_PREFIX_PATH=/opt/ros/galactic /usr/bin/cmake --install /home/armrs/drone_racing_ros2_ws/build/tello_description
