[0.042s] Invoking command in '/home/armrs/drone_racing_ros2_ws/build/tello_description': CMAKE_PREFIX_PATH=/opt/ros/galactic /usr/bin/cmake --build /home/armrs/drone_racing_ros2_ws/build/tello_description -- -j4 -l4
[0.143s] [ 11%] [34m[1mGenerate /home/armrs/drone_racing_ros2_ws/build/tello_description/urdf/tello.urdf[0m
[0.143s] [ 22%] [34m[1mGenerate /home/armrs/drone_racing_ros2_ws/build/tello_description/urdf/tello_6.urdf[0m
[0.162s] [ 33%] [34m[1mGenerate /home/armrs/drone_racing_ros2_ws/build/tello_description/urdf/tello_3.urdf[0m
[0.166s] [ 44%] [34m[1mGenerate /home/armrs/drone_racing_ros2_ws/build/tello_description/urdf/tello_1.urdf[0m
[0.226s] [ 44%] Built target generate_urdf
[0.262s] [ 44%] Built target generate_urdf_3
[0.267s] [ 44%] Built target generate_urdf_6
[0.275s] [ 55%] [34m[1mGenerate /home/armrs/drone_racing_ros2_ws/build/tello_description/urdf/tello_8.urdf[0m
[0.281s] [ 55%] Built target generate_urdf_1
[0.326s] [ 66%] [34m[1mGenerate /home/armrs/drone_racing_ros2_ws/build/tello_description/urdf/tello_4.urdf[0m
[0.336s] [ 77%] [34m[1mGenerate /home/armrs/drone_racing_ros2_ws/build/tello_description/urdf/tello_5.urdf[0m
[0.354s] [ 88%] [34m[1mGenerate /home/armrs/drone_racing_ros2_ws/build/tello_description/urdf/tello_7.urdf[0m
[0.382s] [ 88%] Built target generate_urdf_8
[0.404s] [ 88%] Built target generate_urdf_4
[0.430s] [ 88%] Built target generate_urdf_7
[0.439s] [ 88%] Built target generate_urdf_5
[0.447s] [100%] [34m[1mGenerate /home/armrs/drone_racing_ros2_ws/build/tello_description/urdf/tello_2.urdf[0m
[0.487s] [100%] Built target generate_urdf_2
[0.501s] Invoked command in '/home/armrs/drone_racing_ros2_ws/build/tello_description' returned '0': CMAKE_PREFIX_PATH=/opt/ros/galactic /usr/bin/cmake --build /home/armrs/drone_racing_ros2_ws/build/tello_description -- -j4 -l4
[0.505s] Invoking command in '/home/armrs/drone_racing_ros2_ws/build/tello_description': CMAKE_PREFIX_PATH=/opt/ros/galactic /usr/bin/cmake --install /home/armrs/drone_racing_ros2_ws/build/tello_description
[0.516s] -- Install configuration: ""
[0.516s] -- Up-to-date: /home/armrs/drone_racing_ros2_ws/install/tello_description/share/tello_description/urdf
[0.516s] -- Installing: /home/armrs/drone_racing_ros2_ws/install/tello_description/share/tello_description/urdf/tello_7.urdf
[0.516s] -- Installing: /home/armrs/drone_racing_ros2_ws/install/tello_description/share/tello_description/urdf/tello.urdf
[0.517s] -- Installing: /home/armrs/drone_racing_ros2_ws/install/tello_description/share/tello_description/urdf/tello_2.urdf
[0.517s] -- Installing: /home/armrs/drone_racing_ros2_ws/install/tello_description/share/tello_description/urdf/tello_3.urdf
[0.517s] -- Installing: /home/armrs/drone_racing_ros2_ws/install/tello_description/share/tello_description/urdf/tello_6.urdf
[0.517s] -- Installing: /home/armrs/drone_racing_ros2_ws/install/tello_description/share/tello_description/urdf/tello_1.urdf
[0.517s] -- Installing: /home/armrs/drone_racing_ros2_ws/install/tello_description/share/tello_description/urdf/tello_5.urdf
[0.518s] -- Installing: /home/armrs/drone_racing_ros2_ws/install/tello_description/share/tello_description/urdf/tello_8.urdf
[0.518s] -- Installing: /home/armrs/drone_racing_ros2_ws/install/tello_description/share/tello_description/urdf/tello_4.urdf
[0.518s] -- Up-to-date: /home/armrs/drone_racing_ros2_ws/install/tello_description/share/ament_index/resource_index/package_run_dependencies/tello_description
[0.518s] -- Up-to-date: /home/armrs/drone_racing_ros2_ws/install/tello_description/share/ament_index/resource_index/parent_prefix_path/tello_description
[0.519s] -- Up-to-date: /home/armrs/drone_racing_ros2_ws/install/tello_description/share/tello_description/environment/ament_prefix_path.sh
[0.519s] -- Up-to-date: /home/armrs/drone_racing_ros2_ws/install/tello_description/share/tello_description/environment/ament_prefix_path.dsv
[0.519s] -- Up-to-date: /home/armrs/drone_racing_ros2_ws/install/tello_description/share/tello_description/environment/path.sh
[0.519s] -- Up-to-date: /home/armrs/drone_racing_ros2_ws/install/tello_description/share/tello_description/environment/path.dsv
[0.519s] -- Up-to-date: /home/armrs/drone_racing_ros2_ws/install/tello_description/share/tello_description/local_setup.bash
[0.519s] -- Up-to-date: /home/armrs/drone_racing_ros2_ws/install/tello_description/share/tello_description/local_setup.sh
[0.519s] -- Up-to-date: /home/armrs/drone_racing_ros2_ws/install/tello_description/share/tello_description/local_setup.zsh
[0.520s] -- Up-to-date: /home/armrs/drone_racing_ros2_ws/install/tello_description/share/tello_description/local_setup.dsv
[0.520s] -- Installing: /home/armrs/drone_racing_ros2_ws/install/tello_description/share/tello_description/package.dsv
[0.520s] -- Up-to-date: /home/armrs/drone_racing_ros2_ws/install/tello_description/share/ament_index/resource_index/packages/tello_description
[0.520s] -- Up-to-date: /home/armrs/drone_racing_ros2_ws/install/tello_description/share/tello_description/cmake/tello_descriptionConfig.cmake
[0.520s] -- Up-to-date: /home/armrs/drone_racing_ros2_ws/install/tello_description/share/tello_description/cmake/tello_descriptionConfig-version.cmake
[0.520s] -- Up-to-date: /home/armrs/drone_racing_ros2_ws/install/tello_description/share/tello_description/package.xml
[0.523s] Invoked command in '/home/armrs/drone_racing_ros2_ws/build/tello_description' returned '0': CMAKE_PREFIX_PATH=/opt/ros/galactic /usr/bin/cmake --install /home/armrs/drone_racing_ros2_ws/build/tello_description
