[0.239s] DEBUG:colcon:Command line arguments: ['/usr/bin/colcon', 'build']
[0.239s] DEBUG:colcon:Parsed command line arguments: Namespace(allow_overriding=[], ament_cmake_args=None, base_paths=['.'], build_base='build', catkin_cmake_args=None, catkin_skip_building_tests=False, cmake_args=None, cmake_clean_cache=False, cmake_clean_first=False, cmake_force_configure=False, cmake_target=None, cmake_target_skip_unavailable=False, continue_on_error=False, event_handlers=None, executor='parallel', ignore_user_meta=False, install_base='install', log_base=None, log_level=None, main=<bound method BuildVerb.main of <colcon_core.verb.build.BuildVerb object at 0x7f7957c04940>>, merge_install=False, metas=['./colcon.meta'], mixin=None, mixin_files=None, mixin_verb=('build',), packages_above=None, packages_above_and_dependencies=None, packages_above_depth=None, packages_end=None, packages_ignore=None, packages_ignore_regex=None, packages_select=None, packages_select_build_failed=False, packages_select_by_dep=None, packages_select_regex=None, packages_select_test_failures=False, packages_skip=None, packages_skip_build_finished=False, packages_skip_by_dep=None, packages_skip_regex=None, packages_skip_test_passed=False, packages_skip_up_to=None, packages_start=None, packages_up_to=None, packages_up_to_regex=None, parallel_workers=4, paths=None, symlink_install=False, test_result_base=None, verb_extension=<colcon_core.verb.build.BuildVerb object at 0x7f7957c04940>, verb_name='build', verb_parser=<colcon_mixin.mixin.mixin_argument.MixinArgumentDecorator object at 0x7f7957c104f0>)
[0.424s] Level 1:colcon.colcon_core.package_discovery:discover_packages(colcon_meta) check parameters
[0.424s] Level 1:colcon.colcon_core.package_discovery:discover_packages(recursive) check parameters
[0.424s] Level 1:colcon.colcon_core.package_discovery:discover_packages(ignore) check parameters
[0.424s] Level 1:colcon.colcon_core.package_discovery:discover_packages(path) check parameters
[0.424s] Level 1:colcon.colcon_core.package_discovery:discover_packages(colcon_meta) discover
[0.424s] Level 1:colcon.colcon_core.package_discovery:discover_packages(recursive) discover
[0.424s] INFO:colcon.colcon_core.package_discovery:Crawling recursively for packages in '/home/armrs/drone_racing_ros2_ws'
[0.424s] Level 1:colcon.colcon_core.package_identification:_identify(.) by extensions ['ignore', 'ignore_ament_install']
[0.424s] Level 1:colcon.colcon_core.package_identification:_identify(.) by extension 'ignore'
[0.424s] Level 1:colcon.colcon_core.package_identification:_identify(.) by extension 'ignore_ament_install'
[0.425s] Level 1:colcon.colcon_core.package_identification:_identify(.) by extensions ['colcon_pkg']
[0.425s] Level 1:colcon.colcon_core.package_identification:_identify(.) by extension 'colcon_pkg'
[0.425s] Level 1:colcon.colcon_core.package_identification:_identify(.) by extensions ['colcon_meta']
[0.425s] Level 1:colcon.colcon_core.package_identification:_identify(.) by extension 'colcon_meta'
[0.425s] Level 1:colcon.colcon_core.package_identification:_identify(.) by extensions ['ros']
[0.425s] Level 1:colcon.colcon_core.package_identification:_identify(.) by extension 'ros'
[0.438s] Level 1:colcon.colcon_core.package_identification:_identify(.) by extensions ['cmake', 'python']
[0.438s] Level 1:colcon.colcon_core.package_identification:_identify(.) by extension 'cmake'
[0.438s] Level 1:colcon.colcon_core.package_identification:_identify(.) by extension 'python'
[0.438s] Level 1:colcon.colcon_core.package_identification:_identify(.) by extensions ['python_setup_py']
[0.438s] Level 1:colcon.colcon_core.package_identification:_identify(.) by extension 'python_setup_py'
[0.438s] Level 1:colcon.colcon_core.package_identification:_identify(build) by extensions ['ignore', 'ignore_ament_install']
[0.438s] Level 1:colcon.colcon_core.package_identification:_identify(build) by extension 'ignore'
[0.438s] Level 1:colcon.colcon_core.package_identification:_identify(build) ignored
[0.438s] Level 1:colcon.colcon_core.package_identification:_identify(install) by extensions ['ignore', 'ignore_ament_install']
[0.439s] Level 1:colcon.colcon_core.package_identification:_identify(install) by extension 'ignore'
[0.439s] Level 1:colcon.colcon_core.package_identification:_identify(install) ignored
[0.439s] Level 1:colcon.colcon_core.package_identification:_identify(log) by extensions ['ignore', 'ignore_ament_install']
[0.439s] Level 1:colcon.colcon_core.package_identification:_identify(log) by extension 'ignore'
[0.439s] Level 1:colcon.colcon_core.package_identification:_identify(log) ignored
[0.439s] Level 1:colcon.colcon_core.package_identification:_identify(src) by extensions ['ignore', 'ignore_ament_install']
[0.439s] Level 1:colcon.colcon_core.package_identification:_identify(src) by extension 'ignore'
[0.439s] Level 1:colcon.colcon_core.package_identification:_identify(src) by extension 'ignore_ament_install'
[0.439s] Level 1:colcon.colcon_core.package_identification:_identify(src) by extensions ['colcon_pkg']
[0.439s] Level 1:colcon.colcon_core.package_identification:_identify(src) by extension 'colcon_pkg'
[0.439s] Level 1:colcon.colcon_core.package_identification:_identify(src) by extensions ['colcon_meta']
[0.439s] Level 1:colcon.colcon_core.package_identification:_identify(src) by extension 'colcon_meta'
[0.439s] Level 1:colcon.colcon_core.package_identification:_identify(src) by extensions ['ros']
[0.439s] Level 1:colcon.colcon_core.package_identification:_identify(src) by extension 'ros'
[0.439s] Level 1:colcon.colcon_core.package_identification:_identify(src) by extensions ['cmake', 'python']
[0.440s] Level 1:colcon.colcon_core.package_identification:_identify(src) by extension 'cmake'
[0.440s] Level 1:colcon.colcon_core.package_identification:_identify(src) by extension 'python'
[0.440s] Level 1:colcon.colcon_core.package_identification:_identify(src) by extensions ['python_setup_py']
[0.440s] Level 1:colcon.colcon_core.package_identification:_identify(src) by extension 'python_setup_py'
[0.440s] Level 1:colcon.colcon_core.package_identification:_identify(src/drone_racing_ros2) by extensions ['ignore', 'ignore_ament_install']
[0.440s] Level 1:colcon.colcon_core.package_identification:_identify(src/drone_racing_ros2) by extension 'ignore'
[0.440s] Level 1:colcon.colcon_core.package_identification:_identify(src/drone_racing_ros2) by extension 'ignore_ament_install'
[0.440s] Level 1:colcon.colcon_core.package_identification:_identify(src/drone_racing_ros2) by extensions ['colcon_pkg']
[0.440s] Level 1:colcon.colcon_core.package_identification:_identify(src/drone_racing_ros2) by extension 'colcon_pkg'
[0.440s] Level 1:colcon.colcon_core.package_identification:_identify(src/drone_racing_ros2) by extensions ['colcon_meta']
[0.440s] Level 1:colcon.colcon_core.package_identification:_identify(src/drone_racing_ros2) by extension 'colcon_meta'
[0.440s] Level 1:colcon.colcon_core.package_identification:_identify(src/drone_racing_ros2) by extensions ['ros']
[0.440s] Level 1:colcon.colcon_core.package_identification:_identify(src/drone_racing_ros2) by extension 'ros'
[0.440s] Level 1:colcon.colcon_core.package_identification:_identify(src/drone_racing_ros2) by extensions ['cmake', 'python']
[0.440s] Level 1:colcon.colcon_core.package_identification:_identify(src/drone_racing_ros2) by extension 'cmake'
[0.440s] Level 1:colcon.colcon_core.package_identification:_identify(src/drone_racing_ros2) by extension 'python'
[0.440s] Level 1:colcon.colcon_core.package_identification:_identify(src/drone_racing_ros2) by extensions ['python_setup_py']
[0.440s] Level 1:colcon.colcon_core.package_identification:_identify(src/drone_racing_ros2) by extension 'python_setup_py'
[0.441s] Level 1:colcon.colcon_core.package_identification:_identify(src/drone_racing_ros2/ros2_shared) by extensions ['ignore', 'ignore_ament_install']
[0.441s] Level 1:colcon.colcon_core.package_identification:_identify(src/drone_racing_ros2/ros2_shared) by extension 'ignore'
[0.441s] Level 1:colcon.colcon_core.package_identification:_identify(src/drone_racing_ros2/ros2_shared) by extension 'ignore_ament_install'
[0.441s] Level 1:colcon.colcon_core.package_identification:_identify(src/drone_racing_ros2/ros2_shared) by extensions ['colcon_pkg']
[0.441s] Level 1:colcon.colcon_core.package_identification:_identify(src/drone_racing_ros2/ros2_shared) by extension 'colcon_pkg'
[0.441s] Level 1:colcon.colcon_core.package_identification:_identify(src/drone_racing_ros2/ros2_shared) by extensions ['colcon_meta']
[0.441s] Level 1:colcon.colcon_core.package_identification:_identify(src/drone_racing_ros2/ros2_shared) by extension 'colcon_meta'
[0.441s] Level 1:colcon.colcon_core.package_identification:_identify(src/drone_racing_ros2/ros2_shared) by extensions ['ros']
[0.441s] Level 1:colcon.colcon_core.package_identification:_identify(src/drone_racing_ros2/ros2_shared) by extension 'ros'
[0.444s] DEBUG:colcon.colcon_core.package_identification:Package 'src/drone_racing_ros2/ros2_shared' with type 'ros.ament_cmake' and name 'ros2_shared'
[0.444s] Level 1:colcon.colcon_core.package_identification:_identify(src/drone_racing_ros2/tello_ros) by extensions ['ignore', 'ignore_ament_install']
[0.444s] Level 1:colcon.colcon_core.package_identification:_identify(src/drone_racing_ros2/tello_ros) by extension 'ignore'
[0.444s] Level 1:colcon.colcon_core.package_identification:_identify(src/drone_racing_ros2/tello_ros) by extension 'ignore_ament_install'
[0.444s] Level 1:colcon.colcon_core.package_identification:_identify(src/drone_racing_ros2/tello_ros) by extensions ['colcon_pkg']
[0.444s] Level 1:colcon.colcon_core.package_identification:_identify(src/drone_racing_ros2/tello_ros) by extension 'colcon_pkg'
[0.444s] Level 1:colcon.colcon_core.package_identification:_identify(src/drone_racing_ros2/tello_ros) by extensions ['colcon_meta']
[0.444s] Level 1:colcon.colcon_core.package_identification:_identify(src/drone_racing_ros2/tello_ros) by extension 'colcon_meta'
[0.444s] Level 1:colcon.colcon_core.package_identification:_identify(src/drone_racing_ros2/tello_ros) by extensions ['ros']
[0.444s] Level 1:colcon.colcon_core.package_identification:_identify(src/drone_racing_ros2/tello_ros) by extension 'ros'
[0.445s] Level 1:colcon.colcon_core.package_identification:_identify(src/drone_racing_ros2/tello_ros) by extensions ['cmake', 'python']
[0.445s] Level 1:colcon.colcon_core.package_identification:_identify(src/drone_racing_ros2/tello_ros) by extension 'cmake'
[0.445s] Level 1:colcon.colcon_core.package_identification:_identify(src/drone_racing_ros2/tello_ros) by extension 'python'
[0.445s] Level 1:colcon.colcon_core.package_identification:_identify(src/drone_racing_ros2/tello_ros) by extensions ['python_setup_py']
[0.445s] Level 1:colcon.colcon_core.package_identification:_identify(src/drone_racing_ros2/tello_ros) by extension 'python_setup_py'
[0.445s] Level 1:colcon.colcon_core.package_identification:_identify(src/drone_racing_ros2/tello_ros/docker) by extensions ['ignore', 'ignore_ament_install']
[0.445s] Level 1:colcon.colcon_core.package_identification:_identify(src/drone_racing_ros2/tello_ros/docker) by extension 'ignore'
[0.445s] Level 1:colcon.colcon_core.package_identification:_identify(src/drone_racing_ros2/tello_ros/docker) by extension 'ignore_ament_install'
[0.445s] Level 1:colcon.colcon_core.package_identification:_identify(src/drone_racing_ros2/tello_ros/docker) by extensions ['colcon_pkg']
[0.445s] Level 1:colcon.colcon_core.package_identification:_identify(src/drone_racing_ros2/tello_ros/docker) by extension 'colcon_pkg'
[0.445s] Level 1:colcon.colcon_core.package_identification:_identify(src/drone_racing_ros2/tello_ros/docker) by extensions ['colcon_meta']
[0.445s] Level 1:colcon.colcon_core.package_identification:_identify(src/drone_racing_ros2/tello_ros/docker) by extension 'colcon_meta'
[0.445s] Level 1:colcon.colcon_core.package_identification:_identify(src/drone_racing_ros2/tello_ros/docker) by extensions ['ros']
[0.445s] Level 1:colcon.colcon_core.package_identification:_identify(src/drone_racing_ros2/tello_ros/docker) by extension 'ros'
[0.445s] Level 1:colcon.colcon_core.package_identification:_identify(src/drone_racing_ros2/tello_ros/docker) by extensions ['cmake', 'python']
[0.445s] Level 1:colcon.colcon_core.package_identification:_identify(src/drone_racing_ros2/tello_ros/docker) by extension 'cmake'
[0.446s] Level 1:colcon.colcon_core.package_identification:_identify(src/drone_racing_ros2/tello_ros/docker) by extension 'python'
[0.446s] Level 1:colcon.colcon_core.package_identification:_identify(src/drone_racing_ros2/tello_ros/docker) by extensions ['python_setup_py']
[0.446s] Level 1:colcon.colcon_core.package_identification:_identify(src/drone_racing_ros2/tello_ros/docker) by extension 'python_setup_py'
[0.446s] Level 1:colcon.colcon_core.package_identification:_identify(src/drone_racing_ros2/tello_ros/tello_description) by extensions ['ignore', 'ignore_ament_install']
[0.446s] Level 1:colcon.colcon_core.package_identification:_identify(src/drone_racing_ros2/tello_ros/tello_description) by extension 'ignore'
[0.446s] Level 1:colcon.colcon_core.package_identification:_identify(src/drone_racing_ros2/tello_ros/tello_description) by extension 'ignore_ament_install'
[0.446s] Level 1:colcon.colcon_core.package_identification:_identify(src/drone_racing_ros2/tello_ros/tello_description) by extensions ['colcon_pkg']
[0.446s] Level 1:colcon.colcon_core.package_identification:_identify(src/drone_racing_ros2/tello_ros/tello_description) by extension 'colcon_pkg'
[0.446s] Level 1:colcon.colcon_core.package_identification:_identify(src/drone_racing_ros2/tello_ros/tello_description) by extensions ['colcon_meta']
[0.446s] Level 1:colcon.colcon_core.package_identification:_identify(src/drone_racing_ros2/tello_ros/tello_description) by extension 'colcon_meta'
[0.446s] Level 1:colcon.colcon_core.package_identification:_identify(src/drone_racing_ros2/tello_ros/tello_description) by extensions ['ros']
[0.446s] Level 1:colcon.colcon_core.package_identification:_identify(src/drone_racing_ros2/tello_ros/tello_description) by extension 'ros'
[0.447s] DEBUG:colcon.colcon_core.package_identification:Package 'src/drone_racing_ros2/tello_ros/tello_description' with type 'ros.ament_cmake' and name 'tello_description'
[0.447s] Level 1:colcon.colcon_core.package_identification:_identify(src/drone_racing_ros2/tello_ros/tello_driver) by extensions ['ignore', 'ignore_ament_install']
[0.447s] Level 1:colcon.colcon_core.package_identification:_identify(src/drone_racing_ros2/tello_ros/tello_driver) by extension 'ignore'
[0.447s] Level 1:colcon.colcon_core.package_identification:_identify(src/drone_racing_ros2/tello_ros/tello_driver) by extension 'ignore_ament_install'
[0.447s] Level 1:colcon.colcon_core.package_identification:_identify(src/drone_racing_ros2/tello_ros/tello_driver) by extensions ['colcon_pkg']
[0.447s] Level 1:colcon.colcon_core.package_identification:_identify(src/drone_racing_ros2/tello_ros/tello_driver) by extension 'colcon_pkg'
[0.447s] Level 1:colcon.colcon_core.package_identification:_identify(src/drone_racing_ros2/tello_ros/tello_driver) by extensions ['colcon_meta']
[0.447s] Level 1:colcon.colcon_core.package_identification:_identify(src/drone_racing_ros2/tello_ros/tello_driver) by extension 'colcon_meta'
[0.447s] Level 1:colcon.colcon_core.package_identification:_identify(src/drone_racing_ros2/tello_ros/tello_driver) by extensions ['ros']
[0.447s] Level 1:colcon.colcon_core.package_identification:_identify(src/drone_racing_ros2/tello_ros/tello_driver) by extension 'ros'
[0.449s] DEBUG:colcon.colcon_core.package_identification:Package 'src/drone_racing_ros2/tello_ros/tello_driver' with type 'ros.ament_cmake' and name 'tello_driver'
[0.449s] Level 1:colcon.colcon_core.package_identification:_identify(src/drone_racing_ros2/tello_ros/tello_gazebo) by extensions ['ignore', 'ignore_ament_install']
[0.449s] Level 1:colcon.colcon_core.package_identification:_identify(src/drone_racing_ros2/tello_ros/tello_gazebo) by extension 'ignore'
[0.449s] Level 1:colcon.colcon_core.package_identification:_identify(src/drone_racing_ros2/tello_ros/tello_gazebo) by extension 'ignore_ament_install'
[0.449s] Level 1:colcon.colcon_core.package_identification:_identify(src/drone_racing_ros2/tello_ros/tello_gazebo) by extensions ['colcon_pkg']
[0.449s] Level 1:colcon.colcon_core.package_identification:_identify(src/drone_racing_ros2/tello_ros/tello_gazebo) by extension 'colcon_pkg'
[0.449s] Level 1:colcon.colcon_core.package_identification:_identify(src/drone_racing_ros2/tello_ros/tello_gazebo) by extensions ['colcon_meta']
[0.449s] Level 1:colcon.colcon_core.package_identification:_identify(src/drone_racing_ros2/tello_ros/tello_gazebo) by extension 'colcon_meta'
[0.449s] Level 1:colcon.colcon_core.package_identification:_identify(src/drone_racing_ros2/tello_ros/tello_gazebo) by extensions ['ros']
[0.449s] Level 1:colcon.colcon_core.package_identification:_identify(src/drone_racing_ros2/tello_ros/tello_gazebo) by extension 'ros'
[0.450s] DEBUG:colcon.colcon_core.package_identification:Package 'src/drone_racing_ros2/tello_ros/tello_gazebo' with type 'ros.ament_cmake' and name 'tello_gazebo'
[0.451s] Level 1:colcon.colcon_core.package_identification:_identify(src/drone_racing_ros2/tello_ros/tello_msgs) by extensions ['ignore', 'ignore_ament_install']
[0.451s] Level 1:colcon.colcon_core.package_identification:_identify(src/drone_racing_ros2/tello_ros/tello_msgs) by extension 'ignore'
[0.451s] Level 1:colcon.colcon_core.package_identification:_identify(src/drone_racing_ros2/tello_ros/tello_msgs) by extension 'ignore_ament_install'
[0.451s] Level 1:colcon.colcon_core.package_identification:_identify(src/drone_racing_ros2/tello_ros/tello_msgs) by extensions ['colcon_pkg']
[0.451s] Level 1:colcon.colcon_core.package_identification:_identify(src/drone_racing_ros2/tello_ros/tello_msgs) by extension 'colcon_pkg'
[0.451s] Level 1:colcon.colcon_core.package_identification:_identify(src/drone_racing_ros2/tello_ros/tello_msgs) by extensions ['colcon_meta']
[0.451s] Level 1:colcon.colcon_core.package_identification:_identify(src/drone_racing_ros2/tello_ros/tello_msgs) by extension 'colcon_meta'
[0.451s] Level 1:colcon.colcon_core.package_identification:_identify(src/drone_racing_ros2/tello_ros/tello_msgs) by extensions ['ros']
[0.451s] Level 1:colcon.colcon_core.package_identification:_identify(src/drone_racing_ros2/tello_ros/tello_msgs) by extension 'ros'
[0.452s] DEBUG:colcon.colcon_core.package_identification:Package 'src/drone_racing_ros2/tello_ros/tello_msgs' with type 'ros.ament_cmake' and name 'tello_msgs'
[0.452s] Level 1:colcon.colcon_core.package_discovery:discover_packages(recursive) using defaults
[0.452s] Level 1:colcon.colcon_core.package_discovery:discover_packages(ignore) discover
[0.452s] Level 1:colcon.colcon_core.package_discovery:discover_packages(ignore) using defaults
[0.452s] Level 1:colcon.colcon_core.package_discovery:discover_packages(path) discover
[0.452s] Level 1:colcon.colcon_core.package_discovery:discover_packages(path) using defaults
[0.472s] Level 1:colcon.colcon_core.package_discovery:discover_packages(prefix_path) check parameters
[0.472s] Level 1:colcon.colcon_core.package_discovery:discover_packages(prefix_path) discover
[0.485s] DEBUG:colcon.colcon_installed_package_information.package_discovery:Found 5 installed packages in /home/armrs/drone_racing_ros2_ws/install
[0.486s] DEBUG:colcon.colcon_installed_package_information.package_discovery:Found 275 installed packages in /opt/ros/galactic
[0.488s] Level 1:colcon.colcon_core.package_discovery:discover_packages(prefix_path) using defaults
[0.565s] Level 5:colcon.colcon_core.verb:set package 'ros2_shared' build argument 'cmake_args' from command line to 'None'
[0.565s] Level 5:colcon.colcon_core.verb:set package 'ros2_shared' build argument 'cmake_target' from command line to 'None'
[0.565s] Level 5:colcon.colcon_core.verb:set package 'ros2_shared' build argument 'cmake_target_skip_unavailable' from command line to 'False'
[0.565s] Level 5:colcon.colcon_core.verb:set package 'ros2_shared' build argument 'cmake_clean_cache' from command line to 'False'
[0.565s] Level 5:colcon.colcon_core.verb:set package 'ros2_shared' build argument 'cmake_clean_first' from command line to 'False'
[0.565s] Level 5:colcon.colcon_core.verb:set package 'ros2_shared' build argument 'cmake_force_configure' from command line to 'False'
[0.565s] Level 5:colcon.colcon_core.verb:set package 'ros2_shared' build argument 'ament_cmake_args' from command line to 'None'
[0.565s] Level 5:colcon.colcon_core.verb:set package 'ros2_shared' build argument 'catkin_cmake_args' from command line to 'None'
[0.565s] Level 5:colcon.colcon_core.verb:set package 'ros2_shared' build argument 'catkin_skip_building_tests' from command line to 'False'
[0.565s] DEBUG:colcon.colcon_core.verb:Building package 'ros2_shared' with the following arguments: {'ament_cmake_args': None, 'build_base': '/home/armrs/drone_racing_ros2_ws/build/ros2_shared', 'catkin_cmake_args': None, 'catkin_skip_building_tests': False, 'cmake_args': None, 'cmake_clean_cache': False, 'cmake_clean_first': False, 'cmake_force_configure': False, 'cmake_target': None, 'cmake_target_skip_unavailable': False, 'install_base': '/home/armrs/drone_racing_ros2_ws/install/ros2_shared', 'merge_install': False, 'path': '/home/armrs/drone_racing_ros2_ws/src/drone_racing_ros2/ros2_shared', 'symlink_install': False, 'test_result_base': None}
[0.566s] Level 5:colcon.colcon_core.verb:set package 'tello_description' build argument 'cmake_args' from command line to 'None'
[0.566s] Level 5:colcon.colcon_core.verb:set package 'tello_description' build argument 'cmake_target' from command line to 'None'
[0.566s] Level 5:colcon.colcon_core.verb:set package 'tello_description' build argument 'cmake_target_skip_unavailable' from command line to 'False'
[0.566s] Level 5:colcon.colcon_core.verb:set package 'tello_description' build argument 'cmake_clean_cache' from command line to 'False'
[0.566s] Level 5:colcon.colcon_core.verb:set package 'tello_description' build argument 'cmake_clean_first' from command line to 'False'
[0.566s] Level 5:colcon.colcon_core.verb:set package 'tello_description' build argument 'cmake_force_configure' from command line to 'False'
[0.566s] Level 5:colcon.colcon_core.verb:set package 'tello_description' build argument 'ament_cmake_args' from command line to 'None'
[0.566s] Level 5:colcon.colcon_core.verb:set package 'tello_description' build argument 'catkin_cmake_args' from command line to 'None'
[0.566s] Level 5:colcon.colcon_core.verb:set package 'tello_description' build argument 'catkin_skip_building_tests' from command line to 'False'
[0.566s] DEBUG:colcon.colcon_core.verb:Building package 'tello_description' with the following arguments: {'ament_cmake_args': None, 'build_base': '/home/armrs/drone_racing_ros2_ws/build/tello_description', 'catkin_cmake_args': None, 'catkin_skip_building_tests': False, 'cmake_args': None, 'cmake_clean_cache': False, 'cmake_clean_first': False, 'cmake_force_configure': False, 'cmake_target': None, 'cmake_target_skip_unavailable': False, 'install_base': '/home/armrs/drone_racing_ros2_ws/install/tello_description', 'merge_install': False, 'path': '/home/armrs/drone_racing_ros2_ws/src/drone_racing_ros2/tello_ros/tello_description', 'symlink_install': False, 'test_result_base': None}
[0.567s] Level 5:colcon.colcon_core.verb:set package 'tello_msgs' build argument 'cmake_args' from command line to 'None'
[0.567s] Level 5:colcon.colcon_core.verb:set package 'tello_msgs' build argument 'cmake_target' from command line to 'None'
[0.567s] Level 5:colcon.colcon_core.verb:set package 'tello_msgs' build argument 'cmake_target_skip_unavailable' from command line to 'False'
[0.567s] Level 5:colcon.colcon_core.verb:set package 'tello_msgs' build argument 'cmake_clean_cache' from command line to 'False'
[0.567s] Level 5:colcon.colcon_core.verb:set package 'tello_msgs' build argument 'cmake_clean_first' from command line to 'False'
[0.567s] Level 5:colcon.colcon_core.verb:set package 'tello_msgs' build argument 'cmake_force_configure' from command line to 'False'
[0.567s] Level 5:colcon.colcon_core.verb:set package 'tello_msgs' build argument 'ament_cmake_args' from command line to 'None'
[0.567s] Level 5:colcon.colcon_core.verb:set package 'tello_msgs' build argument 'catkin_cmake_args' from command line to 'None'
[0.567s] Level 5:colcon.colcon_core.verb:set package 'tello_msgs' build argument 'catkin_skip_building_tests' from command line to 'False'
[0.567s] DEBUG:colcon.colcon_core.verb:Building package 'tello_msgs' with the following arguments: {'ament_cmake_args': None, 'build_base': '/home/armrs/drone_racing_ros2_ws/build/tello_msgs', 'catkin_cmake_args': None, 'catkin_skip_building_tests': False, 'cmake_args': None, 'cmake_clean_cache': False, 'cmake_clean_first': False, 'cmake_force_configure': False, 'cmake_target': None, 'cmake_target_skip_unavailable': False, 'install_base': '/home/armrs/drone_racing_ros2_ws/install/tello_msgs', 'merge_install': False, 'path': '/home/armrs/drone_racing_ros2_ws/src/drone_racing_ros2/tello_ros/tello_msgs', 'symlink_install': False, 'test_result_base': None}
[0.567s] Level 5:colcon.colcon_core.verb:set package 'tello_driver' build argument 'cmake_args' from command line to 'None'
[0.567s] Level 5:colcon.colcon_core.verb:set package 'tello_driver' build argument 'cmake_target' from command line to 'None'
[0.567s] Level 5:colcon.colcon_core.verb:set package 'tello_driver' build argument 'cmake_target_skip_unavailable' from command line to 'False'
[0.567s] Level 5:colcon.colcon_core.verb:set package 'tello_driver' build argument 'cmake_clean_cache' from command line to 'False'
[0.567s] Level 5:colcon.colcon_core.verb:set package 'tello_driver' build argument 'cmake_clean_first' from command line to 'False'
[0.567s] Level 5:colcon.colcon_core.verb:set package 'tello_driver' build argument 'cmake_force_configure' from command line to 'False'
[0.567s] Level 5:colcon.colcon_core.verb:set package 'tello_driver' build argument 'ament_cmake_args' from command line to 'None'
[0.567s] Level 5:colcon.colcon_core.verb:set package 'tello_driver' build argument 'catkin_cmake_args' from command line to 'None'
[0.567s] Level 5:colcon.colcon_core.verb:set package 'tello_driver' build argument 'catkin_skip_building_tests' from command line to 'False'
[0.567s] DEBUG:colcon.colcon_core.verb:Building package 'tello_driver' with the following arguments: {'ament_cmake_args': None, 'build_base': '/home/armrs/drone_racing_ros2_ws/build/tello_driver', 'catkin_cmake_args': None, 'catkin_skip_building_tests': False, 'cmake_args': None, 'cmake_clean_cache': False, 'cmake_clean_first': False, 'cmake_force_configure': False, 'cmake_target': None, 'cmake_target_skip_unavailable': False, 'install_base': '/home/armrs/drone_racing_ros2_ws/install/tello_driver', 'merge_install': False, 'path': '/home/armrs/drone_racing_ros2_ws/src/drone_racing_ros2/tello_ros/tello_driver', 'symlink_install': False, 'test_result_base': None}
[0.568s] Level 5:colcon.colcon_core.verb:set package 'tello_gazebo' build argument 'cmake_args' from command line to 'None'
[0.568s] Level 5:colcon.colcon_core.verb:set package 'tello_gazebo' build argument 'cmake_target' from command line to 'None'
[0.568s] Level 5:colcon.colcon_core.verb:set package 'tello_gazebo' build argument 'cmake_target_skip_unavailable' from command line to 'False'
[0.568s] Level 5:colcon.colcon_core.verb:set package 'tello_gazebo' build argument 'cmake_clean_cache' from command line to 'False'
[0.568s] Level 5:colcon.colcon_core.verb:set package 'tello_gazebo' build argument 'cmake_clean_first' from command line to 'False'
[0.568s] Level 5:colcon.colcon_core.verb:set package 'tello_gazebo' build argument 'cmake_force_configure' from command line to 'False'
[0.568s] Level 5:colcon.colcon_core.verb:set package 'tello_gazebo' build argument 'ament_cmake_args' from command line to 'None'
[0.568s] Level 5:colcon.colcon_core.verb:set package 'tello_gazebo' build argument 'catkin_cmake_args' from command line to 'None'
[0.568s] Level 5:colcon.colcon_core.verb:set package 'tello_gazebo' build argument 'catkin_skip_building_tests' from command line to 'False'
[0.568s] DEBUG:colcon.colcon_core.verb:Building package 'tello_gazebo' with the following arguments: {'ament_cmake_args': None, 'build_base': '/home/armrs/drone_racing_ros2_ws/build/tello_gazebo', 'catkin_cmake_args': None, 'catkin_skip_building_tests': False, 'cmake_args': None, 'cmake_clean_cache': False, 'cmake_clean_first': False, 'cmake_force_configure': False, 'cmake_target': None, 'cmake_target_skip_unavailable': False, 'install_base': '/home/armrs/drone_racing_ros2_ws/install/tello_gazebo', 'merge_install': False, 'path': '/home/armrs/drone_racing_ros2_ws/src/drone_racing_ros2/tello_ros/tello_gazebo', 'symlink_install': False, 'test_result_base': None}
[0.568s] INFO:colcon.colcon_core.executor:Executing jobs using 'parallel' executor
[0.569s] DEBUG:colcon.colcon_parallel_executor.executor.parallel:run_until_complete
[0.570s] INFO:colcon.colcon_ros.task.ament_cmake.build:Building ROS package in '/home/armrs/drone_racing_ros2_ws/src/drone_racing_ros2/tello_ros/tello_msgs' with build type 'ament_cmake'
[0.570s] INFO:colcon.colcon_cmake.task.cmake.build:Building CMake package in '/home/armrs/drone_racing_ros2_ws/src/drone_racing_ros2/tello_ros/tello_msgs'
[0.572s] INFO:colcon.colcon_core.plugin_system:Skipping extension 'colcon_core.shell.bat': Not used on non-Windows systems
[0.572s] INFO:colcon.colcon_core.shell:Skip shell extension 'powershell' for command environment: Not usable outside of PowerShell
[0.572s] DEBUG:colcon.colcon_core.shell:Skip shell extension 'dsv' for command environment
[0.578s] INFO:colcon.colcon_ros.task.ament_cmake.build:Building ROS package in '/home/armrs/drone_racing_ros2_ws/src/drone_racing_ros2/ros2_shared' with build type 'ament_cmake'
[0.579s] INFO:colcon.colcon_cmake.task.cmake.build:Building CMake package in '/home/armrs/drone_racing_ros2_ws/src/drone_racing_ros2/ros2_shared'
[0.579s] INFO:colcon.colcon_core.shell:Skip shell extension 'powershell' for command environment: Not usable outside of PowerShell
[0.579s] DEBUG:colcon.colcon_core.shell:Skip shell extension 'dsv' for command environment
[0.585s] INFO:colcon.colcon_ros.task.ament_cmake.build:Building ROS package in '/home/armrs/drone_racing_ros2_ws/src/drone_racing_ros2/tello_ros/tello_description' with build type 'ament_cmake'
[0.586s] INFO:colcon.colcon_cmake.task.cmake.build:Building CMake package in '/home/armrs/drone_racing_ros2_ws/src/drone_racing_ros2/tello_ros/tello_description'
[0.587s] INFO:colcon.colcon_core.shell:Skip shell extension 'powershell' for command environment: Not usable outside of PowerShell
[0.587s] DEBUG:colcon.colcon_core.shell:Skip shell extension 'dsv' for command environment
[0.601s] DEBUG:colcon.colcon_core.event_handler.log_command:Invoking command in '/home/armrs/drone_racing_ros2_ws/build/tello_msgs': CMAKE_PREFIX_PATH=${CMAKE_PREFIX_PATH}:/home/armrs/drone_racing_ros2_ws/install/ros2_shared:/opt/ros/galactic /usr/bin/cmake --build /home/armrs/drone_racing_ros2_ws/build/tello_msgs -- -j4 -l4
[0.613s] DEBUG:colcon.colcon_core.event_handler.log_command:Invoking command in '/home/armrs/drone_racing_ros2_ws/build/ros2_shared': CMAKE_PREFIX_PATH=${CMAKE_PREFIX_PATH}:/home/armrs/drone_racing_ros2_ws/install/ros2_shared:/opt/ros/galactic /usr/bin/cmake --build /home/armrs/drone_racing_ros2_ws/build/ros2_shared -- -j4 -l4
[0.623s] DEBUG:colcon.colcon_core.event_handler.log_command:Invoking command in '/home/armrs/drone_racing_ros2_ws/build/tello_description': CMAKE_PREFIX_PATH=${CMAKE_PREFIX_PATH}:/home/armrs/drone_racing_ros2_ws/install/ros2_shared:/opt/ros/galactic /usr/bin/cmake --build /home/armrs/drone_racing_ros2_ws/build/tello_description -- -j4 -l4
[0.692s] DEBUG:colcon.colcon_core.event_handler.log_command:Invoked command in '/home/armrs/drone_racing_ros2_ws/build/ros2_shared' returned '0': CMAKE_PREFIX_PATH=${CMAKE_PREFIX_PATH}:/home/armrs/drone_racing_ros2_ws/install/ros2_shared:/opt/ros/galactic /usr/bin/cmake --build /home/armrs/drone_racing_ros2_ws/build/ros2_shared -- -j4 -l4
[0.721s] DEBUG:colcon.colcon_core.event_handler.log_command:Invoking command in '/home/armrs/drone_racing_ros2_ws/build/ros2_shared': CMAKE_PREFIX_PATH=${CMAKE_PREFIX_PATH}:/home/armrs/drone_racing_ros2_ws/install/ros2_shared:/opt/ros/galactic /usr/bin/cmake --install /home/armrs/drone_racing_ros2_ws/build/ros2_shared
[0.764s] Level 1:colcon.colcon_core.environment:create_environment_scripts_only(ros2_shared)
[0.770s] Level 1:colcon.colcon_core.environment:checking '/home/armrs/drone_racing_ros2_ws/install/ros2_shared' for CMake module files
[0.771s] Level 1:colcon.colcon_core.environment:checking '/home/armrs/drone_racing_ros2_ws/install/ros2_shared' for CMake config files
[0.771s] Level 1:colcon.colcon_core.shell:create_environment_hook('ros2_shared', 'cmake_prefix_path')
[0.772s] INFO:colcon.colcon_core.shell:Creating environment hook '/home/armrs/drone_racing_ros2_ws/install/ros2_shared/share/ros2_shared/hook/cmake_prefix_path.ps1'
[0.777s] INFO:colcon.colcon_core.shell:Creating environment descriptor '/home/armrs/drone_racing_ros2_ws/install/ros2_shared/share/ros2_shared/hook/cmake_prefix_path.dsv'
[0.778s] DEBUG:colcon.colcon_core.event_handler.log_command:Invoked command in '/home/armrs/drone_racing_ros2_ws/build/ros2_shared' returned '0': CMAKE_PREFIX_PATH=${CMAKE_PREFIX_PATH}:/home/armrs/drone_racing_ros2_ws/install/ros2_shared:/opt/ros/galactic /usr/bin/cmake --install /home/armrs/drone_racing_ros2_ws/build/ros2_shared
[0.780s] INFO:colcon.colcon_core.shell:Creating environment hook '/home/armrs/drone_racing_ros2_ws/install/ros2_shared/share/ros2_shared/hook/cmake_prefix_path.sh'
[0.782s] Level 1:colcon.colcon_core.environment:checking '/home/armrs/drone_racing_ros2_ws/install/ros2_shared/bin'
[0.782s] Level 1:colcon.colcon_core.environment:checking '/home/armrs/drone_racing_ros2_ws/install/ros2_shared/lib/pkgconfig/ros2_shared.pc'
[0.782s] Level 1:colcon.colcon_core.environment:checking '/home/armrs/drone_racing_ros2_ws/install/ros2_shared/lib/python3.8/site-packages'
[0.783s] Level 1:colcon.colcon_core.environment:checking '/home/armrs/drone_racing_ros2_ws/install/ros2_shared/bin'
[0.783s] INFO:colcon.colcon_core.shell:Creating package script '/home/armrs/drone_racing_ros2_ws/install/ros2_shared/share/ros2_shared/package.ps1'
[0.785s] INFO:colcon.colcon_core.shell:Creating package descriptor '/home/armrs/drone_racing_ros2_ws/install/ros2_shared/share/ros2_shared/package.dsv'
[0.790s] INFO:colcon.colcon_core.shell:Creating package script '/home/armrs/drone_racing_ros2_ws/install/ros2_shared/share/ros2_shared/package.sh'
[0.794s] INFO:colcon.colcon_core.shell:Creating package script '/home/armrs/drone_racing_ros2_ws/install/ros2_shared/share/ros2_shared/package.bash'
[0.795s] INFO:colcon.colcon_core.shell:Creating package script '/home/armrs/drone_racing_ros2_ws/install/ros2_shared/share/ros2_shared/package.zsh'
[0.797s] Level 1:colcon.colcon_core.environment:create_file_with_runtime_dependencies(/home/armrs/drone_racing_ros2_ws/install/ros2_shared/share/colcon-core/packages/ros2_shared)
[0.804s] Level 1:colcon.colcon_core.environment:create_environment_scripts_only(ros2_shared)
[0.805s] Level 1:colcon.colcon_core.environment:checking '/home/armrs/drone_racing_ros2_ws/install/ros2_shared' for CMake module files
[0.806s] Level 1:colcon.colcon_core.environment:checking '/home/armrs/drone_racing_ros2_ws/install/ros2_shared' for CMake config files
[0.806s] Level 1:colcon.colcon_core.shell:create_environment_hook('ros2_shared', 'cmake_prefix_path')
[0.807s] INFO:colcon.colcon_core.shell:Creating environment hook '/home/armrs/drone_racing_ros2_ws/install/ros2_shared/share/ros2_shared/hook/cmake_prefix_path.ps1'
[0.808s] INFO:colcon.colcon_core.shell:Creating environment descriptor '/home/armrs/drone_racing_ros2_ws/install/ros2_shared/share/ros2_shared/hook/cmake_prefix_path.dsv'
[0.808s] INFO:colcon.colcon_core.shell:Creating environment hook '/home/armrs/drone_racing_ros2_ws/install/ros2_shared/share/ros2_shared/hook/cmake_prefix_path.sh'
[0.810s] Level 1:colcon.colcon_core.environment:checking '/home/armrs/drone_racing_ros2_ws/install/ros2_shared/bin'
[0.810s] Level 1:colcon.colcon_core.environment:checking '/home/armrs/drone_racing_ros2_ws/install/ros2_shared/lib/pkgconfig/ros2_shared.pc'
[0.810s] Level 1:colcon.colcon_core.environment:checking '/home/armrs/drone_racing_ros2_ws/install/ros2_shared/lib/python3.8/site-packages'
[0.811s] Level 1:colcon.colcon_core.environment:checking '/home/armrs/drone_racing_ros2_ws/install/ros2_shared/bin'
[0.811s] INFO:colcon.colcon_core.shell:Creating package script '/home/armrs/drone_racing_ros2_ws/install/ros2_shared/share/ros2_shared/package.ps1'
[0.812s] INFO:colcon.colcon_core.shell:Creating package descriptor '/home/armrs/drone_racing_ros2_ws/install/ros2_shared/share/ros2_shared/package.dsv'
[0.813s] INFO:colcon.colcon_core.shell:Creating package script '/home/armrs/drone_racing_ros2_ws/install/ros2_shared/share/ros2_shared/package.sh'
[0.814s] INFO:colcon.colcon_core.shell:Creating package script '/home/armrs/drone_racing_ros2_ws/install/ros2_shared/share/ros2_shared/package.bash'
[0.815s] INFO:colcon.colcon_core.shell:Creating package script '/home/armrs/drone_racing_ros2_ws/install/ros2_shared/share/ros2_shared/package.zsh'
[0.816s] Level 1:colcon.colcon_core.environment:create_file_with_runtime_dependencies(/home/armrs/drone_racing_ros2_ws/install/ros2_shared/share/colcon-core/packages/ros2_shared)
[1.099s] DEBUG:colcon.colcon_core.event_handler.log_command:Invoked command in '/home/armrs/drone_racing_ros2_ws/build/tello_description' returned '0': CMAKE_PREFIX_PATH=${CMAKE_PREFIX_PATH}:/home/armrs/drone_racing_ros2_ws/install/ros2_shared:/opt/ros/galactic /usr/bin/cmake --build /home/armrs/drone_racing_ros2_ws/build/tello_description -- -j4 -l4
[1.103s] DEBUG:colcon.colcon_core.event_handler.log_command:Invoking command in '/home/armrs/drone_racing_ros2_ws/build/tello_description': CMAKE_PREFIX_PATH=${CMAKE_PREFIX_PATH}:/home/armrs/drone_racing_ros2_ws/install/ros2_shared:/opt/ros/galactic /usr/bin/cmake --install /home/armrs/drone_racing_ros2_ws/build/tello_description
[1.133s] Level 1:colcon.colcon_core.environment:create_environment_scripts_only(tello_description)
[1.134s] Level 1:colcon.colcon_core.environment:checking '/home/armrs/drone_racing_ros2_ws/install/tello_description' for CMake module files
[1.135s] Level 1:colcon.colcon_core.environment:checking '/home/armrs/drone_racing_ros2_ws/install/tello_description' for CMake config files
[1.135s] Level 1:colcon.colcon_core.shell:create_environment_hook('tello_description', 'cmake_prefix_path')
[1.136s] INFO:colcon.colcon_core.shell:Creating environment hook '/home/armrs/drone_racing_ros2_ws/install/tello_description/share/tello_description/hook/cmake_prefix_path.ps1'
[1.137s] INFO:colcon.colcon_core.shell:Creating environment descriptor '/home/armrs/drone_racing_ros2_ws/install/tello_description/share/tello_description/hook/cmake_prefix_path.dsv'
[1.138s] DEBUG:colcon.colcon_core.event_handler.log_command:Invoked command in '/home/armrs/drone_racing_ros2_ws/build/tello_description' returned '0': CMAKE_PREFIX_PATH=${CMAKE_PREFIX_PATH}:/home/armrs/drone_racing_ros2_ws/install/ros2_shared:/opt/ros/galactic /usr/bin/cmake --install /home/armrs/drone_racing_ros2_ws/build/tello_description
[1.138s] INFO:colcon.colcon_core.shell:Creating environment hook '/home/armrs/drone_racing_ros2_ws/install/tello_description/share/tello_description/hook/cmake_prefix_path.sh'
[1.139s] Level 1:colcon.colcon_core.environment:checking '/home/armrs/drone_racing_ros2_ws/install/tello_description/bin'
[1.139s] Level 1:colcon.colcon_core.environment:checking '/home/armrs/drone_racing_ros2_ws/install/tello_description/lib/pkgconfig/tello_description.pc'
[1.140s] Level 1:colcon.colcon_core.environment:checking '/home/armrs/drone_racing_ros2_ws/install/tello_description/lib/python3.8/site-packages'
[1.140s] Level 1:colcon.colcon_core.environment:checking '/home/armrs/drone_racing_ros2_ws/install/tello_description/bin'
[1.141s] INFO:colcon.colcon_core.shell:Creating package script '/home/armrs/drone_racing_ros2_ws/install/tello_description/share/tello_description/package.ps1'
[1.141s] INFO:colcon.colcon_core.shell:Creating package descriptor '/home/armrs/drone_racing_ros2_ws/install/tello_description/share/tello_description/package.dsv'
[1.142s] INFO:colcon.colcon_core.shell:Creating package script '/home/armrs/drone_racing_ros2_ws/install/tello_description/share/tello_description/package.sh'
[1.143s] INFO:colcon.colcon_core.shell:Creating package script '/home/armrs/drone_racing_ros2_ws/install/tello_description/share/tello_description/package.bash'
[1.144s] INFO:colcon.colcon_core.shell:Creating package script '/home/armrs/drone_racing_ros2_ws/install/tello_description/share/tello_description/package.zsh'
[1.145s] Level 1:colcon.colcon_core.environment:create_file_with_runtime_dependencies(/home/armrs/drone_racing_ros2_ws/install/tello_description/share/colcon-core/packages/tello_description)
[1.146s] Level 1:colcon.colcon_core.environment:create_environment_scripts_only(tello_description)
[1.147s] Level 1:colcon.colcon_core.environment:checking '/home/armrs/drone_racing_ros2_ws/install/tello_description' for CMake module files
[1.148s] Level 1:colcon.colcon_core.environment:checking '/home/armrs/drone_racing_ros2_ws/install/tello_description' for CMake config files
[1.149s] Level 1:colcon.colcon_core.shell:create_environment_hook('tello_description', 'cmake_prefix_path')
[1.149s] INFO:colcon.colcon_core.shell:Creating environment hook '/home/armrs/drone_racing_ros2_ws/install/tello_description/share/tello_description/hook/cmake_prefix_path.ps1'
[1.151s] INFO:colcon.colcon_core.shell:Creating environment descriptor '/home/armrs/drone_racing_ros2_ws/install/tello_description/share/tello_description/hook/cmake_prefix_path.dsv'
[1.152s] INFO:colcon.colcon_core.shell:Creating environment hook '/home/armrs/drone_racing_ros2_ws/install/tello_description/share/tello_description/hook/cmake_prefix_path.sh'
[1.153s] Level 1:colcon.colcon_core.environment:checking '/home/armrs/drone_racing_ros2_ws/install/tello_description/bin'
[1.153s] Level 1:colcon.colcon_core.environment:checking '/home/armrs/drone_racing_ros2_ws/install/tello_description/lib/pkgconfig/tello_description.pc'
[1.154s] Level 1:colcon.colcon_core.environment:checking '/home/armrs/drone_racing_ros2_ws/install/tello_description/lib/python3.8/site-packages'
[1.154s] Level 1:colcon.colcon_core.environment:checking '/home/armrs/drone_racing_ros2_ws/install/tello_description/bin'
[1.155s] INFO:colcon.colcon_core.shell:Creating package script '/home/armrs/drone_racing_ros2_ws/install/tello_description/share/tello_description/package.ps1'
[1.156s] INFO:colcon.colcon_core.shell:Creating package descriptor '/home/armrs/drone_racing_ros2_ws/install/tello_description/share/tello_description/package.dsv'
[1.157s] INFO:colcon.colcon_core.shell:Creating package script '/home/armrs/drone_racing_ros2_ws/install/tello_description/share/tello_description/package.sh'
[1.158s] INFO:colcon.colcon_core.shell:Creating package script '/home/armrs/drone_racing_ros2_ws/install/tello_description/share/tello_description/package.bash'
[1.159s] INFO:colcon.colcon_core.shell:Creating package script '/home/armrs/drone_racing_ros2_ws/install/tello_description/share/tello_description/package.zsh'
[1.160s] Level 1:colcon.colcon_core.environment:create_file_with_runtime_dependencies(/home/armrs/drone_racing_ros2_ws/install/tello_description/share/colcon-core/packages/tello_description)
[1.177s] DEBUG:colcon.colcon_core.event_handler.log_command:Invoked command in '/home/armrs/drone_racing_ros2_ws/build/tello_msgs' returned '0': CMAKE_PREFIX_PATH=${CMAKE_PREFIX_PATH}:/home/armrs/drone_racing_ros2_ws/install/ros2_shared:/opt/ros/galactic /usr/bin/cmake --build /home/armrs/drone_racing_ros2_ws/build/tello_msgs -- -j4 -l4
[1.181s] DEBUG:colcon.colcon_core.event_handler.log_command:Invoking command in '/home/armrs/drone_racing_ros2_ws/build/tello_msgs': CMAKE_PREFIX_PATH=${CMAKE_PREFIX_PATH}:/home/armrs/drone_racing_ros2_ws/install/ros2_shared:/opt/ros/galactic /usr/bin/cmake --install /home/armrs/drone_racing_ros2_ws/build/tello_msgs
[1.258s] Level 1:colcon.colcon_core.environment:create_environment_scripts_only(tello_msgs)
[1.258s] DEBUG:colcon.colcon_core.event_handler.log_command:Invoked command in '/home/armrs/drone_racing_ros2_ws/build/tello_msgs' returned '0': CMAKE_PREFIX_PATH=${CMAKE_PREFIX_PATH}:/home/armrs/drone_racing_ros2_ws/install/ros2_shared:/opt/ros/galactic /usr/bin/cmake --install /home/armrs/drone_racing_ros2_ws/build/tello_msgs
[1.259s] Level 1:colcon.colcon_core.environment:checking '/home/armrs/drone_racing_ros2_ws/install/tello_msgs' for CMake module files
[1.260s] Level 1:colcon.colcon_core.environment:checking '/home/armrs/drone_racing_ros2_ws/install/tello_msgs' for CMake config files
[1.261s] Level 1:colcon.colcon_core.shell:create_environment_hook('tello_msgs', 'cmake_prefix_path')
[1.261s] INFO:colcon.colcon_core.shell:Creating environment hook '/home/armrs/drone_racing_ros2_ws/install/tello_msgs/share/tello_msgs/hook/cmake_prefix_path.ps1'
[1.262s] INFO:colcon.colcon_core.shell:Creating environment descriptor '/home/armrs/drone_racing_ros2_ws/install/tello_msgs/share/tello_msgs/hook/cmake_prefix_path.dsv'
[1.262s] INFO:colcon.colcon_core.shell:Creating environment hook '/home/armrs/drone_racing_ros2_ws/install/tello_msgs/share/tello_msgs/hook/cmake_prefix_path.sh'
[1.263s] Level 1:colcon.colcon_core.environment:checking '/home/armrs/drone_racing_ros2_ws/install/tello_msgs/lib'
[1.264s] Level 1:colcon.colcon_core.shell:create_environment_hook('tello_msgs', 'ld_library_path_lib')
[1.264s] INFO:colcon.colcon_core.shell:Creating environment hook '/home/armrs/drone_racing_ros2_ws/install/tello_msgs/share/tello_msgs/hook/ld_library_path_lib.ps1'
[1.264s] INFO:colcon.colcon_core.shell:Creating environment descriptor '/home/armrs/drone_racing_ros2_ws/install/tello_msgs/share/tello_msgs/hook/ld_library_path_lib.dsv'
[1.265s] INFO:colcon.colcon_core.shell:Creating environment hook '/home/armrs/drone_racing_ros2_ws/install/tello_msgs/share/tello_msgs/hook/ld_library_path_lib.sh'
[1.265s] Level 1:colcon.colcon_core.environment:checking '/home/armrs/drone_racing_ros2_ws/install/tello_msgs/bin'
[1.265s] Level 1:colcon.colcon_core.environment:checking '/home/armrs/drone_racing_ros2_ws/install/tello_msgs/lib/pkgconfig/tello_msgs.pc'
[1.266s] Level 1:colcon.colcon_core.environment:checking '/home/armrs/drone_racing_ros2_ws/install/tello_msgs/lib/python3.8/site-packages'
[1.266s] Level 1:colcon.colcon_core.shell:create_environment_hook('tello_msgs', 'pythonpath')
[1.266s] INFO:colcon.colcon_core.shell:Creating environment hook '/home/armrs/drone_racing_ros2_ws/install/tello_msgs/share/tello_msgs/hook/pythonpath.ps1'
[1.267s] INFO:colcon.colcon_core.shell:Creating environment descriptor '/home/armrs/drone_racing_ros2_ws/install/tello_msgs/share/tello_msgs/hook/pythonpath.dsv'
[1.267s] INFO:colcon.colcon_core.shell:Creating environment hook '/home/armrs/drone_racing_ros2_ws/install/tello_msgs/share/tello_msgs/hook/pythonpath.sh'
[1.268s] Level 1:colcon.colcon_core.environment:checking '/home/armrs/drone_racing_ros2_ws/install/tello_msgs/bin'
[1.268s] INFO:colcon.colcon_core.shell:Creating package script '/home/armrs/drone_racing_ros2_ws/install/tello_msgs/share/tello_msgs/package.ps1'
[1.269s] INFO:colcon.colcon_core.shell:Creating package descriptor '/home/armrs/drone_racing_ros2_ws/install/tello_msgs/share/tello_msgs/package.dsv'
[1.269s] INFO:colcon.colcon_core.shell:Creating package script '/home/armrs/drone_racing_ros2_ws/install/tello_msgs/share/tello_msgs/package.sh'
[1.270s] INFO:colcon.colcon_core.shell:Creating package script '/home/armrs/drone_racing_ros2_ws/install/tello_msgs/share/tello_msgs/package.bash'
[1.270s] INFO:colcon.colcon_core.shell:Creating package script '/home/armrs/drone_racing_ros2_ws/install/tello_msgs/share/tello_msgs/package.zsh'
[1.271s] Level 1:colcon.colcon_core.environment:create_file_with_runtime_dependencies(/home/armrs/drone_racing_ros2_ws/install/tello_msgs/share/colcon-core/packages/tello_msgs)
[1.271s] Level 1:colcon.colcon_core.environment:create_environment_scripts_only(tello_msgs)
[1.272s] Level 1:colcon.colcon_core.environment:checking '/home/armrs/drone_racing_ros2_ws/install/tello_msgs' for CMake module files
[1.272s] Level 1:colcon.colcon_core.environment:checking '/home/armrs/drone_racing_ros2_ws/install/tello_msgs' for CMake config files
[1.273s] Level 1:colcon.colcon_core.shell:create_environment_hook('tello_msgs', 'cmake_prefix_path')
[1.273s] INFO:colcon.colcon_core.shell:Creating environment hook '/home/armrs/drone_racing_ros2_ws/install/tello_msgs/share/tello_msgs/hook/cmake_prefix_path.ps1'
[1.274s] INFO:colcon.colcon_core.shell:Creating environment descriptor '/home/armrs/drone_racing_ros2_ws/install/tello_msgs/share/tello_msgs/hook/cmake_prefix_path.dsv'
[1.274s] INFO:colcon.colcon_core.shell:Creating environment hook '/home/armrs/drone_racing_ros2_ws/install/tello_msgs/share/tello_msgs/hook/cmake_prefix_path.sh'
[1.275s] Level 1:colcon.colcon_core.environment:checking '/home/armrs/drone_racing_ros2_ws/install/tello_msgs/lib'
[1.275s] Level 1:colcon.colcon_core.shell:create_environment_hook('tello_msgs', 'ld_library_path_lib')
[1.275s] INFO:colcon.colcon_core.shell:Creating environment hook '/home/armrs/drone_racing_ros2_ws/install/tello_msgs/share/tello_msgs/hook/ld_library_path_lib.ps1'
[1.275s] INFO:colcon.colcon_core.shell:Creating environment descriptor '/home/armrs/drone_racing_ros2_ws/install/tello_msgs/share/tello_msgs/hook/ld_library_path_lib.dsv'
[1.276s] INFO:colcon.colcon_core.shell:Creating environment hook '/home/armrs/drone_racing_ros2_ws/install/tello_msgs/share/tello_msgs/hook/ld_library_path_lib.sh'
[1.276s] Level 1:colcon.colcon_core.environment:checking '/home/armrs/drone_racing_ros2_ws/install/tello_msgs/bin'
[1.276s] Level 1:colcon.colcon_core.environment:checking '/home/armrs/drone_racing_ros2_ws/install/tello_msgs/lib/pkgconfig/tello_msgs.pc'
[1.277s] Level 1:colcon.colcon_core.environment:checking '/home/armrs/drone_racing_ros2_ws/install/tello_msgs/lib/python3.8/site-packages'
[1.277s] Level 1:colcon.colcon_core.shell:create_environment_hook('tello_msgs', 'pythonpath')
[1.277s] INFO:colcon.colcon_core.shell:Creating environment hook '/home/armrs/drone_racing_ros2_ws/install/tello_msgs/share/tello_msgs/hook/pythonpath.ps1'
[1.277s] INFO:colcon.colcon_core.shell:Creating environment descriptor '/home/armrs/drone_racing_ros2_ws/install/tello_msgs/share/tello_msgs/hook/pythonpath.dsv'
[1.278s] INFO:colcon.colcon_core.shell:Creating environment hook '/home/armrs/drone_racing_ros2_ws/install/tello_msgs/share/tello_msgs/hook/pythonpath.sh'
[1.278s] Level 1:colcon.colcon_core.environment:checking '/home/armrs/drone_racing_ros2_ws/install/tello_msgs/bin'
[1.279s] INFO:colcon.colcon_core.shell:Creating package script '/home/armrs/drone_racing_ros2_ws/install/tello_msgs/share/tello_msgs/package.ps1'
[1.280s] INFO:colcon.colcon_core.shell:Creating package descriptor '/home/armrs/drone_racing_ros2_ws/install/tello_msgs/share/tello_msgs/package.dsv'
[1.280s] INFO:colcon.colcon_core.shell:Creating package script '/home/armrs/drone_racing_ros2_ws/install/tello_msgs/share/tello_msgs/package.sh'
[1.281s] INFO:colcon.colcon_core.shell:Creating package script '/home/armrs/drone_racing_ros2_ws/install/tello_msgs/share/tello_msgs/package.bash'
[1.281s] INFO:colcon.colcon_core.shell:Creating package script '/home/armrs/drone_racing_ros2_ws/install/tello_msgs/share/tello_msgs/package.zsh'
[1.282s] Level 1:colcon.colcon_core.environment:create_file_with_runtime_dependencies(/home/armrs/drone_racing_ros2_ws/install/tello_msgs/share/colcon-core/packages/tello_msgs)
[1.283s] INFO:colcon.colcon_ros.task.ament_cmake.build:Building ROS package in '/home/armrs/drone_racing_ros2_ws/src/drone_racing_ros2/tello_ros/tello_driver' with build type 'ament_cmake'
[1.283s] INFO:colcon.colcon_cmake.task.cmake.build:Building CMake package in '/home/armrs/drone_racing_ros2_ws/src/drone_racing_ros2/tello_ros/tello_driver'
[1.283s] INFO:colcon.colcon_core.shell:Skip shell extension 'powershell' for command environment: Not usable outside of PowerShell
[1.284s] DEBUG:colcon.colcon_core.shell:Skip shell extension 'dsv' for command environment
[1.290s] INFO:colcon.colcon_ros.task.ament_cmake.build:Building ROS package in '/home/armrs/drone_racing_ros2_ws/src/drone_racing_ros2/tello_ros/tello_gazebo' with build type 'ament_cmake'
[1.291s] INFO:colcon.colcon_cmake.task.cmake.build:Building CMake package in '/home/armrs/drone_racing_ros2_ws/src/drone_racing_ros2/tello_ros/tello_gazebo'
[1.292s] INFO:colcon.colcon_core.shell:Skip shell extension 'powershell' for command environment: Not usable outside of PowerShell
[1.292s] DEBUG:colcon.colcon_core.shell:Skip shell extension 'dsv' for command environment
[1.308s] DEBUG:colcon.colcon_core.event_handler.log_command:Invoking command in '/home/armrs/drone_racing_ros2_ws/build/tello_driver': CMAKE_PREFIX_PATH=/home/armrs/drone_racing_ros2_ws/install/tello_msgs:/home/armrs/drone_racing_ros2_ws/install/ros2_shared:/home/armrs/drone_racing_ros2_ws/install/tello_gazebo:/home/armrs/drone_racing_ros2_ws/install/tello_driver:/home/armrs/drone_racing_ros2_ws/install/tello_description:/opt/ros/galactic LD_LIBRARY_PATH=/home/armrs/drone_racing_ros2_ws/install/tello_msgs/lib:/home/armrs/drone_racing_ros2_ws/install/tello_gazebo/lib:/home/armrs/drone_racing_ros2_ws/install/tello_driver/lib:/usr/lib/x86_64-linux-gnu/gazebo-11/plugins:/opt/ros/galactic/opt/yaml_cpp_vendor/lib:/opt/ros/galactic/opt/rviz_ogre_vendor/lib:/opt/ros/galactic/lib/x86_64-linux-gnu:/opt/ros/galactic/lib:/usr/lib/x86_64-linux-gnu/gazebo-11/plugins /usr/bin/cmake --build /home/armrs/drone_racing_ros2_ws/build/tello_driver -- -j4 -l4
[1.319s] DEBUG:colcon.colcon_core.event_handler.log_command:Invoking command in '/home/armrs/drone_racing_ros2_ws/build/tello_gazebo': CMAKE_PREFIX_PATH=/home/armrs/drone_racing_ros2_ws/install/tello_msgs:/home/armrs/drone_racing_ros2_ws/install/tello_gazebo:/home/armrs/drone_racing_ros2_ws/install/tello_driver:/home/armrs/drone_racing_ros2_ws/install/tello_description:/home/armrs/drone_racing_ros2_ws/install/ros2_shared:/opt/ros/galactic LD_LIBRARY_PATH=/home/armrs/drone_racing_ros2_ws/install/tello_msgs/lib:/home/armrs/drone_racing_ros2_ws/install/tello_gazebo/lib:/home/armrs/drone_racing_ros2_ws/install/tello_driver/lib:/usr/lib/x86_64-linux-gnu/gazebo-11/plugins:/opt/ros/galactic/opt/yaml_cpp_vendor/lib:/opt/ros/galactic/opt/rviz_ogre_vendor/lib:/opt/ros/galactic/lib/x86_64-linux-gnu:/opt/ros/galactic/lib:/usr/lib/x86_64-linux-gnu/gazebo-11/plugins /usr/bin/cmake --build /home/armrs/drone_racing_ros2_ws/build/tello_gazebo -- -j4 -l4
[1.488s] DEBUG:colcon.colcon_core.event_handler.log_command:Invoked command in '/home/armrs/drone_racing_ros2_ws/build/tello_gazebo' returned '0': CMAKE_PREFIX_PATH=/home/armrs/drone_racing_ros2_ws/install/tello_msgs:/home/armrs/drone_racing_ros2_ws/install/tello_gazebo:/home/armrs/drone_racing_ros2_ws/install/tello_driver:/home/armrs/drone_racing_ros2_ws/install/tello_description:/home/armrs/drone_racing_ros2_ws/install/ros2_shared:/opt/ros/galactic LD_LIBRARY_PATH=/home/armrs/drone_racing_ros2_ws/install/tello_msgs/lib:/home/armrs/drone_racing_ros2_ws/install/tello_gazebo/lib:/home/armrs/drone_racing_ros2_ws/install/tello_driver/lib:/usr/lib/x86_64-linux-gnu/gazebo-11/plugins:/opt/ros/galactic/opt/yaml_cpp_vendor/lib:/opt/ros/galactic/opt/rviz_ogre_vendor/lib:/opt/ros/galactic/lib/x86_64-linux-gnu:/opt/ros/galactic/lib:/usr/lib/x86_64-linux-gnu/gazebo-11/plugins /usr/bin/cmake --build /home/armrs/drone_racing_ros2_ws/build/tello_gazebo -- -j4 -l4
[1.491s] DEBUG:colcon.colcon_core.event_handler.log_command:Invoking command in '/home/armrs/drone_racing_ros2_ws/build/tello_gazebo': CMAKE_PREFIX_PATH=/home/armrs/drone_racing_ros2_ws/install/tello_msgs:/home/armrs/drone_racing_ros2_ws/install/tello_gazebo:/home/armrs/drone_racing_ros2_ws/install/tello_driver:/home/armrs/drone_racing_ros2_ws/install/tello_description:/home/armrs/drone_racing_ros2_ws/install/ros2_shared:/opt/ros/galactic LD_LIBRARY_PATH=/home/armrs/drone_racing_ros2_ws/install/tello_msgs/lib:/home/armrs/drone_racing_ros2_ws/install/tello_gazebo/lib:/home/armrs/drone_racing_ros2_ws/install/tello_driver/lib:/usr/lib/x86_64-linux-gnu/gazebo-11/plugins:/opt/ros/galactic/opt/yaml_cpp_vendor/lib:/opt/ros/galactic/opt/rviz_ogre_vendor/lib:/opt/ros/galactic/lib/x86_64-linux-gnu:/opt/ros/galactic/lib:/usr/lib/x86_64-linux-gnu/gazebo-11/plugins /usr/bin/cmake --install /home/armrs/drone_racing_ros2_ws/build/tello_gazebo
[1.498s] DEBUG:colcon.colcon_core.event_handler.log_command:Invoked command in '/home/armrs/drone_racing_ros2_ws/build/tello_driver' returned '0': CMAKE_PREFIX_PATH=/home/armrs/drone_racing_ros2_ws/install/tello_msgs:/home/armrs/drone_racing_ros2_ws/install/ros2_shared:/home/armrs/drone_racing_ros2_ws/install/tello_gazebo:/home/armrs/drone_racing_ros2_ws/install/tello_driver:/home/armrs/drone_racing_ros2_ws/install/tello_description:/opt/ros/galactic LD_LIBRARY_PATH=/home/armrs/drone_racing_ros2_ws/install/tello_msgs/lib:/home/armrs/drone_racing_ros2_ws/install/tello_gazebo/lib:/home/armrs/drone_racing_ros2_ws/install/tello_driver/lib:/usr/lib/x86_64-linux-gnu/gazebo-11/plugins:/opt/ros/galactic/opt/yaml_cpp_vendor/lib:/opt/ros/galactic/opt/rviz_ogre_vendor/lib:/opt/ros/galactic/lib/x86_64-linux-gnu:/opt/ros/galactic/lib:/usr/lib/x86_64-linux-gnu/gazebo-11/plugins /usr/bin/cmake --build /home/armrs/drone_racing_ros2_ws/build/tello_driver -- -j4 -l4
[1.502s] DEBUG:colcon.colcon_core.event_handler.log_command:Invoking command in '/home/armrs/drone_racing_ros2_ws/build/tello_driver': CMAKE_PREFIX_PATH=/home/armrs/drone_racing_ros2_ws/install/tello_msgs:/home/armrs/drone_racing_ros2_ws/install/ros2_shared:/home/armrs/drone_racing_ros2_ws/install/tello_gazebo:/home/armrs/drone_racing_ros2_ws/install/tello_driver:/home/armrs/drone_racing_ros2_ws/install/tello_description:/opt/ros/galactic LD_LIBRARY_PATH=/home/armrs/drone_racing_ros2_ws/install/tello_msgs/lib:/home/armrs/drone_racing_ros2_ws/install/tello_gazebo/lib:/home/armrs/drone_racing_ros2_ws/install/tello_driver/lib:/usr/lib/x86_64-linux-gnu/gazebo-11/plugins:/opt/ros/galactic/opt/yaml_cpp_vendor/lib:/opt/ros/galactic/opt/rviz_ogre_vendor/lib:/opt/ros/galactic/lib/x86_64-linux-gnu:/opt/ros/galactic/lib:/usr/lib/x86_64-linux-gnu/gazebo-11/plugins /usr/bin/cmake --install /home/armrs/drone_racing_ros2_ws/build/tello_driver
[1.515s] Level 1:colcon.colcon_core.environment:create_environment_scripts_only(tello_gazebo)
[1.515s] Level 1:colcon.colcon_core.environment:checking '/home/armrs/drone_racing_ros2_ws/install/tello_gazebo' for CMake module files
[1.518s] Level 1:colcon.colcon_core.environment:checking '/home/armrs/drone_racing_ros2_ws/install/tello_gazebo' for CMake config files
[1.527s] DEBUG:colcon.colcon_core.event_handler.log_command:Invoked command in '/home/armrs/drone_racing_ros2_ws/build/tello_gazebo' returned '0': CMAKE_PREFIX_PATH=/home/armrs/drone_racing_ros2_ws/install/tello_msgs:/home/armrs/drone_racing_ros2_ws/install/tello_gazebo:/home/armrs/drone_racing_ros2_ws/install/tello_driver:/home/armrs/drone_racing_ros2_ws/install/tello_description:/home/armrs/drone_racing_ros2_ws/install/ros2_shared:/opt/ros/galactic LD_LIBRARY_PATH=/home/armrs/drone_racing_ros2_ws/install/tello_msgs/lib:/home/armrs/drone_racing_ros2_ws/install/tello_gazebo/lib:/home/armrs/drone_racing_ros2_ws/install/tello_driver/lib:/usr/lib/x86_64-linux-gnu/gazebo-11/plugins:/opt/ros/galactic/opt/yaml_cpp_vendor/lib:/opt/ros/galactic/opt/rviz_ogre_vendor/lib:/opt/ros/galactic/lib/x86_64-linux-gnu:/opt/ros/galactic/lib:/usr/lib/x86_64-linux-gnu/gazebo-11/plugins /usr/bin/cmake --install /home/armrs/drone_racing_ros2_ws/build/tello_gazebo
[1.532s] Level 1:colcon.colcon_core.shell:create_environment_hook('tello_gazebo', 'cmake_prefix_path')
[1.532s] INFO:colcon.colcon_core.shell:Creating environment hook '/home/armrs/drone_racing_ros2_ws/install/tello_gazebo/share/tello_gazebo/hook/cmake_prefix_path.ps1'
[1.533s] INFO:colcon.colcon_core.shell:Creating environment descriptor '/home/armrs/drone_racing_ros2_ws/install/tello_gazebo/share/tello_gazebo/hook/cmake_prefix_path.dsv'
[1.533s] INFO:colcon.colcon_core.shell:Creating environment hook '/home/armrs/drone_racing_ros2_ws/install/tello_gazebo/share/tello_gazebo/hook/cmake_prefix_path.sh'
[1.534s] Level 1:colcon.colcon_core.environment:checking '/home/armrs/drone_racing_ros2_ws/install/tello_gazebo/lib'
[1.534s] Level 1:colcon.colcon_core.shell:create_environment_hook('tello_gazebo', 'ld_library_path_lib')
[1.534s] INFO:colcon.colcon_core.shell:Creating environment hook '/home/armrs/drone_racing_ros2_ws/install/tello_gazebo/share/tello_gazebo/hook/ld_library_path_lib.ps1'
[1.535s] INFO:colcon.colcon_core.shell:Creating environment descriptor '/home/armrs/drone_racing_ros2_ws/install/tello_gazebo/share/tello_gazebo/hook/ld_library_path_lib.dsv'
[1.535s] INFO:colcon.colcon_core.shell:Creating environment hook '/home/armrs/drone_racing_ros2_ws/install/tello_gazebo/share/tello_gazebo/hook/ld_library_path_lib.sh'
[1.535s] Level 1:colcon.colcon_core.environment:checking '/home/armrs/drone_racing_ros2_ws/install/tello_gazebo/bin'
[1.536s] Level 1:colcon.colcon_core.environment:checking '/home/armrs/drone_racing_ros2_ws/install/tello_gazebo/lib/pkgconfig/tello_gazebo.pc'
[1.536s] Level 1:colcon.colcon_core.environment:checking '/home/armrs/drone_racing_ros2_ws/install/tello_gazebo/lib/python3.8/site-packages'
[1.536s] Level 1:colcon.colcon_core.environment:checking '/home/armrs/drone_racing_ros2_ws/install/tello_gazebo/bin'
[1.536s] INFO:colcon.colcon_core.shell:Creating package script '/home/armrs/drone_racing_ros2_ws/install/tello_gazebo/share/tello_gazebo/package.ps1'
[1.537s] INFO:colcon.colcon_core.shell:Creating package descriptor '/home/armrs/drone_racing_ros2_ws/install/tello_gazebo/share/tello_gazebo/package.dsv'
[1.538s] INFO:colcon.colcon_core.shell:Creating package script '/home/armrs/drone_racing_ros2_ws/install/tello_gazebo/share/tello_gazebo/package.sh'
[1.538s] INFO:colcon.colcon_core.shell:Creating package script '/home/armrs/drone_racing_ros2_ws/install/tello_gazebo/share/tello_gazebo/package.bash'
[1.539s] INFO:colcon.colcon_core.shell:Creating package script '/home/armrs/drone_racing_ros2_ws/install/tello_gazebo/share/tello_gazebo/package.zsh'
[1.539s] Level 1:colcon.colcon_core.environment:create_file_with_runtime_dependencies(/home/armrs/drone_racing_ros2_ws/install/tello_gazebo/share/colcon-core/packages/tello_gazebo)
[1.540s] Level 1:colcon.colcon_core.environment:create_environment_scripts_only(tello_gazebo)
[1.540s] Level 1:colcon.colcon_core.environment:checking '/home/armrs/drone_racing_ros2_ws/install/tello_gazebo' for CMake module files
[1.540s] Level 1:colcon.colcon_core.environment:checking '/home/armrs/drone_racing_ros2_ws/install/tello_gazebo' for CMake config files
[1.541s] Level 1:colcon.colcon_core.shell:create_environment_hook('tello_gazebo', 'cmake_prefix_path')
[1.541s] INFO:colcon.colcon_core.shell:Creating environment hook '/home/armrs/drone_racing_ros2_ws/install/tello_gazebo/share/tello_gazebo/hook/cmake_prefix_path.ps1'
[1.542s] INFO:colcon.colcon_core.shell:Creating environment descriptor '/home/armrs/drone_racing_ros2_ws/install/tello_gazebo/share/tello_gazebo/hook/cmake_prefix_path.dsv'
[1.542s] INFO:colcon.colcon_core.shell:Creating environment hook '/home/armrs/drone_racing_ros2_ws/install/tello_gazebo/share/tello_gazebo/hook/cmake_prefix_path.sh'
[1.543s] Level 1:colcon.colcon_core.environment:checking '/home/armrs/drone_racing_ros2_ws/install/tello_gazebo/lib'
[1.543s] Level 1:colcon.colcon_core.shell:create_environment_hook('tello_gazebo', 'ld_library_path_lib')
[1.543s] INFO:colcon.colcon_core.shell:Creating environment hook '/home/armrs/drone_racing_ros2_ws/install/tello_gazebo/share/tello_gazebo/hook/ld_library_path_lib.ps1'
[1.544s] INFO:colcon.colcon_core.shell:Creating environment descriptor '/home/armrs/drone_racing_ros2_ws/install/tello_gazebo/share/tello_gazebo/hook/ld_library_path_lib.dsv'
[1.544s] INFO:colcon.colcon_core.shell:Creating environment hook '/home/armrs/drone_racing_ros2_ws/install/tello_gazebo/share/tello_gazebo/hook/ld_library_path_lib.sh'
[1.545s] Level 1:colcon.colcon_core.environment:checking '/home/armrs/drone_racing_ros2_ws/install/tello_gazebo/bin'
[1.545s] Level 1:colcon.colcon_core.environment:checking '/home/armrs/drone_racing_ros2_ws/install/tello_gazebo/lib/pkgconfig/tello_gazebo.pc'
[1.545s] Level 1:colcon.colcon_core.environment:checking '/home/armrs/drone_racing_ros2_ws/install/tello_gazebo/lib/python3.8/site-packages'
[1.545s] Level 1:colcon.colcon_core.environment:checking '/home/armrs/drone_racing_ros2_ws/install/tello_gazebo/bin'
[1.546s] INFO:colcon.colcon_core.shell:Creating package script '/home/armrs/drone_racing_ros2_ws/install/tello_gazebo/share/tello_gazebo/package.ps1'
[1.546s] INFO:colcon.colcon_core.shell:Creating package descriptor '/home/armrs/drone_racing_ros2_ws/install/tello_gazebo/share/tello_gazebo/package.dsv'
[1.547s] INFO:colcon.colcon_core.shell:Creating package script '/home/armrs/drone_racing_ros2_ws/install/tello_gazebo/share/tello_gazebo/package.sh'
[1.547s] INFO:colcon.colcon_core.shell:Creating package script '/home/armrs/drone_racing_ros2_ws/install/tello_gazebo/share/tello_gazebo/package.bash'
[1.548s] INFO:colcon.colcon_core.shell:Creating package script '/home/armrs/drone_racing_ros2_ws/install/tello_gazebo/share/tello_gazebo/package.zsh'
[1.548s] Level 1:colcon.colcon_core.environment:create_file_with_runtime_dependencies(/home/armrs/drone_racing_ros2_ws/install/tello_gazebo/share/colcon-core/packages/tello_gazebo)
[1.550s] Level 1:colcon.colcon_core.environment:create_environment_scripts_only(tello_driver)
[1.550s] Level 1:colcon.colcon_core.environment:checking '/home/armrs/drone_racing_ros2_ws/install/tello_driver' for CMake module files
[1.551s] DEBUG:colcon.colcon_core.event_handler.log_command:Invoked command in '/home/armrs/drone_racing_ros2_ws/build/tello_driver' returned '0': CMAKE_PREFIX_PATH=/home/armrs/drone_racing_ros2_ws/install/tello_msgs:/home/armrs/drone_racing_ros2_ws/install/ros2_shared:/home/armrs/drone_racing_ros2_ws/install/tello_gazebo:/home/armrs/drone_racing_ros2_ws/install/tello_driver:/home/armrs/drone_racing_ros2_ws/install/tello_description:/opt/ros/galactic LD_LIBRARY_PATH=/home/armrs/drone_racing_ros2_ws/install/tello_msgs/lib:/home/armrs/drone_racing_ros2_ws/install/tello_gazebo/lib:/home/armrs/drone_racing_ros2_ws/install/tello_driver/lib:/usr/lib/x86_64-linux-gnu/gazebo-11/plugins:/opt/ros/galactic/opt/yaml_cpp_vendor/lib:/opt/ros/galactic/opt/rviz_ogre_vendor/lib:/opt/ros/galactic/lib/x86_64-linux-gnu:/opt/ros/galactic/lib:/usr/lib/x86_64-linux-gnu/gazebo-11/plugins /usr/bin/cmake --install /home/armrs/drone_racing_ros2_ws/build/tello_driver
[1.552s] Level 1:colcon.colcon_core.environment:checking '/home/armrs/drone_racing_ros2_ws/install/tello_driver' for CMake config files
[1.552s] Level 1:colcon.colcon_core.shell:create_environment_hook('tello_driver', 'cmake_prefix_path')
[1.552s] INFO:colcon.colcon_core.shell:Creating environment hook '/home/armrs/drone_racing_ros2_ws/install/tello_driver/share/tello_driver/hook/cmake_prefix_path.ps1'
[1.553s] INFO:colcon.colcon_core.shell:Creating environment descriptor '/home/armrs/drone_racing_ros2_ws/install/tello_driver/share/tello_driver/hook/cmake_prefix_path.dsv'
[1.553s] INFO:colcon.colcon_core.shell:Creating environment hook '/home/armrs/drone_racing_ros2_ws/install/tello_driver/share/tello_driver/hook/cmake_prefix_path.sh'
[1.554s] Level 1:colcon.colcon_core.environment:checking '/home/armrs/drone_racing_ros2_ws/install/tello_driver/lib'
[1.554s] Level 1:colcon.colcon_core.shell:create_environment_hook('tello_driver', 'ld_library_path_lib')
[1.554s] INFO:colcon.colcon_core.shell:Creating environment hook '/home/armrs/drone_racing_ros2_ws/install/tello_driver/share/tello_driver/hook/ld_library_path_lib.ps1'
[1.555s] INFO:colcon.colcon_core.shell:Creating environment descriptor '/home/armrs/drone_racing_ros2_ws/install/tello_driver/share/tello_driver/hook/ld_library_path_lib.dsv'
[1.555s] INFO:colcon.colcon_core.shell:Creating environment hook '/home/armrs/drone_racing_ros2_ws/install/tello_driver/share/tello_driver/hook/ld_library_path_lib.sh'
[1.555s] Level 1:colcon.colcon_core.environment:checking '/home/armrs/drone_racing_ros2_ws/install/tello_driver/bin'
[1.555s] Level 1:colcon.colcon_core.environment:checking '/home/armrs/drone_racing_ros2_ws/install/tello_driver/lib/pkgconfig/tello_driver.pc'
[1.556s] Level 1:colcon.colcon_core.environment:checking '/home/armrs/drone_racing_ros2_ws/install/tello_driver/lib/python3.8/site-packages'
[1.556s] Level 1:colcon.colcon_core.environment:checking '/home/armrs/drone_racing_ros2_ws/install/tello_driver/bin'
[1.556s] INFO:colcon.colcon_core.shell:Creating package script '/home/armrs/drone_racing_ros2_ws/install/tello_driver/share/tello_driver/package.ps1'
[1.557s] INFO:colcon.colcon_core.shell:Creating package descriptor '/home/armrs/drone_racing_ros2_ws/install/tello_driver/share/tello_driver/package.dsv'
[1.557s] INFO:colcon.colcon_core.shell:Creating package script '/home/armrs/drone_racing_ros2_ws/install/tello_driver/share/tello_driver/package.sh'
[1.558s] INFO:colcon.colcon_core.shell:Creating package script '/home/armrs/drone_racing_ros2_ws/install/tello_driver/share/tello_driver/package.bash'
[1.558s] INFO:colcon.colcon_core.shell:Creating package script '/home/armrs/drone_racing_ros2_ws/install/tello_driver/share/tello_driver/package.zsh'
[1.559s] Level 1:colcon.colcon_core.environment:create_file_with_runtime_dependencies(/home/armrs/drone_racing_ros2_ws/install/tello_driver/share/colcon-core/packages/tello_driver)
[1.559s] Level 1:colcon.colcon_core.environment:create_environment_scripts_only(tello_driver)
[1.559s] Level 1:colcon.colcon_core.environment:checking '/home/armrs/drone_racing_ros2_ws/install/tello_driver' for CMake module files
[1.560s] Level 1:colcon.colcon_core.environment:checking '/home/armrs/drone_racing_ros2_ws/install/tello_driver' for CMake config files
[1.560s] Level 1:colcon.colcon_core.shell:create_environment_hook('tello_driver', 'cmake_prefix_path')
[1.560s] INFO:colcon.colcon_core.shell:Creating environment hook '/home/armrs/drone_racing_ros2_ws/install/tello_driver/share/tello_driver/hook/cmake_prefix_path.ps1'
[1.561s] INFO:colcon.colcon_core.shell:Creating environment descriptor '/home/armrs/drone_racing_ros2_ws/install/tello_driver/share/tello_driver/hook/cmake_prefix_path.dsv'
[1.561s] INFO:colcon.colcon_core.shell:Creating environment hook '/home/armrs/drone_racing_ros2_ws/install/tello_driver/share/tello_driver/hook/cmake_prefix_path.sh'
[1.562s] Level 1:colcon.colcon_core.environment:checking '/home/armrs/drone_racing_ros2_ws/install/tello_driver/lib'
[1.562s] Level 1:colcon.colcon_core.shell:create_environment_hook('tello_driver', 'ld_library_path_lib')
[1.562s] INFO:colcon.colcon_core.shell:Creating environment hook '/home/armrs/drone_racing_ros2_ws/install/tello_driver/share/tello_driver/hook/ld_library_path_lib.ps1'
[1.563s] INFO:colcon.colcon_core.shell:Creating environment descriptor '/home/armrs/drone_racing_ros2_ws/install/tello_driver/share/tello_driver/hook/ld_library_path_lib.dsv'
[1.563s] INFO:colcon.colcon_core.shell:Creating environment hook '/home/armrs/drone_racing_ros2_ws/install/tello_driver/share/tello_driver/hook/ld_library_path_lib.sh'
[1.564s] Level 1:colcon.colcon_core.environment:checking '/home/armrs/drone_racing_ros2_ws/install/tello_driver/bin'
[1.564s] Level 1:colcon.colcon_core.environment:checking '/home/armrs/drone_racing_ros2_ws/install/tello_driver/lib/pkgconfig/tello_driver.pc'
[1.564s] Level 1:colcon.colcon_core.environment:checking '/home/armrs/drone_racing_ros2_ws/install/tello_driver/lib/python3.8/site-packages'
[1.564s] Level 1:colcon.colcon_core.environment:checking '/home/armrs/drone_racing_ros2_ws/install/tello_driver/bin'
[1.565s] INFO:colcon.colcon_core.shell:Creating package script '/home/armrs/drone_racing_ros2_ws/install/tello_driver/share/tello_driver/package.ps1'
[1.565s] INFO:colcon.colcon_core.shell:Creating package descriptor '/home/armrs/drone_racing_ros2_ws/install/tello_driver/share/tello_driver/package.dsv'
[1.566s] INFO:colcon.colcon_core.shell:Creating package script '/home/armrs/drone_racing_ros2_ws/install/tello_driver/share/tello_driver/package.sh'
[1.566s] INFO:colcon.colcon_core.shell:Creating package script '/home/armrs/drone_racing_ros2_ws/install/tello_driver/share/tello_driver/package.bash'
[1.567s] INFO:colcon.colcon_core.shell:Creating package script '/home/armrs/drone_racing_ros2_ws/install/tello_driver/share/tello_driver/package.zsh'
[1.567s] Level 1:colcon.colcon_core.environment:create_file_with_runtime_dependencies(/home/armrs/drone_racing_ros2_ws/install/tello_driver/share/colcon-core/packages/tello_driver)
[1.568s] DEBUG:colcon.colcon_parallel_executor.executor.parallel:closing loop
[1.568s] DEBUG:colcon.colcon_parallel_executor.executor.parallel:loop closed
[1.568s] DEBUG:colcon.colcon_parallel_executor.executor.parallel:run_until_complete finished with '0'
[1.568s] DEBUG:colcon.colcon_core.event_reactor:joining thread
[1.576s] INFO:colcon.colcon_core.plugin_system:Skipping extension 'colcon_notification.desktop_notification.terminal_notifier': Not used on non-Darwin systems
[1.576s] INFO:colcon.colcon_core.plugin_system:Skipping extension 'colcon_notification.desktop_notification.win32': Not used on non-Windows systems
[1.576s] INFO:colcon.colcon_notification.desktop_notification:Sending desktop notification using 'notify2'
[1.594s] DEBUG:colcon.colcon_core.event_reactor:joined thread
[1.594s] INFO:colcon.colcon_core.shell:Creating prefix script '/home/armrs/drone_racing_ros2_ws/install/local_setup.ps1'
[1.595s] INFO:colcon.colcon_core.shell:Creating prefix util module '/home/armrs/drone_racing_ros2_ws/install/_local_setup_util_ps1.py'
[1.597s] INFO:colcon.colcon_core.shell:Creating prefix chain script '/home/armrs/drone_racing_ros2_ws/install/setup.ps1'
[1.598s] INFO:colcon.colcon_core.shell:Creating prefix script '/home/armrs/drone_racing_ros2_ws/install/local_setup.sh'
[1.599s] INFO:colcon.colcon_core.shell:Creating prefix util module '/home/armrs/drone_racing_ros2_ws/install/_local_setup_util_sh.py'
[1.600s] INFO:colcon.colcon_core.shell:Creating prefix chain script '/home/armrs/drone_racing_ros2_ws/install/setup.sh'
[1.601s] INFO:colcon.colcon_core.shell:Creating prefix script '/home/armrs/drone_racing_ros2_ws/install/local_setup.bash'
[1.602s] INFO:colcon.colcon_core.shell:Creating prefix chain script '/home/armrs/drone_racing_ros2_ws/install/setup.bash'
[1.603s] INFO:colcon.colcon_core.shell:Creating prefix script '/home/armrs/drone_racing_ros2_ws/install/local_setup.zsh'
[1.604s] INFO:colcon.colcon_core.shell:Creating prefix chain script '/home/armrs/drone_racing_ros2_ws/install/setup.zsh'
