running egg_info
writing build/tello_comm/tello_comm.egg-info/PKG-INFO
writing dependency_links to build/tello_comm/tello_comm.egg-info/dependency_links.txt
writing entry points to build/tello_comm/tello_comm.egg-info/entry_points.txt
writing requirements to build/tello_comm/tello_comm.egg-info/requires.txt
writing top-level names to build/tello_comm/tello_comm.egg-info/top_level.txt
reading manifest file 'build/tello_comm/tello_comm.egg-info/SOURCES.txt'
writing manifest file 'build/tello_comm/tello_comm.egg-info/SOURCES.txt'
running build
running build_py
copying tello_comm/leader_cmd_pub.py -> /home/ayesha/Documents/OpenProj/aerial-drones/src/drone_racing_ros2/tello_ros/tello_comm/build/tello_comm/build/lib/tello_comm
copying tello_comm/follower_cmd_listener.py -> /home/ayesha/Documents/OpenProj/aerial-drones/src/drone_racing_ros2/tello_ros/tello_comm/build/tello_comm/build/lib/tello_comm
running install
running install_lib
copying /home/ayesha/Documents/OpenProj/aerial-drones/src/drone_racing_ros2/tello_ros/tello_comm/build/tello_comm/build/lib/tello_comm/leader_cmd_pub.py -> /home/ayesha/Documents/OpenProj/aerial-drones/src/drone_racing_ros2/tello_ros/tello_comm/install/tello_comm/lib/python3.8/site-packages/tello_comm
copying /home/ayesha/Documents/OpenProj/aerial-drones/src/drone_racing_ros2/tello_ros/tello_comm/build/tello_comm/build/lib/tello_comm/follower_cmd_listener.py -> /home/ayesha/Documents/OpenProj/aerial-drones/src/drone_racing_ros2/tello_ros/tello_comm/install/tello_comm/lib/python3.8/site-packages/tello_comm
byte-compiling /home/ayesha/Documents/OpenProj/aerial-drones/src/drone_racing_ros2/tello_ros/tello_comm/install/tello_comm/lib/python3.8/site-packages/tello_comm/leader_cmd_pub.py to leader_cmd_pub.cpython-38.pyc
byte-compiling /home/ayesha/Documents/OpenProj/aerial-drones/src/drone_racing_ros2/tello_ros/tello_comm/install/tello_comm/lib/python3.8/site-packages/tello_comm/follower_cmd_listener.py to follower_cmd_listener.cpython-38.pyc
running install_data
running install_egg_info
removing '/home/ayesha/Documents/OpenProj/aerial-drones/src/drone_racing_ros2/tello_ros/tello_comm/install/tello_comm/lib/python3.8/site-packages/tello_comm-0.0.0-py3.8.egg-info' (and everything under it)
Copying build/tello_comm/tello_comm.egg-info to /home/ayesha/Documents/OpenProj/aerial-drones/src/drone_racing_ros2/tello_ros/tello_comm/install/tello_comm/lib/python3.8/site-packages/tello_comm-0.0.0-py3.8.egg-info
running install_scripts
Installing follower_cmd_listener script to /home/ayesha/Documents/OpenProj/aerial-drones/src/drone_racing_ros2/tello_ros/tello_comm/install/tello_comm/lib/tello_comm
Installing leader_cmd_pub script to /home/ayesha/Documents/OpenProj/aerial-drones/src/drone_racing_ros2/tello_ros/tello_comm/install/tello_comm/lib/tello_comm
writing list of installed files to '/home/ayesha/Documents/OpenProj/aerial-drones/src/drone_racing_ros2/tello_ros/tello_comm/build/tello_comm/install.log'
