[0.026s] Invoking command in '/home/armrs/drone_racing_ros2_ws/build/tello_gazebo': AMENT_PREFIX_PATH=/home/armrs/drone_racing_ros2_ws/install/tello_msgs:${AMENT_PREFIX_PATH} CMAKE_PREFIX_PATH=/home/armrs/drone_racing_ros2_ws/install/tello_msgs:/opt/ros/galactic LD_LIBRARY_PATH=/home/armrs/drone_racing_ros2_ws/install/tello_msgs/lib:${LD_LIBRARY_PATH} PYTHONPATH=/home/armrs/drone_racing_ros2_ws/install/tello_msgs/lib/python3.8/site-packages:${PYTHONPATH} /usr/bin/cmake --build /home/armrs/drone_racing_ros2_ws/build/tello_gazebo -- -j4 -l4
[0.230s] [100%] Built target TelloPlugin
[0.245s] Invoked command in '/home/armrs/drone_racing_ros2_ws/build/tello_gazebo' returned '0': AMENT_PREFIX_PATH=/home/armrs/drone_racing_ros2_ws/install/tello_msgs:${AMENT_PREFIX_PATH} CMAKE_PREFIX_PATH=/home/armrs/drone_racing_ros2_ws/install/tello_msgs:/opt/ros/galactic LD_LIBRARY_PATH=/home/armrs/drone_racing_ros2_ws/install/tello_msgs/lib:${LD_LIBRARY_PATH} PYTHONPATH=/home/armrs/drone_racing_ros2_ws/install/tello_msgs/lib/python3.8/site-packages:${PYTHONPATH} /usr/bin/cmake --build /home/armrs/drone_racing_ros2_ws/build/tello_gazebo -- -j4 -l4
[0.251s] Invoking command in '/home/armrs/drone_racing_ros2_ws/build/tello_gazebo': AMENT_PREFIX_PATH=/home/armrs/drone_racing_ros2_ws/install/tello_msgs:${AMENT_PREFIX_PATH} CMAKE_PREFIX_PATH=/home/armrs/drone_racing_ros2_ws/install/tello_msgs:/opt/ros/galactic LD_LIBRARY_PATH=/home/armrs/drone_racing_ros2_ws/install/tello_msgs/lib:${LD_LIBRARY_PATH} PYTHONPATH=/home/armrs/drone_racing_ros2_ws/install/tello_msgs/lib/python3.8/site-packages:${PYTHONPATH} /usr/bin/cmake --install /home/armrs/drone_racing_ros2_ws/build/tello_gazebo
[0.262s] -- Install configuration: ""
[0.264s] -- Up-to-date: /home/armrs/drone_racing_ros2_ws/install/tello_gazebo/lib/libTelloPlugin.so
[0.264s] -- Up-to-date: /home/armrs/drone_racing_ros2_ws/install/tello_gazebo/share/tello_gazebo/models
[0.264s] -- Up-to-date: /home/armrs/drone_racing_ros2_ws/install/tello_gazebo/share/tello_gazebo/models/square_gate_blue
[0.265s] -- Up-to-date: /home/armrs/drone_racing_ros2_ws/install/tello_gazebo/share/tello_gazebo/models/square_gate_blue/square_gate.dae
[0.265s] -- Up-to-date: /home/armrs/drone_racing_ros2_ws/install/tello_gazebo/share/tello_gazebo/models/square_gate_blue/model.config
[0.266s] -- Up-to-date: /home/armrs/drone_racing_ros2_ws/install/tello_gazebo/share/tello_gazebo/models/square_gate_blue/model.sdf
[0.266s] -- Up-to-date: /home/armrs/drone_racing_ros2_ws/install/tello_gazebo/share/tello_gazebo/models/square_gate_green_tall
[0.267s] -- Up-to-date: /home/armrs/drone_racing_ros2_ws/install/tello_gazebo/share/tello_gazebo/models/square_gate_green_tall/model.config
[0.267s] -- Up-to-date: /home/armrs/drone_racing_ros2_ws/install/tello_gazebo/share/tello_gazebo/models/square_gate_green_tall/model.sdf
[0.268s] -- Up-to-date: /home/armrs/drone_racing_ros2_ws/install/tello_gazebo/share/tello_gazebo/models/square_gate_green_tall/square_gate_tall.dae
[0.269s] -- Up-to-date: /home/armrs/drone_racing_ros2_ws/install/tello_gazebo/share/tello_gazebo/models/euro_pallet
[0.270s] -- Up-to-date: /home/armrs/drone_racing_ros2_ws/install/tello_gazebo/share/tello_gazebo/models/euro_pallet/meshes
[0.271s] -- Up-to-date: /home/armrs/drone_racing_ros2_ws/install/tello_gazebo/share/tello_gazebo/models/euro_pallet/meshes/pallet.dae
[0.271s] -- Up-to-date: /home/armrs/drone_racing_ros2_ws/install/tello_gazebo/share/tello_gazebo/models/euro_pallet/model.config
[0.272s] -- Up-to-date: /home/armrs/drone_racing_ros2_ws/install/tello_gazebo/share/tello_gazebo/models/euro_pallet/model.sdf
[0.273s] -- Up-to-date: /home/armrs/drone_racing_ros2_ws/install/tello_gazebo/share/tello_gazebo/models/square_gate_green_short
[0.273s] -- Up-to-date: /home/armrs/drone_racing_ros2_ws/install/tello_gazebo/share/tello_gazebo/models/square_gate_green_short/square_gate_short.dae
[0.273s] -- Up-to-date: /home/armrs/drone_racing_ros2_ws/install/tello_gazebo/share/tello_gazebo/models/square_gate_green_short/model.config
[0.274s] -- Up-to-date: /home/armrs/drone_racing_ros2_ws/install/tello_gazebo/share/tello_gazebo/models/square_gate_green_short/model.sdf
[0.274s] -- Up-to-date: /home/armrs/drone_racing_ros2_ws/install/tello_gazebo/share/tello_gazebo/models/circle_gate_blue
[0.275s] -- Up-to-date: /home/armrs/drone_racing_ros2_ws/install/tello_gazebo/share/tello_gazebo/models/circle_gate_blue/circle_gate.dae
[0.275s] -- Up-to-date: /home/armrs/drone_racing_ros2_ws/install/tello_gazebo/share/tello_gazebo/models/circle_gate_blue/model.config
[0.276s] -- Up-to-date: /home/armrs/drone_racing_ros2_ws/install/tello_gazebo/share/tello_gazebo/models/circle_gate_blue/model.sdf
[0.276s] -- Up-to-date: /home/armrs/drone_racing_ros2_ws/install/tello_gazebo/share/tello_gazebo/models/circle_gate_green
[0.277s] -- Up-to-date: /home/armrs/drone_racing_ros2_ws/install/tello_gazebo/share/tello_gazebo/models/circle_gate_green/circle_gate.dae
[0.277s] -- Up-to-date: /home/armrs/drone_racing_ros2_ws/install/tello_gazebo/share/tello_gazebo/models/circle_gate_green/model.config
[0.278s] -- Up-to-date: /home/armrs/drone_racing_ros2_ws/install/tello_gazebo/share/tello_gazebo/models/circle_gate_green/model.sdf
[0.278s] -- Up-to-date: /home/armrs/drone_racing_ros2_ws/install/tello_gazebo/share/tello_gazebo/models/stop_sign
[0.278s] -- Up-to-date: /home/armrs/drone_racing_ros2_ws/install/tello_gazebo/share/tello_gazebo/models/stop_sign/meshes
[0.278s] -- Up-to-date: /home/armrs/drone_racing_ros2_ws/install/tello_gazebo/share/tello_gazebo/models/stop_sign/meshes/stop_sign.dae
[0.278s] -- Up-to-date: /home/armrs/drone_racing_ros2_ws/install/tello_gazebo/share/tello_gazebo/models/stop_sign/model-1_3.sdf
[0.279s] -- Up-to-date: /home/armrs/drone_racing_ros2_ws/install/tello_gazebo/share/tello_gazebo/models/stop_sign/materials
[0.280s] -- Up-to-date: /home/armrs/drone_racing_ros2_ws/install/tello_gazebo/share/tello_gazebo/models/stop_sign/materials/scripts
[0.280s] -- Up-to-date: /home/armrs/drone_racing_ros2_ws/install/tello_gazebo/share/tello_gazebo/models/stop_sign/materials/scripts/stopsign.material
[0.280s] -- Up-to-date: /home/armrs/drone_racing_ros2_ws/install/tello_gazebo/share/tello_gazebo/models/stop_sign/materials/textures
[0.280s] -- Up-to-date: /home/armrs/drone_racing_ros2_ws/install/tello_gazebo/share/tello_gazebo/models/stop_sign/materials/textures/StopSign_Spec.png
[0.280s] -- Up-to-date: /home/armrs/drone_racing_ros2_ws/install/tello_gazebo/share/tello_gazebo/models/stop_sign/materials/textures/StopSign_Diffuse.png
[0.281s] -- Up-to-date: /home/armrs/drone_racing_ros2_ws/install/tello_gazebo/share/tello_gazebo/models/stop_sign/model.config
[0.281s] -- Up-to-date: /home/armrs/drone_racing_ros2_ws/install/tello_gazebo/share/tello_gazebo/models/stop_sign/model.sdf
[0.281s] -- Up-to-date: /home/armrs/drone_racing_ros2_ws/install/tello_gazebo/share/tello_gazebo/models/stop_sign/model-1_4.sdf
[0.281s] -- Up-to-date: /home/armrs/drone_racing_ros2_ws/install/tello_gazebo/share/tello_gazebo/models/circle_gate_green_short
[0.281s] -- Up-to-date: /home/armrs/drone_racing_ros2_ws/install/tello_gazebo/share/tello_gazebo/models/circle_gate_green_short/circle_gate_short.dae
[0.281s] -- Up-to-date: /home/armrs/drone_racing_ros2_ws/install/tello_gazebo/share/tello_gazebo/models/circle_gate_green_short/model.config
[0.281s] -- Up-to-date: /home/armrs/drone_racing_ros2_ws/install/tello_gazebo/share/tello_gazebo/models/circle_gate_green_short/model.sdf
[0.281s] -- Up-to-date: /home/armrs/drone_racing_ros2_ws/install/tello_gazebo/share/tello_gazebo/models/square_gate_red
[0.281s] -- Up-to-date: /home/armrs/drone_racing_ros2_ws/install/tello_gazebo/share/tello_gazebo/models/square_gate_red/square_gate.dae
[0.282s] -- Up-to-date: /home/armrs/drone_racing_ros2_ws/install/tello_gazebo/share/tello_gazebo/models/square_gate_red/model.config
[0.282s] -- Up-to-date: /home/armrs/drone_racing_ros2_ws/install/tello_gazebo/share/tello_gazebo/models/square_gate_red/model.sdf
[0.282s] -- Up-to-date: /home/armrs/drone_racing_ros2_ws/install/tello_gazebo/share/tello_gazebo/models/circle_gate_green_tall
[0.282s] -- Up-to-date: /home/armrs/drone_racing_ros2_ws/install/tello_gazebo/share/tello_gazebo/models/circle_gate_green_tall/circle_gate_tall.dae
[0.283s] -- Up-to-date: /home/armrs/drone_racing_ros2_ws/install/tello_gazebo/share/tello_gazebo/models/circle_gate_green_tall/model.config
[0.283s] -- Up-to-date: /home/armrs/drone_racing_ros2_ws/install/tello_gazebo/share/tello_gazebo/models/circle_gate_green_tall/model.sdf
[0.283s] -- Up-to-date: /home/armrs/drone_racing_ros2_ws/install/tello_gazebo/share/tello_gazebo/models/asphalt_plane
[0.283s] -- Up-to-date: /home/armrs/drone_racing_ros2_ws/install/tello_gazebo/share/tello_gazebo/models/asphalt_plane/materials
[0.284s] -- Up-to-date: /home/armrs/drone_racing_ros2_ws/install/tello_gazebo/share/tello_gazebo/models/asphalt_plane/materials/scripts
[0.284s] -- Up-to-date: /home/armrs/drone_racing_ros2_ws/install/tello_gazebo/share/tello_gazebo/models/asphalt_plane/materials/scripts/asphalt.material
[0.284s] -- Up-to-date: /home/armrs/drone_racing_ros2_ws/install/tello_gazebo/share/tello_gazebo/models/asphalt_plane/materials/textures
[0.284s] -- Up-to-date: /home/armrs/drone_racing_ros2_ws/install/tello_gazebo/share/tello_gazebo/models/asphalt_plane/materials/textures/tarmac.png
[0.285s] -- Up-to-date: /home/armrs/drone_racing_ros2_ws/install/tello_gazebo/share/tello_gazebo/models/asphalt_plane/model.config
[0.285s] -- Up-to-date: /home/armrs/drone_racing_ros2_ws/install/tello_gazebo/share/tello_gazebo/models/asphalt_plane/model.sdf
[0.285s] -- Up-to-date: /home/armrs/drone_racing_ros2_ws/install/tello_gazebo/share/tello_gazebo/models/asphalt_plane/model-1_4.sdf
[0.285s] -- Up-to-date: /home/armrs/drone_racing_ros2_ws/install/tello_gazebo/share/tello_gazebo/models/square_gate_green
[0.286s] -- Up-to-date: /home/armrs/drone_racing_ros2_ws/install/tello_gazebo/share/tello_gazebo/models/square_gate_green/square_gate.dae
[0.286s] -- Up-to-date: /home/armrs/drone_racing_ros2_ws/install/tello_gazebo/share/tello_gazebo/models/square_gate_green/model.config
[0.286s] -- Up-to-date: /home/armrs/drone_racing_ros2_ws/install/tello_gazebo/share/tello_gazebo/models/square_gate_green/model.sdf
[0.286s] -- Up-to-date: /home/armrs/drone_racing_ros2_ws/install/tello_gazebo/share/tello_gazebo/models/circle_gate_red
[0.286s] -- Up-to-date: /home/armrs/drone_racing_ros2_ws/install/tello_gazebo/share/tello_gazebo/models/circle_gate_red/circle_gate.dae
[0.286s] -- Up-to-date: /home/armrs/drone_racing_ros2_ws/install/tello_gazebo/share/tello_gazebo/models/circle_gate_red/model.config
[0.286s] -- Up-to-date: /home/armrs/drone_racing_ros2_ws/install/tello_gazebo/share/tello_gazebo/models/circle_gate_red/model.sdf
[0.287s] -- Up-to-date: /home/armrs/drone_racing_ros2_ws/install/tello_gazebo/share/tello_gazebo/worlds
[0.287s] -- Up-to-date: /home/armrs/drone_racing_ros2_ws/install/tello_gazebo/share/tello_gazebo/worlds/simple.world
[0.287s] -- Up-to-date: /home/armrs/drone_racing_ros2_ws/install/tello_gazebo/share/tello_gazebo/worlds/demo_track.world
[0.287s] -- Up-to-date: /home/armrs/drone_racing_ros2_ws/install/tello_gazebo/share/tello_gazebo/launch
[0.288s] -- Up-to-date: /home/armrs/drone_racing_ros2_ws/install/tello_gazebo/share/tello_gazebo/launch/simple_launch.py
[0.288s] -- Up-to-date: /home/armrs/drone_racing_ros2_ws/install/tello_gazebo/share/tello_gazebo/launch/__pycache__
[0.289s] -- Up-to-date: /home/armrs/drone_racing_ros2_ws/install/tello_gazebo/share/tello_gazebo/launch/__pycache__/vlam_launch.cpython-38.pyc
[0.290s] -- Up-to-date: /home/armrs/drone_racing_ros2_ws/install/tello_gazebo/share/tello_gazebo/launch/demo_track_launch.py
[0.291s] -- Up-to-date: /home/armrs/drone_racing_ros2_ws/install/tello_gazebo/lib/tello_gazebo/inject_entity.py
[0.291s] -- Up-to-date: /home/armrs/drone_racing_ros2_ws/install/tello_gazebo/share/ament_index/resource_index/package_run_dependencies/tello_gazebo
[0.291s] -- Up-to-date: /home/armrs/drone_racing_ros2_ws/install/tello_gazebo/share/ament_index/resource_index/parent_prefix_path/tello_gazebo
[0.292s] -- Up-to-date: /home/armrs/drone_racing_ros2_ws/install/tello_gazebo/share/tello_gazebo/environment/ament_prefix_path.sh
[0.292s] -- Up-to-date: /home/armrs/drone_racing_ros2_ws/install/tello_gazebo/share/tello_gazebo/environment/ament_prefix_path.dsv
[0.292s] -- Up-to-date: /home/armrs/drone_racing_ros2_ws/install/tello_gazebo/share/tello_gazebo/environment/path.sh
[0.292s] -- Up-to-date: /home/armrs/drone_racing_ros2_ws/install/tello_gazebo/share/tello_gazebo/environment/path.dsv
[0.292s] -- Up-to-date: /home/armrs/drone_racing_ros2_ws/install/tello_gazebo/share/tello_gazebo/local_setup.bash
[0.293s] -- Up-to-date: /home/armrs/drone_racing_ros2_ws/install/tello_gazebo/share/tello_gazebo/local_setup.sh
[0.293s] -- Up-to-date: /home/armrs/drone_racing_ros2_ws/install/tello_gazebo/share/tello_gazebo/local_setup.zsh
[0.293s] -- Up-to-date: /home/armrs/drone_racing_ros2_ws/install/tello_gazebo/share/tello_gazebo/local_setup.dsv
[0.293s] -- Installing: /home/armrs/drone_racing_ros2_ws/install/tello_gazebo/share/tello_gazebo/package.dsv
[0.293s] -- Up-to-date: /home/armrs/drone_racing_ros2_ws/install/tello_gazebo/share/ament_index/resource_index/packages/tello_gazebo
[0.294s] -- Up-to-date: /home/armrs/drone_racing_ros2_ws/install/tello_gazebo/share/tello_gazebo/cmake/tello_gazeboConfig.cmake
[0.294s] -- Up-to-date: /home/armrs/drone_racing_ros2_ws/install/tello_gazebo/share/tello_gazebo/cmake/tello_gazeboConfig-version.cmake
[0.294s] -- Up-to-date: /home/armrs/drone_racing_ros2_ws/install/tello_gazebo/share/tello_gazebo/package.xml
[0.297s] Invoked command in '/home/armrs/drone_racing_ros2_ws/build/tello_gazebo' returned '0': AMENT_PREFIX_PATH=/home/armrs/drone_racing_ros2_ws/install/tello_msgs:${AMENT_PREFIX_PATH} CMAKE_PREFIX_PATH=/home/armrs/drone_racing_ros2_ws/install/tello_msgs:/opt/ros/galactic LD_LIBRARY_PATH=/home/armrs/drone_racing_ros2_ws/install/tello_msgs/lib:${LD_LIBRARY_PATH} PYTHONPATH=/home/armrs/drone_racing_ros2_ws/install/tello_msgs/lib/python3.8/site-packages:${PYTHONPATH} /usr/bin/cmake --install /home/armrs/drone_racing_ros2_ws/build/tello_gazebo
