[0.046s] Invoking command in '/home/armrs/drone_racing_ros2_ws/build/tello_description': CMAKE_PREFIX_PATH=${CMAKE_PREFIX_PATH}:/opt/ros/galactic /usr/bin/cmake --build /home/armrs/drone_racing_ros2_ws/build/tello_description -- -j4 -l4
[0.174s] [ 11%] [34m[1mGenerate /home/armrs/drone_racing_ros2_ws/build/tello_description/urdf/tello.urdf[0m
[0.186s] [ 22%] [34m[1mGenerate /home/armrs/drone_racing_ros2_ws/build/tello_description/urdf/tello_6.urdf[0m
[0.190s] [ 33%] [34m[1mGenerate /home/armrs/drone_racing_ros2_ws/build/tello_description/urdf/tello_1.urdf[0m
[0.201s] [ 44%] [34m[1mGenerate /home/armrs/drone_racing_ros2_ws/build/tello_description/urdf/tello_3.urdf[0m
[0.286s] [ 44%] Built target generate_urdf_1
[0.322s] [ 44%] Built target generate_urdf_6
[0.333s] [ 44%] Built target generate_urdf
[0.343s] [ 44%] Built target generate_urdf_3
[0.370s] [ 55%] [34m[1mGenerate /home/armrs/drone_racing_ros2_ws/build/tello_description/urdf/tello_8.urdf[0m
[0.387s] [ 66%] [34m[1mGenerate /home/armrs/drone_racing_ros2_ws/build/tello_description/urdf/tello_7.urdf[0m
[0.411s] [ 77%] [34m[1mGenerate /home/armrs/drone_racing_ros2_ws/build/tello_description/urdf/tello_4.urdf[0m
[0.422s] [ 88%] [34m[1mGenerate /home/armrs/drone_racing_ros2_ws/build/tello_description/urdf/tello_5.urdf[0m
[0.453s] [ 88%] Built target generate_urdf_8
[0.491s] [ 88%] Built target generate_urdf_7
[0.496s] [100%] [34m[1mGenerate /home/armrs/drone_racing_ros2_ws/build/tello_description/urdf/tello_2.urdf[0m
[0.496s] [100%] Built target generate_urdf_4
[0.528s] [100%] Built target generate_urdf_5
[0.547s] [100%] Built target generate_urdf_2
[0.570s] Invoked command in '/home/armrs/drone_racing_ros2_ws/build/tello_description' returned '0': CMAKE_PREFIX_PATH=${CMAKE_PREFIX_PATH}:/opt/ros/galactic /usr/bin/cmake --build /home/armrs/drone_racing_ros2_ws/build/tello_description -- -j4 -l4
[0.571s] Invoking command in '/home/armrs/drone_racing_ros2_ws/build/tello_description': CMAKE_PREFIX_PATH=${CMAKE_PREFIX_PATH}:/opt/ros/galactic /usr/bin/cmake --install /home/armrs/drone_racing_ros2_ws/build/tello_description
[0.596s] -- Install configuration: ""
[0.596s] -- Up-to-date: /home/armrs/drone_racing_ros2_ws/install/tello_description/share/tello_description/urdf
[0.596s] -- Installing: /home/armrs/drone_racing_ros2_ws/install/tello_description/share/tello_description/urdf/tello_7.urdf
[0.596s] -- Installing: /home/armrs/drone_racing_ros2_ws/install/tello_description/share/tello_description/urdf/tello.urdf
[0.597s] -- Installing: /home/armrs/drone_racing_ros2_ws/install/tello_description/share/tello_description/urdf/tello_2.urdf
[0.597s] -- Installing: /home/armrs/drone_racing_ros2_ws/install/tello_description/share/tello_description/urdf/tello_3.urdf
[0.597s] -- Installing: /home/armrs/drone_racing_ros2_ws/install/tello_description/share/tello_description/urdf/tello_6.urdf
[0.597s] -- Installing: /home/armrs/drone_racing_ros2_ws/install/tello_description/share/tello_description/urdf/tello_1.urdf
[0.598s] -- Installing: /home/armrs/drone_racing_ros2_ws/install/tello_description/share/tello_description/urdf/tello_5.urdf
[0.598s] -- Installing: /home/armrs/drone_racing_ros2_ws/install/tello_description/share/tello_description/urdf/tello_8.urdf
[0.599s] -- Installing: /home/armrs/drone_racing_ros2_ws/install/tello_description/share/tello_description/urdf/tello_4.urdf
[0.600s] -- Up-to-date: /home/armrs/drone_racing_ros2_ws/install/tello_description/share/ament_index/resource_index/package_run_dependencies/tello_description
[0.601s] -- Up-to-date: /home/armrs/drone_racing_ros2_ws/install/tello_description/share/ament_index/resource_index/parent_prefix_path/tello_description
[0.601s] -- Up-to-date: /home/armrs/drone_racing_ros2_ws/install/tello_description/share/tello_description/environment/ament_prefix_path.sh
[0.602s] -- Up-to-date: /home/armrs/drone_racing_ros2_ws/install/tello_description/share/tello_description/environment/ament_prefix_path.dsv
[0.602s] -- Up-to-date: /home/armrs/drone_racing_ros2_ws/install/tello_description/share/tello_description/environment/path.sh
[0.603s] -- Up-to-date: /home/armrs/drone_racing_ros2_ws/install/tello_description/share/tello_description/environment/path.dsv
[0.603s] -- Up-to-date: /home/armrs/drone_racing_ros2_ws/install/tello_description/share/tello_description/local_setup.bash
[0.603s] -- Up-to-date: /home/armrs/drone_racing_ros2_ws/install/tello_description/share/tello_description/local_setup.sh
[0.604s] -- Up-to-date: /home/armrs/drone_racing_ros2_ws/install/tello_description/share/tello_description/local_setup.zsh
[0.604s] -- Up-to-date: /home/armrs/drone_racing_ros2_ws/install/tello_description/share/tello_description/local_setup.dsv
[0.605s] -- Installing: /home/armrs/drone_racing_ros2_ws/install/tello_description/share/tello_description/package.dsv
[0.605s] -- Up-to-date: /home/armrs/drone_racing_ros2_ws/install/tello_description/share/ament_index/resource_index/packages/tello_description
[0.606s] -- Up-to-date: /home/armrs/drone_racing_ros2_ws/install/tello_description/share/tello_description/cmake/tello_descriptionConfig.cmake
[0.606s] -- Up-to-date: /home/armrs/drone_racing_ros2_ws/install/tello_description/share/tello_description/cmake/tello_descriptionConfig-version.cmake
[0.607s] -- Up-to-date: /home/armrs/drone_racing_ros2_ws/install/tello_description/share/tello_description/package.xml
[0.613s] Invoked command in '/home/armrs/drone_racing_ros2_ws/build/tello_description' returned '0': CMAKE_PREFIX_PATH=${CMAKE_PREFIX_PATH}:/opt/ros/galactic /usr/bin/cmake --install /home/armrs/drone_racing_ros2_ws/build/tello_description
