[0.239s] DEBUG:colcon:Command line arguments: ['/usr/bin/colcon', 'build']
[0.239s] DEBUG:colcon:Parsed command line arguments: Namespace(allow_overriding=[], ament_cmake_args=None, base_paths=['.'], build_base='build', catkin_cmake_args=None, catkin_skip_building_tests=False, cmake_args=None, cmake_clean_cache=False, cmake_clean_first=False, cmake_force_configure=False, cmake_target=None, cmake_target_skip_unavailable=False, continue_on_error=False, event_handlers=None, executor='parallel', ignore_user_meta=False, install_base='install', log_base=None, log_level=None, main=<bound method BuildVerb.main of <colcon_core.verb.build.BuildVerb object at 0x7f739bb410d0>>, merge_install=False, metas=['./colcon.meta'], mixin=None, mixin_files=None, mixin_verb=('build',), packages_above=None, packages_above_and_dependencies=None, packages_above_depth=None, packages_end=None, packages_ignore=None, packages_ignore_regex=None, packages_select=None, packages_select_build_failed=False, packages_select_by_dep=None, packages_select_regex=None, packages_select_test_failures=False, packages_skip=None, packages_skip_build_finished=False, packages_skip_by_dep=None, packages_skip_regex=None, packages_skip_test_passed=False, packages_skip_up_to=None, packages_start=None, packages_up_to=None, packages_up_to_regex=None, parallel_workers=4, paths=None, symlink_install=False, test_result_base=None, verb_extension=<colcon_core.verb.build.BuildVerb object at 0x7f739bb410d0>, verb_name='build', verb_parser=<colcon_mixin.mixin.mixin_argument.MixinArgumentDecorator object at 0x7f739bb41bb0>)
[0.425s] Level 1:colcon.colcon_core.package_discovery:discover_packages(colcon_meta) check parameters
[0.425s] Level 1:colcon.colcon_core.package_discovery:discover_packages(recursive) check parameters
[0.425s] Level 1:colcon.colcon_core.package_discovery:discover_packages(ignore) check parameters
[0.425s] Level 1:colcon.colcon_core.package_discovery:discover_packages(path) check parameters
[0.425s] Level 1:colcon.colcon_core.package_discovery:discover_packages(colcon_meta) discover
[0.425s] Level 1:colcon.colcon_core.package_discovery:discover_packages(recursive) discover
[0.425s] INFO:colcon.colcon_core.package_discovery:Crawling recursively for packages in '/home/armrs/drone_racing_ros2_ws'
[0.425s] Level 1:colcon.colcon_core.package_identification:_identify(.) by extensions ['ignore', 'ignore_ament_install']
[0.425s] Level 1:colcon.colcon_core.package_identification:_identify(.) by extension 'ignore'
[0.425s] Level 1:colcon.colcon_core.package_identification:_identify(.) by extension 'ignore_ament_install'
[0.426s] Level 1:colcon.colcon_core.package_identification:_identify(.) by extensions ['colcon_pkg']
[0.426s] Level 1:colcon.colcon_core.package_identification:_identify(.) by extension 'colcon_pkg'
[0.426s] Level 1:colcon.colcon_core.package_identification:_identify(.) by extensions ['colcon_meta']
[0.426s] Level 1:colcon.colcon_core.package_identification:_identify(.) by extension 'colcon_meta'
[0.426s] Level 1:colcon.colcon_core.package_identification:_identify(.) by extensions ['ros']
[0.426s] Level 1:colcon.colcon_core.package_identification:_identify(.) by extension 'ros'
[0.439s] Level 1:colcon.colcon_core.package_identification:_identify(.) by extensions ['cmake', 'python']
[0.439s] Level 1:colcon.colcon_core.package_identification:_identify(.) by extension 'cmake'
[0.439s] Level 1:colcon.colcon_core.package_identification:_identify(.) by extension 'python'
[0.439s] Level 1:colcon.colcon_core.package_identification:_identify(.) by extensions ['python_setup_py']
[0.439s] Level 1:colcon.colcon_core.package_identification:_identify(.) by extension 'python_setup_py'
[0.439s] Level 1:colcon.colcon_core.package_identification:_identify(build) by extensions ['ignore', 'ignore_ament_install']
[0.439s] Level 1:colcon.colcon_core.package_identification:_identify(build) by extension 'ignore'
[0.440s] Level 1:colcon.colcon_core.package_identification:_identify(build) ignored
[0.440s] Level 1:colcon.colcon_core.package_identification:_identify(install) by extensions ['ignore', 'ignore_ament_install']
[0.440s] Level 1:colcon.colcon_core.package_identification:_identify(install) by extension 'ignore'
[0.440s] Level 1:colcon.colcon_core.package_identification:_identify(install) ignored
[0.440s] Level 1:colcon.colcon_core.package_identification:_identify(log) by extensions ['ignore', 'ignore_ament_install']
[0.440s] Level 1:colcon.colcon_core.package_identification:_identify(log) by extension 'ignore'
[0.440s] Level 1:colcon.colcon_core.package_identification:_identify(log) ignored
[0.440s] Level 1:colcon.colcon_core.package_identification:_identify(src) by extensions ['ignore', 'ignore_ament_install']
[0.440s] Level 1:colcon.colcon_core.package_identification:_identify(src) by extension 'ignore'
[0.440s] Level 1:colcon.colcon_core.package_identification:_identify(src) by extension 'ignore_ament_install'
[0.440s] Level 1:colcon.colcon_core.package_identification:_identify(src) by extensions ['colcon_pkg']
[0.440s] Level 1:colcon.colcon_core.package_identification:_identify(src) by extension 'colcon_pkg'
[0.441s] Level 1:colcon.colcon_core.package_identification:_identify(src) by extensions ['colcon_meta']
[0.441s] Level 1:colcon.colcon_core.package_identification:_identify(src) by extension 'colcon_meta'
[0.441s] Level 1:colcon.colcon_core.package_identification:_identify(src) by extensions ['ros']
[0.441s] Level 1:colcon.colcon_core.package_identification:_identify(src) by extension 'ros'
[0.441s] Level 1:colcon.colcon_core.package_identification:_identify(src) by extensions ['cmake', 'python']
[0.441s] Level 1:colcon.colcon_core.package_identification:_identify(src) by extension 'cmake'
[0.441s] Level 1:colcon.colcon_core.package_identification:_identify(src) by extension 'python'
[0.441s] Level 1:colcon.colcon_core.package_identification:_identify(src) by extensions ['python_setup_py']
[0.441s] Level 1:colcon.colcon_core.package_identification:_identify(src) by extension 'python_setup_py'
[0.441s] Level 1:colcon.colcon_core.package_identification:_identify(src/drone_racing_ros2) by extensions ['ignore', 'ignore_ament_install']
[0.441s] Level 1:colcon.colcon_core.package_identification:_identify(src/drone_racing_ros2) by extension 'ignore'
[0.441s] Level 1:colcon.colcon_core.package_identification:_identify(src/drone_racing_ros2) by extension 'ignore_ament_install'
[0.441s] Level 1:colcon.colcon_core.package_identification:_identify(src/drone_racing_ros2) by extensions ['colcon_pkg']
[0.441s] Level 1:colcon.colcon_core.package_identification:_identify(src/drone_racing_ros2) by extension 'colcon_pkg'
[0.441s] Level 1:colcon.colcon_core.package_identification:_identify(src/drone_racing_ros2) by extensions ['colcon_meta']
[0.441s] Level 1:colcon.colcon_core.package_identification:_identify(src/drone_racing_ros2) by extension 'colcon_meta'
[0.441s] Level 1:colcon.colcon_core.package_identification:_identify(src/drone_racing_ros2) by extensions ['ros']
[0.441s] Level 1:colcon.colcon_core.package_identification:_identify(src/drone_racing_ros2) by extension 'ros'
[0.441s] Level 1:colcon.colcon_core.package_identification:_identify(src/drone_racing_ros2) by extensions ['cmake', 'python']
[0.442s] Level 1:colcon.colcon_core.package_identification:_identify(src/drone_racing_ros2) by extension 'cmake'
[0.442s] Level 1:colcon.colcon_core.package_identification:_identify(src/drone_racing_ros2) by extension 'python'
[0.442s] Level 1:colcon.colcon_core.package_identification:_identify(src/drone_racing_ros2) by extensions ['python_setup_py']
[0.442s] Level 1:colcon.colcon_core.package_identification:_identify(src/drone_racing_ros2) by extension 'python_setup_py'
[0.442s] Level 1:colcon.colcon_core.package_identification:_identify(src/drone_racing_ros2/ros2_shared) by extensions ['ignore', 'ignore_ament_install']
[0.442s] Level 1:colcon.colcon_core.package_identification:_identify(src/drone_racing_ros2/ros2_shared) by extension 'ignore'
[0.442s] Level 1:colcon.colcon_core.package_identification:_identify(src/drone_racing_ros2/ros2_shared) by extension 'ignore_ament_install'
[0.442s] Level 1:colcon.colcon_core.package_identification:_identify(src/drone_racing_ros2/ros2_shared) by extensions ['colcon_pkg']
[0.442s] Level 1:colcon.colcon_core.package_identification:_identify(src/drone_racing_ros2/ros2_shared) by extension 'colcon_pkg'
[0.442s] Level 1:colcon.colcon_core.package_identification:_identify(src/drone_racing_ros2/ros2_shared) by extensions ['colcon_meta']
[0.442s] Level 1:colcon.colcon_core.package_identification:_identify(src/drone_racing_ros2/ros2_shared) by extension 'colcon_meta'
[0.442s] Level 1:colcon.colcon_core.package_identification:_identify(src/drone_racing_ros2/ros2_shared) by extensions ['ros']
[0.442s] Level 1:colcon.colcon_core.package_identification:_identify(src/drone_racing_ros2/ros2_shared) by extension 'ros'
[0.445s] DEBUG:colcon.colcon_core.package_identification:Package 'src/drone_racing_ros2/ros2_shared' with type 'ros.ament_cmake' and name 'ros2_shared'
[0.445s] Level 1:colcon.colcon_core.package_identification:_identify(src/drone_racing_ros2/tello_ros) by extensions ['ignore', 'ignore_ament_install']
[0.445s] Level 1:colcon.colcon_core.package_identification:_identify(src/drone_racing_ros2/tello_ros) by extension 'ignore'
[0.445s] Level 1:colcon.colcon_core.package_identification:_identify(src/drone_racing_ros2/tello_ros) by extension 'ignore_ament_install'
[0.445s] Level 1:colcon.colcon_core.package_identification:_identify(src/drone_racing_ros2/tello_ros) by extensions ['colcon_pkg']
[0.445s] Level 1:colcon.colcon_core.package_identification:_identify(src/drone_racing_ros2/tello_ros) by extension 'colcon_pkg'
[0.445s] Level 1:colcon.colcon_core.package_identification:_identify(src/drone_racing_ros2/tello_ros) by extensions ['colcon_meta']
[0.446s] Level 1:colcon.colcon_core.package_identification:_identify(src/drone_racing_ros2/tello_ros) by extension 'colcon_meta'
[0.446s] Level 1:colcon.colcon_core.package_identification:_identify(src/drone_racing_ros2/tello_ros) by extensions ['ros']
[0.446s] Level 1:colcon.colcon_core.package_identification:_identify(src/drone_racing_ros2/tello_ros) by extension 'ros'
[0.446s] Level 1:colcon.colcon_core.package_identification:_identify(src/drone_racing_ros2/tello_ros) by extensions ['cmake', 'python']
[0.446s] Level 1:colcon.colcon_core.package_identification:_identify(src/drone_racing_ros2/tello_ros) by extension 'cmake'
[0.446s] Level 1:colcon.colcon_core.package_identification:_identify(src/drone_racing_ros2/tello_ros) by extension 'python'
[0.446s] Level 1:colcon.colcon_core.package_identification:_identify(src/drone_racing_ros2/tello_ros) by extensions ['python_setup_py']
[0.446s] Level 1:colcon.colcon_core.package_identification:_identify(src/drone_racing_ros2/tello_ros) by extension 'python_setup_py'
[0.446s] Level 1:colcon.colcon_core.package_identification:_identify(src/drone_racing_ros2/tello_ros/docker) by extensions ['ignore', 'ignore_ament_install']
[0.446s] Level 1:colcon.colcon_core.package_identification:_identify(src/drone_racing_ros2/tello_ros/docker) by extension 'ignore'
[0.446s] Level 1:colcon.colcon_core.package_identification:_identify(src/drone_racing_ros2/tello_ros/docker) by extension 'ignore_ament_install'
[0.446s] Level 1:colcon.colcon_core.package_identification:_identify(src/drone_racing_ros2/tello_ros/docker) by extensions ['colcon_pkg']
[0.446s] Level 1:colcon.colcon_core.package_identification:_identify(src/drone_racing_ros2/tello_ros/docker) by extension 'colcon_pkg'
[0.446s] Level 1:colcon.colcon_core.package_identification:_identify(src/drone_racing_ros2/tello_ros/docker) by extensions ['colcon_meta']
[0.446s] Level 1:colcon.colcon_core.package_identification:_identify(src/drone_racing_ros2/tello_ros/docker) by extension 'colcon_meta'
[0.446s] Level 1:colcon.colcon_core.package_identification:_identify(src/drone_racing_ros2/tello_ros/docker) by extensions ['ros']
[0.446s] Level 1:colcon.colcon_core.package_identification:_identify(src/drone_racing_ros2/tello_ros/docker) by extension 'ros'
[0.446s] Level 1:colcon.colcon_core.package_identification:_identify(src/drone_racing_ros2/tello_ros/docker) by extensions ['cmake', 'python']
[0.447s] Level 1:colcon.colcon_core.package_identification:_identify(src/drone_racing_ros2/tello_ros/docker) by extension 'cmake'
[0.447s] Level 1:colcon.colcon_core.package_identification:_identify(src/drone_racing_ros2/tello_ros/docker) by extension 'python'
[0.447s] Level 1:colcon.colcon_core.package_identification:_identify(src/drone_racing_ros2/tello_ros/docker) by extensions ['python_setup_py']
[0.447s] Level 1:colcon.colcon_core.package_identification:_identify(src/drone_racing_ros2/tello_ros/docker) by extension 'python_setup_py'
[0.447s] Level 1:colcon.colcon_core.package_identification:_identify(src/drone_racing_ros2/tello_ros/tello_description) by extensions ['ignore', 'ignore_ament_install']
[0.447s] Level 1:colcon.colcon_core.package_identification:_identify(src/drone_racing_ros2/tello_ros/tello_description) by extension 'ignore'
[0.447s] Level 1:colcon.colcon_core.package_identification:_identify(src/drone_racing_ros2/tello_ros/tello_description) by extension 'ignore_ament_install'
[0.447s] Level 1:colcon.colcon_core.package_identification:_identify(src/drone_racing_ros2/tello_ros/tello_description) by extensions ['colcon_pkg']
[0.447s] Level 1:colcon.colcon_core.package_identification:_identify(src/drone_racing_ros2/tello_ros/tello_description) by extension 'colcon_pkg'
[0.447s] Level 1:colcon.colcon_core.package_identification:_identify(src/drone_racing_ros2/tello_ros/tello_description) by extensions ['colcon_meta']
[0.447s] Level 1:colcon.colcon_core.package_identification:_identify(src/drone_racing_ros2/tello_ros/tello_description) by extension 'colcon_meta'
[0.447s] Level 1:colcon.colcon_core.package_identification:_identify(src/drone_racing_ros2/tello_ros/tello_description) by extensions ['ros']
[0.447s] Level 1:colcon.colcon_core.package_identification:_identify(src/drone_racing_ros2/tello_ros/tello_description) by extension 'ros'
[0.448s] DEBUG:colcon.colcon_core.package_identification:Package 'src/drone_racing_ros2/tello_ros/tello_description' with type 'ros.ament_cmake' and name 'tello_description'
[0.448s] Level 1:colcon.colcon_core.package_identification:_identify(src/drone_racing_ros2/tello_ros/tello_driver) by extensions ['ignore', 'ignore_ament_install']
[0.448s] Level 1:colcon.colcon_core.package_identification:_identify(src/drone_racing_ros2/tello_ros/tello_driver) by extension 'ignore'
[0.448s] Level 1:colcon.colcon_core.package_identification:_identify(src/drone_racing_ros2/tello_ros/tello_driver) by extension 'ignore_ament_install'
[0.448s] Level 1:colcon.colcon_core.package_identification:_identify(src/drone_racing_ros2/tello_ros/tello_driver) by extensions ['colcon_pkg']
[0.448s] Level 1:colcon.colcon_core.package_identification:_identify(src/drone_racing_ros2/tello_ros/tello_driver) by extension 'colcon_pkg'
[0.448s] Level 1:colcon.colcon_core.package_identification:_identify(src/drone_racing_ros2/tello_ros/tello_driver) by extensions ['colcon_meta']
[0.448s] Level 1:colcon.colcon_core.package_identification:_identify(src/drone_racing_ros2/tello_ros/tello_driver) by extension 'colcon_meta'
[0.448s] Level 1:colcon.colcon_core.package_identification:_identify(src/drone_racing_ros2/tello_ros/tello_driver) by extensions ['ros']
[0.448s] Level 1:colcon.colcon_core.package_identification:_identify(src/drone_racing_ros2/tello_ros/tello_driver) by extension 'ros'
[0.450s] DEBUG:colcon.colcon_core.package_identification:Package 'src/drone_racing_ros2/tello_ros/tello_driver' with type 'ros.ament_cmake' and name 'tello_driver'
[0.450s] Level 1:colcon.colcon_core.package_identification:_identify(src/drone_racing_ros2/tello_ros/tello_gazebo) by extensions ['ignore', 'ignore_ament_install']
[0.450s] Level 1:colcon.colcon_core.package_identification:_identify(src/drone_racing_ros2/tello_ros/tello_gazebo) by extension 'ignore'
[0.450s] Level 1:colcon.colcon_core.package_identification:_identify(src/drone_racing_ros2/tello_ros/tello_gazebo) by extension 'ignore_ament_install'
[0.450s] Level 1:colcon.colcon_core.package_identification:_identify(src/drone_racing_ros2/tello_ros/tello_gazebo) by extensions ['colcon_pkg']
[0.450s] Level 1:colcon.colcon_core.package_identification:_identify(src/drone_racing_ros2/tello_ros/tello_gazebo) by extension 'colcon_pkg'
[0.450s] Level 1:colcon.colcon_core.package_identification:_identify(src/drone_racing_ros2/tello_ros/tello_gazebo) by extensions ['colcon_meta']
[0.450s] Level 1:colcon.colcon_core.package_identification:_identify(src/drone_racing_ros2/tello_ros/tello_gazebo) by extension 'colcon_meta'
[0.450s] Level 1:colcon.colcon_core.package_identification:_identify(src/drone_racing_ros2/tello_ros/tello_gazebo) by extensions ['ros']
[0.450s] Level 1:colcon.colcon_core.package_identification:_identify(src/drone_racing_ros2/tello_ros/tello_gazebo) by extension 'ros'
[0.451s] DEBUG:colcon.colcon_core.package_identification:Package 'src/drone_racing_ros2/tello_ros/tello_gazebo' with type 'ros.ament_cmake' and name 'tello_gazebo'
[0.452s] Level 1:colcon.colcon_core.package_identification:_identify(src/drone_racing_ros2/tello_ros/tello_msgs) by extensions ['ignore', 'ignore_ament_install']
[0.452s] Level 1:colcon.colcon_core.package_identification:_identify(src/drone_racing_ros2/tello_ros/tello_msgs) by extension 'ignore'
[0.452s] Level 1:colcon.colcon_core.package_identification:_identify(src/drone_racing_ros2/tello_ros/tello_msgs) by extension 'ignore_ament_install'
[0.452s] Level 1:colcon.colcon_core.package_identification:_identify(src/drone_racing_ros2/tello_ros/tello_msgs) by extensions ['colcon_pkg']
[0.452s] Level 1:colcon.colcon_core.package_identification:_identify(src/drone_racing_ros2/tello_ros/tello_msgs) by extension 'colcon_pkg'
[0.452s] Level 1:colcon.colcon_core.package_identification:_identify(src/drone_racing_ros2/tello_ros/tello_msgs) by extensions ['colcon_meta']
[0.452s] Level 1:colcon.colcon_core.package_identification:_identify(src/drone_racing_ros2/tello_ros/tello_msgs) by extension 'colcon_meta'
[0.452s] Level 1:colcon.colcon_core.package_identification:_identify(src/drone_racing_ros2/tello_ros/tello_msgs) by extensions ['ros']
[0.452s] Level 1:colcon.colcon_core.package_identification:_identify(src/drone_racing_ros2/tello_ros/tello_msgs) by extension 'ros'
[0.453s] DEBUG:colcon.colcon_core.package_identification:Package 'src/drone_racing_ros2/tello_ros/tello_msgs' with type 'ros.ament_cmake' and name 'tello_msgs'
[0.453s] Level 1:colcon.colcon_core.package_discovery:discover_packages(recursive) using defaults
[0.453s] Level 1:colcon.colcon_core.package_discovery:discover_packages(ignore) discover
[0.453s] Level 1:colcon.colcon_core.package_discovery:discover_packages(ignore) using defaults
[0.453s] Level 1:colcon.colcon_core.package_discovery:discover_packages(path) discover
[0.453s] Level 1:colcon.colcon_core.package_discovery:discover_packages(path) using defaults
[0.473s] Level 1:colcon.colcon_core.package_discovery:discover_packages(prefix_path) check parameters
[0.473s] Level 1:colcon.colcon_core.package_discovery:discover_packages(prefix_path) discover
[0.486s] DEBUG:colcon.colcon_installed_package_information.package_discovery:Found 5 installed packages in /home/armrs/drone_racing_ros2_ws/install
[0.487s] DEBUG:colcon.colcon_installed_package_information.package_discovery:Found 275 installed packages in /opt/ros/galactic
[0.489s] Level 1:colcon.colcon_core.package_discovery:discover_packages(prefix_path) using defaults
[0.565s] Level 5:colcon.colcon_core.verb:set package 'ros2_shared' build argument 'cmake_args' from command line to 'None'
[0.565s] Level 5:colcon.colcon_core.verb:set package 'ros2_shared' build argument 'cmake_target' from command line to 'None'
[0.565s] Level 5:colcon.colcon_core.verb:set package 'ros2_shared' build argument 'cmake_target_skip_unavailable' from command line to 'False'
[0.565s] Level 5:colcon.colcon_core.verb:set package 'ros2_shared' build argument 'cmake_clean_cache' from command line to 'False'
[0.565s] Level 5:colcon.colcon_core.verb:set package 'ros2_shared' build argument 'cmake_clean_first' from command line to 'False'
[0.565s] Level 5:colcon.colcon_core.verb:set package 'ros2_shared' build argument 'cmake_force_configure' from command line to 'False'
[0.565s] Level 5:colcon.colcon_core.verb:set package 'ros2_shared' build argument 'ament_cmake_args' from command line to 'None'
[0.565s] Level 5:colcon.colcon_core.verb:set package 'ros2_shared' build argument 'catkin_cmake_args' from command line to 'None'
[0.565s] Level 5:colcon.colcon_core.verb:set package 'ros2_shared' build argument 'catkin_skip_building_tests' from command line to 'False'
[0.565s] DEBUG:colcon.colcon_core.verb:Building package 'ros2_shared' with the following arguments: {'ament_cmake_args': None, 'build_base': '/home/armrs/drone_racing_ros2_ws/build/ros2_shared', 'catkin_cmake_args': None, 'catkin_skip_building_tests': False, 'cmake_args': None, 'cmake_clean_cache': False, 'cmake_clean_first': False, 'cmake_force_configure': False, 'cmake_target': None, 'cmake_target_skip_unavailable': False, 'install_base': '/home/armrs/drone_racing_ros2_ws/install/ros2_shared', 'merge_install': False, 'path': '/home/armrs/drone_racing_ros2_ws/src/drone_racing_ros2/ros2_shared', 'symlink_install': False, 'test_result_base': None}
[0.566s] Level 5:colcon.colcon_core.verb:set package 'tello_description' build argument 'cmake_args' from command line to 'None'
[0.566s] Level 5:colcon.colcon_core.verb:set package 'tello_description' build argument 'cmake_target' from command line to 'None'
[0.566s] Level 5:colcon.colcon_core.verb:set package 'tello_description' build argument 'cmake_target_skip_unavailable' from command line to 'False'
[0.566s] Level 5:colcon.colcon_core.verb:set package 'tello_description' build argument 'cmake_clean_cache' from command line to 'False'
[0.566s] Level 5:colcon.colcon_core.verb:set package 'tello_description' build argument 'cmake_clean_first' from command line to 'False'
[0.566s] Level 5:colcon.colcon_core.verb:set package 'tello_description' build argument 'cmake_force_configure' from command line to 'False'
[0.566s] Level 5:colcon.colcon_core.verb:set package 'tello_description' build argument 'ament_cmake_args' from command line to 'None'
[0.566s] Level 5:colcon.colcon_core.verb:set package 'tello_description' build argument 'catkin_cmake_args' from command line to 'None'
[0.566s] Level 5:colcon.colcon_core.verb:set package 'tello_description' build argument 'catkin_skip_building_tests' from command line to 'False'
[0.566s] DEBUG:colcon.colcon_core.verb:Building package 'tello_description' with the following arguments: {'ament_cmake_args': None, 'build_base': '/home/armrs/drone_racing_ros2_ws/build/tello_description', 'catkin_cmake_args': None, 'catkin_skip_building_tests': False, 'cmake_args': None, 'cmake_clean_cache': False, 'cmake_clean_first': False, 'cmake_force_configure': False, 'cmake_target': None, 'cmake_target_skip_unavailable': False, 'install_base': '/home/armrs/drone_racing_ros2_ws/install/tello_description', 'merge_install': False, 'path': '/home/armrs/drone_racing_ros2_ws/src/drone_racing_ros2/tello_ros/tello_description', 'symlink_install': False, 'test_result_base': None}
[0.567s] Level 5:colcon.colcon_core.verb:set package 'tello_msgs' build argument 'cmake_args' from command line to 'None'
[0.567s] Level 5:colcon.colcon_core.verb:set package 'tello_msgs' build argument 'cmake_target' from command line to 'None'
[0.567s] Level 5:colcon.colcon_core.verb:set package 'tello_msgs' build argument 'cmake_target_skip_unavailable' from command line to 'False'
[0.567s] Level 5:colcon.colcon_core.verb:set package 'tello_msgs' build argument 'cmake_clean_cache' from command line to 'False'
[0.567s] Level 5:colcon.colcon_core.verb:set package 'tello_msgs' build argument 'cmake_clean_first' from command line to 'False'
[0.567s] Level 5:colcon.colcon_core.verb:set package 'tello_msgs' build argument 'cmake_force_configure' from command line to 'False'
[0.567s] Level 5:colcon.colcon_core.verb:set package 'tello_msgs' build argument 'ament_cmake_args' from command line to 'None'
[0.567s] Level 5:colcon.colcon_core.verb:set package 'tello_msgs' build argument 'catkin_cmake_args' from command line to 'None'
[0.567s] Level 5:colcon.colcon_core.verb:set package 'tello_msgs' build argument 'catkin_skip_building_tests' from command line to 'False'
[0.567s] DEBUG:colcon.colcon_core.verb:Building package 'tello_msgs' with the following arguments: {'ament_cmake_args': None, 'build_base': '/home/armrs/drone_racing_ros2_ws/build/tello_msgs', 'catkin_cmake_args': None, 'catkin_skip_building_tests': False, 'cmake_args': None, 'cmake_clean_cache': False, 'cmake_clean_first': False, 'cmake_force_configure': False, 'cmake_target': None, 'cmake_target_skip_unavailable': False, 'install_base': '/home/armrs/drone_racing_ros2_ws/install/tello_msgs', 'merge_install': False, 'path': '/home/armrs/drone_racing_ros2_ws/src/drone_racing_ros2/tello_ros/tello_msgs', 'symlink_install': False, 'test_result_base': None}
[0.567s] Level 5:colcon.colcon_core.verb:set package 'tello_driver' build argument 'cmake_args' from command line to 'None'
[0.568s] Level 5:colcon.colcon_core.verb:set package 'tello_driver' build argument 'cmake_target' from command line to 'None'
[0.568s] Level 5:colcon.colcon_core.verb:set package 'tello_driver' build argument 'cmake_target_skip_unavailable' from command line to 'False'
[0.568s] Level 5:colcon.colcon_core.verb:set package 'tello_driver' build argument 'cmake_clean_cache' from command line to 'False'
[0.568s] Level 5:colcon.colcon_core.verb:set package 'tello_driver' build argument 'cmake_clean_first' from command line to 'False'
[0.568s] Level 5:colcon.colcon_core.verb:set package 'tello_driver' build argument 'cmake_force_configure' from command line to 'False'
[0.568s] Level 5:colcon.colcon_core.verb:set package 'tello_driver' build argument 'ament_cmake_args' from command line to 'None'
[0.568s] Level 5:colcon.colcon_core.verb:set package 'tello_driver' build argument 'catkin_cmake_args' from command line to 'None'
[0.568s] Level 5:colcon.colcon_core.verb:set package 'tello_driver' build argument 'catkin_skip_building_tests' from command line to 'False'
[0.568s] DEBUG:colcon.colcon_core.verb:Building package 'tello_driver' with the following arguments: {'ament_cmake_args': None, 'build_base': '/home/armrs/drone_racing_ros2_ws/build/tello_driver', 'catkin_cmake_args': None, 'catkin_skip_building_tests': False, 'cmake_args': None, 'cmake_clean_cache': False, 'cmake_clean_first': False, 'cmake_force_configure': False, 'cmake_target': None, 'cmake_target_skip_unavailable': False, 'install_base': '/home/armrs/drone_racing_ros2_ws/install/tello_driver', 'merge_install': False, 'path': '/home/armrs/drone_racing_ros2_ws/src/drone_racing_ros2/tello_ros/tello_driver', 'symlink_install': False, 'test_result_base': None}
[0.568s] Level 5:colcon.colcon_core.verb:set package 'tello_gazebo' build argument 'cmake_args' from command line to 'None'
[0.568s] Level 5:colcon.colcon_core.verb:set package 'tello_gazebo' build argument 'cmake_target' from command line to 'None'
[0.568s] Level 5:colcon.colcon_core.verb:set package 'tello_gazebo' build argument 'cmake_target_skip_unavailable' from command line to 'False'
[0.568s] Level 5:colcon.colcon_core.verb:set package 'tello_gazebo' build argument 'cmake_clean_cache' from command line to 'False'
[0.568s] Level 5:colcon.colcon_core.verb:set package 'tello_gazebo' build argument 'cmake_clean_first' from command line to 'False'
[0.568s] Level 5:colcon.colcon_core.verb:set package 'tello_gazebo' build argument 'cmake_force_configure' from command line to 'False'
[0.568s] Level 5:colcon.colcon_core.verb:set package 'tello_gazebo' build argument 'ament_cmake_args' from command line to 'None'
[0.568s] Level 5:colcon.colcon_core.verb:set package 'tello_gazebo' build argument 'catkin_cmake_args' from command line to 'None'
[0.568s] Level 5:colcon.colcon_core.verb:set package 'tello_gazebo' build argument 'catkin_skip_building_tests' from command line to 'False'
[0.568s] DEBUG:colcon.colcon_core.verb:Building package 'tello_gazebo' with the following arguments: {'ament_cmake_args': None, 'build_base': '/home/armrs/drone_racing_ros2_ws/build/tello_gazebo', 'catkin_cmake_args': None, 'catkin_skip_building_tests': False, 'cmake_args': None, 'cmake_clean_cache': False, 'cmake_clean_first': False, 'cmake_force_configure': False, 'cmake_target': None, 'cmake_target_skip_unavailable': False, 'install_base': '/home/armrs/drone_racing_ros2_ws/install/tello_gazebo', 'merge_install': False, 'path': '/home/armrs/drone_racing_ros2_ws/src/drone_racing_ros2/tello_ros/tello_gazebo', 'symlink_install': False, 'test_result_base': None}
[0.569s] INFO:colcon.colcon_core.executor:Executing jobs using 'parallel' executor
[0.570s] DEBUG:colcon.colcon_parallel_executor.executor.parallel:run_until_complete
[0.570s] INFO:colcon.colcon_ros.task.ament_cmake.build:Building ROS package in '/home/armrs/drone_racing_ros2_ws/src/drone_racing_ros2/tello_ros/tello_msgs' with build type 'ament_cmake'
[0.570s] INFO:colcon.colcon_cmake.task.cmake.build:Building CMake package in '/home/armrs/drone_racing_ros2_ws/src/drone_racing_ros2/tello_ros/tello_msgs'
[0.572s] INFO:colcon.colcon_core.plugin_system:Skipping extension 'colcon_core.shell.bat': Not used on non-Windows systems
[0.573s] INFO:colcon.colcon_core.shell:Skip shell extension 'powershell' for command environment: Not usable outside of PowerShell
[0.573s] DEBUG:colcon.colcon_core.shell:Skip shell extension 'dsv' for command environment
[0.578s] INFO:colcon.colcon_ros.task.ament_cmake.build:Building ROS package in '/home/armrs/drone_racing_ros2_ws/src/drone_racing_ros2/ros2_shared' with build type 'ament_cmake'
[0.579s] INFO:colcon.colcon_cmake.task.cmake.build:Building CMake package in '/home/armrs/drone_racing_ros2_ws/src/drone_racing_ros2/ros2_shared'
[0.579s] INFO:colcon.colcon_core.shell:Skip shell extension 'powershell' for command environment: Not usable outside of PowerShell
[0.580s] DEBUG:colcon.colcon_core.shell:Skip shell extension 'dsv' for command environment
[0.587s] INFO:colcon.colcon_ros.task.ament_cmake.build:Building ROS package in '/home/armrs/drone_racing_ros2_ws/src/drone_racing_ros2/tello_ros/tello_description' with build type 'ament_cmake'
[0.588s] INFO:colcon.colcon_cmake.task.cmake.build:Building CMake package in '/home/armrs/drone_racing_ros2_ws/src/drone_racing_ros2/tello_ros/tello_description'
[0.589s] INFO:colcon.colcon_core.shell:Skip shell extension 'powershell' for command environment: Not usable outside of PowerShell
[0.590s] DEBUG:colcon.colcon_core.shell:Skip shell extension 'dsv' for command environment
[0.608s] DEBUG:colcon.colcon_core.event_handler.log_command:Invoking command in '/home/armrs/drone_racing_ros2_ws/build/tello_msgs': CMAKE_PREFIX_PATH=${CMAKE_PREFIX_PATH}:/opt/ros/galactic /usr/bin/cmake --build /home/armrs/drone_racing_ros2_ws/build/tello_msgs -- -j4 -l4
[0.617s] DEBUG:colcon.colcon_core.event_handler.log_command:Invoking command in '/home/armrs/drone_racing_ros2_ws/build/ros2_shared': CMAKE_PREFIX_PATH=${CMAKE_PREFIX_PATH}:/opt/ros/galactic /usr/bin/cmake --build /home/armrs/drone_racing_ros2_ws/build/ros2_shared -- -j4 -l4
[0.626s] DEBUG:colcon.colcon_core.event_handler.log_command:Invoking command in '/home/armrs/drone_racing_ros2_ws/build/tello_description': CMAKE_PREFIX_PATH=${CMAKE_PREFIX_PATH}:/opt/ros/galactic /usr/bin/cmake --build /home/armrs/drone_racing_ros2_ws/build/tello_description -- -j4 -l4
[0.692s] DEBUG:colcon.colcon_core.event_handler.log_command:Invoked command in '/home/armrs/drone_racing_ros2_ws/build/ros2_shared' returned '0': CMAKE_PREFIX_PATH=${CMAKE_PREFIX_PATH}:/opt/ros/galactic /usr/bin/cmake --build /home/armrs/drone_racing_ros2_ws/build/ros2_shared -- -j4 -l4
[0.721s] DEBUG:colcon.colcon_core.event_handler.log_command:Invoking command in '/home/armrs/drone_racing_ros2_ws/build/ros2_shared': CMAKE_PREFIX_PATH=${CMAKE_PREFIX_PATH}:/opt/ros/galactic /usr/bin/cmake --install /home/armrs/drone_racing_ros2_ws/build/ros2_shared
[0.767s] Level 1:colcon.colcon_core.environment:create_environment_scripts_only(ros2_shared)
[0.773s] Level 1:colcon.colcon_core.environment:checking '/home/armrs/drone_racing_ros2_ws/install/ros2_shared' for CMake module files
[0.774s] Level 1:colcon.colcon_core.environment:checking '/home/armrs/drone_racing_ros2_ws/install/ros2_shared' for CMake config files
[0.774s] Level 1:colcon.colcon_core.shell:create_environment_hook('ros2_shared', 'cmake_prefix_path')
[0.775s] INFO:colcon.colcon_core.shell:Creating environment hook '/home/armrs/drone_racing_ros2_ws/install/ros2_shared/share/ros2_shared/hook/cmake_prefix_path.ps1'
[0.777s] DEBUG:colcon.colcon_core.event_handler.log_command:Invoked command in '/home/armrs/drone_racing_ros2_ws/build/ros2_shared' returned '0': CMAKE_PREFIX_PATH=${CMAKE_PREFIX_PATH}:/opt/ros/galactic /usr/bin/cmake --install /home/armrs/drone_racing_ros2_ws/build/ros2_shared
[0.779s] INFO:colcon.colcon_core.shell:Creating environment descriptor '/home/armrs/drone_racing_ros2_ws/install/ros2_shared/share/ros2_shared/hook/cmake_prefix_path.dsv'
[0.780s] INFO:colcon.colcon_core.shell:Creating environment hook '/home/armrs/drone_racing_ros2_ws/install/ros2_shared/share/ros2_shared/hook/cmake_prefix_path.sh'
[0.782s] Level 1:colcon.colcon_core.environment:checking '/home/armrs/drone_racing_ros2_ws/install/ros2_shared/bin'
[0.782s] Level 1:colcon.colcon_core.environment:checking '/home/armrs/drone_racing_ros2_ws/install/ros2_shared/lib/pkgconfig/ros2_shared.pc'
[0.782s] Level 1:colcon.colcon_core.environment:checking '/home/armrs/drone_racing_ros2_ws/install/ros2_shared/lib/python3.8/site-packages'
[0.783s] Level 1:colcon.colcon_core.environment:checking '/home/armrs/drone_racing_ros2_ws/install/ros2_shared/bin'
[0.783s] INFO:colcon.colcon_core.shell:Creating package script '/home/armrs/drone_racing_ros2_ws/install/ros2_shared/share/ros2_shared/package.ps1'
[0.785s] INFO:colcon.colcon_core.shell:Creating package descriptor '/home/armrs/drone_racing_ros2_ws/install/ros2_shared/share/ros2_shared/package.dsv'
[0.786s] INFO:colcon.colcon_core.shell:Creating package script '/home/armrs/drone_racing_ros2_ws/install/ros2_shared/share/ros2_shared/package.sh'
[0.799s] INFO:colcon.colcon_core.shell:Creating package script '/home/armrs/drone_racing_ros2_ws/install/ros2_shared/share/ros2_shared/package.bash'
[0.801s] INFO:colcon.colcon_core.shell:Creating package script '/home/armrs/drone_racing_ros2_ws/install/ros2_shared/share/ros2_shared/package.zsh'
[0.803s] Level 1:colcon.colcon_core.environment:create_file_with_runtime_dependencies(/home/armrs/drone_racing_ros2_ws/install/ros2_shared/share/colcon-core/packages/ros2_shared)
[0.805s] Level 1:colcon.colcon_core.environment:create_environment_scripts_only(ros2_shared)
[0.806s] Level 1:colcon.colcon_core.environment:checking '/home/armrs/drone_racing_ros2_ws/install/ros2_shared' for CMake module files
[0.807s] Level 1:colcon.colcon_core.environment:checking '/home/armrs/drone_racing_ros2_ws/install/ros2_shared' for CMake config files
[0.807s] Level 1:colcon.colcon_core.shell:create_environment_hook('ros2_shared', 'cmake_prefix_path')
[0.815s] INFO:colcon.colcon_core.shell:Creating environment hook '/home/armrs/drone_racing_ros2_ws/install/ros2_shared/share/ros2_shared/hook/cmake_prefix_path.ps1'
[0.816s] INFO:colcon.colcon_core.shell:Creating environment descriptor '/home/armrs/drone_racing_ros2_ws/install/ros2_shared/share/ros2_shared/hook/cmake_prefix_path.dsv'
[0.817s] INFO:colcon.colcon_core.shell:Creating environment hook '/home/armrs/drone_racing_ros2_ws/install/ros2_shared/share/ros2_shared/hook/cmake_prefix_path.sh'
[0.818s] Level 1:colcon.colcon_core.environment:checking '/home/armrs/drone_racing_ros2_ws/install/ros2_shared/bin'
[0.818s] Level 1:colcon.colcon_core.environment:checking '/home/armrs/drone_racing_ros2_ws/install/ros2_shared/lib/pkgconfig/ros2_shared.pc'
[0.819s] Level 1:colcon.colcon_core.environment:checking '/home/armrs/drone_racing_ros2_ws/install/ros2_shared/lib/python3.8/site-packages'
[0.819s] Level 1:colcon.colcon_core.environment:checking '/home/armrs/drone_racing_ros2_ws/install/ros2_shared/bin'
[0.820s] INFO:colcon.colcon_core.shell:Creating package script '/home/armrs/drone_racing_ros2_ws/install/ros2_shared/share/ros2_shared/package.ps1'
[0.821s] INFO:colcon.colcon_core.shell:Creating package descriptor '/home/armrs/drone_racing_ros2_ws/install/ros2_shared/share/ros2_shared/package.dsv'
[0.823s] INFO:colcon.colcon_core.shell:Creating package script '/home/armrs/drone_racing_ros2_ws/install/ros2_shared/share/ros2_shared/package.sh'
[0.825s] INFO:colcon.colcon_core.shell:Creating package script '/home/armrs/drone_racing_ros2_ws/install/ros2_shared/share/ros2_shared/package.bash'
[0.831s] INFO:colcon.colcon_core.shell:Creating package script '/home/armrs/drone_racing_ros2_ws/install/ros2_shared/share/ros2_shared/package.zsh'
[0.834s] Level 1:colcon.colcon_core.environment:create_file_with_runtime_dependencies(/home/armrs/drone_racing_ros2_ws/install/ros2_shared/share/colcon-core/packages/ros2_shared)
[1.121s] DEBUG:colcon.colcon_core.event_handler.log_command:Invoked command in '/home/armrs/drone_racing_ros2_ws/build/tello_description' returned '0': CMAKE_PREFIX_PATH=${CMAKE_PREFIX_PATH}:/opt/ros/galactic /usr/bin/cmake --build /home/armrs/drone_racing_ros2_ws/build/tello_description -- -j4 -l4
[1.123s] DEBUG:colcon.colcon_core.event_handler.log_command:Invoking command in '/home/armrs/drone_racing_ros2_ws/build/tello_description': CMAKE_PREFIX_PATH=${CMAKE_PREFIX_PATH}:/opt/ros/galactic /usr/bin/cmake --install /home/armrs/drone_racing_ros2_ws/build/tello_description
[1.158s] Level 1:colcon.colcon_core.environment:create_environment_scripts_only(tello_description)
[1.159s] Level 1:colcon.colcon_core.environment:checking '/home/armrs/drone_racing_ros2_ws/install/tello_description' for CMake module files
[1.161s] DEBUG:colcon.colcon_core.event_handler.log_command:Invoked command in '/home/armrs/drone_racing_ros2_ws/build/tello_description' returned '0': CMAKE_PREFIX_PATH=${CMAKE_PREFIX_PATH}:/opt/ros/galactic /usr/bin/cmake --install /home/armrs/drone_racing_ros2_ws/build/tello_description
[1.161s] Level 1:colcon.colcon_core.environment:checking '/home/armrs/drone_racing_ros2_ws/install/tello_description' for CMake config files
[1.161s] Level 1:colcon.colcon_core.shell:create_environment_hook('tello_description', 'cmake_prefix_path')
[1.162s] INFO:colcon.colcon_core.shell:Creating environment hook '/home/armrs/drone_racing_ros2_ws/install/tello_description/share/tello_description/hook/cmake_prefix_path.ps1'
[1.162s] INFO:colcon.colcon_core.shell:Creating environment descriptor '/home/armrs/drone_racing_ros2_ws/install/tello_description/share/tello_description/hook/cmake_prefix_path.dsv'
[1.163s] INFO:colcon.colcon_core.shell:Creating environment hook '/home/armrs/drone_racing_ros2_ws/install/tello_description/share/tello_description/hook/cmake_prefix_path.sh'
[1.164s] Level 1:colcon.colcon_core.environment:checking '/home/armrs/drone_racing_ros2_ws/install/tello_description/bin'
[1.164s] Level 1:colcon.colcon_core.environment:checking '/home/armrs/drone_racing_ros2_ws/install/tello_description/lib/pkgconfig/tello_description.pc'
[1.164s] Level 1:colcon.colcon_core.environment:checking '/home/armrs/drone_racing_ros2_ws/install/tello_description/lib/python3.8/site-packages'
[1.165s] Level 1:colcon.colcon_core.environment:checking '/home/armrs/drone_racing_ros2_ws/install/tello_description/bin'
[1.165s] INFO:colcon.colcon_core.shell:Creating package script '/home/armrs/drone_racing_ros2_ws/install/tello_description/share/tello_description/package.ps1'
[1.166s] INFO:colcon.colcon_core.shell:Creating package descriptor '/home/armrs/drone_racing_ros2_ws/install/tello_description/share/tello_description/package.dsv'
[1.167s] INFO:colcon.colcon_core.shell:Creating package script '/home/armrs/drone_racing_ros2_ws/install/tello_description/share/tello_description/package.sh'
[1.167s] INFO:colcon.colcon_core.shell:Creating package script '/home/armrs/drone_racing_ros2_ws/install/tello_description/share/tello_description/package.bash'
[1.168s] INFO:colcon.colcon_core.shell:Creating package script '/home/armrs/drone_racing_ros2_ws/install/tello_description/share/tello_description/package.zsh'
[1.168s] Level 1:colcon.colcon_core.environment:create_file_with_runtime_dependencies(/home/armrs/drone_racing_ros2_ws/install/tello_description/share/colcon-core/packages/tello_description)
[1.169s] Level 1:colcon.colcon_core.environment:create_environment_scripts_only(tello_description)
[1.170s] Level 1:colcon.colcon_core.environment:checking '/home/armrs/drone_racing_ros2_ws/install/tello_description' for CMake module files
[1.171s] Level 1:colcon.colcon_core.environment:checking '/home/armrs/drone_racing_ros2_ws/install/tello_description' for CMake config files
[1.171s] Level 1:colcon.colcon_core.shell:create_environment_hook('tello_description', 'cmake_prefix_path')
[1.171s] INFO:colcon.colcon_core.shell:Creating environment hook '/home/armrs/drone_racing_ros2_ws/install/tello_description/share/tello_description/hook/cmake_prefix_path.ps1'
[1.172s] INFO:colcon.colcon_core.shell:Creating environment descriptor '/home/armrs/drone_racing_ros2_ws/install/tello_description/share/tello_description/hook/cmake_prefix_path.dsv'
[1.173s] INFO:colcon.colcon_core.shell:Creating environment hook '/home/armrs/drone_racing_ros2_ws/install/tello_description/share/tello_description/hook/cmake_prefix_path.sh'
[1.173s] Level 1:colcon.colcon_core.environment:checking '/home/armrs/drone_racing_ros2_ws/install/tello_description/bin'
[1.173s] Level 1:colcon.colcon_core.environment:checking '/home/armrs/drone_racing_ros2_ws/install/tello_description/lib/pkgconfig/tello_description.pc'
[1.173s] Level 1:colcon.colcon_core.environment:checking '/home/armrs/drone_racing_ros2_ws/install/tello_description/lib/python3.8/site-packages'
[1.174s] Level 1:colcon.colcon_core.environment:checking '/home/armrs/drone_racing_ros2_ws/install/tello_description/bin'
[1.174s] INFO:colcon.colcon_core.shell:Creating package script '/home/armrs/drone_racing_ros2_ws/install/tello_description/share/tello_description/package.ps1'
[1.175s] INFO:colcon.colcon_core.shell:Creating package descriptor '/home/armrs/drone_racing_ros2_ws/install/tello_description/share/tello_description/package.dsv'
[1.175s] INFO:colcon.colcon_core.shell:Creating package script '/home/armrs/drone_racing_ros2_ws/install/tello_description/share/tello_description/package.sh'
[1.176s] INFO:colcon.colcon_core.shell:Creating package script '/home/armrs/drone_racing_ros2_ws/install/tello_description/share/tello_description/package.bash'
[1.176s] INFO:colcon.colcon_core.shell:Creating package script '/home/armrs/drone_racing_ros2_ws/install/tello_description/share/tello_description/package.zsh'
[1.177s] Level 1:colcon.colcon_core.environment:create_file_with_runtime_dependencies(/home/armrs/drone_racing_ros2_ws/install/tello_description/share/colcon-core/packages/tello_description)
[1.179s] DEBUG:colcon.colcon_core.event_handler.log_command:Invoked command in '/home/armrs/drone_racing_ros2_ws/build/tello_msgs' returned '0': CMAKE_PREFIX_PATH=${CMAKE_PREFIX_PATH}:/opt/ros/galactic /usr/bin/cmake --build /home/armrs/drone_racing_ros2_ws/build/tello_msgs -- -j4 -l4
[1.182s] DEBUG:colcon.colcon_core.event_handler.log_command:Invoking command in '/home/armrs/drone_racing_ros2_ws/build/tello_msgs': CMAKE_PREFIX_PATH=${CMAKE_PREFIX_PATH}:/opt/ros/galactic /usr/bin/cmake --install /home/armrs/drone_racing_ros2_ws/build/tello_msgs
[1.252s] Level 1:colcon.colcon_core.environment:create_environment_scripts_only(tello_msgs)
[1.253s] Level 1:colcon.colcon_core.environment:checking '/home/armrs/drone_racing_ros2_ws/install/tello_msgs' for CMake module files
[1.254s] DEBUG:colcon.colcon_core.event_handler.log_command:Invoked command in '/home/armrs/drone_racing_ros2_ws/build/tello_msgs' returned '0': CMAKE_PREFIX_PATH=${CMAKE_PREFIX_PATH}:/opt/ros/galactic /usr/bin/cmake --install /home/armrs/drone_racing_ros2_ws/build/tello_msgs
[1.255s] Level 1:colcon.colcon_core.environment:checking '/home/armrs/drone_racing_ros2_ws/install/tello_msgs' for CMake config files
[1.256s] Level 1:colcon.colcon_core.shell:create_environment_hook('tello_msgs', 'cmake_prefix_path')
[1.256s] INFO:colcon.colcon_core.shell:Creating environment hook '/home/armrs/drone_racing_ros2_ws/install/tello_msgs/share/tello_msgs/hook/cmake_prefix_path.ps1'
[1.257s] INFO:colcon.colcon_core.shell:Creating environment descriptor '/home/armrs/drone_racing_ros2_ws/install/tello_msgs/share/tello_msgs/hook/cmake_prefix_path.dsv'
[1.258s] INFO:colcon.colcon_core.shell:Creating environment hook '/home/armrs/drone_racing_ros2_ws/install/tello_msgs/share/tello_msgs/hook/cmake_prefix_path.sh'
[1.258s] Level 1:colcon.colcon_core.environment:checking '/home/armrs/drone_racing_ros2_ws/install/tello_msgs/lib'
[1.259s] Level 1:colcon.colcon_core.shell:create_environment_hook('tello_msgs', 'ld_library_path_lib')
[1.259s] INFO:colcon.colcon_core.shell:Creating environment hook '/home/armrs/drone_racing_ros2_ws/install/tello_msgs/share/tello_msgs/hook/ld_library_path_lib.ps1'
[1.260s] INFO:colcon.colcon_core.shell:Creating environment descriptor '/home/armrs/drone_racing_ros2_ws/install/tello_msgs/share/tello_msgs/hook/ld_library_path_lib.dsv'
[1.260s] INFO:colcon.colcon_core.shell:Creating environment hook '/home/armrs/drone_racing_ros2_ws/install/tello_msgs/share/tello_msgs/hook/ld_library_path_lib.sh'
[1.261s] Level 1:colcon.colcon_core.environment:checking '/home/armrs/drone_racing_ros2_ws/install/tello_msgs/bin'
[1.261s] Level 1:colcon.colcon_core.environment:checking '/home/armrs/drone_racing_ros2_ws/install/tello_msgs/lib/pkgconfig/tello_msgs.pc'
[1.261s] Level 1:colcon.colcon_core.environment:checking '/home/armrs/drone_racing_ros2_ws/install/tello_msgs/lib/python3.8/site-packages'
[1.262s] Level 1:colcon.colcon_core.shell:create_environment_hook('tello_msgs', 'pythonpath')
[1.262s] INFO:colcon.colcon_core.shell:Creating environment hook '/home/armrs/drone_racing_ros2_ws/install/tello_msgs/share/tello_msgs/hook/pythonpath.ps1'
[1.262s] INFO:colcon.colcon_core.shell:Creating environment descriptor '/home/armrs/drone_racing_ros2_ws/install/tello_msgs/share/tello_msgs/hook/pythonpath.dsv'
[1.263s] INFO:colcon.colcon_core.shell:Creating environment hook '/home/armrs/drone_racing_ros2_ws/install/tello_msgs/share/tello_msgs/hook/pythonpath.sh'
[1.264s] Level 1:colcon.colcon_core.environment:checking '/home/armrs/drone_racing_ros2_ws/install/tello_msgs/bin'
[1.264s] INFO:colcon.colcon_core.shell:Creating package script '/home/armrs/drone_racing_ros2_ws/install/tello_msgs/share/tello_msgs/package.ps1'
[1.265s] INFO:colcon.colcon_core.shell:Creating package descriptor '/home/armrs/drone_racing_ros2_ws/install/tello_msgs/share/tello_msgs/package.dsv'
[1.265s] INFO:colcon.colcon_core.shell:Creating package script '/home/armrs/drone_racing_ros2_ws/install/tello_msgs/share/tello_msgs/package.sh'
[1.266s] INFO:colcon.colcon_core.shell:Creating package script '/home/armrs/drone_racing_ros2_ws/install/tello_msgs/share/tello_msgs/package.bash'
[1.266s] INFO:colcon.colcon_core.shell:Creating package script '/home/armrs/drone_racing_ros2_ws/install/tello_msgs/share/tello_msgs/package.zsh'
[1.267s] Level 1:colcon.colcon_core.environment:create_file_with_runtime_dependencies(/home/armrs/drone_racing_ros2_ws/install/tello_msgs/share/colcon-core/packages/tello_msgs)
[1.268s] Level 1:colcon.colcon_core.environment:create_environment_scripts_only(tello_msgs)
[1.268s] Level 1:colcon.colcon_core.environment:checking '/home/armrs/drone_racing_ros2_ws/install/tello_msgs' for CMake module files
[1.268s] Level 1:colcon.colcon_core.environment:checking '/home/armrs/drone_racing_ros2_ws/install/tello_msgs' for CMake config files
[1.269s] Level 1:colcon.colcon_core.shell:create_environment_hook('tello_msgs', 'cmake_prefix_path')
[1.269s] INFO:colcon.colcon_core.shell:Creating environment hook '/home/armrs/drone_racing_ros2_ws/install/tello_msgs/share/tello_msgs/hook/cmake_prefix_path.ps1'
[1.270s] INFO:colcon.colcon_core.shell:Creating environment descriptor '/home/armrs/drone_racing_ros2_ws/install/tello_msgs/share/tello_msgs/hook/cmake_prefix_path.dsv'
[1.270s] INFO:colcon.colcon_core.shell:Creating environment hook '/home/armrs/drone_racing_ros2_ws/install/tello_msgs/share/tello_msgs/hook/cmake_prefix_path.sh'
[1.271s] Level 1:colcon.colcon_core.environment:checking '/home/armrs/drone_racing_ros2_ws/install/tello_msgs/lib'
[1.271s] Level 1:colcon.colcon_core.shell:create_environment_hook('tello_msgs', 'ld_library_path_lib')
[1.271s] INFO:colcon.colcon_core.shell:Creating environment hook '/home/armrs/drone_racing_ros2_ws/install/tello_msgs/share/tello_msgs/hook/ld_library_path_lib.ps1'
[1.272s] INFO:colcon.colcon_core.shell:Creating environment descriptor '/home/armrs/drone_racing_ros2_ws/install/tello_msgs/share/tello_msgs/hook/ld_library_path_lib.dsv'
[1.272s] INFO:colcon.colcon_core.shell:Creating environment hook '/home/armrs/drone_racing_ros2_ws/install/tello_msgs/share/tello_msgs/hook/ld_library_path_lib.sh'
[1.272s] Level 1:colcon.colcon_core.environment:checking '/home/armrs/drone_racing_ros2_ws/install/tello_msgs/bin'
[1.272s] Level 1:colcon.colcon_core.environment:checking '/home/armrs/drone_racing_ros2_ws/install/tello_msgs/lib/pkgconfig/tello_msgs.pc'
[1.273s] Level 1:colcon.colcon_core.environment:checking '/home/armrs/drone_racing_ros2_ws/install/tello_msgs/lib/python3.8/site-packages'
[1.273s] Level 1:colcon.colcon_core.shell:create_environment_hook('tello_msgs', 'pythonpath')
[1.273s] INFO:colcon.colcon_core.shell:Creating environment hook '/home/armrs/drone_racing_ros2_ws/install/tello_msgs/share/tello_msgs/hook/pythonpath.ps1'
[1.273s] INFO:colcon.colcon_core.shell:Creating environment descriptor '/home/armrs/drone_racing_ros2_ws/install/tello_msgs/share/tello_msgs/hook/pythonpath.dsv'
[1.274s] INFO:colcon.colcon_core.shell:Creating environment hook '/home/armrs/drone_racing_ros2_ws/install/tello_msgs/share/tello_msgs/hook/pythonpath.sh'
[1.274s] Level 1:colcon.colcon_core.environment:checking '/home/armrs/drone_racing_ros2_ws/install/tello_msgs/bin'
[1.275s] INFO:colcon.colcon_core.shell:Creating package script '/home/armrs/drone_racing_ros2_ws/install/tello_msgs/share/tello_msgs/package.ps1'
[1.275s] INFO:colcon.colcon_core.shell:Creating package descriptor '/home/armrs/drone_racing_ros2_ws/install/tello_msgs/share/tello_msgs/package.dsv'
[1.276s] INFO:colcon.colcon_core.shell:Creating package script '/home/armrs/drone_racing_ros2_ws/install/tello_msgs/share/tello_msgs/package.sh'
[1.277s] INFO:colcon.colcon_core.shell:Creating package script '/home/armrs/drone_racing_ros2_ws/install/tello_msgs/share/tello_msgs/package.bash'
[1.277s] INFO:colcon.colcon_core.shell:Creating package script '/home/armrs/drone_racing_ros2_ws/install/tello_msgs/share/tello_msgs/package.zsh'
[1.278s] Level 1:colcon.colcon_core.environment:create_file_with_runtime_dependencies(/home/armrs/drone_racing_ros2_ws/install/tello_msgs/share/colcon-core/packages/tello_msgs)
[1.278s] INFO:colcon.colcon_ros.task.ament_cmake.build:Building ROS package in '/home/armrs/drone_racing_ros2_ws/src/drone_racing_ros2/tello_ros/tello_driver' with build type 'ament_cmake'
[1.278s] INFO:colcon.colcon_cmake.task.cmake.build:Building CMake package in '/home/armrs/drone_racing_ros2_ws/src/drone_racing_ros2/tello_ros/tello_driver'
[1.279s] INFO:colcon.colcon_core.shell:Skip shell extension 'powershell' for command environment: Not usable outside of PowerShell
[1.279s] DEBUG:colcon.colcon_core.shell:Skip shell extension 'dsv' for command environment
[1.286s] INFO:colcon.colcon_ros.task.ament_cmake.build:Building ROS package in '/home/armrs/drone_racing_ros2_ws/src/drone_racing_ros2/tello_ros/tello_gazebo' with build type 'ament_cmake'
[1.287s] INFO:colcon.colcon_cmake.task.cmake.build:Building CMake package in '/home/armrs/drone_racing_ros2_ws/src/drone_racing_ros2/tello_ros/tello_gazebo'
[1.287s] INFO:colcon.colcon_core.shell:Skip shell extension 'powershell' for command environment: Not usable outside of PowerShell
[1.287s] DEBUG:colcon.colcon_core.shell:Skip shell extension 'dsv' for command environment
[1.303s] DEBUG:colcon.colcon_core.event_handler.log_command:Invoking command in '/home/armrs/drone_racing_ros2_ws/build/tello_driver': CMAKE_PREFIX_PATH=/home/armrs/drone_racing_ros2_ws/install/tello_msgs:/home/armrs/drone_racing_ros2_ws/install/ros2_shared:/home/armrs/drone_racing_ros2_ws/install/tello_gazebo:/home/armrs/drone_racing_ros2_ws/install/tello_driver:/home/armrs/drone_racing_ros2_ws/install/tello_description:/opt/ros/galactic LD_LIBRARY_PATH=/home/armrs/drone_racing_ros2_ws/install/tello_msgs/lib:/home/armrs/drone_racing_ros2_ws/install/tello_gazebo/lib:/home/armrs/drone_racing_ros2_ws/install/tello_driver/lib:/usr/lib/x86_64-linux-gnu/gazebo-11/plugins:/opt/ros/galactic/opt/yaml_cpp_vendor/lib:/opt/ros/galactic/opt/rviz_ogre_vendor/lib:/opt/ros/galactic/lib/x86_64-linux-gnu:/opt/ros/galactic/lib:/usr/lib/x86_64-linux-gnu/gazebo-11/plugins:/usr/lib/x86_64-linux-gnu/gazebo-11/plugins:/usr/lib/x86_64-linux-gnu/gazebo-11/plugins /usr/bin/cmake --build /home/armrs/drone_racing_ros2_ws/build/tello_driver -- -j4 -l4
[1.314s] DEBUG:colcon.colcon_core.event_handler.log_command:Invoking command in '/home/armrs/drone_racing_ros2_ws/build/tello_gazebo': CMAKE_PREFIX_PATH=/home/armrs/drone_racing_ros2_ws/install/tello_msgs:/home/armrs/drone_racing_ros2_ws/install/tello_gazebo:/home/armrs/drone_racing_ros2_ws/install/tello_driver:/home/armrs/drone_racing_ros2_ws/install/tello_description:/home/armrs/drone_racing_ros2_ws/install/ros2_shared:/opt/ros/galactic LD_LIBRARY_PATH=/home/armrs/drone_racing_ros2_ws/install/tello_msgs/lib:/home/armrs/drone_racing_ros2_ws/install/tello_gazebo/lib:/home/armrs/drone_racing_ros2_ws/install/tello_driver/lib:/usr/lib/x86_64-linux-gnu/gazebo-11/plugins:/opt/ros/galactic/opt/yaml_cpp_vendor/lib:/opt/ros/galactic/opt/rviz_ogre_vendor/lib:/opt/ros/galactic/lib/x86_64-linux-gnu:/opt/ros/galactic/lib:/usr/lib/x86_64-linux-gnu/gazebo-11/plugins:/usr/lib/x86_64-linux-gnu/gazebo-11/plugins:/usr/lib/x86_64-linux-gnu/gazebo-11/plugins /usr/bin/cmake --build /home/armrs/drone_racing_ros2_ws/build/tello_gazebo -- -j4 -l4
[1.475s] DEBUG:colcon.colcon_core.event_handler.log_command:Invoked command in '/home/armrs/drone_racing_ros2_ws/build/tello_driver' returned '0': CMAKE_PREFIX_PATH=/home/armrs/drone_racing_ros2_ws/install/tello_msgs:/home/armrs/drone_racing_ros2_ws/install/ros2_shared:/home/armrs/drone_racing_ros2_ws/install/tello_gazebo:/home/armrs/drone_racing_ros2_ws/install/tello_driver:/home/armrs/drone_racing_ros2_ws/install/tello_description:/opt/ros/galactic LD_LIBRARY_PATH=/home/armrs/drone_racing_ros2_ws/install/tello_msgs/lib:/home/armrs/drone_racing_ros2_ws/install/tello_gazebo/lib:/home/armrs/drone_racing_ros2_ws/install/tello_driver/lib:/usr/lib/x86_64-linux-gnu/gazebo-11/plugins:/opt/ros/galactic/opt/yaml_cpp_vendor/lib:/opt/ros/galactic/opt/rviz_ogre_vendor/lib:/opt/ros/galactic/lib/x86_64-linux-gnu:/opt/ros/galactic/lib:/usr/lib/x86_64-linux-gnu/gazebo-11/plugins:/usr/lib/x86_64-linux-gnu/gazebo-11/plugins:/usr/lib/x86_64-linux-gnu/gazebo-11/plugins /usr/bin/cmake --build /home/armrs/drone_racing_ros2_ws/build/tello_driver -- -j4 -l4
[1.479s] DEBUG:colcon.colcon_core.event_handler.log_command:Invoking command in '/home/armrs/drone_racing_ros2_ws/build/tello_driver': CMAKE_PREFIX_PATH=/home/armrs/drone_racing_ros2_ws/install/tello_msgs:/home/armrs/drone_racing_ros2_ws/install/ros2_shared:/home/armrs/drone_racing_ros2_ws/install/tello_gazebo:/home/armrs/drone_racing_ros2_ws/install/tello_driver:/home/armrs/drone_racing_ros2_ws/install/tello_description:/opt/ros/galactic LD_LIBRARY_PATH=/home/armrs/drone_racing_ros2_ws/install/tello_msgs/lib:/home/armrs/drone_racing_ros2_ws/install/tello_gazebo/lib:/home/armrs/drone_racing_ros2_ws/install/tello_driver/lib:/usr/lib/x86_64-linux-gnu/gazebo-11/plugins:/opt/ros/galactic/opt/yaml_cpp_vendor/lib:/opt/ros/galactic/opt/rviz_ogre_vendor/lib:/opt/ros/galactic/lib/x86_64-linux-gnu:/opt/ros/galactic/lib:/usr/lib/x86_64-linux-gnu/gazebo-11/plugins:/usr/lib/x86_64-linux-gnu/gazebo-11/plugins:/usr/lib/x86_64-linux-gnu/gazebo-11/plugins /usr/bin/cmake --install /home/armrs/drone_racing_ros2_ws/build/tello_driver
[1.483s] DEBUG:colcon.colcon_core.event_handler.log_command:Invoked command in '/home/armrs/drone_racing_ros2_ws/build/tello_gazebo' returned '0': CMAKE_PREFIX_PATH=/home/armrs/drone_racing_ros2_ws/install/tello_msgs:/home/armrs/drone_racing_ros2_ws/install/tello_gazebo:/home/armrs/drone_racing_ros2_ws/install/tello_driver:/home/armrs/drone_racing_ros2_ws/install/tello_description:/home/armrs/drone_racing_ros2_ws/install/ros2_shared:/opt/ros/galactic LD_LIBRARY_PATH=/home/armrs/drone_racing_ros2_ws/install/tello_msgs/lib:/home/armrs/drone_racing_ros2_ws/install/tello_gazebo/lib:/home/armrs/drone_racing_ros2_ws/install/tello_driver/lib:/usr/lib/x86_64-linux-gnu/gazebo-11/plugins:/opt/ros/galactic/opt/yaml_cpp_vendor/lib:/opt/ros/galactic/opt/rviz_ogre_vendor/lib:/opt/ros/galactic/lib/x86_64-linux-gnu:/opt/ros/galactic/lib:/usr/lib/x86_64-linux-gnu/gazebo-11/plugins:/usr/lib/x86_64-linux-gnu/gazebo-11/plugins:/usr/lib/x86_64-linux-gnu/gazebo-11/plugins /usr/bin/cmake --build /home/armrs/drone_racing_ros2_ws/build/tello_gazebo -- -j4 -l4
[1.487s] DEBUG:colcon.colcon_core.event_handler.log_command:Invoking command in '/home/armrs/drone_racing_ros2_ws/build/tello_gazebo': CMAKE_PREFIX_PATH=/home/armrs/drone_racing_ros2_ws/install/tello_msgs:/home/armrs/drone_racing_ros2_ws/install/tello_gazebo:/home/armrs/drone_racing_ros2_ws/install/tello_driver:/home/armrs/drone_racing_ros2_ws/install/tello_description:/home/armrs/drone_racing_ros2_ws/install/ros2_shared:/opt/ros/galactic LD_LIBRARY_PATH=/home/armrs/drone_racing_ros2_ws/install/tello_msgs/lib:/home/armrs/drone_racing_ros2_ws/install/tello_gazebo/lib:/home/armrs/drone_racing_ros2_ws/install/tello_driver/lib:/usr/lib/x86_64-linux-gnu/gazebo-11/plugins:/opt/ros/galactic/opt/yaml_cpp_vendor/lib:/opt/ros/galactic/opt/rviz_ogre_vendor/lib:/opt/ros/galactic/lib/x86_64-linux-gnu:/opt/ros/galactic/lib:/usr/lib/x86_64-linux-gnu/gazebo-11/plugins:/usr/lib/x86_64-linux-gnu/gazebo-11/plugins:/usr/lib/x86_64-linux-gnu/gazebo-11/plugins /usr/bin/cmake --install /home/armrs/drone_racing_ros2_ws/build/tello_gazebo
[1.499s] Level 1:colcon.colcon_core.environment:create_environment_scripts_only(tello_driver)
[1.500s] Level 1:colcon.colcon_core.environment:checking '/home/armrs/drone_racing_ros2_ws/install/tello_driver' for CMake module files
[1.503s] DEBUG:colcon.colcon_core.event_handler.log_command:Invoked command in '/home/armrs/drone_racing_ros2_ws/build/tello_driver' returned '0': CMAKE_PREFIX_PATH=/home/armrs/drone_racing_ros2_ws/install/tello_msgs:/home/armrs/drone_racing_ros2_ws/install/ros2_shared:/home/armrs/drone_racing_ros2_ws/install/tello_gazebo:/home/armrs/drone_racing_ros2_ws/install/tello_driver:/home/armrs/drone_racing_ros2_ws/install/tello_description:/opt/ros/galactic LD_LIBRARY_PATH=/home/armrs/drone_racing_ros2_ws/install/tello_msgs/lib:/home/armrs/drone_racing_ros2_ws/install/tello_gazebo/lib:/home/armrs/drone_racing_ros2_ws/install/tello_driver/lib:/usr/lib/x86_64-linux-gnu/gazebo-11/plugins:/opt/ros/galactic/opt/yaml_cpp_vendor/lib:/opt/ros/galactic/opt/rviz_ogre_vendor/lib:/opt/ros/galactic/lib/x86_64-linux-gnu:/opt/ros/galactic/lib:/usr/lib/x86_64-linux-gnu/gazebo-11/plugins:/usr/lib/x86_64-linux-gnu/gazebo-11/plugins:/usr/lib/x86_64-linux-gnu/gazebo-11/plugins /usr/bin/cmake --install /home/armrs/drone_racing_ros2_ws/build/tello_driver
[1.504s] Level 1:colcon.colcon_core.environment:checking '/home/armrs/drone_racing_ros2_ws/install/tello_driver' for CMake config files
[1.506s] Level 1:colcon.colcon_core.shell:create_environment_hook('tello_driver', 'cmake_prefix_path')
[1.506s] INFO:colcon.colcon_core.shell:Creating environment hook '/home/armrs/drone_racing_ros2_ws/install/tello_driver/share/tello_driver/hook/cmake_prefix_path.ps1'
[1.508s] INFO:colcon.colcon_core.shell:Creating environment descriptor '/home/armrs/drone_racing_ros2_ws/install/tello_driver/share/tello_driver/hook/cmake_prefix_path.dsv'
[1.509s] INFO:colcon.colcon_core.shell:Creating environment hook '/home/armrs/drone_racing_ros2_ws/install/tello_driver/share/tello_driver/hook/cmake_prefix_path.sh'
[1.510s] Level 1:colcon.colcon_core.environment:checking '/home/armrs/drone_racing_ros2_ws/install/tello_driver/lib'
[1.511s] Level 1:colcon.colcon_core.shell:create_environment_hook('tello_driver', 'ld_library_path_lib')
[1.511s] INFO:colcon.colcon_core.shell:Creating environment hook '/home/armrs/drone_racing_ros2_ws/install/tello_driver/share/tello_driver/hook/ld_library_path_lib.ps1'
[1.512s] INFO:colcon.colcon_core.shell:Creating environment descriptor '/home/armrs/drone_racing_ros2_ws/install/tello_driver/share/tello_driver/hook/ld_library_path_lib.dsv'
[1.513s] INFO:colcon.colcon_core.shell:Creating environment hook '/home/armrs/drone_racing_ros2_ws/install/tello_driver/share/tello_driver/hook/ld_library_path_lib.sh'
[1.513s] Level 1:colcon.colcon_core.environment:checking '/home/armrs/drone_racing_ros2_ws/install/tello_driver/bin'
[1.514s] Level 1:colcon.colcon_core.environment:checking '/home/armrs/drone_racing_ros2_ws/install/tello_driver/lib/pkgconfig/tello_driver.pc'
[1.514s] Level 1:colcon.colcon_core.environment:checking '/home/armrs/drone_racing_ros2_ws/install/tello_driver/lib/python3.8/site-packages'
[1.514s] Level 1:colcon.colcon_core.environment:checking '/home/armrs/drone_racing_ros2_ws/install/tello_driver/bin'
[1.515s] INFO:colcon.colcon_core.shell:Creating package script '/home/armrs/drone_racing_ros2_ws/install/tello_driver/share/tello_driver/package.ps1'
[1.515s] INFO:colcon.colcon_core.shell:Creating package descriptor '/home/armrs/drone_racing_ros2_ws/install/tello_driver/share/tello_driver/package.dsv'
[1.516s] INFO:colcon.colcon_core.shell:Creating package script '/home/armrs/drone_racing_ros2_ws/install/tello_driver/share/tello_driver/package.sh'
[1.517s] INFO:colcon.colcon_core.shell:Creating package script '/home/armrs/drone_racing_ros2_ws/install/tello_driver/share/tello_driver/package.bash'
[1.518s] INFO:colcon.colcon_core.shell:Creating package script '/home/armrs/drone_racing_ros2_ws/install/tello_driver/share/tello_driver/package.zsh'
[1.518s] Level 1:colcon.colcon_core.environment:create_file_with_runtime_dependencies(/home/armrs/drone_racing_ros2_ws/install/tello_driver/share/colcon-core/packages/tello_driver)
[1.520s] Level 1:colcon.colcon_core.environment:create_environment_scripts_only(tello_driver)
[1.520s] Level 1:colcon.colcon_core.environment:checking '/home/armrs/drone_racing_ros2_ws/install/tello_driver' for CMake module files
[1.521s] Level 1:colcon.colcon_core.environment:checking '/home/armrs/drone_racing_ros2_ws/install/tello_driver' for CMake config files
[1.522s] Level 1:colcon.colcon_core.shell:create_environment_hook('tello_driver', 'cmake_prefix_path')
[1.523s] INFO:colcon.colcon_core.shell:Creating environment hook '/home/armrs/drone_racing_ros2_ws/install/tello_driver/share/tello_driver/hook/cmake_prefix_path.ps1'
[1.523s] INFO:colcon.colcon_core.shell:Creating environment descriptor '/home/armrs/drone_racing_ros2_ws/install/tello_driver/share/tello_driver/hook/cmake_prefix_path.dsv'
[1.524s] INFO:colcon.colcon_core.shell:Creating environment hook '/home/armrs/drone_racing_ros2_ws/install/tello_driver/share/tello_driver/hook/cmake_prefix_path.sh'
[1.525s] Level 1:colcon.colcon_core.environment:checking '/home/armrs/drone_racing_ros2_ws/install/tello_driver/lib'
[1.525s] Level 1:colcon.colcon_core.shell:create_environment_hook('tello_driver', 'ld_library_path_lib')
[1.526s] INFO:colcon.colcon_core.shell:Creating environment hook '/home/armrs/drone_racing_ros2_ws/install/tello_driver/share/tello_driver/hook/ld_library_path_lib.ps1'
[1.526s] INFO:colcon.colcon_core.shell:Creating environment descriptor '/home/armrs/drone_racing_ros2_ws/install/tello_driver/share/tello_driver/hook/ld_library_path_lib.dsv'
[1.527s] INFO:colcon.colcon_core.shell:Creating environment hook '/home/armrs/drone_racing_ros2_ws/install/tello_driver/share/tello_driver/hook/ld_library_path_lib.sh'
[1.528s] Level 1:colcon.colcon_core.environment:checking '/home/armrs/drone_racing_ros2_ws/install/tello_driver/bin'
[1.528s] Level 1:colcon.colcon_core.environment:checking '/home/armrs/drone_racing_ros2_ws/install/tello_driver/lib/pkgconfig/tello_driver.pc'
[1.528s] Level 1:colcon.colcon_core.environment:checking '/home/armrs/drone_racing_ros2_ws/install/tello_driver/lib/python3.8/site-packages'
[1.528s] Level 1:colcon.colcon_core.environment:checking '/home/armrs/drone_racing_ros2_ws/install/tello_driver/bin'
[1.529s] INFO:colcon.colcon_core.shell:Creating package script '/home/armrs/drone_racing_ros2_ws/install/tello_driver/share/tello_driver/package.ps1'
[1.529s] INFO:colcon.colcon_core.shell:Creating package descriptor '/home/armrs/drone_racing_ros2_ws/install/tello_driver/share/tello_driver/package.dsv'
[1.530s] INFO:colcon.colcon_core.shell:Creating package script '/home/armrs/drone_racing_ros2_ws/install/tello_driver/share/tello_driver/package.sh'
[1.530s] INFO:colcon.colcon_core.shell:Creating package script '/home/armrs/drone_racing_ros2_ws/install/tello_driver/share/tello_driver/package.bash'
[1.531s] INFO:colcon.colcon_core.shell:Creating package script '/home/armrs/drone_racing_ros2_ws/install/tello_driver/share/tello_driver/package.zsh'
[1.531s] Level 1:colcon.colcon_core.environment:create_file_with_runtime_dependencies(/home/armrs/drone_racing_ros2_ws/install/tello_driver/share/colcon-core/packages/tello_driver)
[1.533s] Level 1:colcon.colcon_core.environment:create_environment_scripts_only(tello_gazebo)
[1.533s] Level 1:colcon.colcon_core.environment:checking '/home/armrs/drone_racing_ros2_ws/install/tello_gazebo' for CMake module files
[1.535s] DEBUG:colcon.colcon_core.event_handler.log_command:Invoked command in '/home/armrs/drone_racing_ros2_ws/build/tello_gazebo' returned '0': CMAKE_PREFIX_PATH=/home/armrs/drone_racing_ros2_ws/install/tello_msgs:/home/armrs/drone_racing_ros2_ws/install/tello_gazebo:/home/armrs/drone_racing_ros2_ws/install/tello_driver:/home/armrs/drone_racing_ros2_ws/install/tello_description:/home/armrs/drone_racing_ros2_ws/install/ros2_shared:/opt/ros/galactic LD_LIBRARY_PATH=/home/armrs/drone_racing_ros2_ws/install/tello_msgs/lib:/home/armrs/drone_racing_ros2_ws/install/tello_gazebo/lib:/home/armrs/drone_racing_ros2_ws/install/tello_driver/lib:/usr/lib/x86_64-linux-gnu/gazebo-11/plugins:/opt/ros/galactic/opt/yaml_cpp_vendor/lib:/opt/ros/galactic/opt/rviz_ogre_vendor/lib:/opt/ros/galactic/lib/x86_64-linux-gnu:/opt/ros/galactic/lib:/usr/lib/x86_64-linux-gnu/gazebo-11/plugins:/usr/lib/x86_64-linux-gnu/gazebo-11/plugins:/usr/lib/x86_64-linux-gnu/gazebo-11/plugins /usr/bin/cmake --install /home/armrs/drone_racing_ros2_ws/build/tello_gazebo
[1.535s] Level 1:colcon.colcon_core.environment:checking '/home/armrs/drone_racing_ros2_ws/install/tello_gazebo' for CMake config files
[1.536s] Level 1:colcon.colcon_core.shell:create_environment_hook('tello_gazebo', 'cmake_prefix_path')
[1.536s] INFO:colcon.colcon_core.shell:Creating environment hook '/home/armrs/drone_racing_ros2_ws/install/tello_gazebo/share/tello_gazebo/hook/cmake_prefix_path.ps1'
[1.537s] INFO:colcon.colcon_core.shell:Creating environment descriptor '/home/armrs/drone_racing_ros2_ws/install/tello_gazebo/share/tello_gazebo/hook/cmake_prefix_path.dsv'
[1.538s] INFO:colcon.colcon_core.shell:Creating environment hook '/home/armrs/drone_racing_ros2_ws/install/tello_gazebo/share/tello_gazebo/hook/cmake_prefix_path.sh'
[1.538s] Level 1:colcon.colcon_core.environment:checking '/home/armrs/drone_racing_ros2_ws/install/tello_gazebo/lib'
[1.539s] Level 1:colcon.colcon_core.shell:create_environment_hook('tello_gazebo', 'ld_library_path_lib')
[1.539s] INFO:colcon.colcon_core.shell:Creating environment hook '/home/armrs/drone_racing_ros2_ws/install/tello_gazebo/share/tello_gazebo/hook/ld_library_path_lib.ps1'
[1.540s] INFO:colcon.colcon_core.shell:Creating environment descriptor '/home/armrs/drone_racing_ros2_ws/install/tello_gazebo/share/tello_gazebo/hook/ld_library_path_lib.dsv'
[1.541s] INFO:colcon.colcon_core.shell:Creating environment hook '/home/armrs/drone_racing_ros2_ws/install/tello_gazebo/share/tello_gazebo/hook/ld_library_path_lib.sh'
[1.541s] Level 1:colcon.colcon_core.environment:checking '/home/armrs/drone_racing_ros2_ws/install/tello_gazebo/bin'
[1.542s] Level 1:colcon.colcon_core.environment:checking '/home/armrs/drone_racing_ros2_ws/install/tello_gazebo/lib/pkgconfig/tello_gazebo.pc'
[1.542s] Level 1:colcon.colcon_core.environment:checking '/home/armrs/drone_racing_ros2_ws/install/tello_gazebo/lib/python3.8/site-packages'
[1.542s] Level 1:colcon.colcon_core.environment:checking '/home/armrs/drone_racing_ros2_ws/install/tello_gazebo/bin'
[1.542s] INFO:colcon.colcon_core.shell:Creating package script '/home/armrs/drone_racing_ros2_ws/install/tello_gazebo/share/tello_gazebo/package.ps1'
[1.543s] INFO:colcon.colcon_core.shell:Creating package descriptor '/home/armrs/drone_racing_ros2_ws/install/tello_gazebo/share/tello_gazebo/package.dsv'
[1.543s] INFO:colcon.colcon_core.shell:Creating package script '/home/armrs/drone_racing_ros2_ws/install/tello_gazebo/share/tello_gazebo/package.sh'
[1.544s] INFO:colcon.colcon_core.shell:Creating package script '/home/armrs/drone_racing_ros2_ws/install/tello_gazebo/share/tello_gazebo/package.bash'
[1.544s] INFO:colcon.colcon_core.shell:Creating package script '/home/armrs/drone_racing_ros2_ws/install/tello_gazebo/share/tello_gazebo/package.zsh'
[1.545s] Level 1:colcon.colcon_core.environment:create_file_with_runtime_dependencies(/home/armrs/drone_racing_ros2_ws/install/tello_gazebo/share/colcon-core/packages/tello_gazebo)
[1.545s] Level 1:colcon.colcon_core.environment:create_environment_scripts_only(tello_gazebo)
[1.546s] Level 1:colcon.colcon_core.environment:checking '/home/armrs/drone_racing_ros2_ws/install/tello_gazebo' for CMake module files
[1.546s] Level 1:colcon.colcon_core.environment:checking '/home/armrs/drone_racing_ros2_ws/install/tello_gazebo' for CMake config files
[1.547s] Level 1:colcon.colcon_core.shell:create_environment_hook('tello_gazebo', 'cmake_prefix_path')
[1.547s] INFO:colcon.colcon_core.shell:Creating environment hook '/home/armrs/drone_racing_ros2_ws/install/tello_gazebo/share/tello_gazebo/hook/cmake_prefix_path.ps1'
[1.547s] INFO:colcon.colcon_core.shell:Creating environment descriptor '/home/armrs/drone_racing_ros2_ws/install/tello_gazebo/share/tello_gazebo/hook/cmake_prefix_path.dsv'
[1.548s] INFO:colcon.colcon_core.shell:Creating environment hook '/home/armrs/drone_racing_ros2_ws/install/tello_gazebo/share/tello_gazebo/hook/cmake_prefix_path.sh'
[1.549s] Level 1:colcon.colcon_core.environment:checking '/home/armrs/drone_racing_ros2_ws/install/tello_gazebo/lib'
[1.549s] Level 1:colcon.colcon_core.shell:create_environment_hook('tello_gazebo', 'ld_library_path_lib')
[1.549s] INFO:colcon.colcon_core.shell:Creating environment hook '/home/armrs/drone_racing_ros2_ws/install/tello_gazebo/share/tello_gazebo/hook/ld_library_path_lib.ps1'
[1.549s] INFO:colcon.colcon_core.shell:Creating environment descriptor '/home/armrs/drone_racing_ros2_ws/install/tello_gazebo/share/tello_gazebo/hook/ld_library_path_lib.dsv'
[1.550s] INFO:colcon.colcon_core.shell:Creating environment hook '/home/armrs/drone_racing_ros2_ws/install/tello_gazebo/share/tello_gazebo/hook/ld_library_path_lib.sh'
[1.550s] Level 1:colcon.colcon_core.environment:checking '/home/armrs/drone_racing_ros2_ws/install/tello_gazebo/bin'
[1.550s] Level 1:colcon.colcon_core.environment:checking '/home/armrs/drone_racing_ros2_ws/install/tello_gazebo/lib/pkgconfig/tello_gazebo.pc'
[1.551s] Level 1:colcon.colcon_core.environment:checking '/home/armrs/drone_racing_ros2_ws/install/tello_gazebo/lib/python3.8/site-packages'
[1.551s] Level 1:colcon.colcon_core.environment:checking '/home/armrs/drone_racing_ros2_ws/install/tello_gazebo/bin'
[1.551s] INFO:colcon.colcon_core.shell:Creating package script '/home/armrs/drone_racing_ros2_ws/install/tello_gazebo/share/tello_gazebo/package.ps1'
[1.552s] INFO:colcon.colcon_core.shell:Creating package descriptor '/home/armrs/drone_racing_ros2_ws/install/tello_gazebo/share/tello_gazebo/package.dsv'
[1.552s] INFO:colcon.colcon_core.shell:Creating package script '/home/armrs/drone_racing_ros2_ws/install/tello_gazebo/share/tello_gazebo/package.sh'
[1.553s] INFO:colcon.colcon_core.shell:Creating package script '/home/armrs/drone_racing_ros2_ws/install/tello_gazebo/share/tello_gazebo/package.bash'
[1.553s] INFO:colcon.colcon_core.shell:Creating package script '/home/armrs/drone_racing_ros2_ws/install/tello_gazebo/share/tello_gazebo/package.zsh'
[1.554s] Level 1:colcon.colcon_core.environment:create_file_with_runtime_dependencies(/home/armrs/drone_racing_ros2_ws/install/tello_gazebo/share/colcon-core/packages/tello_gazebo)
[1.554s] DEBUG:colcon.colcon_parallel_executor.executor.parallel:closing loop
[1.555s] DEBUG:colcon.colcon_parallel_executor.executor.parallel:loop closed
[1.555s] DEBUG:colcon.colcon_parallel_executor.executor.parallel:run_until_complete finished with '0'
[1.555s] DEBUG:colcon.colcon_core.event_reactor:joining thread
[1.561s] INFO:colcon.colcon_core.plugin_system:Skipping extension 'colcon_notification.desktop_notification.terminal_notifier': Not used on non-Darwin systems
[1.561s] INFO:colcon.colcon_core.plugin_system:Skipping extension 'colcon_notification.desktop_notification.win32': Not used on non-Windows systems
[1.561s] INFO:colcon.colcon_notification.desktop_notification:Sending desktop notification using 'notify2'
[1.577s] DEBUG:colcon.colcon_core.event_reactor:joined thread
[1.577s] INFO:colcon.colcon_core.shell:Creating prefix script '/home/armrs/drone_racing_ros2_ws/install/local_setup.ps1'
[1.578s] INFO:colcon.colcon_core.shell:Creating prefix util module '/home/armrs/drone_racing_ros2_ws/install/_local_setup_util_ps1.py'
[1.580s] INFO:colcon.colcon_core.shell:Creating prefix chain script '/home/armrs/drone_racing_ros2_ws/install/setup.ps1'
[1.582s] INFO:colcon.colcon_core.shell:Creating prefix script '/home/armrs/drone_racing_ros2_ws/install/local_setup.sh'
[1.583s] INFO:colcon.colcon_core.shell:Creating prefix util module '/home/armrs/drone_racing_ros2_ws/install/_local_setup_util_sh.py'
[1.584s] INFO:colcon.colcon_core.shell:Creating prefix chain script '/home/armrs/drone_racing_ros2_ws/install/setup.sh'
[1.587s] INFO:colcon.colcon_core.shell:Creating prefix script '/home/armrs/drone_racing_ros2_ws/install/local_setup.bash'
[1.587s] INFO:colcon.colcon_core.shell:Creating prefix chain script '/home/armrs/drone_racing_ros2_ws/install/setup.bash'
[1.589s] INFO:colcon.colcon_core.shell:Creating prefix script '/home/armrs/drone_racing_ros2_ws/install/local_setup.zsh'
[1.589s] INFO:colcon.colcon_core.shell:Creating prefix chain script '/home/armrs/drone_racing_ros2_ws/install/setup.zsh'
