[0.040s] Invoking command in '/home/armrs/drone_racing_ros2_ws/build/tello_description': CMAKE_PREFIX_PATH=${CMAKE_PREFIX_PATH}:/opt/ros/galactic /usr/bin/cmake --build /home/armrs/drone_racing_ros2_ws/build/tello_description -- -j4 -l4
[0.172s] [ 11%] [34m[1mGenerate /home/armrs/drone_racing_ros2_ws/build/tello_description/urdf/tello_6.urdf[0m
[0.211s] [ 22%] [34m[1mGenerate /home/armrs/drone_racing_ros2_ws/build/tello_description/urdf/tello_1.urdf[0m
[0.211s] [ 33%] [34m[1mGenerate /home/armrs/drone_racing_ros2_ws/build/tello_description/urdf/tello_3.urdf[0m
[0.221s] [ 44%] [34m[1mGenerate /home/armrs/drone_racing_ros2_ws/build/tello_description/urdf/tello.urdf[0m
[0.321s] [ 44%] Built target generate_urdf_6
[0.329s] [ 44%] Built target generate_urdf_3
[0.334s] [ 44%] Built target generate_urdf_1
[0.338s] [ 44%] Built target generate_urdf
[0.376s] [ 66%] [34m[1mGenerate /home/armrs/drone_racing_ros2_ws/build/tello_description/urdf/tello_4.urdf[0m
[0.377s] [ 66%] [34m[1mGenerate /home/armrs/drone_racing_ros2_ws/build/tello_description/urdf/tello_5.urdf[0m
[0.388s] [ 77%] [34m[1mGenerate /home/armrs/drone_racing_ros2_ws/build/tello_description/urdf/tello_8.urdf[0m
[0.399s] [ 88%] [34m[1mGenerate /home/armrs/drone_racing_ros2_ws/build/tello_description/urdf/tello_7.urdf[0m
[0.451s] [ 88%] Built target generate_urdf_4
[0.479s] [ 88%] Built target generate_urdf_8
[0.482s] [ 88%] Built target generate_urdf_5
[0.486s] [ 88%] Built target generate_urdf_7
[0.495s] [100%] [34m[1mGenerate /home/armrs/drone_racing_ros2_ws/build/tello_description/urdf/tello_2.urdf[0m
[0.541s] [100%] Built target generate_urdf_2
[0.567s] Invoked command in '/home/armrs/drone_racing_ros2_ws/build/tello_description' returned '0': CMAKE_PREFIX_PATH=${CMAKE_PREFIX_PATH}:/opt/ros/galactic /usr/bin/cmake --build /home/armrs/drone_racing_ros2_ws/build/tello_description -- -j4 -l4
[0.568s] Invoking command in '/home/armrs/drone_racing_ros2_ws/build/tello_description': CMAKE_PREFIX_PATH=${CMAKE_PREFIX_PATH}:/opt/ros/galactic /usr/bin/cmake --install /home/armrs/drone_racing_ros2_ws/build/tello_description
[0.588s] -- Install configuration: ""
[0.588s] -- Up-to-date: /home/armrs/drone_racing_ros2_ws/install/tello_description/share/tello_description/urdf
[0.588s] -- Installing: /home/armrs/drone_racing_ros2_ws/install/tello_description/share/tello_description/urdf/tello_7.urdf
[0.589s] -- Installing: /home/armrs/drone_racing_ros2_ws/install/tello_description/share/tello_description/urdf/tello.urdf
[0.589s] -- Installing: /home/armrs/drone_racing_ros2_ws/install/tello_description/share/tello_description/urdf/tello_2.urdf
[0.589s] -- Installing: /home/armrs/drone_racing_ros2_ws/install/tello_description/share/tello_description/urdf/tello_3.urdf
[0.589s] -- Installing: /home/armrs/drone_racing_ros2_ws/install/tello_description/share/tello_description/urdf/tello_6.urdf
[0.589s] -- Installing: /home/armrs/drone_racing_ros2_ws/install/tello_description/share/tello_description/urdf/tello_1.urdf
[0.590s] -- Installing: /home/armrs/drone_racing_ros2_ws/install/tello_description/share/tello_description/urdf/tello_5.urdf
[0.590s] -- Installing: /home/armrs/drone_racing_ros2_ws/install/tello_description/share/tello_description/urdf/tello_8.urdf
[0.590s] -- Installing: /home/armrs/drone_racing_ros2_ws/install/tello_description/share/tello_description/urdf/tello_4.urdf
[0.590s] -- Up-to-date: /home/armrs/drone_racing_ros2_ws/install/tello_description/share/ament_index/resource_index/package_run_dependencies/tello_description
[0.591s] -- Up-to-date: /home/armrs/drone_racing_ros2_ws/install/tello_description/share/ament_index/resource_index/parent_prefix_path/tello_description
[0.591s] -- Up-to-date: /home/armrs/drone_racing_ros2_ws/install/tello_description/share/tello_description/environment/ament_prefix_path.sh
[0.591s] -- Up-to-date: /home/armrs/drone_racing_ros2_ws/install/tello_description/share/tello_description/environment/ament_prefix_path.dsv
[0.592s] -- Up-to-date: /home/armrs/drone_racing_ros2_ws/install/tello_description/share/tello_description/environment/path.sh
[0.592s] -- Up-to-date: /home/armrs/drone_racing_ros2_ws/install/tello_description/share/tello_description/environment/path.dsv
[0.592s] -- Up-to-date: /home/armrs/drone_racing_ros2_ws/install/tello_description/share/tello_description/local_setup.bash
[0.592s] -- Up-to-date: /home/armrs/drone_racing_ros2_ws/install/tello_description/share/tello_description/local_setup.sh
[0.592s] -- Up-to-date: /home/armrs/drone_racing_ros2_ws/install/tello_description/share/tello_description/local_setup.zsh
[0.593s] -- Up-to-date: /home/armrs/drone_racing_ros2_ws/install/tello_description/share/tello_description/local_setup.dsv
[0.593s] -- Installing: /home/armrs/drone_racing_ros2_ws/install/tello_description/share/tello_description/package.dsv
[0.593s] -- Up-to-date: /home/armrs/drone_racing_ros2_ws/install/tello_description/share/ament_index/resource_index/packages/tello_description
[0.593s] -- Up-to-date: /home/armrs/drone_racing_ros2_ws/install/tello_description/share/tello_description/cmake/tello_descriptionConfig.cmake
[0.594s] -- Up-to-date: /home/armrs/drone_racing_ros2_ws/install/tello_description/share/tello_description/cmake/tello_descriptionConfig-version.cmake
[0.596s] -- Up-to-date: /home/armrs/drone_racing_ros2_ws/install/tello_description/share/tello_description/package.xml
[0.596s] Invoked command in '/home/armrs/drone_racing_ros2_ws/build/tello_description' returned '0': CMAKE_PREFIX_PATH=${CMAKE_PREFIX_PATH}:/opt/ros/galactic /usr/bin/cmake --install /home/armrs/drone_racing_ros2_ws/build/tello_description
