[0.022s] Invoking command in '/home/armrs/drone_racing_ros2_ws/build/tello_driver': AMENT_PREFIX_PATH=/home/armrs/drone_racing_ros2_ws/install/tello_msgs:/home/armrs/drone_racing_ros2_ws/install/ros2_shared:${AMENT_PREFIX_PATH} CMAKE_PREFIX_PATH=/home/armrs/drone_racing_ros2_ws/install/tello_msgs:/home/armrs/drone_racing_ros2_ws/install/ros2_shared:/opt/ros/galactic LD_LIBRARY_PATH=/home/armrs/drone_racing_ros2_ws/install/tello_msgs/lib:${LD_LIBRARY_PATH} PYTHONPATH=/home/armrs/drone_racing_ros2_ws/install/tello_msgs/lib/python3.8/site-packages:${PYTHONPATH} /usr/bin/cmake --build /home/armrs/drone_racing_ros2_ws/build/tello_driver -- -j4 -l4
[0.103s] [  9%] Built target tello_emulator
[0.185s] [ 22%] Built target tello_joy_main
[0.191s] [ 54%] Built target tello_driver_node
[0.208s] [ 63%] Built target tello_joy_node
[0.217s] [100%] Built target tello_driver_main
[0.306s] Invoked command in '/home/armrs/drone_racing_ros2_ws/build/tello_driver' returned '0': AMENT_PREFIX_PATH=/home/armrs/drone_racing_ros2_ws/install/tello_msgs:/home/armrs/drone_racing_ros2_ws/install/ros2_shared:${AMENT_PREFIX_PATH} CMAKE_PREFIX_PATH=/home/armrs/drone_racing_ros2_ws/install/tello_msgs:/home/armrs/drone_racing_ros2_ws/install/ros2_shared:/opt/ros/galactic LD_LIBRARY_PATH=/home/armrs/drone_racing_ros2_ws/install/tello_msgs/lib:${LD_LIBRARY_PATH} PYTHONPATH=/home/armrs/drone_racing_ros2_ws/install/tello_msgs/lib/python3.8/site-packages:${PYTHONPATH} /usr/bin/cmake --build /home/armrs/drone_racing_ros2_ws/build/tello_driver -- -j4 -l4
[0.307s] Invoking command in '/home/armrs/drone_racing_ros2_ws/build/tello_driver': AMENT_PREFIX_PATH=/home/armrs/drone_racing_ros2_ws/install/tello_msgs:/home/armrs/drone_racing_ros2_ws/install/ros2_shared:${AMENT_PREFIX_PATH} CMAKE_PREFIX_PATH=/home/armrs/drone_racing_ros2_ws/install/tello_msgs:/home/armrs/drone_racing_ros2_ws/install/ros2_shared:/opt/ros/galactic LD_LIBRARY_PATH=/home/armrs/drone_racing_ros2_ws/install/tello_msgs/lib:${LD_LIBRARY_PATH} PYTHONPATH=/home/armrs/drone_racing_ros2_ws/install/tello_msgs/lib/python3.8/site-packages:${PYTHONPATH} /usr/bin/cmake --install /home/armrs/drone_racing_ros2_ws/build/tello_driver
[0.317s] -- Install configuration: ""
[0.325s] -- Up-to-date: /home/armrs/drone_racing_ros2_ws/install/tello_driver/share/tello_driver/environment/library_path.sh
[0.325s] -- Up-to-date: /home/armrs/drone_racing_ros2_ws/install/tello_driver/share/tello_driver/environment/library_path.dsv
[0.325s] -- Up-to-date: /home/armrs/drone_racing_ros2_ws/install/tello_driver/lib/libtello_driver_node.so
[0.325s] -- Up-to-date: /home/armrs/drone_racing_ros2_ws/install/tello_driver/lib/libtello_joy_node.so
[0.325s] -- Up-to-date: /home/armrs/drone_racing_ros2_ws/install/tello_driver/lib/tello_driver/tello_driver_main
[0.326s] -- Up-to-date: /home/armrs/drone_racing_ros2_ws/install/tello_driver/lib/tello_driver/tello_joy_main
[0.326s] -- Up-to-date: /home/armrs/drone_racing_ros2_ws/install/tello_driver/lib/tello_driver/tello_emulator
[0.326s] -- Up-to-date: /home/armrs/drone_racing_ros2_ws/install/tello_driver/share/tello_driver/cfg
[0.326s] -- Up-to-date: /home/armrs/drone_racing_ros2_ws/install/tello_driver/share/tello_driver/cfg/camera_info.yaml
[0.326s] -- Up-to-date: /home/armrs/drone_racing_ros2_ws/install/tello_driver/share/tello_driver/launch
[0.326s] -- Up-to-date: /home/armrs/drone_racing_ros2_ws/install/tello_driver/share/tello_driver/launch/teleop_launch.py
[0.327s] -- Up-to-date: /home/armrs/drone_racing_ros2_ws/install/tello_driver/share/tello_driver/launch/emulator_launch.py
[0.327s] -- Up-to-date: /home/armrs/drone_racing_ros2_ws/install/tello_driver/share/tello_driver/launch/emulators_launch.py
[0.327s] -- Up-to-date: /home/armrs/drone_racing_ros2_ws/install/tello_driver/share/ament_index/resource_index/package_run_dependencies/tello_driver
[0.327s] -- Up-to-date: /home/armrs/drone_racing_ros2_ws/install/tello_driver/share/ament_index/resource_index/parent_prefix_path/tello_driver
[0.327s] -- Up-to-date: /home/armrs/drone_racing_ros2_ws/install/tello_driver/share/tello_driver/environment/ament_prefix_path.sh
[0.329s] -- Up-to-date: /home/armrs/drone_racing_ros2_ws/install/tello_driver/share/tello_driver/environment/ament_prefix_path.dsv
[0.330s] -- Up-to-date: /home/armrs/drone_racing_ros2_ws/install/tello_driver/share/tello_driver/environment/path.sh
[0.330s] -- Up-to-date: /home/armrs/drone_racing_ros2_ws/install/tello_driver/share/tello_driver/environment/path.dsv
[0.330s] -- Up-to-date: /home/armrs/drone_racing_ros2_ws/install/tello_driver/share/tello_driver/local_setup.bash
[0.331s] -- Up-to-date: /home/armrs/drone_racing_ros2_ws/install/tello_driver/share/tello_driver/local_setup.sh
[0.331s] -- Up-to-date: /home/armrs/drone_racing_ros2_ws/install/tello_driver/share/tello_driver/local_setup.zsh
[0.331s] -- Up-to-date: /home/armrs/drone_racing_ros2_ws/install/tello_driver/share/tello_driver/local_setup.dsv
[0.331s] -- Installing: /home/armrs/drone_racing_ros2_ws/install/tello_driver/share/tello_driver/package.dsv
[0.331s] -- Up-to-date: /home/armrs/drone_racing_ros2_ws/install/tello_driver/share/ament_index/resource_index/packages/tello_driver
[0.331s] -- Up-to-date: /home/armrs/drone_racing_ros2_ws/install/tello_driver/share/ament_index/resource_index/rclcpp_components/tello_driver
[0.332s] -- Up-to-date: /home/armrs/drone_racing_ros2_ws/install/tello_driver/share/tello_driver/cmake/tello_driverConfig.cmake
[0.332s] -- Up-to-date: /home/armrs/drone_racing_ros2_ws/install/tello_driver/share/tello_driver/cmake/tello_driverConfig-version.cmake
[0.332s] -- Up-to-date: /home/armrs/drone_racing_ros2_ws/install/tello_driver/share/tello_driver/package.xml
[0.332s] Invoked command in '/home/armrs/drone_racing_ros2_ws/build/tello_driver' returned '0': AMENT_PREFIX_PATH=/home/armrs/drone_racing_ros2_ws/install/tello_msgs:/home/armrs/drone_racing_ros2_ws/install/ros2_shared:${AMENT_PREFIX_PATH} CMAKE_PREFIX_PATH=/home/armrs/drone_racing_ros2_ws/install/tello_msgs:/home/armrs/drone_racing_ros2_ws/install/ros2_shared:/opt/ros/galactic LD_LIBRARY_PATH=/home/armrs/drone_racing_ros2_ws/install/tello_msgs/lib:${LD_LIBRARY_PATH} PYTHONPATH=/home/armrs/drone_racing_ros2_ws/install/tello_msgs/lib/python3.8/site-packages:${PYTHONPATH} /usr/bin/cmake --install /home/armrs/drone_racing_ros2_ws/build/tello_driver
