[0.265s] DEBUG:colcon:Command line arguments: ['/usr/bin/colcon', 'build']
[0.265s] DEBUG:colcon:Parsed command line arguments: Namespace(allow_overriding=[], ament_cmake_args=None, base_paths=['.'], build_base='build', catkin_cmake_args=None, catkin_skip_building_tests=False, cmake_args=None, cmake_clean_cache=False, cmake_clean_first=False, cmake_force_configure=False, cmake_target=None, cmake_target_skip_unavailable=False, continue_on_error=False, event_handlers=None, executor='parallel', ignore_user_meta=False, install_base='install', log_base=None, log_level=None, main=<bound method BuildVerb.main of <colcon_core.verb.build.BuildVerb object at 0x7f92dbc640d0>>, merge_install=False, metas=['./colcon.meta'], mixin=None, mixin_files=None, mixin_verb=('build',), packages_above=None, packages_above_and_dependencies=None, packages_above_depth=None, packages_end=None, packages_ignore=None, packages_ignore_regex=None, packages_select=None, packages_select_build_failed=False, packages_select_by_dep=None, packages_select_regex=None, packages_select_test_failures=False, packages_skip=None, packages_skip_build_finished=False, packages_skip_by_dep=None, packages_skip_regex=None, packages_skip_test_passed=False, packages_skip_up_to=None, packages_start=None, packages_up_to=None, packages_up_to_regex=None, parallel_workers=4, paths=None, symlink_install=False, test_result_base=None, verb_extension=<colcon_core.verb.build.BuildVerb object at 0x7f92dbc640d0>, verb_name='build', verb_parser=<colcon_mixin.mixin.mixin_argument.MixinArgumentDecorator object at 0x7f92dbc64bb0>)
[0.478s] Level 1:colcon.colcon_core.package_discovery:discover_packages(colcon_meta) check parameters
[0.478s] Level 1:colcon.colcon_core.package_discovery:discover_packages(recursive) check parameters
[0.478s] Level 1:colcon.colcon_core.package_discovery:discover_packages(ignore) check parameters
[0.478s] Level 1:colcon.colcon_core.package_discovery:discover_packages(path) check parameters
[0.478s] Level 1:colcon.colcon_core.package_discovery:discover_packages(colcon_meta) discover
[0.479s] Level 1:colcon.colcon_core.package_discovery:discover_packages(recursive) discover
[0.479s] INFO:colcon.colcon_core.package_discovery:Crawling recursively for packages in '/home/armrs/drone_racing_ros2_ws'
[0.479s] Level 1:colcon.colcon_core.package_identification:_identify(.) by extensions ['ignore', 'ignore_ament_install']
[0.479s] Level 1:colcon.colcon_core.package_identification:_identify(.) by extension 'ignore'
[0.479s] Level 1:colcon.colcon_core.package_identification:_identify(.) by extension 'ignore_ament_install'
[0.479s] Level 1:colcon.colcon_core.package_identification:_identify(.) by extensions ['colcon_pkg']
[0.479s] Level 1:colcon.colcon_core.package_identification:_identify(.) by extension 'colcon_pkg'
[0.479s] Level 1:colcon.colcon_core.package_identification:_identify(.) by extensions ['colcon_meta']
[0.479s] Level 1:colcon.colcon_core.package_identification:_identify(.) by extension 'colcon_meta'
[0.479s] Level 1:colcon.colcon_core.package_identification:_identify(.) by extensions ['ros']
[0.479s] Level 1:colcon.colcon_core.package_identification:_identify(.) by extension 'ros'
[0.495s] Level 1:colcon.colcon_core.package_identification:_identify(.) by extensions ['cmake', 'python']
[0.495s] Level 1:colcon.colcon_core.package_identification:_identify(.) by extension 'cmake'
[0.495s] Level 1:colcon.colcon_core.package_identification:_identify(.) by extension 'python'
[0.495s] Level 1:colcon.colcon_core.package_identification:_identify(.) by extensions ['python_setup_py']
[0.496s] Level 1:colcon.colcon_core.package_identification:_identify(.) by extension 'python_setup_py'
[0.496s] Level 1:colcon.colcon_core.package_identification:_identify(build) by extensions ['ignore', 'ignore_ament_install']
[0.496s] Level 1:colcon.colcon_core.package_identification:_identify(build) by extension 'ignore'
[0.496s] Level 1:colcon.colcon_core.package_identification:_identify(build) ignored
[0.496s] Level 1:colcon.colcon_core.package_identification:_identify(install) by extensions ['ignore', 'ignore_ament_install']
[0.496s] Level 1:colcon.colcon_core.package_identification:_identify(install) by extension 'ignore'
[0.496s] Level 1:colcon.colcon_core.package_identification:_identify(install) ignored
[0.496s] Level 1:colcon.colcon_core.package_identification:_identify(log) by extensions ['ignore', 'ignore_ament_install']
[0.496s] Level 1:colcon.colcon_core.package_identification:_identify(log) by extension 'ignore'
[0.496s] Level 1:colcon.colcon_core.package_identification:_identify(log) ignored
[0.496s] Level 1:colcon.colcon_core.package_identification:_identify(src) by extensions ['ignore', 'ignore_ament_install']
[0.497s] Level 1:colcon.colcon_core.package_identification:_identify(src) by extension 'ignore'
[0.497s] Level 1:colcon.colcon_core.package_identification:_identify(src) by extension 'ignore_ament_install'
[0.497s] Level 1:colcon.colcon_core.package_identification:_identify(src) by extensions ['colcon_pkg']
[0.497s] Level 1:colcon.colcon_core.package_identification:_identify(src) by extension 'colcon_pkg'
[0.497s] Level 1:colcon.colcon_core.package_identification:_identify(src) by extensions ['colcon_meta']
[0.497s] Level 1:colcon.colcon_core.package_identification:_identify(src) by extension 'colcon_meta'
[0.497s] Level 1:colcon.colcon_core.package_identification:_identify(src) by extensions ['ros']
[0.497s] Level 1:colcon.colcon_core.package_identification:_identify(src) by extension 'ros'
[0.497s] Level 1:colcon.colcon_core.package_identification:_identify(src) by extensions ['cmake', 'python']
[0.497s] Level 1:colcon.colcon_core.package_identification:_identify(src) by extension 'cmake'
[0.497s] Level 1:colcon.colcon_core.package_identification:_identify(src) by extension 'python'
[0.497s] Level 1:colcon.colcon_core.package_identification:_identify(src) by extensions ['python_setup_py']
[0.497s] Level 1:colcon.colcon_core.package_identification:_identify(src) by extension 'python_setup_py'
[0.497s] Level 1:colcon.colcon_core.package_identification:_identify(src/drone_racing_ros2) by extensions ['ignore', 'ignore_ament_install']
[0.497s] Level 1:colcon.colcon_core.package_identification:_identify(src/drone_racing_ros2) by extension 'ignore'
[0.497s] Level 1:colcon.colcon_core.package_identification:_identify(src/drone_racing_ros2) by extension 'ignore_ament_install'
[0.498s] Level 1:colcon.colcon_core.package_identification:_identify(src/drone_racing_ros2) by extensions ['colcon_pkg']
[0.498s] Level 1:colcon.colcon_core.package_identification:_identify(src/drone_racing_ros2) by extension 'colcon_pkg'
[0.498s] Level 1:colcon.colcon_core.package_identification:_identify(src/drone_racing_ros2) by extensions ['colcon_meta']
[0.498s] Level 1:colcon.colcon_core.package_identification:_identify(src/drone_racing_ros2) by extension 'colcon_meta'
[0.498s] Level 1:colcon.colcon_core.package_identification:_identify(src/drone_racing_ros2) by extensions ['ros']
[0.498s] Level 1:colcon.colcon_core.package_identification:_identify(src/drone_racing_ros2) by extension 'ros'
[0.498s] Level 1:colcon.colcon_core.package_identification:_identify(src/drone_racing_ros2) by extensions ['cmake', 'python']
[0.498s] Level 1:colcon.colcon_core.package_identification:_identify(src/drone_racing_ros2) by extension 'cmake'
[0.498s] Level 1:colcon.colcon_core.package_identification:_identify(src/drone_racing_ros2) by extension 'python'
[0.498s] Level 1:colcon.colcon_core.package_identification:_identify(src/drone_racing_ros2) by extensions ['python_setup_py']
[0.498s] Level 1:colcon.colcon_core.package_identification:_identify(src/drone_racing_ros2) by extension 'python_setup_py'
[0.498s] Level 1:colcon.colcon_core.package_identification:_identify(src/drone_racing_ros2/ros2_shared) by extensions ['ignore', 'ignore_ament_install']
[0.499s] Level 1:colcon.colcon_core.package_identification:_identify(src/drone_racing_ros2/ros2_shared) by extension 'ignore'
[0.499s] Level 1:colcon.colcon_core.package_identification:_identify(src/drone_racing_ros2/ros2_shared) by extension 'ignore_ament_install'
[0.499s] Level 1:colcon.colcon_core.package_identification:_identify(src/drone_racing_ros2/ros2_shared) by extensions ['colcon_pkg']
[0.499s] Level 1:colcon.colcon_core.package_identification:_identify(src/drone_racing_ros2/ros2_shared) by extension 'colcon_pkg'
[0.499s] Level 1:colcon.colcon_core.package_identification:_identify(src/drone_racing_ros2/ros2_shared) by extensions ['colcon_meta']
[0.499s] Level 1:colcon.colcon_core.package_identification:_identify(src/drone_racing_ros2/ros2_shared) by extension 'colcon_meta'
[0.499s] Level 1:colcon.colcon_core.package_identification:_identify(src/drone_racing_ros2/ros2_shared) by extensions ['ros']
[0.499s] Level 1:colcon.colcon_core.package_identification:_identify(src/drone_racing_ros2/ros2_shared) by extension 'ros'
[0.503s] DEBUG:colcon.colcon_core.package_identification:Package 'src/drone_racing_ros2/ros2_shared' with type 'ros.ament_cmake' and name 'ros2_shared'
[0.504s] Level 1:colcon.colcon_core.package_identification:_identify(src/drone_racing_ros2/tello_ros) by extensions ['ignore', 'ignore_ament_install']
[0.504s] Level 1:colcon.colcon_core.package_identification:_identify(src/drone_racing_ros2/tello_ros) by extension 'ignore'
[0.504s] Level 1:colcon.colcon_core.package_identification:_identify(src/drone_racing_ros2/tello_ros) by extension 'ignore_ament_install'
[0.504s] Level 1:colcon.colcon_core.package_identification:_identify(src/drone_racing_ros2/tello_ros) by extensions ['colcon_pkg']
[0.504s] Level 1:colcon.colcon_core.package_identification:_identify(src/drone_racing_ros2/tello_ros) by extension 'colcon_pkg'
[0.504s] Level 1:colcon.colcon_core.package_identification:_identify(src/drone_racing_ros2/tello_ros) by extensions ['colcon_meta']
[0.504s] Level 1:colcon.colcon_core.package_identification:_identify(src/drone_racing_ros2/tello_ros) by extension 'colcon_meta'
[0.504s] Level 1:colcon.colcon_core.package_identification:_identify(src/drone_racing_ros2/tello_ros) by extensions ['ros']
[0.504s] Level 1:colcon.colcon_core.package_identification:_identify(src/drone_racing_ros2/tello_ros) by extension 'ros'
[0.504s] Level 1:colcon.colcon_core.package_identification:_identify(src/drone_racing_ros2/tello_ros) by extensions ['cmake', 'python']
[0.505s] Level 1:colcon.colcon_core.package_identification:_identify(src/drone_racing_ros2/tello_ros) by extension 'cmake'
[0.505s] Level 1:colcon.colcon_core.package_identification:_identify(src/drone_racing_ros2/tello_ros) by extension 'python'
[0.505s] Level 1:colcon.colcon_core.package_identification:_identify(src/drone_racing_ros2/tello_ros) by extensions ['python_setup_py']
[0.505s] Level 1:colcon.colcon_core.package_identification:_identify(src/drone_racing_ros2/tello_ros) by extension 'python_setup_py'
[0.505s] Level 1:colcon.colcon_core.package_identification:_identify(src/drone_racing_ros2/tello_ros/docker) by extensions ['ignore', 'ignore_ament_install']
[0.505s] Level 1:colcon.colcon_core.package_identification:_identify(src/drone_racing_ros2/tello_ros/docker) by extension 'ignore'
[0.505s] Level 1:colcon.colcon_core.package_identification:_identify(src/drone_racing_ros2/tello_ros/docker) by extension 'ignore_ament_install'
[0.505s] Level 1:colcon.colcon_core.package_identification:_identify(src/drone_racing_ros2/tello_ros/docker) by extensions ['colcon_pkg']
[0.505s] Level 1:colcon.colcon_core.package_identification:_identify(src/drone_racing_ros2/tello_ros/docker) by extension 'colcon_pkg'
[0.505s] Level 1:colcon.colcon_core.package_identification:_identify(src/drone_racing_ros2/tello_ros/docker) by extensions ['colcon_meta']
[0.505s] Level 1:colcon.colcon_core.package_identification:_identify(src/drone_racing_ros2/tello_ros/docker) by extension 'colcon_meta'
[0.506s] Level 1:colcon.colcon_core.package_identification:_identify(src/drone_racing_ros2/tello_ros/docker) by extensions ['ros']
[0.506s] Level 1:colcon.colcon_core.package_identification:_identify(src/drone_racing_ros2/tello_ros/docker) by extension 'ros'
[0.506s] Level 1:colcon.colcon_core.package_identification:_identify(src/drone_racing_ros2/tello_ros/docker) by extensions ['cmake', 'python']
[0.506s] Level 1:colcon.colcon_core.package_identification:_identify(src/drone_racing_ros2/tello_ros/docker) by extension 'cmake'
[0.506s] Level 1:colcon.colcon_core.package_identification:_identify(src/drone_racing_ros2/tello_ros/docker) by extension 'python'
[0.506s] Level 1:colcon.colcon_core.package_identification:_identify(src/drone_racing_ros2/tello_ros/docker) by extensions ['python_setup_py']
[0.506s] Level 1:colcon.colcon_core.package_identification:_identify(src/drone_racing_ros2/tello_ros/docker) by extension 'python_setup_py'
[0.506s] Level 1:colcon.colcon_core.package_identification:_identify(src/drone_racing_ros2/tello_ros/tello_description) by extensions ['ignore', 'ignore_ament_install']
[0.506s] Level 1:colcon.colcon_core.package_identification:_identify(src/drone_racing_ros2/tello_ros/tello_description) by extension 'ignore'
[0.506s] Level 1:colcon.colcon_core.package_identification:_identify(src/drone_racing_ros2/tello_ros/tello_description) by extension 'ignore_ament_install'
[0.506s] Level 1:colcon.colcon_core.package_identification:_identify(src/drone_racing_ros2/tello_ros/tello_description) by extensions ['colcon_pkg']
[0.506s] Level 1:colcon.colcon_core.package_identification:_identify(src/drone_racing_ros2/tello_ros/tello_description) by extension 'colcon_pkg'
[0.507s] Level 1:colcon.colcon_core.package_identification:_identify(src/drone_racing_ros2/tello_ros/tello_description) by extensions ['colcon_meta']
[0.507s] Level 1:colcon.colcon_core.package_identification:_identify(src/drone_racing_ros2/tello_ros/tello_description) by extension 'colcon_meta'
[0.507s] Level 1:colcon.colcon_core.package_identification:_identify(src/drone_racing_ros2/tello_ros/tello_description) by extensions ['ros']
[0.507s] Level 1:colcon.colcon_core.package_identification:_identify(src/drone_racing_ros2/tello_ros/tello_description) by extension 'ros'
[0.508s] DEBUG:colcon.colcon_core.package_identification:Package 'src/drone_racing_ros2/tello_ros/tello_description' with type 'ros.ament_cmake' and name 'tello_description'
[0.508s] Level 1:colcon.colcon_core.package_identification:_identify(src/drone_racing_ros2/tello_ros/tello_driver) by extensions ['ignore', 'ignore_ament_install']
[0.508s] Level 1:colcon.colcon_core.package_identification:_identify(src/drone_racing_ros2/tello_ros/tello_driver) by extension 'ignore'
[0.508s] Level 1:colcon.colcon_core.package_identification:_identify(src/drone_racing_ros2/tello_ros/tello_driver) by extension 'ignore_ament_install'
[0.508s] Level 1:colcon.colcon_core.package_identification:_identify(src/drone_racing_ros2/tello_ros/tello_driver) by extensions ['colcon_pkg']
[0.508s] Level 1:colcon.colcon_core.package_identification:_identify(src/drone_racing_ros2/tello_ros/tello_driver) by extension 'colcon_pkg'
[0.508s] Level 1:colcon.colcon_core.package_identification:_identify(src/drone_racing_ros2/tello_ros/tello_driver) by extensions ['colcon_meta']
[0.508s] Level 1:colcon.colcon_core.package_identification:_identify(src/drone_racing_ros2/tello_ros/tello_driver) by extension 'colcon_meta'
[0.509s] Level 1:colcon.colcon_core.package_identification:_identify(src/drone_racing_ros2/tello_ros/tello_driver) by extensions ['ros']
[0.509s] Level 1:colcon.colcon_core.package_identification:_identify(src/drone_racing_ros2/tello_ros/tello_driver) by extension 'ros'
[0.510s] DEBUG:colcon.colcon_core.package_identification:Package 'src/drone_racing_ros2/tello_ros/tello_driver' with type 'ros.ament_cmake' and name 'tello_driver'
[0.510s] Level 1:colcon.colcon_core.package_identification:_identify(src/drone_racing_ros2/tello_ros/tello_gazebo) by extensions ['ignore', 'ignore_ament_install']
[0.510s] Level 1:colcon.colcon_core.package_identification:_identify(src/drone_racing_ros2/tello_ros/tello_gazebo) by extension 'ignore'
[0.510s] Level 1:colcon.colcon_core.package_identification:_identify(src/drone_racing_ros2/tello_ros/tello_gazebo) by extension 'ignore_ament_install'
[0.510s] Level 1:colcon.colcon_core.package_identification:_identify(src/drone_racing_ros2/tello_ros/tello_gazebo) by extensions ['colcon_pkg']
[0.510s] Level 1:colcon.colcon_core.package_identification:_identify(src/drone_racing_ros2/tello_ros/tello_gazebo) by extension 'colcon_pkg'
[0.510s] Level 1:colcon.colcon_core.package_identification:_identify(src/drone_racing_ros2/tello_ros/tello_gazebo) by extensions ['colcon_meta']
[0.511s] Level 1:colcon.colcon_core.package_identification:_identify(src/drone_racing_ros2/tello_ros/tello_gazebo) by extension 'colcon_meta'
[0.511s] Level 1:colcon.colcon_core.package_identification:_identify(src/drone_racing_ros2/tello_ros/tello_gazebo) by extensions ['ros']
[0.511s] Level 1:colcon.colcon_core.package_identification:_identify(src/drone_racing_ros2/tello_ros/tello_gazebo) by extension 'ros'
[0.512s] DEBUG:colcon.colcon_core.package_identification:Package 'src/drone_racing_ros2/tello_ros/tello_gazebo' with type 'ros.ament_cmake' and name 'tello_gazebo'
[0.512s] Level 1:colcon.colcon_core.package_identification:_identify(src/drone_racing_ros2/tello_ros/tello_msgs) by extensions ['ignore', 'ignore_ament_install']
[0.512s] Level 1:colcon.colcon_core.package_identification:_identify(src/drone_racing_ros2/tello_ros/tello_msgs) by extension 'ignore'
[0.512s] Level 1:colcon.colcon_core.package_identification:_identify(src/drone_racing_ros2/tello_ros/tello_msgs) by extension 'ignore_ament_install'
[0.512s] Level 1:colcon.colcon_core.package_identification:_identify(src/drone_racing_ros2/tello_ros/tello_msgs) by extensions ['colcon_pkg']
[0.512s] Level 1:colcon.colcon_core.package_identification:_identify(src/drone_racing_ros2/tello_ros/tello_msgs) by extension 'colcon_pkg'
[0.512s] Level 1:colcon.colcon_core.package_identification:_identify(src/drone_racing_ros2/tello_ros/tello_msgs) by extensions ['colcon_meta']
[0.512s] Level 1:colcon.colcon_core.package_identification:_identify(src/drone_racing_ros2/tello_ros/tello_msgs) by extension 'colcon_meta'
[0.512s] Level 1:colcon.colcon_core.package_identification:_identify(src/drone_racing_ros2/tello_ros/tello_msgs) by extensions ['ros']
[0.512s] Level 1:colcon.colcon_core.package_identification:_identify(src/drone_racing_ros2/tello_ros/tello_msgs) by extension 'ros'
[0.513s] DEBUG:colcon.colcon_core.package_identification:Package 'src/drone_racing_ros2/tello_ros/tello_msgs' with type 'ros.ament_cmake' and name 'tello_msgs'
[0.513s] Level 1:colcon.colcon_core.package_discovery:discover_packages(recursive) using defaults
[0.513s] Level 1:colcon.colcon_core.package_discovery:discover_packages(ignore) discover
[0.513s] Level 1:colcon.colcon_core.package_discovery:discover_packages(ignore) using defaults
[0.513s] Level 1:colcon.colcon_core.package_discovery:discover_packages(path) discover
[0.513s] Level 1:colcon.colcon_core.package_discovery:discover_packages(path) using defaults
[0.535s] Level 1:colcon.colcon_core.package_discovery:discover_packages(prefix_path) check parameters
[0.535s] Level 1:colcon.colcon_core.package_discovery:discover_packages(prefix_path) discover
[0.549s] DEBUG:colcon.colcon_installed_package_information.package_discovery:Found 5 installed packages in /home/armrs/drone_racing_ros2_ws/install
[0.550s] DEBUG:colcon.colcon_installed_package_information.package_discovery:Found 275 installed packages in /opt/ros/galactic
[0.552s] Level 1:colcon.colcon_core.package_discovery:discover_packages(prefix_path) using defaults
[0.650s] Level 5:colcon.colcon_core.verb:set package 'ros2_shared' build argument 'cmake_args' from command line to 'None'
[0.651s] Level 5:colcon.colcon_core.verb:set package 'ros2_shared' build argument 'cmake_target' from command line to 'None'
[0.651s] Level 5:colcon.colcon_core.verb:set package 'ros2_shared' build argument 'cmake_target_skip_unavailable' from command line to 'False'
[0.651s] Level 5:colcon.colcon_core.verb:set package 'ros2_shared' build argument 'cmake_clean_cache' from command line to 'False'
[0.651s] Level 5:colcon.colcon_core.verb:set package 'ros2_shared' build argument 'cmake_clean_first' from command line to 'False'
[0.651s] Level 5:colcon.colcon_core.verb:set package 'ros2_shared' build argument 'cmake_force_configure' from command line to 'False'
[0.651s] Level 5:colcon.colcon_core.verb:set package 'ros2_shared' build argument 'ament_cmake_args' from command line to 'None'
[0.651s] Level 5:colcon.colcon_core.verb:set package 'ros2_shared' build argument 'catkin_cmake_args' from command line to 'None'
[0.651s] Level 5:colcon.colcon_core.verb:set package 'ros2_shared' build argument 'catkin_skip_building_tests' from command line to 'False'
[0.651s] DEBUG:colcon.colcon_core.verb:Building package 'ros2_shared' with the following arguments: {'ament_cmake_args': None, 'build_base': '/home/armrs/drone_racing_ros2_ws/build/ros2_shared', 'catkin_cmake_args': None, 'catkin_skip_building_tests': False, 'cmake_args': None, 'cmake_clean_cache': False, 'cmake_clean_first': False, 'cmake_force_configure': False, 'cmake_target': None, 'cmake_target_skip_unavailable': False, 'install_base': '/home/armrs/drone_racing_ros2_ws/install/ros2_shared', 'merge_install': False, 'path': '/home/armrs/drone_racing_ros2_ws/src/drone_racing_ros2/ros2_shared', 'symlink_install': False, 'test_result_base': None}
[0.651s] Level 5:colcon.colcon_core.verb:set package 'tello_description' build argument 'cmake_args' from command line to 'None'
[0.651s] Level 5:colcon.colcon_core.verb:set package 'tello_description' build argument 'cmake_target' from command line to 'None'
[0.651s] Level 5:colcon.colcon_core.verb:set package 'tello_description' build argument 'cmake_target_skip_unavailable' from command line to 'False'
[0.651s] Level 5:colcon.colcon_core.verb:set package 'tello_description' build argument 'cmake_clean_cache' from command line to 'False'
[0.651s] Level 5:colcon.colcon_core.verb:set package 'tello_description' build argument 'cmake_clean_first' from command line to 'False'
[0.651s] Level 5:colcon.colcon_core.verb:set package 'tello_description' build argument 'cmake_force_configure' from command line to 'False'
[0.651s] Level 5:colcon.colcon_core.verb:set package 'tello_description' build argument 'ament_cmake_args' from command line to 'None'
[0.651s] Level 5:colcon.colcon_core.verb:set package 'tello_description' build argument 'catkin_cmake_args' from command line to 'None'
[0.651s] Level 5:colcon.colcon_core.verb:set package 'tello_description' build argument 'catkin_skip_building_tests' from command line to 'False'
[0.652s] DEBUG:colcon.colcon_core.verb:Building package 'tello_description' with the following arguments: {'ament_cmake_args': None, 'build_base': '/home/armrs/drone_racing_ros2_ws/build/tello_description', 'catkin_cmake_args': None, 'catkin_skip_building_tests': False, 'cmake_args': None, 'cmake_clean_cache': False, 'cmake_clean_first': False, 'cmake_force_configure': False, 'cmake_target': None, 'cmake_target_skip_unavailable': False, 'install_base': '/home/armrs/drone_racing_ros2_ws/install/tello_description', 'merge_install': False, 'path': '/home/armrs/drone_racing_ros2_ws/src/drone_racing_ros2/tello_ros/tello_description', 'symlink_install': False, 'test_result_base': None}
[0.652s] Level 5:colcon.colcon_core.verb:set package 'tello_msgs' build argument 'cmake_args' from command line to 'None'
[0.652s] Level 5:colcon.colcon_core.verb:set package 'tello_msgs' build argument 'cmake_target' from command line to 'None'
[0.652s] Level 5:colcon.colcon_core.verb:set package 'tello_msgs' build argument 'cmake_target_skip_unavailable' from command line to 'False'
[0.652s] Level 5:colcon.colcon_core.verb:set package 'tello_msgs' build argument 'cmake_clean_cache' from command line to 'False'
[0.652s] Level 5:colcon.colcon_core.verb:set package 'tello_msgs' build argument 'cmake_clean_first' from command line to 'False'
[0.652s] Level 5:colcon.colcon_core.verb:set package 'tello_msgs' build argument 'cmake_force_configure' from command line to 'False'
[0.652s] Level 5:colcon.colcon_core.verb:set package 'tello_msgs' build argument 'ament_cmake_args' from command line to 'None'
[0.652s] Level 5:colcon.colcon_core.verb:set package 'tello_msgs' build argument 'catkin_cmake_args' from command line to 'None'
[0.652s] Level 5:colcon.colcon_core.verb:set package 'tello_msgs' build argument 'catkin_skip_building_tests' from command line to 'False'
[0.652s] DEBUG:colcon.colcon_core.verb:Building package 'tello_msgs' with the following arguments: {'ament_cmake_args': None, 'build_base': '/home/armrs/drone_racing_ros2_ws/build/tello_msgs', 'catkin_cmake_args': None, 'catkin_skip_building_tests': False, 'cmake_args': None, 'cmake_clean_cache': False, 'cmake_clean_first': False, 'cmake_force_configure': False, 'cmake_target': None, 'cmake_target_skip_unavailable': False, 'install_base': '/home/armrs/drone_racing_ros2_ws/install/tello_msgs', 'merge_install': False, 'path': '/home/armrs/drone_racing_ros2_ws/src/drone_racing_ros2/tello_ros/tello_msgs', 'symlink_install': False, 'test_result_base': None}
[0.653s] Level 5:colcon.colcon_core.verb:set package 'tello_driver' build argument 'cmake_args' from command line to 'None'
[0.653s] Level 5:colcon.colcon_core.verb:set package 'tello_driver' build argument 'cmake_target' from command line to 'None'
[0.653s] Level 5:colcon.colcon_core.verb:set package 'tello_driver' build argument 'cmake_target_skip_unavailable' from command line to 'False'
[0.653s] Level 5:colcon.colcon_core.verb:set package 'tello_driver' build argument 'cmake_clean_cache' from command line to 'False'
[0.653s] Level 5:colcon.colcon_core.verb:set package 'tello_driver' build argument 'cmake_clean_first' from command line to 'False'
[0.653s] Level 5:colcon.colcon_core.verb:set package 'tello_driver' build argument 'cmake_force_configure' from command line to 'False'
[0.653s] Level 5:colcon.colcon_core.verb:set package 'tello_driver' build argument 'ament_cmake_args' from command line to 'None'
[0.653s] Level 5:colcon.colcon_core.verb:set package 'tello_driver' build argument 'catkin_cmake_args' from command line to 'None'
[0.653s] Level 5:colcon.colcon_core.verb:set package 'tello_driver' build argument 'catkin_skip_building_tests' from command line to 'False'
[0.653s] DEBUG:colcon.colcon_core.verb:Building package 'tello_driver' with the following arguments: {'ament_cmake_args': None, 'build_base': '/home/armrs/drone_racing_ros2_ws/build/tello_driver', 'catkin_cmake_args': None, 'catkin_skip_building_tests': False, 'cmake_args': None, 'cmake_clean_cache': False, 'cmake_clean_first': False, 'cmake_force_configure': False, 'cmake_target': None, 'cmake_target_skip_unavailable': False, 'install_base': '/home/armrs/drone_racing_ros2_ws/install/tello_driver', 'merge_install': False, 'path': '/home/armrs/drone_racing_ros2_ws/src/drone_racing_ros2/tello_ros/tello_driver', 'symlink_install': False, 'test_result_base': None}
[0.653s] Level 5:colcon.colcon_core.verb:set package 'tello_gazebo' build argument 'cmake_args' from command line to 'None'
[0.653s] Level 5:colcon.colcon_core.verb:set package 'tello_gazebo' build argument 'cmake_target' from command line to 'None'
[0.653s] Level 5:colcon.colcon_core.verb:set package 'tello_gazebo' build argument 'cmake_target_skip_unavailable' from command line to 'False'
[0.653s] Level 5:colcon.colcon_core.verb:set package 'tello_gazebo' build argument 'cmake_clean_cache' from command line to 'False'
[0.654s] Level 5:colcon.colcon_core.verb:set package 'tello_gazebo' build argument 'cmake_clean_first' from command line to 'False'
[0.654s] Level 5:colcon.colcon_core.verb:set package 'tello_gazebo' build argument 'cmake_force_configure' from command line to 'False'
[0.654s] Level 5:colcon.colcon_core.verb:set package 'tello_gazebo' build argument 'ament_cmake_args' from command line to 'None'
[0.654s] Level 5:colcon.colcon_core.verb:set package 'tello_gazebo' build argument 'catkin_cmake_args' from command line to 'None'
[0.654s] Level 5:colcon.colcon_core.verb:set package 'tello_gazebo' build argument 'catkin_skip_building_tests' from command line to 'False'
[0.654s] DEBUG:colcon.colcon_core.verb:Building package 'tello_gazebo' with the following arguments: {'ament_cmake_args': None, 'build_base': '/home/armrs/drone_racing_ros2_ws/build/tello_gazebo', 'catkin_cmake_args': None, 'catkin_skip_building_tests': False, 'cmake_args': None, 'cmake_clean_cache': False, 'cmake_clean_first': False, 'cmake_force_configure': False, 'cmake_target': None, 'cmake_target_skip_unavailable': False, 'install_base': '/home/armrs/drone_racing_ros2_ws/install/tello_gazebo', 'merge_install': False, 'path': '/home/armrs/drone_racing_ros2_ws/src/drone_racing_ros2/tello_ros/tello_gazebo', 'symlink_install': False, 'test_result_base': None}
[0.654s] INFO:colcon.colcon_core.executor:Executing jobs using 'parallel' executor
[0.655s] DEBUG:colcon.colcon_parallel_executor.executor.parallel:run_until_complete
[0.656s] INFO:colcon.colcon_ros.task.ament_cmake.build:Building ROS package in '/home/armrs/drone_racing_ros2_ws/src/drone_racing_ros2/tello_ros/tello_msgs' with build type 'ament_cmake'
[0.656s] INFO:colcon.colcon_cmake.task.cmake.build:Building CMake package in '/home/armrs/drone_racing_ros2_ws/src/drone_racing_ros2/tello_ros/tello_msgs'
[0.659s] INFO:colcon.colcon_core.plugin_system:Skipping extension 'colcon_core.shell.bat': Not used on non-Windows systems
[0.659s] INFO:colcon.colcon_core.shell:Skip shell extension 'powershell' for command environment: Not usable outside of PowerShell
[0.659s] DEBUG:colcon.colcon_core.shell:Skip shell extension 'dsv' for command environment
[0.665s] INFO:colcon.colcon_ros.task.ament_cmake.build:Building ROS package in '/home/armrs/drone_racing_ros2_ws/src/drone_racing_ros2/ros2_shared' with build type 'ament_cmake'
[0.665s] INFO:colcon.colcon_cmake.task.cmake.build:Building CMake package in '/home/armrs/drone_racing_ros2_ws/src/drone_racing_ros2/ros2_shared'
[0.666s] INFO:colcon.colcon_core.shell:Skip shell extension 'powershell' for command environment: Not usable outside of PowerShell
[0.666s] DEBUG:colcon.colcon_core.shell:Skip shell extension 'dsv' for command environment
[0.675s] INFO:colcon.colcon_ros.task.ament_cmake.build:Building ROS package in '/home/armrs/drone_racing_ros2_ws/src/drone_racing_ros2/tello_ros/tello_description' with build type 'ament_cmake'
[0.676s] INFO:colcon.colcon_cmake.task.cmake.build:Building CMake package in '/home/armrs/drone_racing_ros2_ws/src/drone_racing_ros2/tello_ros/tello_description'
[0.677s] INFO:colcon.colcon_core.shell:Skip shell extension 'powershell' for command environment: Not usable outside of PowerShell
[0.677s] DEBUG:colcon.colcon_core.shell:Skip shell extension 'dsv' for command environment
[0.696s] DEBUG:colcon.colcon_core.event_handler.log_command:Invoking command in '/home/armrs/drone_racing_ros2_ws/build/tello_msgs': CMAKE_PREFIX_PATH=${CMAKE_PREFIX_PATH}:/opt/ros/galactic /usr/bin/cmake --build /home/armrs/drone_racing_ros2_ws/build/tello_msgs -- -j4 -l4
[0.706s] DEBUG:colcon.colcon_core.event_handler.log_command:Invoking command in '/home/armrs/drone_racing_ros2_ws/build/ros2_shared': CMAKE_PREFIX_PATH=${CMAKE_PREFIX_PATH}:/opt/ros/galactic /usr/bin/cmake --build /home/armrs/drone_racing_ros2_ws/build/ros2_shared -- -j4 -l4
[0.716s] DEBUG:colcon.colcon_core.event_handler.log_command:Invoking command in '/home/armrs/drone_racing_ros2_ws/build/tello_description': CMAKE_PREFIX_PATH=${CMAKE_PREFIX_PATH}:/opt/ros/galactic /usr/bin/cmake --build /home/armrs/drone_racing_ros2_ws/build/tello_description -- -j4 -l4
[0.774s] DEBUG:colcon.colcon_core.event_handler.log_command:Invoked command in '/home/armrs/drone_racing_ros2_ws/build/ros2_shared' returned '0': CMAKE_PREFIX_PATH=${CMAKE_PREFIX_PATH}:/opt/ros/galactic /usr/bin/cmake --build /home/armrs/drone_racing_ros2_ws/build/ros2_shared -- -j4 -l4
[0.813s] DEBUG:colcon.colcon_core.event_handler.log_command:Invoking command in '/home/armrs/drone_racing_ros2_ws/build/ros2_shared': CMAKE_PREFIX_PATH=${CMAKE_PREFIX_PATH}:/opt/ros/galactic /usr/bin/cmake --install /home/armrs/drone_racing_ros2_ws/build/ros2_shared
[0.862s] Level 1:colcon.colcon_core.environment:create_environment_scripts_only(ros2_shared)
[0.868s] Level 1:colcon.colcon_core.environment:checking '/home/armrs/drone_racing_ros2_ws/install/ros2_shared' for CMake module files
[0.869s] Level 1:colcon.colcon_core.environment:checking '/home/armrs/drone_racing_ros2_ws/install/ros2_shared' for CMake config files
[0.869s] Level 1:colcon.colcon_core.shell:create_environment_hook('ros2_shared', 'cmake_prefix_path')
[0.870s] INFO:colcon.colcon_core.shell:Creating environment hook '/home/armrs/drone_racing_ros2_ws/install/ros2_shared/share/ros2_shared/hook/cmake_prefix_path.ps1'
[0.875s] INFO:colcon.colcon_core.shell:Creating environment descriptor '/home/armrs/drone_racing_ros2_ws/install/ros2_shared/share/ros2_shared/hook/cmake_prefix_path.dsv'
[0.876s] DEBUG:colcon.colcon_core.event_handler.log_command:Invoked command in '/home/armrs/drone_racing_ros2_ws/build/ros2_shared' returned '0': CMAKE_PREFIX_PATH=${CMAKE_PREFIX_PATH}:/opt/ros/galactic /usr/bin/cmake --install /home/armrs/drone_racing_ros2_ws/build/ros2_shared
[0.877s] INFO:colcon.colcon_core.shell:Creating environment hook '/home/armrs/drone_racing_ros2_ws/install/ros2_shared/share/ros2_shared/hook/cmake_prefix_path.sh'
[0.880s] Level 1:colcon.colcon_core.environment:checking '/home/armrs/drone_racing_ros2_ws/install/ros2_shared/bin'
[0.880s] Level 1:colcon.colcon_core.environment:checking '/home/armrs/drone_racing_ros2_ws/install/ros2_shared/lib/pkgconfig/ros2_shared.pc'
[0.881s] Level 1:colcon.colcon_core.environment:checking '/home/armrs/drone_racing_ros2_ws/install/ros2_shared/lib/python3.8/site-packages'
[0.886s] Level 1:colcon.colcon_core.environment:checking '/home/armrs/drone_racing_ros2_ws/install/ros2_shared/bin'
[0.888s] INFO:colcon.colcon_core.shell:Creating package script '/home/armrs/drone_racing_ros2_ws/install/ros2_shared/share/ros2_shared/package.ps1'
[0.890s] INFO:colcon.colcon_core.shell:Creating package descriptor '/home/armrs/drone_racing_ros2_ws/install/ros2_shared/share/ros2_shared/package.dsv'
[0.891s] INFO:colcon.colcon_core.shell:Creating package script '/home/armrs/drone_racing_ros2_ws/install/ros2_shared/share/ros2_shared/package.sh'
[0.892s] INFO:colcon.colcon_core.shell:Creating package script '/home/armrs/drone_racing_ros2_ws/install/ros2_shared/share/ros2_shared/package.bash'
[0.898s] INFO:colcon.colcon_core.shell:Creating package script '/home/armrs/drone_racing_ros2_ws/install/ros2_shared/share/ros2_shared/package.zsh'
[0.899s] Level 1:colcon.colcon_core.environment:create_file_with_runtime_dependencies(/home/armrs/drone_racing_ros2_ws/install/ros2_shared/share/colcon-core/packages/ros2_shared)
[0.907s] Level 1:colcon.colcon_core.environment:create_environment_scripts_only(ros2_shared)
[0.908s] Level 1:colcon.colcon_core.environment:checking '/home/armrs/drone_racing_ros2_ws/install/ros2_shared' for CMake module files
[0.909s] Level 1:colcon.colcon_core.environment:checking '/home/armrs/drone_racing_ros2_ws/install/ros2_shared' for CMake config files
[0.909s] Level 1:colcon.colcon_core.shell:create_environment_hook('ros2_shared', 'cmake_prefix_path')
[0.910s] INFO:colcon.colcon_core.shell:Creating environment hook '/home/armrs/drone_racing_ros2_ws/install/ros2_shared/share/ros2_shared/hook/cmake_prefix_path.ps1'
[0.911s] INFO:colcon.colcon_core.shell:Creating environment descriptor '/home/armrs/drone_racing_ros2_ws/install/ros2_shared/share/ros2_shared/hook/cmake_prefix_path.dsv'
[0.912s] INFO:colcon.colcon_core.shell:Creating environment hook '/home/armrs/drone_racing_ros2_ws/install/ros2_shared/share/ros2_shared/hook/cmake_prefix_path.sh'
[0.913s] Level 1:colcon.colcon_core.environment:checking '/home/armrs/drone_racing_ros2_ws/install/ros2_shared/bin'
[0.915s] Level 1:colcon.colcon_core.environment:checking '/home/armrs/drone_racing_ros2_ws/install/ros2_shared/lib/pkgconfig/ros2_shared.pc'
[0.915s] Level 1:colcon.colcon_core.environment:checking '/home/armrs/drone_racing_ros2_ws/install/ros2_shared/lib/python3.8/site-packages'
[0.916s] Level 1:colcon.colcon_core.environment:checking '/home/armrs/drone_racing_ros2_ws/install/ros2_shared/bin'
[0.916s] INFO:colcon.colcon_core.shell:Creating package script '/home/armrs/drone_racing_ros2_ws/install/ros2_shared/share/ros2_shared/package.ps1'
[0.918s] INFO:colcon.colcon_core.shell:Creating package descriptor '/home/armrs/drone_racing_ros2_ws/install/ros2_shared/share/ros2_shared/package.dsv'
[0.919s] INFO:colcon.colcon_core.shell:Creating package script '/home/armrs/drone_racing_ros2_ws/install/ros2_shared/share/ros2_shared/package.sh'
[0.920s] INFO:colcon.colcon_core.shell:Creating package script '/home/armrs/drone_racing_ros2_ws/install/ros2_shared/share/ros2_shared/package.bash'
[0.926s] INFO:colcon.colcon_core.shell:Creating package script '/home/armrs/drone_racing_ros2_ws/install/ros2_shared/share/ros2_shared/package.zsh'
[0.927s] Level 1:colcon.colcon_core.environment:create_file_with_runtime_dependencies(/home/armrs/drone_racing_ros2_ws/install/ros2_shared/share/colcon-core/packages/ros2_shared)
[1.243s] DEBUG:colcon.colcon_core.event_handler.log_command:Invoked command in '/home/armrs/drone_racing_ros2_ws/build/tello_description' returned '0': CMAKE_PREFIX_PATH=${CMAKE_PREFIX_PATH}:/opt/ros/galactic /usr/bin/cmake --build /home/armrs/drone_racing_ros2_ws/build/tello_description -- -j4 -l4
[1.244s] DEBUG:colcon.colcon_core.event_handler.log_command:Invoking command in '/home/armrs/drone_racing_ros2_ws/build/tello_description': CMAKE_PREFIX_PATH=${CMAKE_PREFIX_PATH}:/opt/ros/galactic /usr/bin/cmake --install /home/armrs/drone_racing_ros2_ws/build/tello_description
[1.270s] Level 1:colcon.colcon_core.environment:create_environment_scripts_only(tello_description)
[1.271s] Level 1:colcon.colcon_core.environment:checking '/home/armrs/drone_racing_ros2_ws/install/tello_description' for CMake module files
[1.272s] DEBUG:colcon.colcon_core.event_handler.log_command:Invoked command in '/home/armrs/drone_racing_ros2_ws/build/tello_description' returned '0': CMAKE_PREFIX_PATH=${CMAKE_PREFIX_PATH}:/opt/ros/galactic /usr/bin/cmake --install /home/armrs/drone_racing_ros2_ws/build/tello_description
[1.273s] Level 1:colcon.colcon_core.environment:checking '/home/armrs/drone_racing_ros2_ws/install/tello_description' for CMake config files
[1.273s] Level 1:colcon.colcon_core.shell:create_environment_hook('tello_description', 'cmake_prefix_path')
[1.274s] INFO:colcon.colcon_core.shell:Creating environment hook '/home/armrs/drone_racing_ros2_ws/install/tello_description/share/tello_description/hook/cmake_prefix_path.ps1'
[1.274s] INFO:colcon.colcon_core.shell:Creating environment descriptor '/home/armrs/drone_racing_ros2_ws/install/tello_description/share/tello_description/hook/cmake_prefix_path.dsv'
[1.275s] INFO:colcon.colcon_core.shell:Creating environment hook '/home/armrs/drone_racing_ros2_ws/install/tello_description/share/tello_description/hook/cmake_prefix_path.sh'
[1.276s] Level 1:colcon.colcon_core.environment:checking '/home/armrs/drone_racing_ros2_ws/install/tello_description/bin'
[1.276s] Level 1:colcon.colcon_core.environment:checking '/home/armrs/drone_racing_ros2_ws/install/tello_description/lib/pkgconfig/tello_description.pc'
[1.277s] Level 1:colcon.colcon_core.environment:checking '/home/armrs/drone_racing_ros2_ws/install/tello_description/lib/python3.8/site-packages'
[1.277s] Level 1:colcon.colcon_core.environment:checking '/home/armrs/drone_racing_ros2_ws/install/tello_description/bin'
[1.278s] INFO:colcon.colcon_core.shell:Creating package script '/home/armrs/drone_racing_ros2_ws/install/tello_description/share/tello_description/package.ps1'
[1.279s] INFO:colcon.colcon_core.shell:Creating package descriptor '/home/armrs/drone_racing_ros2_ws/install/tello_description/share/tello_description/package.dsv'
[1.280s] INFO:colcon.colcon_core.shell:Creating package script '/home/armrs/drone_racing_ros2_ws/install/tello_description/share/tello_description/package.sh'
[1.280s] INFO:colcon.colcon_core.shell:Creating package script '/home/armrs/drone_racing_ros2_ws/install/tello_description/share/tello_description/package.bash'
[1.281s] INFO:colcon.colcon_core.shell:Creating package script '/home/armrs/drone_racing_ros2_ws/install/tello_description/share/tello_description/package.zsh'
[1.282s] Level 1:colcon.colcon_core.environment:create_file_with_runtime_dependencies(/home/armrs/drone_racing_ros2_ws/install/tello_description/share/colcon-core/packages/tello_description)
[1.284s] Level 1:colcon.colcon_core.environment:create_environment_scripts_only(tello_description)
[1.284s] Level 1:colcon.colcon_core.environment:checking '/home/armrs/drone_racing_ros2_ws/install/tello_description' for CMake module files
[1.285s] Level 1:colcon.colcon_core.environment:checking '/home/armrs/drone_racing_ros2_ws/install/tello_description' for CMake config files
[1.285s] Level 1:colcon.colcon_core.shell:create_environment_hook('tello_description', 'cmake_prefix_path')
[1.286s] INFO:colcon.colcon_core.shell:Creating environment hook '/home/armrs/drone_racing_ros2_ws/install/tello_description/share/tello_description/hook/cmake_prefix_path.ps1'
[1.286s] INFO:colcon.colcon_core.shell:Creating environment descriptor '/home/armrs/drone_racing_ros2_ws/install/tello_description/share/tello_description/hook/cmake_prefix_path.dsv'
[1.287s] INFO:colcon.colcon_core.shell:Creating environment hook '/home/armrs/drone_racing_ros2_ws/install/tello_description/share/tello_description/hook/cmake_prefix_path.sh'
[1.287s] Level 1:colcon.colcon_core.environment:checking '/home/armrs/drone_racing_ros2_ws/install/tello_description/bin'
[1.288s] Level 1:colcon.colcon_core.environment:checking '/home/armrs/drone_racing_ros2_ws/install/tello_description/lib/pkgconfig/tello_description.pc'
[1.288s] Level 1:colcon.colcon_core.environment:checking '/home/armrs/drone_racing_ros2_ws/install/tello_description/lib/python3.8/site-packages'
[1.288s] Level 1:colcon.colcon_core.environment:checking '/home/armrs/drone_racing_ros2_ws/install/tello_description/bin'
[1.288s] INFO:colcon.colcon_core.shell:Creating package script '/home/armrs/drone_racing_ros2_ws/install/tello_description/share/tello_description/package.ps1'
[1.289s] INFO:colcon.colcon_core.shell:Creating package descriptor '/home/armrs/drone_racing_ros2_ws/install/tello_description/share/tello_description/package.dsv'
[1.290s] INFO:colcon.colcon_core.shell:Creating package script '/home/armrs/drone_racing_ros2_ws/install/tello_description/share/tello_description/package.sh'
[1.290s] INFO:colcon.colcon_core.shell:Creating package script '/home/armrs/drone_racing_ros2_ws/install/tello_description/share/tello_description/package.bash'
[1.290s] INFO:colcon.colcon_core.shell:Creating package script '/home/armrs/drone_racing_ros2_ws/install/tello_description/share/tello_description/package.zsh'
[1.291s] Level 1:colcon.colcon_core.environment:create_file_with_runtime_dependencies(/home/armrs/drone_racing_ros2_ws/install/tello_description/share/colcon-core/packages/tello_description)
[1.294s] DEBUG:colcon.colcon_core.event_handler.log_command:Invoked command in '/home/armrs/drone_racing_ros2_ws/build/tello_msgs' returned '0': CMAKE_PREFIX_PATH=${CMAKE_PREFIX_PATH}:/opt/ros/galactic /usr/bin/cmake --build /home/armrs/drone_racing_ros2_ws/build/tello_msgs -- -j4 -l4
[1.297s] DEBUG:colcon.colcon_core.event_handler.log_command:Invoking command in '/home/armrs/drone_racing_ros2_ws/build/tello_msgs': CMAKE_PREFIX_PATH=${CMAKE_PREFIX_PATH}:/opt/ros/galactic /usr/bin/cmake --install /home/armrs/drone_racing_ros2_ws/build/tello_msgs
[1.376s] Level 1:colcon.colcon_core.environment:create_environment_scripts_only(tello_msgs)
[1.377s] Level 1:colcon.colcon_core.environment:checking '/home/armrs/drone_racing_ros2_ws/install/tello_msgs' for CMake module files
[1.378s] DEBUG:colcon.colcon_core.event_handler.log_command:Invoked command in '/home/armrs/drone_racing_ros2_ws/build/tello_msgs' returned '0': CMAKE_PREFIX_PATH=${CMAKE_PREFIX_PATH}:/opt/ros/galactic /usr/bin/cmake --install /home/armrs/drone_racing_ros2_ws/build/tello_msgs
[1.379s] Level 1:colcon.colcon_core.environment:checking '/home/armrs/drone_racing_ros2_ws/install/tello_msgs' for CMake config files
[1.380s] Level 1:colcon.colcon_core.shell:create_environment_hook('tello_msgs', 'cmake_prefix_path')
[1.380s] INFO:colcon.colcon_core.shell:Creating environment hook '/home/armrs/drone_racing_ros2_ws/install/tello_msgs/share/tello_msgs/hook/cmake_prefix_path.ps1'
[1.382s] INFO:colcon.colcon_core.shell:Creating environment descriptor '/home/armrs/drone_racing_ros2_ws/install/tello_msgs/share/tello_msgs/hook/cmake_prefix_path.dsv'
[1.382s] INFO:colcon.colcon_core.shell:Creating environment hook '/home/armrs/drone_racing_ros2_ws/install/tello_msgs/share/tello_msgs/hook/cmake_prefix_path.sh'
[1.383s] Level 1:colcon.colcon_core.environment:checking '/home/armrs/drone_racing_ros2_ws/install/tello_msgs/lib'
[1.383s] Level 1:colcon.colcon_core.shell:create_environment_hook('tello_msgs', 'ld_library_path_lib')
[1.384s] INFO:colcon.colcon_core.shell:Creating environment hook '/home/armrs/drone_racing_ros2_ws/install/tello_msgs/share/tello_msgs/hook/ld_library_path_lib.ps1'
[1.384s] INFO:colcon.colcon_core.shell:Creating environment descriptor '/home/armrs/drone_racing_ros2_ws/install/tello_msgs/share/tello_msgs/hook/ld_library_path_lib.dsv'
[1.385s] INFO:colcon.colcon_core.shell:Creating environment hook '/home/armrs/drone_racing_ros2_ws/install/tello_msgs/share/tello_msgs/hook/ld_library_path_lib.sh'
[1.385s] Level 1:colcon.colcon_core.environment:checking '/home/armrs/drone_racing_ros2_ws/install/tello_msgs/bin'
[1.385s] Level 1:colcon.colcon_core.environment:checking '/home/armrs/drone_racing_ros2_ws/install/tello_msgs/lib/pkgconfig/tello_msgs.pc'
[1.386s] Level 1:colcon.colcon_core.environment:checking '/home/armrs/drone_racing_ros2_ws/install/tello_msgs/lib/python3.8/site-packages'
[1.386s] Level 1:colcon.colcon_core.shell:create_environment_hook('tello_msgs', 'pythonpath')
[1.386s] INFO:colcon.colcon_core.shell:Creating environment hook '/home/armrs/drone_racing_ros2_ws/install/tello_msgs/share/tello_msgs/hook/pythonpath.ps1'
[1.386s] INFO:colcon.colcon_core.shell:Creating environment descriptor '/home/armrs/drone_racing_ros2_ws/install/tello_msgs/share/tello_msgs/hook/pythonpath.dsv'
[1.387s] INFO:colcon.colcon_core.shell:Creating environment hook '/home/armrs/drone_racing_ros2_ws/install/tello_msgs/share/tello_msgs/hook/pythonpath.sh'
[1.388s] Level 1:colcon.colcon_core.environment:checking '/home/armrs/drone_racing_ros2_ws/install/tello_msgs/bin'
[1.388s] INFO:colcon.colcon_core.shell:Creating package script '/home/armrs/drone_racing_ros2_ws/install/tello_msgs/share/tello_msgs/package.ps1'
[1.389s] INFO:colcon.colcon_core.shell:Creating package descriptor '/home/armrs/drone_racing_ros2_ws/install/tello_msgs/share/tello_msgs/package.dsv'
[1.389s] INFO:colcon.colcon_core.shell:Creating package script '/home/armrs/drone_racing_ros2_ws/install/tello_msgs/share/tello_msgs/package.sh'
[1.390s] INFO:colcon.colcon_core.shell:Creating package script '/home/armrs/drone_racing_ros2_ws/install/tello_msgs/share/tello_msgs/package.bash'
[1.390s] INFO:colcon.colcon_core.shell:Creating package script '/home/armrs/drone_racing_ros2_ws/install/tello_msgs/share/tello_msgs/package.zsh'
[1.391s] Level 1:colcon.colcon_core.environment:create_file_with_runtime_dependencies(/home/armrs/drone_racing_ros2_ws/install/tello_msgs/share/colcon-core/packages/tello_msgs)
[1.392s] Level 1:colcon.colcon_core.environment:create_environment_scripts_only(tello_msgs)
[1.392s] Level 1:colcon.colcon_core.environment:checking '/home/armrs/drone_racing_ros2_ws/install/tello_msgs' for CMake module files
[1.392s] Level 1:colcon.colcon_core.environment:checking '/home/armrs/drone_racing_ros2_ws/install/tello_msgs' for CMake config files
[1.393s] Level 1:colcon.colcon_core.shell:create_environment_hook('tello_msgs', 'cmake_prefix_path')
[1.393s] INFO:colcon.colcon_core.shell:Creating environment hook '/home/armrs/drone_racing_ros2_ws/install/tello_msgs/share/tello_msgs/hook/cmake_prefix_path.ps1'
[1.394s] INFO:colcon.colcon_core.shell:Creating environment descriptor '/home/armrs/drone_racing_ros2_ws/install/tello_msgs/share/tello_msgs/hook/cmake_prefix_path.dsv'
[1.394s] INFO:colcon.colcon_core.shell:Creating environment hook '/home/armrs/drone_racing_ros2_ws/install/tello_msgs/share/tello_msgs/hook/cmake_prefix_path.sh'
[1.395s] Level 1:colcon.colcon_core.environment:checking '/home/armrs/drone_racing_ros2_ws/install/tello_msgs/lib'
[1.395s] Level 1:colcon.colcon_core.shell:create_environment_hook('tello_msgs', 'ld_library_path_lib')
[1.395s] INFO:colcon.colcon_core.shell:Creating environment hook '/home/armrs/drone_racing_ros2_ws/install/tello_msgs/share/tello_msgs/hook/ld_library_path_lib.ps1'
[1.396s] INFO:colcon.colcon_core.shell:Creating environment descriptor '/home/armrs/drone_racing_ros2_ws/install/tello_msgs/share/tello_msgs/hook/ld_library_path_lib.dsv'
[1.397s] INFO:colcon.colcon_core.shell:Creating environment hook '/home/armrs/drone_racing_ros2_ws/install/tello_msgs/share/tello_msgs/hook/ld_library_path_lib.sh'
[1.398s] Level 1:colcon.colcon_core.environment:checking '/home/armrs/drone_racing_ros2_ws/install/tello_msgs/bin'
[1.398s] Level 1:colcon.colcon_core.environment:checking '/home/armrs/drone_racing_ros2_ws/install/tello_msgs/lib/pkgconfig/tello_msgs.pc'
[1.398s] Level 1:colcon.colcon_core.environment:checking '/home/armrs/drone_racing_ros2_ws/install/tello_msgs/lib/python3.8/site-packages'
[1.398s] Level 1:colcon.colcon_core.shell:create_environment_hook('tello_msgs', 'pythonpath')
[1.399s] INFO:colcon.colcon_core.shell:Creating environment hook '/home/armrs/drone_racing_ros2_ws/install/tello_msgs/share/tello_msgs/hook/pythonpath.ps1'
[1.399s] INFO:colcon.colcon_core.shell:Creating environment descriptor '/home/armrs/drone_racing_ros2_ws/install/tello_msgs/share/tello_msgs/hook/pythonpath.dsv'
[1.399s] INFO:colcon.colcon_core.shell:Creating environment hook '/home/armrs/drone_racing_ros2_ws/install/tello_msgs/share/tello_msgs/hook/pythonpath.sh'
[1.400s] Level 1:colcon.colcon_core.environment:checking '/home/armrs/drone_racing_ros2_ws/install/tello_msgs/bin'
[1.401s] INFO:colcon.colcon_core.shell:Creating package script '/home/armrs/drone_racing_ros2_ws/install/tello_msgs/share/tello_msgs/package.ps1'
[1.402s] INFO:colcon.colcon_core.shell:Creating package descriptor '/home/armrs/drone_racing_ros2_ws/install/tello_msgs/share/tello_msgs/package.dsv'
[1.403s] INFO:colcon.colcon_core.shell:Creating package script '/home/armrs/drone_racing_ros2_ws/install/tello_msgs/share/tello_msgs/package.sh'
[1.404s] INFO:colcon.colcon_core.shell:Creating package script '/home/armrs/drone_racing_ros2_ws/install/tello_msgs/share/tello_msgs/package.bash'
[1.405s] INFO:colcon.colcon_core.shell:Creating package script '/home/armrs/drone_racing_ros2_ws/install/tello_msgs/share/tello_msgs/package.zsh'
[1.405s] Level 1:colcon.colcon_core.environment:create_file_with_runtime_dependencies(/home/armrs/drone_racing_ros2_ws/install/tello_msgs/share/colcon-core/packages/tello_msgs)
[1.406s] INFO:colcon.colcon_ros.task.ament_cmake.build:Building ROS package in '/home/armrs/drone_racing_ros2_ws/src/drone_racing_ros2/tello_ros/tello_driver' with build type 'ament_cmake'
[1.406s] INFO:colcon.colcon_cmake.task.cmake.build:Building CMake package in '/home/armrs/drone_racing_ros2_ws/src/drone_racing_ros2/tello_ros/tello_driver'
[1.407s] INFO:colcon.colcon_core.shell:Skip shell extension 'powershell' for command environment: Not usable outside of PowerShell
[1.407s] DEBUG:colcon.colcon_core.shell:Skip shell extension 'dsv' for command environment
[1.414s] INFO:colcon.colcon_ros.task.ament_cmake.build:Building ROS package in '/home/armrs/drone_racing_ros2_ws/src/drone_racing_ros2/tello_ros/tello_gazebo' with build type 'ament_cmake'
[1.415s] INFO:colcon.colcon_cmake.task.cmake.build:Building CMake package in '/home/armrs/drone_racing_ros2_ws/src/drone_racing_ros2/tello_ros/tello_gazebo'
[1.416s] INFO:colcon.colcon_core.shell:Skip shell extension 'powershell' for command environment: Not usable outside of PowerShell
[1.417s] DEBUG:colcon.colcon_core.shell:Skip shell extension 'dsv' for command environment
[1.436s] DEBUG:colcon.colcon_core.event_handler.log_command:Invoking command in '/home/armrs/drone_racing_ros2_ws/build/tello_driver': CMAKE_PREFIX_PATH=/home/armrs/drone_racing_ros2_ws/install/tello_msgs:/home/armrs/drone_racing_ros2_ws/install/ros2_shared:/home/armrs/drone_racing_ros2_ws/install/tello_gazebo:/home/armrs/drone_racing_ros2_ws/install/tello_driver:/home/armrs/drone_racing_ros2_ws/install/tello_description:/opt/ros/galactic LD_LIBRARY_PATH=/home/armrs/drone_racing_ros2_ws/install/tello_msgs/lib:/home/armrs/drone_racing_ros2_ws/install/tello_gazebo/lib:/home/armrs/drone_racing_ros2_ws/install/tello_driver/lib:/usr/lib/x86_64-linux-gnu/gazebo-11/plugins:/opt/ros/galactic/opt/yaml_cpp_vendor/lib:/opt/ros/galactic/opt/rviz_ogre_vendor/lib:/opt/ros/galactic/lib/x86_64-linux-gnu:/opt/ros/galactic/lib:/usr/lib/x86_64-linux-gnu/gazebo-11/plugins:/usr/lib/x86_64-linux-gnu/gazebo-11/plugins:/usr/lib/x86_64-linux-gnu/gazebo-11/plugins:/usr/lib/x86_64-linux-gnu/gazebo-11/plugins:/usr/lib/x86_64-linux-gnu/gazebo-11/plugins:/usr/lib/x86_64-linux-gnu/gazebo-11/plugins:/usr/lib/x86_64-linux-gnu/gazebo-11/plugins:/usr/lib/x86_64-linux-gnu/gazebo-11/plugins:/usr/lib/x86_64-linux-gnu/gazebo-11/plugins:/usr/lib/x86_64-linux-gnu/gazebo-11/plugins:/usr/lib/x86_64-linux-gnu/gazebo-11/plugins:/usr/lib/x86_64-linux-gnu/gazebo-11/plugins:/usr/lib/x86_64-linux-gnu/gazebo-11/plugins:/usr/lib/x86_64-linux-gnu/gazebo-11/plugins:/usr/lib/x86_64-linux-gnu/gazebo-11/plugins:/usr/lib/x86_64-linux-gnu/gazebo-11/plugins:/usr/lib/x86_64-linux-gnu/gazebo-11/plugins:/usr/lib/x86_64-linux-gnu/gazebo-11/plugins:/usr/lib/x86_64-linux-gnu/gazebo-11/plugins:/usr/lib/x86_64-linux-gnu/gazebo-11/plugins:/usr/lib/x86_64-linux-gnu/gazebo-11/plugins:/usr/lib/x86_64-linux-gnu/gazebo-11/plugins:/usr/lib/x86_64-linux-gnu/gazebo-11/plugins:/usr/lib/x86_64-linux-gnu/gazebo-11/plugins:/usr/lib/x86_64-linux-gnu/gazebo-11/plugins:/usr/lib/x86_64-linux-gnu/gazebo-11/plugins:/usr/lib/x86_64-linux-gnu/gazebo-11/plugins:/usr/lib/x86_64-linux-gnu/gazebo-11/plugins /usr/bin/cmake --build /home/armrs/drone_racing_ros2_ws/build/tello_driver -- -j4 -l4
[1.444s] DEBUG:colcon.colcon_core.event_handler.log_command:Invoking command in '/home/armrs/drone_racing_ros2_ws/build/tello_gazebo': CMAKE_PREFIX_PATH=/home/armrs/drone_racing_ros2_ws/install/tello_msgs:/home/armrs/drone_racing_ros2_ws/install/tello_gazebo:/home/armrs/drone_racing_ros2_ws/install/tello_driver:/home/armrs/drone_racing_ros2_ws/install/tello_description:/home/armrs/drone_racing_ros2_ws/install/ros2_shared:/opt/ros/galactic LD_LIBRARY_PATH=/home/armrs/drone_racing_ros2_ws/install/tello_msgs/lib:/home/armrs/drone_racing_ros2_ws/install/tello_gazebo/lib:/home/armrs/drone_racing_ros2_ws/install/tello_driver/lib:/usr/lib/x86_64-linux-gnu/gazebo-11/plugins:/opt/ros/galactic/opt/yaml_cpp_vendor/lib:/opt/ros/galactic/opt/rviz_ogre_vendor/lib:/opt/ros/galactic/lib/x86_64-linux-gnu:/opt/ros/galactic/lib:/usr/lib/x86_64-linux-gnu/gazebo-11/plugins:/usr/lib/x86_64-linux-gnu/gazebo-11/plugins:/usr/lib/x86_64-linux-gnu/gazebo-11/plugins:/usr/lib/x86_64-linux-gnu/gazebo-11/plugins:/usr/lib/x86_64-linux-gnu/gazebo-11/plugins:/usr/lib/x86_64-linux-gnu/gazebo-11/plugins:/usr/lib/x86_64-linux-gnu/gazebo-11/plugins:/usr/lib/x86_64-linux-gnu/gazebo-11/plugins:/usr/lib/x86_64-linux-gnu/gazebo-11/plugins:/usr/lib/x86_64-linux-gnu/gazebo-11/plugins:/usr/lib/x86_64-linux-gnu/gazebo-11/plugins:/usr/lib/x86_64-linux-gnu/gazebo-11/plugins:/usr/lib/x86_64-linux-gnu/gazebo-11/plugins:/usr/lib/x86_64-linux-gnu/gazebo-11/plugins:/usr/lib/x86_64-linux-gnu/gazebo-11/plugins:/usr/lib/x86_64-linux-gnu/gazebo-11/plugins:/usr/lib/x86_64-linux-gnu/gazebo-11/plugins:/usr/lib/x86_64-linux-gnu/gazebo-11/plugins:/usr/lib/x86_64-linux-gnu/gazebo-11/plugins:/usr/lib/x86_64-linux-gnu/gazebo-11/plugins:/usr/lib/x86_64-linux-gnu/gazebo-11/plugins:/usr/lib/x86_64-linux-gnu/gazebo-11/plugins:/usr/lib/x86_64-linux-gnu/gazebo-11/plugins:/usr/lib/x86_64-linux-gnu/gazebo-11/plugins:/usr/lib/x86_64-linux-gnu/gazebo-11/plugins:/usr/lib/x86_64-linux-gnu/gazebo-11/plugins:/usr/lib/x86_64-linux-gnu/gazebo-11/plugins:/usr/lib/x86_64-linux-gnu/gazebo-11/plugins /usr/bin/cmake --build /home/armrs/drone_racing_ros2_ws/build/tello_gazebo -- -j4 -l4
[1.621s] DEBUG:colcon.colcon_core.event_handler.log_command:Invoked command in '/home/armrs/drone_racing_ros2_ws/build/tello_driver' returned '0': CMAKE_PREFIX_PATH=/home/armrs/drone_racing_ros2_ws/install/tello_msgs:/home/armrs/drone_racing_ros2_ws/install/ros2_shared:/home/armrs/drone_racing_ros2_ws/install/tello_gazebo:/home/armrs/drone_racing_ros2_ws/install/tello_driver:/home/armrs/drone_racing_ros2_ws/install/tello_description:/opt/ros/galactic LD_LIBRARY_PATH=/home/armrs/drone_racing_ros2_ws/install/tello_msgs/lib:/home/armrs/drone_racing_ros2_ws/install/tello_gazebo/lib:/home/armrs/drone_racing_ros2_ws/install/tello_driver/lib:/usr/lib/x86_64-linux-gnu/gazebo-11/plugins:/opt/ros/galactic/opt/yaml_cpp_vendor/lib:/opt/ros/galactic/opt/rviz_ogre_vendor/lib:/opt/ros/galactic/lib/x86_64-linux-gnu:/opt/ros/galactic/lib:/usr/lib/x86_64-linux-gnu/gazebo-11/plugins:/usr/lib/x86_64-linux-gnu/gazebo-11/plugins:/usr/lib/x86_64-linux-gnu/gazebo-11/plugins:/usr/lib/x86_64-linux-gnu/gazebo-11/plugins:/usr/lib/x86_64-linux-gnu/gazebo-11/plugins:/usr/lib/x86_64-linux-gnu/gazebo-11/plugins:/usr/lib/x86_64-linux-gnu/gazebo-11/plugins:/usr/lib/x86_64-linux-gnu/gazebo-11/plugins:/usr/lib/x86_64-linux-gnu/gazebo-11/plugins:/usr/lib/x86_64-linux-gnu/gazebo-11/plugins:/usr/lib/x86_64-linux-gnu/gazebo-11/plugins:/usr/lib/x86_64-linux-gnu/gazebo-11/plugins:/usr/lib/x86_64-linux-gnu/gazebo-11/plugins:/usr/lib/x86_64-linux-gnu/gazebo-11/plugins:/usr/lib/x86_64-linux-gnu/gazebo-11/plugins:/usr/lib/x86_64-linux-gnu/gazebo-11/plugins:/usr/lib/x86_64-linux-gnu/gazebo-11/plugins:/usr/lib/x86_64-linux-gnu/gazebo-11/plugins:/usr/lib/x86_64-linux-gnu/gazebo-11/plugins:/usr/lib/x86_64-linux-gnu/gazebo-11/plugins:/usr/lib/x86_64-linux-gnu/gazebo-11/plugins:/usr/lib/x86_64-linux-gnu/gazebo-11/plugins:/usr/lib/x86_64-linux-gnu/gazebo-11/plugins:/usr/lib/x86_64-linux-gnu/gazebo-11/plugins:/usr/lib/x86_64-linux-gnu/gazebo-11/plugins:/usr/lib/x86_64-linux-gnu/gazebo-11/plugins:/usr/lib/x86_64-linux-gnu/gazebo-11/plugins:/usr/lib/x86_64-linux-gnu/gazebo-11/plugins /usr/bin/cmake --build /home/armrs/drone_racing_ros2_ws/build/tello_driver -- -j4 -l4
[1.623s] DEBUG:colcon.colcon_core.event_handler.log_command:Invoking command in '/home/armrs/drone_racing_ros2_ws/build/tello_driver': CMAKE_PREFIX_PATH=/home/armrs/drone_racing_ros2_ws/install/tello_msgs:/home/armrs/drone_racing_ros2_ws/install/ros2_shared:/home/armrs/drone_racing_ros2_ws/install/tello_gazebo:/home/armrs/drone_racing_ros2_ws/install/tello_driver:/home/armrs/drone_racing_ros2_ws/install/tello_description:/opt/ros/galactic LD_LIBRARY_PATH=/home/armrs/drone_racing_ros2_ws/install/tello_msgs/lib:/home/armrs/drone_racing_ros2_ws/install/tello_gazebo/lib:/home/armrs/drone_racing_ros2_ws/install/tello_driver/lib:/usr/lib/x86_64-linux-gnu/gazebo-11/plugins:/opt/ros/galactic/opt/yaml_cpp_vendor/lib:/opt/ros/galactic/opt/rviz_ogre_vendor/lib:/opt/ros/galactic/lib/x86_64-linux-gnu:/opt/ros/galactic/lib:/usr/lib/x86_64-linux-gnu/gazebo-11/plugins:/usr/lib/x86_64-linux-gnu/gazebo-11/plugins:/usr/lib/x86_64-linux-gnu/gazebo-11/plugins:/usr/lib/x86_64-linux-gnu/gazebo-11/plugins:/usr/lib/x86_64-linux-gnu/gazebo-11/plugins:/usr/lib/x86_64-linux-gnu/gazebo-11/plugins:/usr/lib/x86_64-linux-gnu/gazebo-11/plugins:/usr/lib/x86_64-linux-gnu/gazebo-11/plugins:/usr/lib/x86_64-linux-gnu/gazebo-11/plugins:/usr/lib/x86_64-linux-gnu/gazebo-11/plugins:/usr/lib/x86_64-linux-gnu/gazebo-11/plugins:/usr/lib/x86_64-linux-gnu/gazebo-11/plugins:/usr/lib/x86_64-linux-gnu/gazebo-11/plugins:/usr/lib/x86_64-linux-gnu/gazebo-11/plugins:/usr/lib/x86_64-linux-gnu/gazebo-11/plugins:/usr/lib/x86_64-linux-gnu/gazebo-11/plugins:/usr/lib/x86_64-linux-gnu/gazebo-11/plugins:/usr/lib/x86_64-linux-gnu/gazebo-11/plugins:/usr/lib/x86_64-linux-gnu/gazebo-11/plugins:/usr/lib/x86_64-linux-gnu/gazebo-11/plugins:/usr/lib/x86_64-linux-gnu/gazebo-11/plugins:/usr/lib/x86_64-linux-gnu/gazebo-11/plugins:/usr/lib/x86_64-linux-gnu/gazebo-11/plugins:/usr/lib/x86_64-linux-gnu/gazebo-11/plugins:/usr/lib/x86_64-linux-gnu/gazebo-11/plugins:/usr/lib/x86_64-linux-gnu/gazebo-11/plugins:/usr/lib/x86_64-linux-gnu/gazebo-11/plugins:/usr/lib/x86_64-linux-gnu/gazebo-11/plugins /usr/bin/cmake --install /home/armrs/drone_racing_ros2_ws/build/tello_driver
[1.630s] DEBUG:colcon.colcon_core.event_handler.log_command:Invoked command in '/home/armrs/drone_racing_ros2_ws/build/tello_gazebo' returned '0': CMAKE_PREFIX_PATH=/home/armrs/drone_racing_ros2_ws/install/tello_msgs:/home/armrs/drone_racing_ros2_ws/install/tello_gazebo:/home/armrs/drone_racing_ros2_ws/install/tello_driver:/home/armrs/drone_racing_ros2_ws/install/tello_description:/home/armrs/drone_racing_ros2_ws/install/ros2_shared:/opt/ros/galactic LD_LIBRARY_PATH=/home/armrs/drone_racing_ros2_ws/install/tello_msgs/lib:/home/armrs/drone_racing_ros2_ws/install/tello_gazebo/lib:/home/armrs/drone_racing_ros2_ws/install/tello_driver/lib:/usr/lib/x86_64-linux-gnu/gazebo-11/plugins:/opt/ros/galactic/opt/yaml_cpp_vendor/lib:/opt/ros/galactic/opt/rviz_ogre_vendor/lib:/opt/ros/galactic/lib/x86_64-linux-gnu:/opt/ros/galactic/lib:/usr/lib/x86_64-linux-gnu/gazebo-11/plugins:/usr/lib/x86_64-linux-gnu/gazebo-11/plugins:/usr/lib/x86_64-linux-gnu/gazebo-11/plugins:/usr/lib/x86_64-linux-gnu/gazebo-11/plugins:/usr/lib/x86_64-linux-gnu/gazebo-11/plugins:/usr/lib/x86_64-linux-gnu/gazebo-11/plugins:/usr/lib/x86_64-linux-gnu/gazebo-11/plugins:/usr/lib/x86_64-linux-gnu/gazebo-11/plugins:/usr/lib/x86_64-linux-gnu/gazebo-11/plugins:/usr/lib/x86_64-linux-gnu/gazebo-11/plugins:/usr/lib/x86_64-linux-gnu/gazebo-11/plugins:/usr/lib/x86_64-linux-gnu/gazebo-11/plugins:/usr/lib/x86_64-linux-gnu/gazebo-11/plugins:/usr/lib/x86_64-linux-gnu/gazebo-11/plugins:/usr/lib/x86_64-linux-gnu/gazebo-11/plugins:/usr/lib/x86_64-linux-gnu/gazebo-11/plugins:/usr/lib/x86_64-linux-gnu/gazebo-11/plugins:/usr/lib/x86_64-linux-gnu/gazebo-11/plugins:/usr/lib/x86_64-linux-gnu/gazebo-11/plugins:/usr/lib/x86_64-linux-gnu/gazebo-11/plugins:/usr/lib/x86_64-linux-gnu/gazebo-11/plugins:/usr/lib/x86_64-linux-gnu/gazebo-11/plugins:/usr/lib/x86_64-linux-gnu/gazebo-11/plugins:/usr/lib/x86_64-linux-gnu/gazebo-11/plugins:/usr/lib/x86_64-linux-gnu/gazebo-11/plugins:/usr/lib/x86_64-linux-gnu/gazebo-11/plugins:/usr/lib/x86_64-linux-gnu/gazebo-11/plugins:/usr/lib/x86_64-linux-gnu/gazebo-11/plugins /usr/bin/cmake --build /home/armrs/drone_racing_ros2_ws/build/tello_gazebo -- -j4 -l4
[1.636s] DEBUG:colcon.colcon_core.event_handler.log_command:Invoking command in '/home/armrs/drone_racing_ros2_ws/build/tello_gazebo': CMAKE_PREFIX_PATH=/home/armrs/drone_racing_ros2_ws/install/tello_msgs:/home/armrs/drone_racing_ros2_ws/install/tello_gazebo:/home/armrs/drone_racing_ros2_ws/install/tello_driver:/home/armrs/drone_racing_ros2_ws/install/tello_description:/home/armrs/drone_racing_ros2_ws/install/ros2_shared:/opt/ros/galactic LD_LIBRARY_PATH=/home/armrs/drone_racing_ros2_ws/install/tello_msgs/lib:/home/armrs/drone_racing_ros2_ws/install/tello_gazebo/lib:/home/armrs/drone_racing_ros2_ws/install/tello_driver/lib:/usr/lib/x86_64-linux-gnu/gazebo-11/plugins:/opt/ros/galactic/opt/yaml_cpp_vendor/lib:/opt/ros/galactic/opt/rviz_ogre_vendor/lib:/opt/ros/galactic/lib/x86_64-linux-gnu:/opt/ros/galactic/lib:/usr/lib/x86_64-linux-gnu/gazebo-11/plugins:/usr/lib/x86_64-linux-gnu/gazebo-11/plugins:/usr/lib/x86_64-linux-gnu/gazebo-11/plugins:/usr/lib/x86_64-linux-gnu/gazebo-11/plugins:/usr/lib/x86_64-linux-gnu/gazebo-11/plugins:/usr/lib/x86_64-linux-gnu/gazebo-11/plugins:/usr/lib/x86_64-linux-gnu/gazebo-11/plugins:/usr/lib/x86_64-linux-gnu/gazebo-11/plugins:/usr/lib/x86_64-linux-gnu/gazebo-11/plugins:/usr/lib/x86_64-linux-gnu/gazebo-11/plugins:/usr/lib/x86_64-linux-gnu/gazebo-11/plugins:/usr/lib/x86_64-linux-gnu/gazebo-11/plugins:/usr/lib/x86_64-linux-gnu/gazebo-11/plugins:/usr/lib/x86_64-linux-gnu/gazebo-11/plugins:/usr/lib/x86_64-linux-gnu/gazebo-11/plugins:/usr/lib/x86_64-linux-gnu/gazebo-11/plugins:/usr/lib/x86_64-linux-gnu/gazebo-11/plugins:/usr/lib/x86_64-linux-gnu/gazebo-11/plugins:/usr/lib/x86_64-linux-gnu/gazebo-11/plugins:/usr/lib/x86_64-linux-gnu/gazebo-11/plugins:/usr/lib/x86_64-linux-gnu/gazebo-11/plugins:/usr/lib/x86_64-linux-gnu/gazebo-11/plugins:/usr/lib/x86_64-linux-gnu/gazebo-11/plugins:/usr/lib/x86_64-linux-gnu/gazebo-11/plugins:/usr/lib/x86_64-linux-gnu/gazebo-11/plugins:/usr/lib/x86_64-linux-gnu/gazebo-11/plugins:/usr/lib/x86_64-linux-gnu/gazebo-11/plugins:/usr/lib/x86_64-linux-gnu/gazebo-11/plugins /usr/bin/cmake --install /home/armrs/drone_racing_ros2_ws/build/tello_gazebo
[1.646s] Level 1:colcon.colcon_core.environment:create_environment_scripts_only(tello_driver)
[1.647s] Level 1:colcon.colcon_core.environment:checking '/home/armrs/drone_racing_ros2_ws/install/tello_driver' for CMake module files
[1.648s] DEBUG:colcon.colcon_core.event_handler.log_command:Invoked command in '/home/armrs/drone_racing_ros2_ws/build/tello_driver' returned '0': CMAKE_PREFIX_PATH=/home/armrs/drone_racing_ros2_ws/install/tello_msgs:/home/armrs/drone_racing_ros2_ws/install/ros2_shared:/home/armrs/drone_racing_ros2_ws/install/tello_gazebo:/home/armrs/drone_racing_ros2_ws/install/tello_driver:/home/armrs/drone_racing_ros2_ws/install/tello_description:/opt/ros/galactic LD_LIBRARY_PATH=/home/armrs/drone_racing_ros2_ws/install/tello_msgs/lib:/home/armrs/drone_racing_ros2_ws/install/tello_gazebo/lib:/home/armrs/drone_racing_ros2_ws/install/tello_driver/lib:/usr/lib/x86_64-linux-gnu/gazebo-11/plugins:/opt/ros/galactic/opt/yaml_cpp_vendor/lib:/opt/ros/galactic/opt/rviz_ogre_vendor/lib:/opt/ros/galactic/lib/x86_64-linux-gnu:/opt/ros/galactic/lib:/usr/lib/x86_64-linux-gnu/gazebo-11/plugins:/usr/lib/x86_64-linux-gnu/gazebo-11/plugins:/usr/lib/x86_64-linux-gnu/gazebo-11/plugins:/usr/lib/x86_64-linux-gnu/gazebo-11/plugins:/usr/lib/x86_64-linux-gnu/gazebo-11/plugins:/usr/lib/x86_64-linux-gnu/gazebo-11/plugins:/usr/lib/x86_64-linux-gnu/gazebo-11/plugins:/usr/lib/x86_64-linux-gnu/gazebo-11/plugins:/usr/lib/x86_64-linux-gnu/gazebo-11/plugins:/usr/lib/x86_64-linux-gnu/gazebo-11/plugins:/usr/lib/x86_64-linux-gnu/gazebo-11/plugins:/usr/lib/x86_64-linux-gnu/gazebo-11/plugins:/usr/lib/x86_64-linux-gnu/gazebo-11/plugins:/usr/lib/x86_64-linux-gnu/gazebo-11/plugins:/usr/lib/x86_64-linux-gnu/gazebo-11/plugins:/usr/lib/x86_64-linux-gnu/gazebo-11/plugins:/usr/lib/x86_64-linux-gnu/gazebo-11/plugins:/usr/lib/x86_64-linux-gnu/gazebo-11/plugins:/usr/lib/x86_64-linux-gnu/gazebo-11/plugins:/usr/lib/x86_64-linux-gnu/gazebo-11/plugins:/usr/lib/x86_64-linux-gnu/gazebo-11/plugins:/usr/lib/x86_64-linux-gnu/gazebo-11/plugins:/usr/lib/x86_64-linux-gnu/gazebo-11/plugins:/usr/lib/x86_64-linux-gnu/gazebo-11/plugins:/usr/lib/x86_64-linux-gnu/gazebo-11/plugins:/usr/lib/x86_64-linux-gnu/gazebo-11/plugins:/usr/lib/x86_64-linux-gnu/gazebo-11/plugins:/usr/lib/x86_64-linux-gnu/gazebo-11/plugins /usr/bin/cmake --install /home/armrs/drone_racing_ros2_ws/build/tello_driver
[1.649s] Level 1:colcon.colcon_core.environment:checking '/home/armrs/drone_racing_ros2_ws/install/tello_driver' for CMake config files
[1.654s] Level 1:colcon.colcon_core.shell:create_environment_hook('tello_driver', 'cmake_prefix_path')
[1.654s] INFO:colcon.colcon_core.shell:Creating environment hook '/home/armrs/drone_racing_ros2_ws/install/tello_driver/share/tello_driver/hook/cmake_prefix_path.ps1'
[1.656s] INFO:colcon.colcon_core.shell:Creating environment descriptor '/home/armrs/drone_racing_ros2_ws/install/tello_driver/share/tello_driver/hook/cmake_prefix_path.dsv'
[1.657s] INFO:colcon.colcon_core.shell:Creating environment hook '/home/armrs/drone_racing_ros2_ws/install/tello_driver/share/tello_driver/hook/cmake_prefix_path.sh'
[1.659s] Level 1:colcon.colcon_core.environment:checking '/home/armrs/drone_racing_ros2_ws/install/tello_driver/lib'
[1.659s] Level 1:colcon.colcon_core.shell:create_environment_hook('tello_driver', 'ld_library_path_lib')
[1.659s] INFO:colcon.colcon_core.shell:Creating environment hook '/home/armrs/drone_racing_ros2_ws/install/tello_driver/share/tello_driver/hook/ld_library_path_lib.ps1'
[1.661s] INFO:colcon.colcon_core.shell:Creating environment descriptor '/home/armrs/drone_racing_ros2_ws/install/tello_driver/share/tello_driver/hook/ld_library_path_lib.dsv'
[1.662s] INFO:colcon.colcon_core.shell:Creating environment hook '/home/armrs/drone_racing_ros2_ws/install/tello_driver/share/tello_driver/hook/ld_library_path_lib.sh'
[1.663s] Level 1:colcon.colcon_core.environment:checking '/home/armrs/drone_racing_ros2_ws/install/tello_driver/bin'
[1.663s] Level 1:colcon.colcon_core.environment:checking '/home/armrs/drone_racing_ros2_ws/install/tello_driver/lib/pkgconfig/tello_driver.pc'
[1.664s] Level 1:colcon.colcon_core.environment:checking '/home/armrs/drone_racing_ros2_ws/install/tello_driver/lib/python3.8/site-packages'
[1.664s] Level 1:colcon.colcon_core.environment:checking '/home/armrs/drone_racing_ros2_ws/install/tello_driver/bin'
[1.665s] INFO:colcon.colcon_core.shell:Creating package script '/home/armrs/drone_racing_ros2_ws/install/tello_driver/share/tello_driver/package.ps1'
[1.667s] INFO:colcon.colcon_core.shell:Creating package descriptor '/home/armrs/drone_racing_ros2_ws/install/tello_driver/share/tello_driver/package.dsv'
[1.668s] INFO:colcon.colcon_core.shell:Creating package script '/home/armrs/drone_racing_ros2_ws/install/tello_driver/share/tello_driver/package.sh'
[1.669s] INFO:colcon.colcon_core.shell:Creating package script '/home/armrs/drone_racing_ros2_ws/install/tello_driver/share/tello_driver/package.bash'
[1.670s] INFO:colcon.colcon_core.shell:Creating package script '/home/armrs/drone_racing_ros2_ws/install/tello_driver/share/tello_driver/package.zsh'
[1.671s] Level 1:colcon.colcon_core.environment:create_file_with_runtime_dependencies(/home/armrs/drone_racing_ros2_ws/install/tello_driver/share/colcon-core/packages/tello_driver)
[1.673s] Level 1:colcon.colcon_core.environment:create_environment_scripts_only(tello_driver)
[1.674s] Level 1:colcon.colcon_core.environment:checking '/home/armrs/drone_racing_ros2_ws/install/tello_driver' for CMake module files
[1.676s] Level 1:colcon.colcon_core.environment:checking '/home/armrs/drone_racing_ros2_ws/install/tello_driver' for CMake config files
[1.679s] Level 1:colcon.colcon_core.shell:create_environment_hook('tello_driver', 'cmake_prefix_path')
[1.679s] INFO:colcon.colcon_core.shell:Creating environment hook '/home/armrs/drone_racing_ros2_ws/install/tello_driver/share/tello_driver/hook/cmake_prefix_path.ps1'
[1.680s] INFO:colcon.colcon_core.shell:Creating environment descriptor '/home/armrs/drone_racing_ros2_ws/install/tello_driver/share/tello_driver/hook/cmake_prefix_path.dsv'
[1.680s] INFO:colcon.colcon_core.shell:Creating environment hook '/home/armrs/drone_racing_ros2_ws/install/tello_driver/share/tello_driver/hook/cmake_prefix_path.sh'
[1.681s] Level 1:colcon.colcon_core.environment:checking '/home/armrs/drone_racing_ros2_ws/install/tello_driver/lib'
[1.681s] Level 1:colcon.colcon_core.shell:create_environment_hook('tello_driver', 'ld_library_path_lib')
[1.681s] INFO:colcon.colcon_core.shell:Creating environment hook '/home/armrs/drone_racing_ros2_ws/install/tello_driver/share/tello_driver/hook/ld_library_path_lib.ps1'
[1.682s] INFO:colcon.colcon_core.shell:Creating environment descriptor '/home/armrs/drone_racing_ros2_ws/install/tello_driver/share/tello_driver/hook/ld_library_path_lib.dsv'
[1.682s] INFO:colcon.colcon_core.shell:Creating environment hook '/home/armrs/drone_racing_ros2_ws/install/tello_driver/share/tello_driver/hook/ld_library_path_lib.sh'
[1.683s] Level 1:colcon.colcon_core.environment:checking '/home/armrs/drone_racing_ros2_ws/install/tello_driver/bin'
[1.683s] Level 1:colcon.colcon_core.environment:checking '/home/armrs/drone_racing_ros2_ws/install/tello_driver/lib/pkgconfig/tello_driver.pc'
[1.684s] Level 1:colcon.colcon_core.environment:checking '/home/armrs/drone_racing_ros2_ws/install/tello_driver/lib/python3.8/site-packages'
[1.684s] Level 1:colcon.colcon_core.environment:checking '/home/armrs/drone_racing_ros2_ws/install/tello_driver/bin'
[1.685s] INFO:colcon.colcon_core.shell:Creating package script '/home/armrs/drone_racing_ros2_ws/install/tello_driver/share/tello_driver/package.ps1'
[1.686s] INFO:colcon.colcon_core.shell:Creating package descriptor '/home/armrs/drone_racing_ros2_ws/install/tello_driver/share/tello_driver/package.dsv'
[1.686s] INFO:colcon.colcon_core.shell:Creating package script '/home/armrs/drone_racing_ros2_ws/install/tello_driver/share/tello_driver/package.sh'
[1.687s] INFO:colcon.colcon_core.shell:Creating package script '/home/armrs/drone_racing_ros2_ws/install/tello_driver/share/tello_driver/package.bash'
[1.688s] INFO:colcon.colcon_core.shell:Creating package script '/home/armrs/drone_racing_ros2_ws/install/tello_driver/share/tello_driver/package.zsh'
[1.688s] Level 1:colcon.colcon_core.environment:create_file_with_runtime_dependencies(/home/armrs/drone_racing_ros2_ws/install/tello_driver/share/colcon-core/packages/tello_driver)
[1.690s] Level 1:colcon.colcon_core.environment:create_environment_scripts_only(tello_gazebo)
[1.690s] Level 1:colcon.colcon_core.environment:checking '/home/armrs/drone_racing_ros2_ws/install/tello_gazebo' for CMake module files
[1.691s] DEBUG:colcon.colcon_core.event_handler.log_command:Invoked command in '/home/armrs/drone_racing_ros2_ws/build/tello_gazebo' returned '0': CMAKE_PREFIX_PATH=/home/armrs/drone_racing_ros2_ws/install/tello_msgs:/home/armrs/drone_racing_ros2_ws/install/tello_gazebo:/home/armrs/drone_racing_ros2_ws/install/tello_driver:/home/armrs/drone_racing_ros2_ws/install/tello_description:/home/armrs/drone_racing_ros2_ws/install/ros2_shared:/opt/ros/galactic LD_LIBRARY_PATH=/home/armrs/drone_racing_ros2_ws/install/tello_msgs/lib:/home/armrs/drone_racing_ros2_ws/install/tello_gazebo/lib:/home/armrs/drone_racing_ros2_ws/install/tello_driver/lib:/usr/lib/x86_64-linux-gnu/gazebo-11/plugins:/opt/ros/galactic/opt/yaml_cpp_vendor/lib:/opt/ros/galactic/opt/rviz_ogre_vendor/lib:/opt/ros/galactic/lib/x86_64-linux-gnu:/opt/ros/galactic/lib:/usr/lib/x86_64-linux-gnu/gazebo-11/plugins:/usr/lib/x86_64-linux-gnu/gazebo-11/plugins:/usr/lib/x86_64-linux-gnu/gazebo-11/plugins:/usr/lib/x86_64-linux-gnu/gazebo-11/plugins:/usr/lib/x86_64-linux-gnu/gazebo-11/plugins:/usr/lib/x86_64-linux-gnu/gazebo-11/plugins:/usr/lib/x86_64-linux-gnu/gazebo-11/plugins:/usr/lib/x86_64-linux-gnu/gazebo-11/plugins:/usr/lib/x86_64-linux-gnu/gazebo-11/plugins:/usr/lib/x86_64-linux-gnu/gazebo-11/plugins:/usr/lib/x86_64-linux-gnu/gazebo-11/plugins:/usr/lib/x86_64-linux-gnu/gazebo-11/plugins:/usr/lib/x86_64-linux-gnu/gazebo-11/plugins:/usr/lib/x86_64-linux-gnu/gazebo-11/plugins:/usr/lib/x86_64-linux-gnu/gazebo-11/plugins:/usr/lib/x86_64-linux-gnu/gazebo-11/plugins:/usr/lib/x86_64-linux-gnu/gazebo-11/plugins:/usr/lib/x86_64-linux-gnu/gazebo-11/plugins:/usr/lib/x86_64-linux-gnu/gazebo-11/plugins:/usr/lib/x86_64-linux-gnu/gazebo-11/plugins:/usr/lib/x86_64-linux-gnu/gazebo-11/plugins:/usr/lib/x86_64-linux-gnu/gazebo-11/plugins:/usr/lib/x86_64-linux-gnu/gazebo-11/plugins:/usr/lib/x86_64-linux-gnu/gazebo-11/plugins:/usr/lib/x86_64-linux-gnu/gazebo-11/plugins:/usr/lib/x86_64-linux-gnu/gazebo-11/plugins:/usr/lib/x86_64-linux-gnu/gazebo-11/plugins:/usr/lib/x86_64-linux-gnu/gazebo-11/plugins /usr/bin/cmake --install /home/armrs/drone_racing_ros2_ws/build/tello_gazebo
[1.692s] Level 1:colcon.colcon_core.environment:checking '/home/armrs/drone_racing_ros2_ws/install/tello_gazebo' for CMake config files
[1.692s] Level 1:colcon.colcon_core.shell:create_environment_hook('tello_gazebo', 'cmake_prefix_path')
[1.693s] INFO:colcon.colcon_core.shell:Creating environment hook '/home/armrs/drone_racing_ros2_ws/install/tello_gazebo/share/tello_gazebo/hook/cmake_prefix_path.ps1'
[1.693s] INFO:colcon.colcon_core.shell:Creating environment descriptor '/home/armrs/drone_racing_ros2_ws/install/tello_gazebo/share/tello_gazebo/hook/cmake_prefix_path.dsv'
[1.694s] INFO:colcon.colcon_core.shell:Creating environment hook '/home/armrs/drone_racing_ros2_ws/install/tello_gazebo/share/tello_gazebo/hook/cmake_prefix_path.sh'
[1.694s] Level 1:colcon.colcon_core.environment:checking '/home/armrs/drone_racing_ros2_ws/install/tello_gazebo/lib'
[1.694s] Level 1:colcon.colcon_core.shell:create_environment_hook('tello_gazebo', 'ld_library_path_lib')
[1.695s] INFO:colcon.colcon_core.shell:Creating environment hook '/home/armrs/drone_racing_ros2_ws/install/tello_gazebo/share/tello_gazebo/hook/ld_library_path_lib.ps1'
[1.695s] INFO:colcon.colcon_core.shell:Creating environment descriptor '/home/armrs/drone_racing_ros2_ws/install/tello_gazebo/share/tello_gazebo/hook/ld_library_path_lib.dsv'
[1.696s] INFO:colcon.colcon_core.shell:Creating environment hook '/home/armrs/drone_racing_ros2_ws/install/tello_gazebo/share/tello_gazebo/hook/ld_library_path_lib.sh'
[1.696s] Level 1:colcon.colcon_core.environment:checking '/home/armrs/drone_racing_ros2_ws/install/tello_gazebo/bin'
[1.696s] Level 1:colcon.colcon_core.environment:checking '/home/armrs/drone_racing_ros2_ws/install/tello_gazebo/lib/pkgconfig/tello_gazebo.pc'
[1.697s] Level 1:colcon.colcon_core.environment:checking '/home/armrs/drone_racing_ros2_ws/install/tello_gazebo/lib/python3.8/site-packages'
[1.697s] Level 1:colcon.colcon_core.environment:checking '/home/armrs/drone_racing_ros2_ws/install/tello_gazebo/bin'
[1.697s] INFO:colcon.colcon_core.shell:Creating package script '/home/armrs/drone_racing_ros2_ws/install/tello_gazebo/share/tello_gazebo/package.ps1'
[1.698s] INFO:colcon.colcon_core.shell:Creating package descriptor '/home/armrs/drone_racing_ros2_ws/install/tello_gazebo/share/tello_gazebo/package.dsv'
[1.698s] INFO:colcon.colcon_core.shell:Creating package script '/home/armrs/drone_racing_ros2_ws/install/tello_gazebo/share/tello_gazebo/package.sh'
[1.699s] INFO:colcon.colcon_core.shell:Creating package script '/home/armrs/drone_racing_ros2_ws/install/tello_gazebo/share/tello_gazebo/package.bash'
[1.699s] INFO:colcon.colcon_core.shell:Creating package script '/home/armrs/drone_racing_ros2_ws/install/tello_gazebo/share/tello_gazebo/package.zsh'
[1.699s] Level 1:colcon.colcon_core.environment:create_file_with_runtime_dependencies(/home/armrs/drone_racing_ros2_ws/install/tello_gazebo/share/colcon-core/packages/tello_gazebo)
[1.700s] Level 1:colcon.colcon_core.environment:create_environment_scripts_only(tello_gazebo)
[1.700s] Level 1:colcon.colcon_core.environment:checking '/home/armrs/drone_racing_ros2_ws/install/tello_gazebo' for CMake module files
[1.701s] Level 1:colcon.colcon_core.environment:checking '/home/armrs/drone_racing_ros2_ws/install/tello_gazebo' for CMake config files
[1.701s] Level 1:colcon.colcon_core.shell:create_environment_hook('tello_gazebo', 'cmake_prefix_path')
[1.702s] INFO:colcon.colcon_core.shell:Creating environment hook '/home/armrs/drone_racing_ros2_ws/install/tello_gazebo/share/tello_gazebo/hook/cmake_prefix_path.ps1'
[1.702s] INFO:colcon.colcon_core.shell:Creating environment descriptor '/home/armrs/drone_racing_ros2_ws/install/tello_gazebo/share/tello_gazebo/hook/cmake_prefix_path.dsv'
[1.703s] INFO:colcon.colcon_core.shell:Creating environment hook '/home/armrs/drone_racing_ros2_ws/install/tello_gazebo/share/tello_gazebo/hook/cmake_prefix_path.sh'
[1.703s] Level 1:colcon.colcon_core.environment:checking '/home/armrs/drone_racing_ros2_ws/install/tello_gazebo/lib'
[1.703s] Level 1:colcon.colcon_core.shell:create_environment_hook('tello_gazebo', 'ld_library_path_lib')
[1.704s] INFO:colcon.colcon_core.shell:Creating environment hook '/home/armrs/drone_racing_ros2_ws/install/tello_gazebo/share/tello_gazebo/hook/ld_library_path_lib.ps1'
[1.704s] INFO:colcon.colcon_core.shell:Creating environment descriptor '/home/armrs/drone_racing_ros2_ws/install/tello_gazebo/share/tello_gazebo/hook/ld_library_path_lib.dsv'
[1.705s] INFO:colcon.colcon_core.shell:Creating environment hook '/home/armrs/drone_racing_ros2_ws/install/tello_gazebo/share/tello_gazebo/hook/ld_library_path_lib.sh'
[1.705s] Level 1:colcon.colcon_core.environment:checking '/home/armrs/drone_racing_ros2_ws/install/tello_gazebo/bin'
[1.706s] Level 1:colcon.colcon_core.environment:checking '/home/armrs/drone_racing_ros2_ws/install/tello_gazebo/lib/pkgconfig/tello_gazebo.pc'
[1.706s] Level 1:colcon.colcon_core.environment:checking '/home/armrs/drone_racing_ros2_ws/install/tello_gazebo/lib/python3.8/site-packages'
[1.706s] Level 1:colcon.colcon_core.environment:checking '/home/armrs/drone_racing_ros2_ws/install/tello_gazebo/bin'
[1.706s] INFO:colcon.colcon_core.shell:Creating package script '/home/armrs/drone_racing_ros2_ws/install/tello_gazebo/share/tello_gazebo/package.ps1'
[1.707s] INFO:colcon.colcon_core.shell:Creating package descriptor '/home/armrs/drone_racing_ros2_ws/install/tello_gazebo/share/tello_gazebo/package.dsv'
[1.707s] INFO:colcon.colcon_core.shell:Creating package script '/home/armrs/drone_racing_ros2_ws/install/tello_gazebo/share/tello_gazebo/package.sh'
[1.708s] INFO:colcon.colcon_core.shell:Creating package script '/home/armrs/drone_racing_ros2_ws/install/tello_gazebo/share/tello_gazebo/package.bash'
[1.709s] INFO:colcon.colcon_core.shell:Creating package script '/home/armrs/drone_racing_ros2_ws/install/tello_gazebo/share/tello_gazebo/package.zsh'
[1.709s] Level 1:colcon.colcon_core.environment:create_file_with_runtime_dependencies(/home/armrs/drone_racing_ros2_ws/install/tello_gazebo/share/colcon-core/packages/tello_gazebo)
[1.710s] DEBUG:colcon.colcon_parallel_executor.executor.parallel:closing loop
[1.710s] DEBUG:colcon.colcon_parallel_executor.executor.parallel:loop closed
[1.710s] DEBUG:colcon.colcon_parallel_executor.executor.parallel:run_until_complete finished with '0'
[1.710s] DEBUG:colcon.colcon_core.event_reactor:joining thread
[1.719s] INFO:colcon.colcon_core.plugin_system:Skipping extension 'colcon_notification.desktop_notification.terminal_notifier': Not used on non-Darwin systems
[1.719s] INFO:colcon.colcon_core.plugin_system:Skipping extension 'colcon_notification.desktop_notification.win32': Not used on non-Windows systems
[1.720s] INFO:colcon.colcon_notification.desktop_notification:Sending desktop notification using 'notify2'
[1.737s] DEBUG:colcon.colcon_core.event_reactor:joined thread
[1.738s] INFO:colcon.colcon_core.shell:Creating prefix script '/home/armrs/drone_racing_ros2_ws/install/local_setup.ps1'
[1.739s] INFO:colcon.colcon_core.shell:Creating prefix util module '/home/armrs/drone_racing_ros2_ws/install/_local_setup_util_ps1.py'
[1.742s] INFO:colcon.colcon_core.shell:Creating prefix chain script '/home/armrs/drone_racing_ros2_ws/install/setup.ps1'
[1.744s] INFO:colcon.colcon_core.shell:Creating prefix script '/home/armrs/drone_racing_ros2_ws/install/local_setup.sh'
[1.744s] INFO:colcon.colcon_core.shell:Creating prefix util module '/home/armrs/drone_racing_ros2_ws/install/_local_setup_util_sh.py'
[1.745s] INFO:colcon.colcon_core.shell:Creating prefix chain script '/home/armrs/drone_racing_ros2_ws/install/setup.sh'
[1.747s] INFO:colcon.colcon_core.shell:Creating prefix script '/home/armrs/drone_racing_ros2_ws/install/local_setup.bash'
[1.748s] INFO:colcon.colcon_core.shell:Creating prefix chain script '/home/armrs/drone_racing_ros2_ws/install/setup.bash'
[1.749s] INFO:colcon.colcon_core.shell:Creating prefix script '/home/armrs/drone_racing_ros2_ws/install/local_setup.zsh'
[1.750s] INFO:colcon.colcon_core.shell:Creating prefix chain script '/home/armrs/drone_racing_ros2_ws/install/setup.zsh'
