[  9%] Built target tello_emulator
[ 22%] Built target tello_joy_main
[ 31%] Built target tello_joy_node
[ 63%] Built target tello_driver_node
[100%] Built target tello_driver_main
-- Install configuration: ""
-- Installing: /home/armrs/drone_racing_ros2_ws/install/tello_driver/share/tello_driver/environment/library_path.sh
-- Installing: /home/armrs/drone_racing_ros2_ws/install/tello_driver/share/tello_driver/environment/library_path.dsv
-- Installing: /home/armrs/drone_racing_ros2_ws/install/tello_driver/lib/libtello_driver_node.so
-- Set runtime path of "/home/armrs/drone_racing_ros2_ws/install/tello_driver/lib/libtello_driver_node.so" to ""
-- Installing: /home/armrs/drone_racing_ros2_ws/install/tello_driver/lib/libtello_joy_node.so
-- Set runtime path of "/home/armrs/drone_racing_ros2_ws/install/tello_driver/lib/libtello_joy_node.so" to ""
-- Installing: /home/armrs/drone_racing_ros2_ws/install/tello_driver/lib/tello_driver/tello_driver_main
-- Set runtime path of "/home/armrs/drone_racing_ros2_ws/install/tello_driver/lib/tello_driver/tello_driver_main" to ""
-- Installing: /home/armrs/drone_racing_ros2_ws/install/tello_driver/lib/tello_driver/tello_joy_main
-- Set runtime path of "/home/armrs/drone_racing_ros2_ws/install/tello_driver/lib/tello_driver/tello_joy_main" to ""
-- Installing: /home/armrs/drone_racing_ros2_ws/install/tello_driver/lib/tello_driver/tello_emulator
-- Installing: /home/armrs/drone_racing_ros2_ws/install/tello_driver/share/tello_driver/cfg
-- Installing: /home/armrs/drone_racing_ros2_ws/install/tello_driver/share/tello_driver/cfg/camera_info.yaml
-- Installing: /home/armrs/drone_racing_ros2_ws/install/tello_driver/share/tello_driver/launch
-- Installing: /home/armrs/drone_racing_ros2_ws/install/tello_driver/share/tello_driver/launch/teleop_launch.py
-- Installing: /home/armrs/drone_racing_ros2_ws/install/tello_driver/share/tello_driver/launch/emulator_launch.py
-- Installing: /home/armrs/drone_racing_ros2_ws/install/tello_driver/share/tello_driver/launch/emulators_launch.py
-- Installing: /home/armrs/drone_racing_ros2_ws/install/tello_driver/share/ament_index/resource_index/package_run_dependencies/tello_driver
-- Installing: /home/armrs/drone_racing_ros2_ws/install/tello_driver/share/ament_index/resource_index/parent_prefix_path/tello_driver
-- Installing: /home/armrs/drone_racing_ros2_ws/install/tello_driver/share/tello_driver/environment/ament_prefix_path.sh
-- Installing: /home/armrs/drone_racing_ros2_ws/install/tello_driver/share/tello_driver/environment/ament_prefix_path.dsv
-- Installing: /home/armrs/drone_racing_ros2_ws/install/tello_driver/share/tello_driver/environment/path.sh
-- Installing: /home/armrs/drone_racing_ros2_ws/install/tello_driver/share/tello_driver/environment/path.dsv
-- Installing: /home/armrs/drone_racing_ros2_ws/install/tello_driver/share/tello_driver/local_setup.bash
-- Installing: /home/armrs/drone_racing_ros2_ws/install/tello_driver/share/tello_driver/local_setup.sh
-- Installing: /home/armrs/drone_racing_ros2_ws/install/tello_driver/share/tello_driver/local_setup.zsh
-- Installing: /home/armrs/drone_racing_ros2_ws/install/tello_driver/share/tello_driver/local_setup.dsv
-- Installing: /home/armrs/drone_racing_ros2_ws/install/tello_driver/share/tello_driver/package.dsv
-- Installing: /home/armrs/drone_racing_ros2_ws/install/tello_driver/share/ament_index/resource_index/packages/tello_driver
-- Installing: /home/armrs/drone_racing_ros2_ws/install/tello_driver/share/ament_index/resource_index/rclcpp_components/tello_driver
-- Installing: /home/armrs/drone_racing_ros2_ws/install/tello_driver/share/tello_driver/cmake/tello_driverConfig.cmake
-- Installing: /home/armrs/drone_racing_ros2_ws/install/tello_driver/share/tello_driver/cmake/tello_driverConfig-version.cmake
-- Installing: /home/armrs/drone_racing_ros2_ws/install/tello_driver/share/tello_driver/package.xml
