[0.040s] Invoking command in '/home/armrs/drone_racing_ros2_ws/build/tello_description': CMAKE_PREFIX_PATH=${CMAKE_PREFIX_PATH}:/opt/ros/galactic /usr/bin/cmake --build /home/armrs/drone_racing_ros2_ws/build/tello_description -- -j4 -l4
[0.187s] [ 11%] [34m[1mGenerate /home/armrs/drone_racing_ros2_ws/build/tello_description/urdf/tello_6.urdf[0m
[0.191s] [ 22%] [34m[1mGenerate /home/armrs/drone_racing_ros2_ws/build/tello_description/urdf/tello.urdf[0m
[0.199s] [ 33%] [34m[1mGenerate /home/armrs/drone_racing_ros2_ws/build/tello_description/urdf/tello_1.urdf[0m
[0.207s] [ 44%] [34m[1mGenerate /home/armrs/drone_racing_ros2_ws/build/tello_description/urdf/tello_3.urdf[0m
[0.288s] [ 44%] Built target generate_urdf_1
[0.316s] [ 44%] Built target generate_urdf_3
[0.331s] [ 44%] Built target generate_urdf_6
[0.331s] [ 44%] Built target generate_urdf
[0.363s] [ 55%] [34m[1mGenerate /home/armrs/drone_racing_ros2_ws/build/tello_description/urdf/tello_8.urdf[0m
[0.374s] [ 66%] [34m[1mGenerate /home/armrs/drone_racing_ros2_ws/build/tello_description/urdf/tello_4.urdf[0m
[0.379s] [ 77%] [34m[1mGenerate /home/armrs/drone_racing_ros2_ws/build/tello_description/urdf/tello_5.urdf[0m
[0.384s] [ 88%] [34m[1mGenerate /home/armrs/drone_racing_ros2_ws/build/tello_description/urdf/tello_7.urdf[0m
[0.440s] [ 88%] Built target generate_urdf_8
[0.454s] [ 88%] Built target generate_urdf_5
[0.474s] [ 88%] Built target generate_urdf_4
[0.482s] [ 88%] Built target generate_urdf_7
[0.491s] [100%] [34m[1mGenerate /home/armrs/drone_racing_ros2_ws/build/tello_description/urdf/tello_2.urdf[0m
[0.553s] [100%] Built target generate_urdf_2
[0.570s] Invoked command in '/home/armrs/drone_racing_ros2_ws/build/tello_description' returned '0': CMAKE_PREFIX_PATH=${CMAKE_PREFIX_PATH}:/opt/ros/galactic /usr/bin/cmake --build /home/armrs/drone_racing_ros2_ws/build/tello_description -- -j4 -l4
[0.575s] Invoking command in '/home/armrs/drone_racing_ros2_ws/build/tello_description': CMAKE_PREFIX_PATH=${CMAKE_PREFIX_PATH}:/opt/ros/galactic /usr/bin/cmake --install /home/armrs/drone_racing_ros2_ws/build/tello_description
[0.588s] -- Install configuration: ""
[0.589s] -- Up-to-date: /home/armrs/drone_racing_ros2_ws/install/tello_description/share/tello_description/urdf
[0.589s] -- Installing: /home/armrs/drone_racing_ros2_ws/install/tello_description/share/tello_description/urdf/tello_7.urdf
[0.589s] -- Installing: /home/armrs/drone_racing_ros2_ws/install/tello_description/share/tello_description/urdf/tello.urdf
[0.589s] -- Installing: /home/armrs/drone_racing_ros2_ws/install/tello_description/share/tello_description/urdf/tello_2.urdf
[0.590s] -- Installing: /home/armrs/drone_racing_ros2_ws/install/tello_description/share/tello_description/urdf/tello_3.urdf
[0.590s] -- Installing: /home/armrs/drone_racing_ros2_ws/install/tello_description/share/tello_description/urdf/tello_6.urdf
[0.590s] -- Installing: /home/armrs/drone_racing_ros2_ws/install/tello_description/share/tello_description/urdf/tello_1.urdf
[0.590s] -- Installing: /home/armrs/drone_racing_ros2_ws/install/tello_description/share/tello_description/urdf/tello_5.urdf
[0.590s] -- Installing: /home/armrs/drone_racing_ros2_ws/install/tello_description/share/tello_description/urdf/tello_8.urdf
[0.591s] -- Installing: /home/armrs/drone_racing_ros2_ws/install/tello_description/share/tello_description/urdf/tello_4.urdf
[0.591s] -- Up-to-date: /home/armrs/drone_racing_ros2_ws/install/tello_description/share/ament_index/resource_index/package_run_dependencies/tello_description
[0.591s] -- Up-to-date: /home/armrs/drone_racing_ros2_ws/install/tello_description/share/ament_index/resource_index/parent_prefix_path/tello_description
[0.591s] -- Up-to-date: /home/armrs/drone_racing_ros2_ws/install/tello_description/share/tello_description/environment/ament_prefix_path.sh
[0.592s] -- Up-to-date: /home/armrs/drone_racing_ros2_ws/install/tello_description/share/tello_description/environment/ament_prefix_path.dsv
[0.592s] -- Up-to-date: /home/armrs/drone_racing_ros2_ws/install/tello_description/share/tello_description/environment/path.sh
[0.592s] -- Up-to-date: /home/armrs/drone_racing_ros2_ws/install/tello_description/share/tello_description/environment/path.dsv
[0.592s] -- Up-to-date: /home/armrs/drone_racing_ros2_ws/install/tello_description/share/tello_description/local_setup.bash
[0.592s] -- Up-to-date: /home/armrs/drone_racing_ros2_ws/install/tello_description/share/tello_description/local_setup.sh
[0.593s] -- Up-to-date: /home/armrs/drone_racing_ros2_ws/install/tello_description/share/tello_description/local_setup.zsh
[0.593s] -- Up-to-date: /home/armrs/drone_racing_ros2_ws/install/tello_description/share/tello_description/local_setup.dsv
[0.593s] -- Installing: /home/armrs/drone_racing_ros2_ws/install/tello_description/share/tello_description/package.dsv
[0.593s] -- Up-to-date: /home/armrs/drone_racing_ros2_ws/install/tello_description/share/ament_index/resource_index/packages/tello_description
[0.593s] -- Up-to-date: /home/armrs/drone_racing_ros2_ws/install/tello_description/share/tello_description/cmake/tello_descriptionConfig.cmake
[0.593s] -- Up-to-date: /home/armrs/drone_racing_ros2_ws/install/tello_description/share/tello_description/cmake/tello_descriptionConfig-version.cmake
[0.593s] -- Up-to-date: /home/armrs/drone_racing_ros2_ws/install/tello_description/share/tello_description/package.xml
[0.596s] Invoked command in '/home/armrs/drone_racing_ros2_ws/build/tello_description' returned '0': CMAKE_PREFIX_PATH=${CMAKE_PREFIX_PATH}:/opt/ros/galactic /usr/bin/cmake --install /home/armrs/drone_racing_ros2_ws/build/tello_description
