[0.024s] Invoking command in '/home/armrs/drone_racing_ros2_ws/build/tello_driver': AMENT_PREFIX_PATH=/home/armrs/drone_racing_ros2_ws/install/tello_msgs:/home/armrs/drone_racing_ros2_ws/install/ros2_shared:${AMENT_PREFIX_PATH} CMAKE_PREFIX_PATH=/home/armrs/drone_racing_ros2_ws/install/tello_msgs:/home/armrs/drone_racing_ros2_ws/install/ros2_shared:/opt/ros/galactic LD_LIBRARY_PATH=/home/armrs/drone_racing_ros2_ws/install/tello_msgs/lib:${LD_LIBRARY_PATH} PYTHONPATH=/home/armrs/drone_racing_ros2_ws/install/tello_msgs/lib/python3.8/site-packages:${PYTHONPATH} /usr/bin/cmake /home/armrs/drone_racing_ros2_ws/src/drone_racing_ros2/tello_ros/tello_driver -DCMAKE_INSTALL_PREFIX=/home/armrs/drone_racing_ros2_ws/install/tello_driver
[0.090s] -- The C compiler identification is GNU 9.4.0
[0.160s] -- The CXX compiler identification is GNU 9.4.0
[0.165s] -- Check for working C compiler: /usr/bin/cc
[0.251s] -- Check for working C compiler: /usr/bin/cc -- works
[0.252s] -- Detecting C compiler ABI info
[0.334s] -- Detecting C compiler ABI info - done
[0.350s] -- Detecting C compile features
[0.350s] -- Detecting C compile features - done
[0.355s] -- Check for working CXX compiler: /usr/bin/c++
[0.455s] -- Check for working CXX compiler: /usr/bin/c++ -- works
[0.456s] -- Detecting CXX compiler ABI info
[0.552s] -- Detecting CXX compiler ABI info - done
[0.567s] -- Detecting CXX compile features
[0.567s] -- Detecting CXX compile features - done
[0.570s] -- Found ament_cmake: 1.1.6 (/opt/ros/galactic/share/ament_cmake/cmake)
[0.598s] -- Found PythonInterp: /usr/bin/python3 (found suitable version "3.8.10", minimum required is "3") 
[0.599s] -- Using PYTHON_EXECUTABLE: /usr/bin/python3
[0.694s] -- Found camera_calibration_parsers: 2.5.1 (/opt/ros/galactic/share/camera_calibration_parsers/cmake)
[0.755s] -- Using all available rosidl_typesupport_c: rosidl_typesupport_fastrtps_c;rosidl_typesupport_introspection_c
[0.762s] -- Found rosidl_adapter: 2.2.3 (/opt/ros/galactic/share/rosidl_adapter/cmake)
[0.870s] -- Found OpenSSL: /usr/lib/x86_64-linux-gnu/libcrypto.so (found version "1.1.1f")  
[0.906s] -- Found FastRTPS: /opt/ros/galactic/include  
[0.999s] -- Using all available rosidl_typesupport_cpp: rosidl_typesupport_fastrtps_cpp;rosidl_typesupport_introspection_cpp
[1.073s] -- Found rmw_implementation_cmake: 3.3.1 (/opt/ros/galactic/share/rmw_implementation_cmake/cmake)
[1.076s] -- Found rmw_cyclonedds_cpp: 0.22.6 (/opt/ros/galactic/share/rmw_cyclonedds_cpp/cmake)
[1.100s] -- Using RMW implementation 'rmw_cyclonedds_cpp' as default
[1.101s] -- Looking for pthread.h
[1.188s] -- Looking for pthread.h - found
[1.188s] -- Performing Test CMAKE_HAVE_LIBC_PTHREAD
[1.281s] -- Performing Test CMAKE_HAVE_LIBC_PTHREAD - Failed
[1.282s] -- Looking for pthread_create in pthreads
[1.351s] -- Looking for pthread_create in pthreads - not found
[1.351s] -- Looking for pthread_create in pthread
[1.436s] -- Looking for pthread_create in pthread - found
[1.437s] -- Found Threads: TRUE  
[2.013s] -- Setting yaml-cpp_DIR to: '/opt/ros/galactic/share/yaml_cpp_vendor/cmake/../../../opt/yaml_cpp_vendor/lib/cmake/yaml-cpp'
[2.019s] -- Found class_loader: 2.1.2 (/opt/ros/galactic/share/class_loader/cmake)
[2.029s] -- Found cv_bridge: 3.1.3 (/opt/ros/galactic/share/cv_bridge/cmake)
[2.068s] -- Found OpenCV: /usr (found version "4.2.0") 
[2.070s] -- Found rclcpp_components: 9.2.2 (/opt/ros/galactic/share/rclcpp_components/cmake)
[2.132s] -- Found ros2_shared: 0.1.0 (/home/armrs/drone_racing_ros2_ws/install/ros2_shared/share/ros2_shared/cmake)
[2.134s] -- Found tello_msgs: 0.1.0 (/home/armrs/drone_racing_ros2_ws/install/tello_msgs/share/tello_msgs/cmake)
[2.401s] -- Configuring done
[2.503s] -- Generating done
[2.542s] -- Build files have been written to: /home/armrs/drone_racing_ros2_ws/build/tello_driver
[2.562s] Invoked command in '/home/armrs/drone_racing_ros2_ws/build/tello_driver' returned '0': AMENT_PREFIX_PATH=/home/armrs/drone_racing_ros2_ws/install/tello_msgs:/home/armrs/drone_racing_ros2_ws/install/ros2_shared:${AMENT_PREFIX_PATH} CMAKE_PREFIX_PATH=/home/armrs/drone_racing_ros2_ws/install/tello_msgs:/home/armrs/drone_racing_ros2_ws/install/ros2_shared:/opt/ros/galactic LD_LIBRARY_PATH=/home/armrs/drone_racing_ros2_ws/install/tello_msgs/lib:${LD_LIBRARY_PATH} PYTHONPATH=/home/armrs/drone_racing_ros2_ws/install/tello_msgs/lib/python3.8/site-packages:${PYTHONPATH} /usr/bin/cmake /home/armrs/drone_racing_ros2_ws/src/drone_racing_ros2/tello_ros/tello_driver -DCMAKE_INSTALL_PREFIX=/home/armrs/drone_racing_ros2_ws/install/tello_driver
[2.563s] Invoking command in '/home/armrs/drone_racing_ros2_ws/build/tello_driver': AMENT_PREFIX_PATH=/home/armrs/drone_racing_ros2_ws/install/tello_msgs:/home/armrs/drone_racing_ros2_ws/install/ros2_shared:${AMENT_PREFIX_PATH} CMAKE_PREFIX_PATH=/home/armrs/drone_racing_ros2_ws/install/tello_msgs:/home/armrs/drone_racing_ros2_ws/install/ros2_shared:/opt/ros/galactic LD_LIBRARY_PATH=/home/armrs/drone_racing_ros2_ws/install/tello_msgs/lib:${LD_LIBRARY_PATH} PYTHONPATH=/home/armrs/drone_racing_ros2_ws/install/tello_msgs/lib/python3.8/site-packages:${PYTHONPATH} /usr/bin/cmake --build /home/armrs/drone_racing_ros2_ws/build/tello_driver -- -j4 -l4
[2.614s] [35m[1mScanning dependencies of target tello_joy_main[0m
[2.614s] [35m[1mScanning dependencies of target tello_emulator[0m
[2.615s] [35m[1mScanning dependencies of target tello_driver_node[0m
[2.618s] [35m[1mScanning dependencies of target tello_driver_main[0m
[2.637s] [  4%] [32mBuilding CXX object CMakeFiles/tello_emulator.dir/src/tello_emulator.cpp.o[0m
[2.712s] [  9%] [32mBuilding CXX object CMakeFiles/tello_joy_main.dir/src/tello_joy_main.cpp.o[0m
[2.828s] [ 13%] [32mBuilding CXX object CMakeFiles/tello_driver_node.dir/src/tello_driver_node.cpp.o[0m
[2.829s] [ 18%] [32mBuilding CXX object CMakeFiles/tello_driver_main.dir/src/tello_driver_main.cpp.o[0m
[5.157s] [ 22%] [32m[1mLinking CXX executable tello_emulator[0m
[5.333s] [ 22%] Built target tello_emulator
[5.351s] [ 27%] [32mBuilding CXX object CMakeFiles/tello_driver_node.dir/src/tello_socket.cpp.o[0m
[7.636s] [ 31%] [32mBuilding CXX object CMakeFiles/tello_joy_main.dir/src/tello_joy_node.cpp.o[0m
[9.501s] [ 36%] [32mBuilding CXX object CMakeFiles/tello_driver_main.dir/src/tello_driver_node.cpp.o[0m
[11.895s] [ 40%] [32mBuilding CXX object CMakeFiles/tello_driver_node.dir/src/command_socket.cpp.o[0m
[18.906s] [ 45%] [32mBuilding CXX object CMakeFiles/tello_driver_node.dir/src/state_socket.cpp.o[0m
[22.762s] [ 50%] [32mBuilding CXX object CMakeFiles/tello_driver_node.dir/src/video_socket.cpp.o[0m
[22.994s] [ 54%] [32m[1mLinking CXX executable tello_joy_main[0m
[23.866s] [ 54%] Built target tello_joy_main
[23.885s] [35m[1mScanning dependencies of target tello_joy_node[0m
[23.969s] [ 59%] [32mBuilding CXX object CMakeFiles/tello_joy_node.dir/src/tello_joy_node.cpp.o[0m
[29.639s] [ 63%] [32mBuilding CXX object CMakeFiles/tello_driver_main.dir/src/tello_socket.cpp.o[0m
[30.195s] [ 68%] [32mBuilding CXX object CMakeFiles/tello_driver_main.dir/src/command_socket.cpp.o[0m
[30.718s] [ 72%] [32mBuilding CXX object CMakeFiles/tello_driver_node.dir/h264decoder/h264decoder.cpp.o[0m
[31.295s] [ 77%] [32m[1mLinking CXX shared library libtello_driver_node.so[0m
[33.192s] [ 77%] Built target tello_driver_node
[33.208s] [ 81%] [32mBuilding CXX object CMakeFiles/tello_driver_main.dir/src/state_socket.cpp.o[0m
[36.473s] [ 86%] [32mBuilding CXX object CMakeFiles/tello_driver_main.dir/src/video_socket.cpp.o[0m
[37.450s] [ 90%] [32mBuilding CXX object CMakeFiles/tello_driver_main.dir/h264decoder/h264decoder.cpp.o[0m
[39.455s] [ 95%] [32m[1mLinking CXX shared library libtello_joy_node.so[0m
[40.277s] [ 95%] Built target tello_joy_node
[42.386s] [100%] [32m[1mLinking CXX executable tello_driver_main[0m
[43.959s] [100%] Built target tello_driver_main
