[0.023s] Invoking command in '/home/armrs/drone_racing_ros2_ws/build/tello_driver': CMAKE_PREFIX_PATH=/home/armrs/drone_racing_ros2_ws/install/tello_msgs:/home/armrs/drone_racing_ros2_ws/install/ros2_shared:/home/armrs/drone_racing_ros2_ws/install/tello_gazebo:/home/armrs/drone_racing_ros2_ws/install/tello_driver:/home/armrs/drone_racing_ros2_ws/install/tello_description:/opt/ros/galactic LD_LIBRARY_PATH=/home/armrs/drone_racing_ros2_ws/install/tello_msgs/lib:/home/armrs/drone_racing_ros2_ws/install/tello_gazebo/lib:/home/armrs/drone_racing_ros2_ws/install/tello_driver/lib:/usr/lib/x86_64-linux-gnu/gazebo-11/plugins:/opt/ros/galactic/opt/yaml_cpp_vendor/lib:/opt/ros/galactic/opt/rviz_ogre_vendor/lib:/opt/ros/galactic/lib/x86_64-linux-gnu:/opt/ros/galactic/lib:/usr/lib/x86_64-linux-gnu/gazebo-11/plugins /usr/bin/cmake --build /home/armrs/drone_racing_ros2_ws/build/tello_driver -- -j4 -l4
[0.126s] [ 13%] Built target tello_joy_main
[0.142s] [ 22%] Built target tello_emulator
[0.175s] [ 90%] Built target tello_driver_node
[0.175s] [ 90%] Built target tello_driver_main
[0.188s] [100%] Built target tello_joy_node
[0.206s] Invoked command in '/home/armrs/drone_racing_ros2_ws/build/tello_driver' returned '0': CMAKE_PREFIX_PATH=/home/armrs/drone_racing_ros2_ws/install/tello_msgs:/home/armrs/drone_racing_ros2_ws/install/ros2_shared:/home/armrs/drone_racing_ros2_ws/install/tello_gazebo:/home/armrs/drone_racing_ros2_ws/install/tello_driver:/home/armrs/drone_racing_ros2_ws/install/tello_description:/opt/ros/galactic LD_LIBRARY_PATH=/home/armrs/drone_racing_ros2_ws/install/tello_msgs/lib:/home/armrs/drone_racing_ros2_ws/install/tello_gazebo/lib:/home/armrs/drone_racing_ros2_ws/install/tello_driver/lib:/usr/lib/x86_64-linux-gnu/gazebo-11/plugins:/opt/ros/galactic/opt/yaml_cpp_vendor/lib:/opt/ros/galactic/opt/rviz_ogre_vendor/lib:/opt/ros/galactic/lib/x86_64-linux-gnu:/opt/ros/galactic/lib:/usr/lib/x86_64-linux-gnu/gazebo-11/plugins /usr/bin/cmake --build /home/armrs/drone_racing_ros2_ws/build/tello_driver -- -j4 -l4
[0.210s] Invoking command in '/home/armrs/drone_racing_ros2_ws/build/tello_driver': CMAKE_PREFIX_PATH=/home/armrs/drone_racing_ros2_ws/install/tello_msgs:/home/armrs/drone_racing_ros2_ws/install/ros2_shared:/home/armrs/drone_racing_ros2_ws/install/tello_gazebo:/home/armrs/drone_racing_ros2_ws/install/tello_driver:/home/armrs/drone_racing_ros2_ws/install/tello_description:/opt/ros/galactic LD_LIBRARY_PATH=/home/armrs/drone_racing_ros2_ws/install/tello_msgs/lib:/home/armrs/drone_racing_ros2_ws/install/tello_gazebo/lib:/home/armrs/drone_racing_ros2_ws/install/tello_driver/lib:/usr/lib/x86_64-linux-gnu/gazebo-11/plugins:/opt/ros/galactic/opt/yaml_cpp_vendor/lib:/opt/ros/galactic/opt/rviz_ogre_vendor/lib:/opt/ros/galactic/lib/x86_64-linux-gnu:/opt/ros/galactic/lib:/usr/lib/x86_64-linux-gnu/gazebo-11/plugins /usr/bin/cmake --install /home/armrs/drone_racing_ros2_ws/build/tello_driver
[0.232s] -- Install configuration: ""
[0.232s] -- Up-to-date: /home/armrs/drone_racing_ros2_ws/install/tello_driver/share/tello_driver/environment/library_path.sh
[0.233s] -- Up-to-date: /home/armrs/drone_racing_ros2_ws/install/tello_driver/share/tello_driver/environment/library_path.dsv
[0.233s] -- Up-to-date: /home/armrs/drone_racing_ros2_ws/install/tello_driver/lib/libtello_driver_node.so
[0.233s] -- Up-to-date: /home/armrs/drone_racing_ros2_ws/install/tello_driver/lib/libtello_joy_node.so
[0.233s] -- Up-to-date: /home/armrs/drone_racing_ros2_ws/install/tello_driver/lib/tello_driver/tello_driver_main
[0.233s] -- Up-to-date: /home/armrs/drone_racing_ros2_ws/install/tello_driver/lib/tello_driver/tello_joy_main
[0.233s] -- Up-to-date: /home/armrs/drone_racing_ros2_ws/install/tello_driver/lib/tello_driver/tello_emulator
[0.234s] -- Up-to-date: /home/armrs/drone_racing_ros2_ws/install/tello_driver/share/tello_driver/cfg
[0.234s] -- Up-to-date: /home/armrs/drone_racing_ros2_ws/install/tello_driver/share/tello_driver/cfg/camera_info.yaml
[0.234s] -- Up-to-date: /home/armrs/drone_racing_ros2_ws/install/tello_driver/share/tello_driver/launch
[0.234s] -- Up-to-date: /home/armrs/drone_racing_ros2_ws/install/tello_driver/share/tello_driver/launch/teleop_launch.py
[0.234s] -- Up-to-date: /home/armrs/drone_racing_ros2_ws/install/tello_driver/share/tello_driver/launch/emulator_launch.py
[0.234s] -- Up-to-date: /home/armrs/drone_racing_ros2_ws/install/tello_driver/share/tello_driver/launch/emulators_launch.py
[0.235s] -- Up-to-date: /home/armrs/drone_racing_ros2_ws/install/tello_driver/share/ament_index/resource_index/package_run_dependencies/tello_driver
[0.235s] -- Up-to-date: /home/armrs/drone_racing_ros2_ws/install/tello_driver/share/ament_index/resource_index/parent_prefix_path/tello_driver
[0.235s] -- Up-to-date: /home/armrs/drone_racing_ros2_ws/install/tello_driver/share/tello_driver/environment/ament_prefix_path.sh
[0.235s] -- Up-to-date: /home/armrs/drone_racing_ros2_ws/install/tello_driver/share/tello_driver/environment/ament_prefix_path.dsv
[0.235s] -- Up-to-date: /home/armrs/drone_racing_ros2_ws/install/tello_driver/share/tello_driver/environment/path.sh
[0.235s] -- Up-to-date: /home/armrs/drone_racing_ros2_ws/install/tello_driver/share/tello_driver/environment/path.dsv
[0.235s] -- Up-to-date: /home/armrs/drone_racing_ros2_ws/install/tello_driver/share/tello_driver/local_setup.bash
[0.235s] -- Up-to-date: /home/armrs/drone_racing_ros2_ws/install/tello_driver/share/tello_driver/local_setup.sh
[0.236s] -- Up-to-date: /home/armrs/drone_racing_ros2_ws/install/tello_driver/share/tello_driver/local_setup.zsh
[0.236s] -- Up-to-date: /home/armrs/drone_racing_ros2_ws/install/tello_driver/share/tello_driver/local_setup.dsv
[0.236s] -- Installing: /home/armrs/drone_racing_ros2_ws/install/tello_driver/share/tello_driver/package.dsv
[0.236s] -- Up-to-date: /home/armrs/drone_racing_ros2_ws/install/tello_driver/share/ament_index/resource_index/packages/tello_driver
[0.236s] -- Up-to-date: /home/armrs/drone_racing_ros2_ws/install/tello_driver/share/ament_index/resource_index/rclcpp_components/tello_driver
[0.236s] -- Up-to-date: /home/armrs/drone_racing_ros2_ws/install/tello_driver/share/tello_driver/cmake/tello_driverConfig.cmake
[0.237s] -- Up-to-date: /home/armrs/drone_racing_ros2_ws/install/tello_driver/share/tello_driver/cmake/tello_driverConfig-version.cmake
[0.237s] -- Up-to-date: /home/armrs/drone_racing_ros2_ws/install/tello_driver/share/tello_driver/package.xml
[0.256s] Invoked command in '/home/armrs/drone_racing_ros2_ws/build/tello_driver' returned '0': CMAKE_PREFIX_PATH=/home/armrs/drone_racing_ros2_ws/install/tello_msgs:/home/armrs/drone_racing_ros2_ws/install/ros2_shared:/home/armrs/drone_racing_ros2_ws/install/tello_gazebo:/home/armrs/drone_racing_ros2_ws/install/tello_driver:/home/armrs/drone_racing_ros2_ws/install/tello_description:/opt/ros/galactic LD_LIBRARY_PATH=/home/armrs/drone_racing_ros2_ws/install/tello_msgs/lib:/home/armrs/drone_racing_ros2_ws/install/tello_gazebo/lib:/home/armrs/drone_racing_ros2_ws/install/tello_driver/lib:/usr/lib/x86_64-linux-gnu/gazebo-11/plugins:/opt/ros/galactic/opt/yaml_cpp_vendor/lib:/opt/ros/galactic/opt/rviz_ogre_vendor/lib:/opt/ros/galactic/lib/x86_64-linux-gnu:/opt/ros/galactic/lib:/usr/lib/x86_64-linux-gnu/gazebo-11/plugins /usr/bin/cmake --install /home/armrs/drone_racing_ros2_ws/build/tello_driver
