[0.236s] DEBUG:colcon:Command line arguments: ['/usr/bin/colcon', 'build']
[0.237s] DEBUG:colcon:Parsed command line arguments: Namespace(allow_overriding=[], ament_cmake_args=None, base_paths=['.'], build_base='build', catkin_cmake_args=None, catkin_skip_building_tests=False, cmake_args=None, cmake_clean_cache=False, cmake_clean_first=False, cmake_force_configure=False, cmake_target=None, cmake_target_skip_unavailable=False, continue_on_error=False, event_handlers=None, executor='parallel', ignore_user_meta=False, install_base='install', log_base=None, log_level=None, main=<bound method BuildVerb.main of <colcon_core.verb.build.BuildVerb object at 0x7fa04e81c0d0>>, merge_install=False, metas=['./colcon.meta'], mixin=None, mixin_files=None, mixin_verb=('build',), packages_above=None, packages_above_and_dependencies=None, packages_above_depth=None, packages_end=None, packages_ignore=None, packages_ignore_regex=None, packages_select=None, packages_select_build_failed=False, packages_select_by_dep=None, packages_select_regex=None, packages_select_test_failures=False, packages_skip=None, packages_skip_build_finished=False, packages_skip_by_dep=None, packages_skip_regex=None, packages_skip_test_passed=False, packages_skip_up_to=None, packages_start=None, packages_up_to=None, packages_up_to_regex=None, parallel_workers=4, paths=None, symlink_install=False, test_result_base=None, verb_extension=<colcon_core.verb.build.BuildVerb object at 0x7fa04e81c0d0>, verb_name='build', verb_parser=<colcon_mixin.mixin.mixin_argument.MixinArgumentDecorator object at 0x7fa04e81cbb0>)
[0.421s] Level 1:colcon.colcon_core.package_discovery:discover_packages(colcon_meta) check parameters
[0.421s] Level 1:colcon.colcon_core.package_discovery:discover_packages(recursive) check parameters
[0.421s] Level 1:colcon.colcon_core.package_discovery:discover_packages(ignore) check parameters
[0.421s] Level 1:colcon.colcon_core.package_discovery:discover_packages(path) check parameters
[0.421s] Level 1:colcon.colcon_core.package_discovery:discover_packages(colcon_meta) discover
[0.421s] Level 1:colcon.colcon_core.package_discovery:discover_packages(recursive) discover
[0.421s] INFO:colcon.colcon_core.package_discovery:Crawling recursively for packages in '/home/armrs/drone_racing_ros2_ws'
[0.421s] Level 1:colcon.colcon_core.package_identification:_identify(.) by extensions ['ignore', 'ignore_ament_install']
[0.421s] Level 1:colcon.colcon_core.package_identification:_identify(.) by extension 'ignore'
[0.421s] Level 1:colcon.colcon_core.package_identification:_identify(.) by extension 'ignore_ament_install'
[0.422s] Level 1:colcon.colcon_core.package_identification:_identify(.) by extensions ['colcon_pkg']
[0.422s] Level 1:colcon.colcon_core.package_identification:_identify(.) by extension 'colcon_pkg'
[0.422s] Level 1:colcon.colcon_core.package_identification:_identify(.) by extensions ['colcon_meta']
[0.422s] Level 1:colcon.colcon_core.package_identification:_identify(.) by extension 'colcon_meta'
[0.422s] Level 1:colcon.colcon_core.package_identification:_identify(.) by extensions ['ros']
[0.422s] Level 1:colcon.colcon_core.package_identification:_identify(.) by extension 'ros'
[0.435s] Level 1:colcon.colcon_core.package_identification:_identify(.) by extensions ['cmake', 'python']
[0.435s] Level 1:colcon.colcon_core.package_identification:_identify(.) by extension 'cmake'
[0.435s] Level 1:colcon.colcon_core.package_identification:_identify(.) by extension 'python'
[0.435s] Level 1:colcon.colcon_core.package_identification:_identify(.) by extensions ['python_setup_py']
[0.435s] Level 1:colcon.colcon_core.package_identification:_identify(.) by extension 'python_setup_py'
[0.435s] Level 1:colcon.colcon_core.package_identification:_identify(build) by extensions ['ignore', 'ignore_ament_install']
[0.435s] Level 1:colcon.colcon_core.package_identification:_identify(build) by extension 'ignore'
[0.435s] Level 1:colcon.colcon_core.package_identification:_identify(build) ignored
[0.435s] Level 1:colcon.colcon_core.package_identification:_identify(install) by extensions ['ignore', 'ignore_ament_install']
[0.436s] Level 1:colcon.colcon_core.package_identification:_identify(install) by extension 'ignore'
[0.436s] Level 1:colcon.colcon_core.package_identification:_identify(install) ignored
[0.436s] Level 1:colcon.colcon_core.package_identification:_identify(log) by extensions ['ignore', 'ignore_ament_install']
[0.436s] Level 1:colcon.colcon_core.package_identification:_identify(log) by extension 'ignore'
[0.436s] Level 1:colcon.colcon_core.package_identification:_identify(log) ignored
[0.436s] Level 1:colcon.colcon_core.package_identification:_identify(src) by extensions ['ignore', 'ignore_ament_install']
[0.436s] Level 1:colcon.colcon_core.package_identification:_identify(src) by extension 'ignore'
[0.436s] Level 1:colcon.colcon_core.package_identification:_identify(src) by extension 'ignore_ament_install'
[0.436s] Level 1:colcon.colcon_core.package_identification:_identify(src) by extensions ['colcon_pkg']
[0.436s] Level 1:colcon.colcon_core.package_identification:_identify(src) by extension 'colcon_pkg'
[0.436s] Level 1:colcon.colcon_core.package_identification:_identify(src) by extensions ['colcon_meta']
[0.436s] Level 1:colcon.colcon_core.package_identification:_identify(src) by extension 'colcon_meta'
[0.436s] Level 1:colcon.colcon_core.package_identification:_identify(src) by extensions ['ros']
[0.436s] Level 1:colcon.colcon_core.package_identification:_identify(src) by extension 'ros'
[0.437s] Level 1:colcon.colcon_core.package_identification:_identify(src) by extensions ['cmake', 'python']
[0.437s] Level 1:colcon.colcon_core.package_identification:_identify(src) by extension 'cmake'
[0.437s] Level 1:colcon.colcon_core.package_identification:_identify(src) by extension 'python'
[0.437s] Level 1:colcon.colcon_core.package_identification:_identify(src) by extensions ['python_setup_py']
[0.437s] Level 1:colcon.colcon_core.package_identification:_identify(src) by extension 'python_setup_py'
[0.437s] Level 1:colcon.colcon_core.package_identification:_identify(src/drone_racing_ros2) by extensions ['ignore', 'ignore_ament_install']
[0.437s] Level 1:colcon.colcon_core.package_identification:_identify(src/drone_racing_ros2) by extension 'ignore'
[0.437s] Level 1:colcon.colcon_core.package_identification:_identify(src/drone_racing_ros2) by extension 'ignore_ament_install'
[0.437s] Level 1:colcon.colcon_core.package_identification:_identify(src/drone_racing_ros2) by extensions ['colcon_pkg']
[0.437s] Level 1:colcon.colcon_core.package_identification:_identify(src/drone_racing_ros2) by extension 'colcon_pkg'
[0.437s] Level 1:colcon.colcon_core.package_identification:_identify(src/drone_racing_ros2) by extensions ['colcon_meta']
[0.437s] Level 1:colcon.colcon_core.package_identification:_identify(src/drone_racing_ros2) by extension 'colcon_meta'
[0.437s] Level 1:colcon.colcon_core.package_identification:_identify(src/drone_racing_ros2) by extensions ['ros']
[0.437s] Level 1:colcon.colcon_core.package_identification:_identify(src/drone_racing_ros2) by extension 'ros'
[0.437s] Level 1:colcon.colcon_core.package_identification:_identify(src/drone_racing_ros2) by extensions ['cmake', 'python']
[0.437s] Level 1:colcon.colcon_core.package_identification:_identify(src/drone_racing_ros2) by extension 'cmake'
[0.437s] Level 1:colcon.colcon_core.package_identification:_identify(src/drone_racing_ros2) by extension 'python'
[0.437s] Level 1:colcon.colcon_core.package_identification:_identify(src/drone_racing_ros2) by extensions ['python_setup_py']
[0.437s] Level 1:colcon.colcon_core.package_identification:_identify(src/drone_racing_ros2) by extension 'python_setup_py'
[0.438s] Level 1:colcon.colcon_core.package_identification:_identify(src/drone_racing_ros2/ros2_shared) by extensions ['ignore', 'ignore_ament_install']
[0.438s] Level 1:colcon.colcon_core.package_identification:_identify(src/drone_racing_ros2/ros2_shared) by extension 'ignore'
[0.438s] Level 1:colcon.colcon_core.package_identification:_identify(src/drone_racing_ros2/ros2_shared) by extension 'ignore_ament_install'
[0.438s] Level 1:colcon.colcon_core.package_identification:_identify(src/drone_racing_ros2/ros2_shared) by extensions ['colcon_pkg']
[0.438s] Level 1:colcon.colcon_core.package_identification:_identify(src/drone_racing_ros2/ros2_shared) by extension 'colcon_pkg'
[0.438s] Level 1:colcon.colcon_core.package_identification:_identify(src/drone_racing_ros2/ros2_shared) by extensions ['colcon_meta']
[0.438s] Level 1:colcon.colcon_core.package_identification:_identify(src/drone_racing_ros2/ros2_shared) by extension 'colcon_meta'
[0.438s] Level 1:colcon.colcon_core.package_identification:_identify(src/drone_racing_ros2/ros2_shared) by extensions ['ros']
[0.438s] Level 1:colcon.colcon_core.package_identification:_identify(src/drone_racing_ros2/ros2_shared) by extension 'ros'
[0.441s] DEBUG:colcon.colcon_core.package_identification:Package 'src/drone_racing_ros2/ros2_shared' with type 'ros.ament_cmake' and name 'ros2_shared'
[0.441s] Level 1:colcon.colcon_core.package_identification:_identify(src/drone_racing_ros2/tello_ros) by extensions ['ignore', 'ignore_ament_install']
[0.441s] Level 1:colcon.colcon_core.package_identification:_identify(src/drone_racing_ros2/tello_ros) by extension 'ignore'
[0.441s] Level 1:colcon.colcon_core.package_identification:_identify(src/drone_racing_ros2/tello_ros) by extension 'ignore_ament_install'
[0.441s] Level 1:colcon.colcon_core.package_identification:_identify(src/drone_racing_ros2/tello_ros) by extensions ['colcon_pkg']
[0.441s] Level 1:colcon.colcon_core.package_identification:_identify(src/drone_racing_ros2/tello_ros) by extension 'colcon_pkg'
[0.441s] Level 1:colcon.colcon_core.package_identification:_identify(src/drone_racing_ros2/tello_ros) by extensions ['colcon_meta']
[0.441s] Level 1:colcon.colcon_core.package_identification:_identify(src/drone_racing_ros2/tello_ros) by extension 'colcon_meta'
[0.441s] Level 1:colcon.colcon_core.package_identification:_identify(src/drone_racing_ros2/tello_ros) by extensions ['ros']
[0.441s] Level 1:colcon.colcon_core.package_identification:_identify(src/drone_racing_ros2/tello_ros) by extension 'ros'
[0.442s] Level 1:colcon.colcon_core.package_identification:_identify(src/drone_racing_ros2/tello_ros) by extensions ['cmake', 'python']
[0.442s] Level 1:colcon.colcon_core.package_identification:_identify(src/drone_racing_ros2/tello_ros) by extension 'cmake'
[0.442s] Level 1:colcon.colcon_core.package_identification:_identify(src/drone_racing_ros2/tello_ros) by extension 'python'
[0.442s] Level 1:colcon.colcon_core.package_identification:_identify(src/drone_racing_ros2/tello_ros) by extensions ['python_setup_py']
[0.442s] Level 1:colcon.colcon_core.package_identification:_identify(src/drone_racing_ros2/tello_ros) by extension 'python_setup_py'
[0.442s] Level 1:colcon.colcon_core.package_identification:_identify(src/drone_racing_ros2/tello_ros/docker) by extensions ['ignore', 'ignore_ament_install']
[0.442s] Level 1:colcon.colcon_core.package_identification:_identify(src/drone_racing_ros2/tello_ros/docker) by extension 'ignore'
[0.442s] Level 1:colcon.colcon_core.package_identification:_identify(src/drone_racing_ros2/tello_ros/docker) by extension 'ignore_ament_install'
[0.442s] Level 1:colcon.colcon_core.package_identification:_identify(src/drone_racing_ros2/tello_ros/docker) by extensions ['colcon_pkg']
[0.442s] Level 1:colcon.colcon_core.package_identification:_identify(src/drone_racing_ros2/tello_ros/docker) by extension 'colcon_pkg'
[0.442s] Level 1:colcon.colcon_core.package_identification:_identify(src/drone_racing_ros2/tello_ros/docker) by extensions ['colcon_meta']
[0.442s] Level 1:colcon.colcon_core.package_identification:_identify(src/drone_racing_ros2/tello_ros/docker) by extension 'colcon_meta'
[0.442s] Level 1:colcon.colcon_core.package_identification:_identify(src/drone_racing_ros2/tello_ros/docker) by extensions ['ros']
[0.442s] Level 1:colcon.colcon_core.package_identification:_identify(src/drone_racing_ros2/tello_ros/docker) by extension 'ros'
[0.442s] Level 1:colcon.colcon_core.package_identification:_identify(src/drone_racing_ros2/tello_ros/docker) by extensions ['cmake', 'python']
[0.442s] Level 1:colcon.colcon_core.package_identification:_identify(src/drone_racing_ros2/tello_ros/docker) by extension 'cmake'
[0.442s] Level 1:colcon.colcon_core.package_identification:_identify(src/drone_racing_ros2/tello_ros/docker) by extension 'python'
[0.443s] Level 1:colcon.colcon_core.package_identification:_identify(src/drone_racing_ros2/tello_ros/docker) by extensions ['python_setup_py']
[0.443s] Level 1:colcon.colcon_core.package_identification:_identify(src/drone_racing_ros2/tello_ros/docker) by extension 'python_setup_py'
[0.443s] Level 1:colcon.colcon_core.package_identification:_identify(src/drone_racing_ros2/tello_ros/tello_description) by extensions ['ignore', 'ignore_ament_install']
[0.443s] Level 1:colcon.colcon_core.package_identification:_identify(src/drone_racing_ros2/tello_ros/tello_description) by extension 'ignore'
[0.443s] Level 1:colcon.colcon_core.package_identification:_identify(src/drone_racing_ros2/tello_ros/tello_description) by extension 'ignore_ament_install'
[0.443s] Level 1:colcon.colcon_core.package_identification:_identify(src/drone_racing_ros2/tello_ros/tello_description) by extensions ['colcon_pkg']
[0.443s] Level 1:colcon.colcon_core.package_identification:_identify(src/drone_racing_ros2/tello_ros/tello_description) by extension 'colcon_pkg'
[0.443s] Level 1:colcon.colcon_core.package_identification:_identify(src/drone_racing_ros2/tello_ros/tello_description) by extensions ['colcon_meta']
[0.443s] Level 1:colcon.colcon_core.package_identification:_identify(src/drone_racing_ros2/tello_ros/tello_description) by extension 'colcon_meta'
[0.443s] Level 1:colcon.colcon_core.package_identification:_identify(src/drone_racing_ros2/tello_ros/tello_description) by extensions ['ros']
[0.443s] Level 1:colcon.colcon_core.package_identification:_identify(src/drone_racing_ros2/tello_ros/tello_description) by extension 'ros'
[0.444s] DEBUG:colcon.colcon_core.package_identification:Package 'src/drone_racing_ros2/tello_ros/tello_description' with type 'ros.ament_cmake' and name 'tello_description'
[0.444s] Level 1:colcon.colcon_core.package_identification:_identify(src/drone_racing_ros2/tello_ros/tello_driver) by extensions ['ignore', 'ignore_ament_install']
[0.444s] Level 1:colcon.colcon_core.package_identification:_identify(src/drone_racing_ros2/tello_ros/tello_driver) by extension 'ignore'
[0.444s] Level 1:colcon.colcon_core.package_identification:_identify(src/drone_racing_ros2/tello_ros/tello_driver) by extension 'ignore_ament_install'
[0.444s] Level 1:colcon.colcon_core.package_identification:_identify(src/drone_racing_ros2/tello_ros/tello_driver) by extensions ['colcon_pkg']
[0.444s] Level 1:colcon.colcon_core.package_identification:_identify(src/drone_racing_ros2/tello_ros/tello_driver) by extension 'colcon_pkg'
[0.444s] Level 1:colcon.colcon_core.package_identification:_identify(src/drone_racing_ros2/tello_ros/tello_driver) by extensions ['colcon_meta']
[0.444s] Level 1:colcon.colcon_core.package_identification:_identify(src/drone_racing_ros2/tello_ros/tello_driver) by extension 'colcon_meta'
[0.444s] Level 1:colcon.colcon_core.package_identification:_identify(src/drone_racing_ros2/tello_ros/tello_driver) by extensions ['ros']
[0.444s] Level 1:colcon.colcon_core.package_identification:_identify(src/drone_racing_ros2/tello_ros/tello_driver) by extension 'ros'
[0.446s] DEBUG:colcon.colcon_core.package_identification:Package 'src/drone_racing_ros2/tello_ros/tello_driver' with type 'ros.ament_cmake' and name 'tello_driver'
[0.446s] Level 1:colcon.colcon_core.package_identification:_identify(src/drone_racing_ros2/tello_ros/tello_gazebo) by extensions ['ignore', 'ignore_ament_install']
[0.446s] Level 1:colcon.colcon_core.package_identification:_identify(src/drone_racing_ros2/tello_ros/tello_gazebo) by extension 'ignore'
[0.446s] Level 1:colcon.colcon_core.package_identification:_identify(src/drone_racing_ros2/tello_ros/tello_gazebo) by extension 'ignore_ament_install'
[0.446s] Level 1:colcon.colcon_core.package_identification:_identify(src/drone_racing_ros2/tello_ros/tello_gazebo) by extensions ['colcon_pkg']
[0.446s] Level 1:colcon.colcon_core.package_identification:_identify(src/drone_racing_ros2/tello_ros/tello_gazebo) by extension 'colcon_pkg'
[0.446s] Level 1:colcon.colcon_core.package_identification:_identify(src/drone_racing_ros2/tello_ros/tello_gazebo) by extensions ['colcon_meta']
[0.446s] Level 1:colcon.colcon_core.package_identification:_identify(src/drone_racing_ros2/tello_ros/tello_gazebo) by extension 'colcon_meta'
[0.446s] Level 1:colcon.colcon_core.package_identification:_identify(src/drone_racing_ros2/tello_ros/tello_gazebo) by extensions ['ros']
[0.446s] Level 1:colcon.colcon_core.package_identification:_identify(src/drone_racing_ros2/tello_ros/tello_gazebo) by extension 'ros'
[0.447s] DEBUG:colcon.colcon_core.package_identification:Package 'src/drone_racing_ros2/tello_ros/tello_gazebo' with type 'ros.ament_cmake' and name 'tello_gazebo'
[0.448s] Level 1:colcon.colcon_core.package_identification:_identify(src/drone_racing_ros2/tello_ros/tello_msgs) by extensions ['ignore', 'ignore_ament_install']
[0.448s] Level 1:colcon.colcon_core.package_identification:_identify(src/drone_racing_ros2/tello_ros/tello_msgs) by extension 'ignore'
[0.448s] Level 1:colcon.colcon_core.package_identification:_identify(src/drone_racing_ros2/tello_ros/tello_msgs) by extension 'ignore_ament_install'
[0.448s] Level 1:colcon.colcon_core.package_identification:_identify(src/drone_racing_ros2/tello_ros/tello_msgs) by extensions ['colcon_pkg']
[0.448s] Level 1:colcon.colcon_core.package_identification:_identify(src/drone_racing_ros2/tello_ros/tello_msgs) by extension 'colcon_pkg'
[0.448s] Level 1:colcon.colcon_core.package_identification:_identify(src/drone_racing_ros2/tello_ros/tello_msgs) by extensions ['colcon_meta']
[0.448s] Level 1:colcon.colcon_core.package_identification:_identify(src/drone_racing_ros2/tello_ros/tello_msgs) by extension 'colcon_meta'
[0.448s] Level 1:colcon.colcon_core.package_identification:_identify(src/drone_racing_ros2/tello_ros/tello_msgs) by extensions ['ros']
[0.448s] Level 1:colcon.colcon_core.package_identification:_identify(src/drone_racing_ros2/tello_ros/tello_msgs) by extension 'ros'
[0.449s] DEBUG:colcon.colcon_core.package_identification:Package 'src/drone_racing_ros2/tello_ros/tello_msgs' with type 'ros.ament_cmake' and name 'tello_msgs'
[0.449s] Level 1:colcon.colcon_core.package_discovery:discover_packages(recursive) using defaults
[0.449s] Level 1:colcon.colcon_core.package_discovery:discover_packages(ignore) discover
[0.449s] Level 1:colcon.colcon_core.package_discovery:discover_packages(ignore) using defaults
[0.449s] Level 1:colcon.colcon_core.package_discovery:discover_packages(path) discover
[0.449s] Level 1:colcon.colcon_core.package_discovery:discover_packages(path) using defaults
[0.468s] Level 1:colcon.colcon_core.package_discovery:discover_packages(prefix_path) check parameters
[0.468s] Level 1:colcon.colcon_core.package_discovery:discover_packages(prefix_path) discover
[0.481s] DEBUG:colcon.colcon_installed_package_information.package_discovery:Found 5 installed packages in /home/armrs/drone_racing_ros2_ws/install
[0.483s] DEBUG:colcon.colcon_installed_package_information.package_discovery:Found 275 installed packages in /opt/ros/galactic
[0.484s] Level 1:colcon.colcon_core.package_discovery:discover_packages(prefix_path) using defaults
[0.560s] Level 5:colcon.colcon_core.verb:set package 'ros2_shared' build argument 'cmake_args' from command line to 'None'
[0.560s] Level 5:colcon.colcon_core.verb:set package 'ros2_shared' build argument 'cmake_target' from command line to 'None'
[0.560s] Level 5:colcon.colcon_core.verb:set package 'ros2_shared' build argument 'cmake_target_skip_unavailable' from command line to 'False'
[0.560s] Level 5:colcon.colcon_core.verb:set package 'ros2_shared' build argument 'cmake_clean_cache' from command line to 'False'
[0.560s] Level 5:colcon.colcon_core.verb:set package 'ros2_shared' build argument 'cmake_clean_first' from command line to 'False'
[0.561s] Level 5:colcon.colcon_core.verb:set package 'ros2_shared' build argument 'cmake_force_configure' from command line to 'False'
[0.561s] Level 5:colcon.colcon_core.verb:set package 'ros2_shared' build argument 'ament_cmake_args' from command line to 'None'
[0.561s] Level 5:colcon.colcon_core.verb:set package 'ros2_shared' build argument 'catkin_cmake_args' from command line to 'None'
[0.561s] Level 5:colcon.colcon_core.verb:set package 'ros2_shared' build argument 'catkin_skip_building_tests' from command line to 'False'
[0.561s] DEBUG:colcon.colcon_core.verb:Building package 'ros2_shared' with the following arguments: {'ament_cmake_args': None, 'build_base': '/home/armrs/drone_racing_ros2_ws/build/ros2_shared', 'catkin_cmake_args': None, 'catkin_skip_building_tests': False, 'cmake_args': None, 'cmake_clean_cache': False, 'cmake_clean_first': False, 'cmake_force_configure': False, 'cmake_target': None, 'cmake_target_skip_unavailable': False, 'install_base': '/home/armrs/drone_racing_ros2_ws/install/ros2_shared', 'merge_install': False, 'path': '/home/armrs/drone_racing_ros2_ws/src/drone_racing_ros2/ros2_shared', 'symlink_install': False, 'test_result_base': None}
[0.561s] Level 5:colcon.colcon_core.verb:set package 'tello_description' build argument 'cmake_args' from command line to 'None'
[0.561s] Level 5:colcon.colcon_core.verb:set package 'tello_description' build argument 'cmake_target' from command line to 'None'
[0.561s] Level 5:colcon.colcon_core.verb:set package 'tello_description' build argument 'cmake_target_skip_unavailable' from command line to 'False'
[0.561s] Level 5:colcon.colcon_core.verb:set package 'tello_description' build argument 'cmake_clean_cache' from command line to 'False'
[0.561s] Level 5:colcon.colcon_core.verb:set package 'tello_description' build argument 'cmake_clean_first' from command line to 'False'
[0.561s] Level 5:colcon.colcon_core.verb:set package 'tello_description' build argument 'cmake_force_configure' from command line to 'False'
[0.561s] Level 5:colcon.colcon_core.verb:set package 'tello_description' build argument 'ament_cmake_args' from command line to 'None'
[0.561s] Level 5:colcon.colcon_core.verb:set package 'tello_description' build argument 'catkin_cmake_args' from command line to 'None'
[0.561s] Level 5:colcon.colcon_core.verb:set package 'tello_description' build argument 'catkin_skip_building_tests' from command line to 'False'
[0.561s] DEBUG:colcon.colcon_core.verb:Building package 'tello_description' with the following arguments: {'ament_cmake_args': None, 'build_base': '/home/armrs/drone_racing_ros2_ws/build/tello_description', 'catkin_cmake_args': None, 'catkin_skip_building_tests': False, 'cmake_args': None, 'cmake_clean_cache': False, 'cmake_clean_first': False, 'cmake_force_configure': False, 'cmake_target': None, 'cmake_target_skip_unavailable': False, 'install_base': '/home/armrs/drone_racing_ros2_ws/install/tello_description', 'merge_install': False, 'path': '/home/armrs/drone_racing_ros2_ws/src/drone_racing_ros2/tello_ros/tello_description', 'symlink_install': False, 'test_result_base': None}
[0.562s] Level 5:colcon.colcon_core.verb:set package 'tello_msgs' build argument 'cmake_args' from command line to 'None'
[0.562s] Level 5:colcon.colcon_core.verb:set package 'tello_msgs' build argument 'cmake_target' from command line to 'None'
[0.562s] Level 5:colcon.colcon_core.verb:set package 'tello_msgs' build argument 'cmake_target_skip_unavailable' from command line to 'False'
[0.562s] Level 5:colcon.colcon_core.verb:set package 'tello_msgs' build argument 'cmake_clean_cache' from command line to 'False'
[0.562s] Level 5:colcon.colcon_core.verb:set package 'tello_msgs' build argument 'cmake_clean_first' from command line to 'False'
[0.562s] Level 5:colcon.colcon_core.verb:set package 'tello_msgs' build argument 'cmake_force_configure' from command line to 'False'
[0.562s] Level 5:colcon.colcon_core.verb:set package 'tello_msgs' build argument 'ament_cmake_args' from command line to 'None'
[0.562s] Level 5:colcon.colcon_core.verb:set package 'tello_msgs' build argument 'catkin_cmake_args' from command line to 'None'
[0.562s] Level 5:colcon.colcon_core.verb:set package 'tello_msgs' build argument 'catkin_skip_building_tests' from command line to 'False'
[0.562s] DEBUG:colcon.colcon_core.verb:Building package 'tello_msgs' with the following arguments: {'ament_cmake_args': None, 'build_base': '/home/armrs/drone_racing_ros2_ws/build/tello_msgs', 'catkin_cmake_args': None, 'catkin_skip_building_tests': False, 'cmake_args': None, 'cmake_clean_cache': False, 'cmake_clean_first': False, 'cmake_force_configure': False, 'cmake_target': None, 'cmake_target_skip_unavailable': False, 'install_base': '/home/armrs/drone_racing_ros2_ws/install/tello_msgs', 'merge_install': False, 'path': '/home/armrs/drone_racing_ros2_ws/src/drone_racing_ros2/tello_ros/tello_msgs', 'symlink_install': False, 'test_result_base': None}
[0.562s] Level 5:colcon.colcon_core.verb:set package 'tello_driver' build argument 'cmake_args' from command line to 'None'
[0.563s] Level 5:colcon.colcon_core.verb:set package 'tello_driver' build argument 'cmake_target' from command line to 'None'
[0.563s] Level 5:colcon.colcon_core.verb:set package 'tello_driver' build argument 'cmake_target_skip_unavailable' from command line to 'False'
[0.563s] Level 5:colcon.colcon_core.verb:set package 'tello_driver' build argument 'cmake_clean_cache' from command line to 'False'
[0.563s] Level 5:colcon.colcon_core.verb:set package 'tello_driver' build argument 'cmake_clean_first' from command line to 'False'
[0.563s] Level 5:colcon.colcon_core.verb:set package 'tello_driver' build argument 'cmake_force_configure' from command line to 'False'
[0.563s] Level 5:colcon.colcon_core.verb:set package 'tello_driver' build argument 'ament_cmake_args' from command line to 'None'
[0.563s] Level 5:colcon.colcon_core.verb:set package 'tello_driver' build argument 'catkin_cmake_args' from command line to 'None'
[0.563s] Level 5:colcon.colcon_core.verb:set package 'tello_driver' build argument 'catkin_skip_building_tests' from command line to 'False'
[0.563s] DEBUG:colcon.colcon_core.verb:Building package 'tello_driver' with the following arguments: {'ament_cmake_args': None, 'build_base': '/home/armrs/drone_racing_ros2_ws/build/tello_driver', 'catkin_cmake_args': None, 'catkin_skip_building_tests': False, 'cmake_args': None, 'cmake_clean_cache': False, 'cmake_clean_first': False, 'cmake_force_configure': False, 'cmake_target': None, 'cmake_target_skip_unavailable': False, 'install_base': '/home/armrs/drone_racing_ros2_ws/install/tello_driver', 'merge_install': False, 'path': '/home/armrs/drone_racing_ros2_ws/src/drone_racing_ros2/tello_ros/tello_driver', 'symlink_install': False, 'test_result_base': None}
[0.563s] Level 5:colcon.colcon_core.verb:set package 'tello_gazebo' build argument 'cmake_args' from command line to 'None'
[0.563s] Level 5:colcon.colcon_core.verb:set package 'tello_gazebo' build argument 'cmake_target' from command line to 'None'
[0.563s] Level 5:colcon.colcon_core.verb:set package 'tello_gazebo' build argument 'cmake_target_skip_unavailable' from command line to 'False'
[0.563s] Level 5:colcon.colcon_core.verb:set package 'tello_gazebo' build argument 'cmake_clean_cache' from command line to 'False'
[0.563s] Level 5:colcon.colcon_core.verb:set package 'tello_gazebo' build argument 'cmake_clean_first' from command line to 'False'
[0.563s] Level 5:colcon.colcon_core.verb:set package 'tello_gazebo' build argument 'cmake_force_configure' from command line to 'False'
[0.563s] Level 5:colcon.colcon_core.verb:set package 'tello_gazebo' build argument 'ament_cmake_args' from command line to 'None'
[0.563s] Level 5:colcon.colcon_core.verb:set package 'tello_gazebo' build argument 'catkin_cmake_args' from command line to 'None'
[0.563s] Level 5:colcon.colcon_core.verb:set package 'tello_gazebo' build argument 'catkin_skip_building_tests' from command line to 'False'
[0.563s] DEBUG:colcon.colcon_core.verb:Building package 'tello_gazebo' with the following arguments: {'ament_cmake_args': None, 'build_base': '/home/armrs/drone_racing_ros2_ws/build/tello_gazebo', 'catkin_cmake_args': None, 'catkin_skip_building_tests': False, 'cmake_args': None, 'cmake_clean_cache': False, 'cmake_clean_first': False, 'cmake_force_configure': False, 'cmake_target': None, 'cmake_target_skip_unavailable': False, 'install_base': '/home/armrs/drone_racing_ros2_ws/install/tello_gazebo', 'merge_install': False, 'path': '/home/armrs/drone_racing_ros2_ws/src/drone_racing_ros2/tello_ros/tello_gazebo', 'symlink_install': False, 'test_result_base': None}
[0.564s] INFO:colcon.colcon_core.executor:Executing jobs using 'parallel' executor
[0.565s] DEBUG:colcon.colcon_parallel_executor.executor.parallel:run_until_complete
[0.565s] INFO:colcon.colcon_ros.task.ament_cmake.build:Building ROS package in '/home/armrs/drone_racing_ros2_ws/src/drone_racing_ros2/tello_ros/tello_msgs' with build type 'ament_cmake'
[0.565s] INFO:colcon.colcon_cmake.task.cmake.build:Building CMake package in '/home/armrs/drone_racing_ros2_ws/src/drone_racing_ros2/tello_ros/tello_msgs'
[0.568s] INFO:colcon.colcon_core.plugin_system:Skipping extension 'colcon_core.shell.bat': Not used on non-Windows systems
[0.568s] INFO:colcon.colcon_core.shell:Skip shell extension 'powershell' for command environment: Not usable outside of PowerShell
[0.568s] DEBUG:colcon.colcon_core.shell:Skip shell extension 'dsv' for command environment
[0.574s] INFO:colcon.colcon_ros.task.ament_cmake.build:Building ROS package in '/home/armrs/drone_racing_ros2_ws/src/drone_racing_ros2/ros2_shared' with build type 'ament_cmake'
[0.575s] INFO:colcon.colcon_cmake.task.cmake.build:Building CMake package in '/home/armrs/drone_racing_ros2_ws/src/drone_racing_ros2/ros2_shared'
[0.575s] INFO:colcon.colcon_core.shell:Skip shell extension 'powershell' for command environment: Not usable outside of PowerShell
[0.576s] DEBUG:colcon.colcon_core.shell:Skip shell extension 'dsv' for command environment
[0.584s] INFO:colcon.colcon_ros.task.ament_cmake.build:Building ROS package in '/home/armrs/drone_racing_ros2_ws/src/drone_racing_ros2/tello_ros/tello_description' with build type 'ament_cmake'
[0.584s] INFO:colcon.colcon_cmake.task.cmake.build:Building CMake package in '/home/armrs/drone_racing_ros2_ws/src/drone_racing_ros2/tello_ros/tello_description'
[0.585s] INFO:colcon.colcon_core.shell:Skip shell extension 'powershell' for command environment: Not usable outside of PowerShell
[0.585s] DEBUG:colcon.colcon_core.shell:Skip shell extension 'dsv' for command environment
[0.604s] DEBUG:colcon.colcon_core.event_handler.log_command:Invoking command in '/home/armrs/drone_racing_ros2_ws/build/tello_msgs': CMAKE_PREFIX_PATH=${CMAKE_PREFIX_PATH}:/opt/ros/galactic /usr/bin/cmake --build /home/armrs/drone_racing_ros2_ws/build/tello_msgs -- -j4 -l4
[0.614s] DEBUG:colcon.colcon_core.event_handler.log_command:Invoking command in '/home/armrs/drone_racing_ros2_ws/build/ros2_shared': CMAKE_PREFIX_PATH=${CMAKE_PREFIX_PATH}:/opt/ros/galactic /usr/bin/cmake --build /home/armrs/drone_racing_ros2_ws/build/ros2_shared -- -j4 -l4
[0.624s] DEBUG:colcon.colcon_core.event_handler.log_command:Invoking command in '/home/armrs/drone_racing_ros2_ws/build/tello_description': CMAKE_PREFIX_PATH=${CMAKE_PREFIX_PATH}:/opt/ros/galactic /usr/bin/cmake --build /home/armrs/drone_racing_ros2_ws/build/tello_description -- -j4 -l4
[0.672s] DEBUG:colcon.colcon_core.event_handler.log_command:Invoked command in '/home/armrs/drone_racing_ros2_ws/build/ros2_shared' returned '0': CMAKE_PREFIX_PATH=${CMAKE_PREFIX_PATH}:/opt/ros/galactic /usr/bin/cmake --build /home/armrs/drone_racing_ros2_ws/build/ros2_shared -- -j4 -l4
[0.709s] DEBUG:colcon.colcon_core.event_handler.log_command:Invoking command in '/home/armrs/drone_racing_ros2_ws/build/ros2_shared': CMAKE_PREFIX_PATH=${CMAKE_PREFIX_PATH}:/opt/ros/galactic /usr/bin/cmake --install /home/armrs/drone_racing_ros2_ws/build/ros2_shared
[0.761s] Level 1:colcon.colcon_core.environment:create_environment_scripts_only(ros2_shared)
[0.767s] DEBUG:colcon.colcon_core.event_handler.log_command:Invoked command in '/home/armrs/drone_racing_ros2_ws/build/ros2_shared' returned '0': CMAKE_PREFIX_PATH=${CMAKE_PREFIX_PATH}:/opt/ros/galactic /usr/bin/cmake --install /home/armrs/drone_racing_ros2_ws/build/ros2_shared
[0.769s] Level 1:colcon.colcon_core.environment:checking '/home/armrs/drone_racing_ros2_ws/install/ros2_shared' for CMake module files
[0.770s] Level 1:colcon.colcon_core.environment:checking '/home/armrs/drone_racing_ros2_ws/install/ros2_shared' for CMake config files
[0.771s] Level 1:colcon.colcon_core.shell:create_environment_hook('ros2_shared', 'cmake_prefix_path')
[0.772s] INFO:colcon.colcon_core.shell:Creating environment hook '/home/armrs/drone_racing_ros2_ws/install/ros2_shared/share/ros2_shared/hook/cmake_prefix_path.ps1'
[0.773s] INFO:colcon.colcon_core.shell:Creating environment descriptor '/home/armrs/drone_racing_ros2_ws/install/ros2_shared/share/ros2_shared/hook/cmake_prefix_path.dsv'
[0.774s] INFO:colcon.colcon_core.shell:Creating environment hook '/home/armrs/drone_racing_ros2_ws/install/ros2_shared/share/ros2_shared/hook/cmake_prefix_path.sh'
[0.778s] Level 1:colcon.colcon_core.environment:checking '/home/armrs/drone_racing_ros2_ws/install/ros2_shared/bin'
[0.778s] Level 1:colcon.colcon_core.environment:checking '/home/armrs/drone_racing_ros2_ws/install/ros2_shared/lib/pkgconfig/ros2_shared.pc'
[0.778s] Level 1:colcon.colcon_core.environment:checking '/home/armrs/drone_racing_ros2_ws/install/ros2_shared/lib/python3.8/site-packages'
[0.779s] Level 1:colcon.colcon_core.environment:checking '/home/armrs/drone_racing_ros2_ws/install/ros2_shared/bin'
[0.780s] INFO:colcon.colcon_core.shell:Creating package script '/home/armrs/drone_racing_ros2_ws/install/ros2_shared/share/ros2_shared/package.ps1'
[0.783s] INFO:colcon.colcon_core.shell:Creating package descriptor '/home/armrs/drone_racing_ros2_ws/install/ros2_shared/share/ros2_shared/package.dsv'
[0.784s] INFO:colcon.colcon_core.shell:Creating package script '/home/armrs/drone_racing_ros2_ws/install/ros2_shared/share/ros2_shared/package.sh'
[0.786s] INFO:colcon.colcon_core.shell:Creating package script '/home/armrs/drone_racing_ros2_ws/install/ros2_shared/share/ros2_shared/package.bash'
[0.788s] INFO:colcon.colcon_core.shell:Creating package script '/home/armrs/drone_racing_ros2_ws/install/ros2_shared/share/ros2_shared/package.zsh'
[0.789s] Level 1:colcon.colcon_core.environment:create_file_with_runtime_dependencies(/home/armrs/drone_racing_ros2_ws/install/ros2_shared/share/colcon-core/packages/ros2_shared)
[0.790s] Level 1:colcon.colcon_core.environment:create_environment_scripts_only(ros2_shared)
[0.792s] Level 1:colcon.colcon_core.environment:checking '/home/armrs/drone_racing_ros2_ws/install/ros2_shared' for CMake module files
[0.793s] Level 1:colcon.colcon_core.environment:checking '/home/armrs/drone_racing_ros2_ws/install/ros2_shared' for CMake config files
[0.794s] Level 1:colcon.colcon_core.shell:create_environment_hook('ros2_shared', 'cmake_prefix_path')
[0.795s] INFO:colcon.colcon_core.shell:Creating environment hook '/home/armrs/drone_racing_ros2_ws/install/ros2_shared/share/ros2_shared/hook/cmake_prefix_path.ps1'
[0.796s] INFO:colcon.colcon_core.shell:Creating environment descriptor '/home/armrs/drone_racing_ros2_ws/install/ros2_shared/share/ros2_shared/hook/cmake_prefix_path.dsv'
[0.797s] INFO:colcon.colcon_core.shell:Creating environment hook '/home/armrs/drone_racing_ros2_ws/install/ros2_shared/share/ros2_shared/hook/cmake_prefix_path.sh'
[0.798s] Level 1:colcon.colcon_core.environment:checking '/home/armrs/drone_racing_ros2_ws/install/ros2_shared/bin'
[0.798s] Level 1:colcon.colcon_core.environment:checking '/home/armrs/drone_racing_ros2_ws/install/ros2_shared/lib/pkgconfig/ros2_shared.pc'
[0.799s] Level 1:colcon.colcon_core.environment:checking '/home/armrs/drone_racing_ros2_ws/install/ros2_shared/lib/python3.8/site-packages'
[0.811s] Level 1:colcon.colcon_core.environment:checking '/home/armrs/drone_racing_ros2_ws/install/ros2_shared/bin'
[0.811s] INFO:colcon.colcon_core.shell:Creating package script '/home/armrs/drone_racing_ros2_ws/install/ros2_shared/share/ros2_shared/package.ps1'
[0.812s] INFO:colcon.colcon_core.shell:Creating package descriptor '/home/armrs/drone_racing_ros2_ws/install/ros2_shared/share/ros2_shared/package.dsv'
[0.813s] INFO:colcon.colcon_core.shell:Creating package script '/home/armrs/drone_racing_ros2_ws/install/ros2_shared/share/ros2_shared/package.sh'
[0.815s] INFO:colcon.colcon_core.shell:Creating package script '/home/armrs/drone_racing_ros2_ws/install/ros2_shared/share/ros2_shared/package.bash'
[0.823s] INFO:colcon.colcon_core.shell:Creating package script '/home/armrs/drone_racing_ros2_ws/install/ros2_shared/share/ros2_shared/package.zsh'
[0.824s] Level 1:colcon.colcon_core.environment:create_file_with_runtime_dependencies(/home/armrs/drone_racing_ros2_ws/install/ros2_shared/share/colcon-core/packages/ros2_shared)
[1.149s] DEBUG:colcon.colcon_core.event_handler.log_command:Invoked command in '/home/armrs/drone_racing_ros2_ws/build/tello_description' returned '0': CMAKE_PREFIX_PATH=${CMAKE_PREFIX_PATH}:/opt/ros/galactic /usr/bin/cmake --build /home/armrs/drone_racing_ros2_ws/build/tello_description -- -j4 -l4
[1.150s] DEBUG:colcon.colcon_core.event_handler.log_command:Invoking command in '/home/armrs/drone_racing_ros2_ws/build/tello_description': CMAKE_PREFIX_PATH=${CMAKE_PREFIX_PATH}:/opt/ros/galactic /usr/bin/cmake --install /home/armrs/drone_racing_ros2_ws/build/tello_description
[1.173s] Level 1:colcon.colcon_core.environment:create_environment_scripts_only(tello_description)
[1.174s] Level 1:colcon.colcon_core.environment:checking '/home/armrs/drone_racing_ros2_ws/install/tello_description' for CMake module files
[1.175s] DEBUG:colcon.colcon_core.event_handler.log_command:Invoked command in '/home/armrs/drone_racing_ros2_ws/build/tello_description' returned '0': CMAKE_PREFIX_PATH=${CMAKE_PREFIX_PATH}:/opt/ros/galactic /usr/bin/cmake --install /home/armrs/drone_racing_ros2_ws/build/tello_description
[1.175s] Level 1:colcon.colcon_core.environment:checking '/home/armrs/drone_racing_ros2_ws/install/tello_description' for CMake config files
[1.175s] Level 1:colcon.colcon_core.shell:create_environment_hook('tello_description', 'cmake_prefix_path')
[1.175s] INFO:colcon.colcon_core.shell:Creating environment hook '/home/armrs/drone_racing_ros2_ws/install/tello_description/share/tello_description/hook/cmake_prefix_path.ps1'
[1.176s] INFO:colcon.colcon_core.shell:Creating environment descriptor '/home/armrs/drone_racing_ros2_ws/install/tello_description/share/tello_description/hook/cmake_prefix_path.dsv'
[1.177s] INFO:colcon.colcon_core.shell:Creating environment hook '/home/armrs/drone_racing_ros2_ws/install/tello_description/share/tello_description/hook/cmake_prefix_path.sh'
[1.177s] Level 1:colcon.colcon_core.environment:checking '/home/armrs/drone_racing_ros2_ws/install/tello_description/bin'
[1.177s] Level 1:colcon.colcon_core.environment:checking '/home/armrs/drone_racing_ros2_ws/install/tello_description/lib/pkgconfig/tello_description.pc'
[1.178s] Level 1:colcon.colcon_core.environment:checking '/home/armrs/drone_racing_ros2_ws/install/tello_description/lib/python3.8/site-packages'
[1.178s] Level 1:colcon.colcon_core.environment:checking '/home/armrs/drone_racing_ros2_ws/install/tello_description/bin'
[1.179s] INFO:colcon.colcon_core.shell:Creating package script '/home/armrs/drone_racing_ros2_ws/install/tello_description/share/tello_description/package.ps1'
[1.179s] INFO:colcon.colcon_core.shell:Creating package descriptor '/home/armrs/drone_racing_ros2_ws/install/tello_description/share/tello_description/package.dsv'
[1.180s] INFO:colcon.colcon_core.shell:Creating package script '/home/armrs/drone_racing_ros2_ws/install/tello_description/share/tello_description/package.sh'
[1.180s] INFO:colcon.colcon_core.shell:Creating package script '/home/armrs/drone_racing_ros2_ws/install/tello_description/share/tello_description/package.bash'
[1.181s] INFO:colcon.colcon_core.shell:Creating package script '/home/armrs/drone_racing_ros2_ws/install/tello_description/share/tello_description/package.zsh'
[1.181s] Level 1:colcon.colcon_core.environment:create_file_with_runtime_dependencies(/home/armrs/drone_racing_ros2_ws/install/tello_description/share/colcon-core/packages/tello_description)
[1.182s] Level 1:colcon.colcon_core.environment:create_environment_scripts_only(tello_description)
[1.182s] Level 1:colcon.colcon_core.environment:checking '/home/armrs/drone_racing_ros2_ws/install/tello_description' for CMake module files
[1.182s] Level 1:colcon.colcon_core.environment:checking '/home/armrs/drone_racing_ros2_ws/install/tello_description' for CMake config files
[1.183s] Level 1:colcon.colcon_core.shell:create_environment_hook('tello_description', 'cmake_prefix_path')
[1.183s] INFO:colcon.colcon_core.shell:Creating environment hook '/home/armrs/drone_racing_ros2_ws/install/tello_description/share/tello_description/hook/cmake_prefix_path.ps1'
[1.183s] INFO:colcon.colcon_core.shell:Creating environment descriptor '/home/armrs/drone_racing_ros2_ws/install/tello_description/share/tello_description/hook/cmake_prefix_path.dsv'
[1.184s] INFO:colcon.colcon_core.shell:Creating environment hook '/home/armrs/drone_racing_ros2_ws/install/tello_description/share/tello_description/hook/cmake_prefix_path.sh'
[1.184s] Level 1:colcon.colcon_core.environment:checking '/home/armrs/drone_racing_ros2_ws/install/tello_description/bin'
[1.184s] Level 1:colcon.colcon_core.environment:checking '/home/armrs/drone_racing_ros2_ws/install/tello_description/lib/pkgconfig/tello_description.pc'
[1.185s] Level 1:colcon.colcon_core.environment:checking '/home/armrs/drone_racing_ros2_ws/install/tello_description/lib/python3.8/site-packages'
[1.185s] Level 1:colcon.colcon_core.environment:checking '/home/armrs/drone_racing_ros2_ws/install/tello_description/bin'
[1.185s] INFO:colcon.colcon_core.shell:Creating package script '/home/armrs/drone_racing_ros2_ws/install/tello_description/share/tello_description/package.ps1'
[1.186s] INFO:colcon.colcon_core.shell:Creating package descriptor '/home/armrs/drone_racing_ros2_ws/install/tello_description/share/tello_description/package.dsv'
[1.186s] INFO:colcon.colcon_core.shell:Creating package script '/home/armrs/drone_racing_ros2_ws/install/tello_description/share/tello_description/package.sh'
[1.187s] INFO:colcon.colcon_core.shell:Creating package script '/home/armrs/drone_racing_ros2_ws/install/tello_description/share/tello_description/package.bash'
[1.187s] INFO:colcon.colcon_core.shell:Creating package script '/home/armrs/drone_racing_ros2_ws/install/tello_description/share/tello_description/package.zsh'
[1.188s] Level 1:colcon.colcon_core.environment:create_file_with_runtime_dependencies(/home/armrs/drone_racing_ros2_ws/install/tello_description/share/colcon-core/packages/tello_description)
[1.190s] DEBUG:colcon.colcon_core.event_handler.log_command:Invoked command in '/home/armrs/drone_racing_ros2_ws/build/tello_msgs' returned '0': CMAKE_PREFIX_PATH=${CMAKE_PREFIX_PATH}:/opt/ros/galactic /usr/bin/cmake --build /home/armrs/drone_racing_ros2_ws/build/tello_msgs -- -j4 -l4
[1.191s] DEBUG:colcon.colcon_core.event_handler.log_command:Invoking command in '/home/armrs/drone_racing_ros2_ws/build/tello_msgs': CMAKE_PREFIX_PATH=${CMAKE_PREFIX_PATH}:/opt/ros/galactic /usr/bin/cmake --install /home/armrs/drone_racing_ros2_ws/build/tello_msgs
[1.263s] Level 1:colcon.colcon_core.environment:create_environment_scripts_only(tello_msgs)
[1.264s] Level 1:colcon.colcon_core.environment:checking '/home/armrs/drone_racing_ros2_ws/install/tello_msgs' for CMake module files
[1.265s] DEBUG:colcon.colcon_core.event_handler.log_command:Invoked command in '/home/armrs/drone_racing_ros2_ws/build/tello_msgs' returned '0': CMAKE_PREFIX_PATH=${CMAKE_PREFIX_PATH}:/opt/ros/galactic /usr/bin/cmake --install /home/armrs/drone_racing_ros2_ws/build/tello_msgs
[1.265s] Level 1:colcon.colcon_core.environment:checking '/home/armrs/drone_racing_ros2_ws/install/tello_msgs' for CMake config files
[1.266s] Level 1:colcon.colcon_core.shell:create_environment_hook('tello_msgs', 'cmake_prefix_path')
[1.267s] INFO:colcon.colcon_core.shell:Creating environment hook '/home/armrs/drone_racing_ros2_ws/install/tello_msgs/share/tello_msgs/hook/cmake_prefix_path.ps1'
[1.267s] INFO:colcon.colcon_core.shell:Creating environment descriptor '/home/armrs/drone_racing_ros2_ws/install/tello_msgs/share/tello_msgs/hook/cmake_prefix_path.dsv'
[1.268s] INFO:colcon.colcon_core.shell:Creating environment hook '/home/armrs/drone_racing_ros2_ws/install/tello_msgs/share/tello_msgs/hook/cmake_prefix_path.sh'
[1.269s] Level 1:colcon.colcon_core.environment:checking '/home/armrs/drone_racing_ros2_ws/install/tello_msgs/lib'
[1.269s] Level 1:colcon.colcon_core.shell:create_environment_hook('tello_msgs', 'ld_library_path_lib')
[1.269s] INFO:colcon.colcon_core.shell:Creating environment hook '/home/armrs/drone_racing_ros2_ws/install/tello_msgs/share/tello_msgs/hook/ld_library_path_lib.ps1'
[1.270s] INFO:colcon.colcon_core.shell:Creating environment descriptor '/home/armrs/drone_racing_ros2_ws/install/tello_msgs/share/tello_msgs/hook/ld_library_path_lib.dsv'
[1.270s] INFO:colcon.colcon_core.shell:Creating environment hook '/home/armrs/drone_racing_ros2_ws/install/tello_msgs/share/tello_msgs/hook/ld_library_path_lib.sh'
[1.271s] Level 1:colcon.colcon_core.environment:checking '/home/armrs/drone_racing_ros2_ws/install/tello_msgs/bin'
[1.271s] Level 1:colcon.colcon_core.environment:checking '/home/armrs/drone_racing_ros2_ws/install/tello_msgs/lib/pkgconfig/tello_msgs.pc'
[1.271s] Level 1:colcon.colcon_core.environment:checking '/home/armrs/drone_racing_ros2_ws/install/tello_msgs/lib/python3.8/site-packages'
[1.271s] Level 1:colcon.colcon_core.shell:create_environment_hook('tello_msgs', 'pythonpath')
[1.271s] INFO:colcon.colcon_core.shell:Creating environment hook '/home/armrs/drone_racing_ros2_ws/install/tello_msgs/share/tello_msgs/hook/pythonpath.ps1'
[1.272s] INFO:colcon.colcon_core.shell:Creating environment descriptor '/home/armrs/drone_racing_ros2_ws/install/tello_msgs/share/tello_msgs/hook/pythonpath.dsv'
[1.272s] INFO:colcon.colcon_core.shell:Creating environment hook '/home/armrs/drone_racing_ros2_ws/install/tello_msgs/share/tello_msgs/hook/pythonpath.sh'
[1.273s] Level 1:colcon.colcon_core.environment:checking '/home/armrs/drone_racing_ros2_ws/install/tello_msgs/bin'
[1.273s] INFO:colcon.colcon_core.shell:Creating package script '/home/armrs/drone_racing_ros2_ws/install/tello_msgs/share/tello_msgs/package.ps1'
[1.274s] INFO:colcon.colcon_core.shell:Creating package descriptor '/home/armrs/drone_racing_ros2_ws/install/tello_msgs/share/tello_msgs/package.dsv'
[1.275s] INFO:colcon.colcon_core.shell:Creating package script '/home/armrs/drone_racing_ros2_ws/install/tello_msgs/share/tello_msgs/package.sh'
[1.275s] INFO:colcon.colcon_core.shell:Creating package script '/home/armrs/drone_racing_ros2_ws/install/tello_msgs/share/tello_msgs/package.bash'
[1.276s] INFO:colcon.colcon_core.shell:Creating package script '/home/armrs/drone_racing_ros2_ws/install/tello_msgs/share/tello_msgs/package.zsh'
[1.276s] Level 1:colcon.colcon_core.environment:create_file_with_runtime_dependencies(/home/armrs/drone_racing_ros2_ws/install/tello_msgs/share/colcon-core/packages/tello_msgs)
[1.277s] Level 1:colcon.colcon_core.environment:create_environment_scripts_only(tello_msgs)
[1.277s] Level 1:colcon.colcon_core.environment:checking '/home/armrs/drone_racing_ros2_ws/install/tello_msgs' for CMake module files
[1.278s] Level 1:colcon.colcon_core.environment:checking '/home/armrs/drone_racing_ros2_ws/install/tello_msgs' for CMake config files
[1.278s] Level 1:colcon.colcon_core.shell:create_environment_hook('tello_msgs', 'cmake_prefix_path')
[1.278s] INFO:colcon.colcon_core.shell:Creating environment hook '/home/armrs/drone_racing_ros2_ws/install/tello_msgs/share/tello_msgs/hook/cmake_prefix_path.ps1'
[1.279s] INFO:colcon.colcon_core.shell:Creating environment descriptor '/home/armrs/drone_racing_ros2_ws/install/tello_msgs/share/tello_msgs/hook/cmake_prefix_path.dsv'
[1.280s] INFO:colcon.colcon_core.shell:Creating environment hook '/home/armrs/drone_racing_ros2_ws/install/tello_msgs/share/tello_msgs/hook/cmake_prefix_path.sh'
[1.281s] Level 1:colcon.colcon_core.environment:checking '/home/armrs/drone_racing_ros2_ws/install/tello_msgs/lib'
[1.281s] Level 1:colcon.colcon_core.shell:create_environment_hook('tello_msgs', 'ld_library_path_lib')
[1.281s] INFO:colcon.colcon_core.shell:Creating environment hook '/home/armrs/drone_racing_ros2_ws/install/tello_msgs/share/tello_msgs/hook/ld_library_path_lib.ps1'
[1.282s] INFO:colcon.colcon_core.shell:Creating environment descriptor '/home/armrs/drone_racing_ros2_ws/install/tello_msgs/share/tello_msgs/hook/ld_library_path_lib.dsv'
[1.282s] INFO:colcon.colcon_core.shell:Creating environment hook '/home/armrs/drone_racing_ros2_ws/install/tello_msgs/share/tello_msgs/hook/ld_library_path_lib.sh'
[1.283s] Level 1:colcon.colcon_core.environment:checking '/home/armrs/drone_racing_ros2_ws/install/tello_msgs/bin'
[1.283s] Level 1:colcon.colcon_core.environment:checking '/home/armrs/drone_racing_ros2_ws/install/tello_msgs/lib/pkgconfig/tello_msgs.pc'
[1.284s] Level 1:colcon.colcon_core.environment:checking '/home/armrs/drone_racing_ros2_ws/install/tello_msgs/lib/python3.8/site-packages'
[1.284s] Level 1:colcon.colcon_core.shell:create_environment_hook('tello_msgs', 'pythonpath')
[1.284s] INFO:colcon.colcon_core.shell:Creating environment hook '/home/armrs/drone_racing_ros2_ws/install/tello_msgs/share/tello_msgs/hook/pythonpath.ps1'
[1.284s] INFO:colcon.colcon_core.shell:Creating environment descriptor '/home/armrs/drone_racing_ros2_ws/install/tello_msgs/share/tello_msgs/hook/pythonpath.dsv'
[1.285s] INFO:colcon.colcon_core.shell:Creating environment hook '/home/armrs/drone_racing_ros2_ws/install/tello_msgs/share/tello_msgs/hook/pythonpath.sh'
[1.285s] Level 1:colcon.colcon_core.environment:checking '/home/armrs/drone_racing_ros2_ws/install/tello_msgs/bin'
[1.286s] INFO:colcon.colcon_core.shell:Creating package script '/home/armrs/drone_racing_ros2_ws/install/tello_msgs/share/tello_msgs/package.ps1'
[1.286s] INFO:colcon.colcon_core.shell:Creating package descriptor '/home/armrs/drone_racing_ros2_ws/install/tello_msgs/share/tello_msgs/package.dsv'
[1.287s] INFO:colcon.colcon_core.shell:Creating package script '/home/armrs/drone_racing_ros2_ws/install/tello_msgs/share/tello_msgs/package.sh'
[1.288s] INFO:colcon.colcon_core.shell:Creating package script '/home/armrs/drone_racing_ros2_ws/install/tello_msgs/share/tello_msgs/package.bash'
[1.289s] INFO:colcon.colcon_core.shell:Creating package script '/home/armrs/drone_racing_ros2_ws/install/tello_msgs/share/tello_msgs/package.zsh'
[1.290s] Level 1:colcon.colcon_core.environment:create_file_with_runtime_dependencies(/home/armrs/drone_racing_ros2_ws/install/tello_msgs/share/colcon-core/packages/tello_msgs)
[1.290s] INFO:colcon.colcon_ros.task.ament_cmake.build:Building ROS package in '/home/armrs/drone_racing_ros2_ws/src/drone_racing_ros2/tello_ros/tello_driver' with build type 'ament_cmake'
[1.290s] INFO:colcon.colcon_cmake.task.cmake.build:Building CMake package in '/home/armrs/drone_racing_ros2_ws/src/drone_racing_ros2/tello_ros/tello_driver'
[1.291s] INFO:colcon.colcon_core.shell:Skip shell extension 'powershell' for command environment: Not usable outside of PowerShell
[1.291s] DEBUG:colcon.colcon_core.shell:Skip shell extension 'dsv' for command environment
[1.300s] INFO:colcon.colcon_ros.task.ament_cmake.build:Building ROS package in '/home/armrs/drone_racing_ros2_ws/src/drone_racing_ros2/tello_ros/tello_gazebo' with build type 'ament_cmake'
[1.301s] INFO:colcon.colcon_cmake.task.cmake.build:Building CMake package in '/home/armrs/drone_racing_ros2_ws/src/drone_racing_ros2/tello_ros/tello_gazebo'
[1.302s] INFO:colcon.colcon_core.shell:Skip shell extension 'powershell' for command environment: Not usable outside of PowerShell
[1.302s] DEBUG:colcon.colcon_core.shell:Skip shell extension 'dsv' for command environment
[1.320s] DEBUG:colcon.colcon_core.event_handler.log_command:Invoking command in '/home/armrs/drone_racing_ros2_ws/build/tello_driver': CMAKE_PREFIX_PATH=/home/armrs/drone_racing_ros2_ws/install/tello_msgs:/home/armrs/drone_racing_ros2_ws/install/ros2_shared:/home/armrs/drone_racing_ros2_ws/install/tello_gazebo:/home/armrs/drone_racing_ros2_ws/install/tello_driver:/home/armrs/drone_racing_ros2_ws/install/tello_description:/opt/ros/galactic LD_LIBRARY_PATH=/home/armrs/drone_racing_ros2_ws/install/tello_msgs/lib:/home/armrs/drone_racing_ros2_ws/install/tello_gazebo/lib:/home/armrs/drone_racing_ros2_ws/install/tello_driver/lib:/usr/lib/x86_64-linux-gnu/gazebo-11/plugins:/opt/ros/galactic/opt/yaml_cpp_vendor/lib:/opt/ros/galactic/opt/rviz_ogre_vendor/lib:/opt/ros/galactic/lib/x86_64-linux-gnu:/opt/ros/galactic/lib:/usr/lib/x86_64-linux-gnu/gazebo-11/plugins:/usr/lib/x86_64-linux-gnu/gazebo-11/plugins:/usr/lib/x86_64-linux-gnu/gazebo-11/plugins:/usr/lib/x86_64-linux-gnu/gazebo-11/plugins:/usr/lib/x86_64-linux-gnu/gazebo-11/plugins:/usr/lib/x86_64-linux-gnu/gazebo-11/plugins:/usr/lib/x86_64-linux-gnu/gazebo-11/plugins:/usr/lib/x86_64-linux-gnu/gazebo-11/plugins:/usr/lib/x86_64-linux-gnu/gazebo-11/plugins:/usr/lib/x86_64-linux-gnu/gazebo-11/plugins:/usr/lib/x86_64-linux-gnu/gazebo-11/plugins:/usr/lib/x86_64-linux-gnu/gazebo-11/plugins:/usr/lib/x86_64-linux-gnu/gazebo-11/plugins:/usr/lib/x86_64-linux-gnu/gazebo-11/plugins:/usr/lib/x86_64-linux-gnu/gazebo-11/plugins /usr/bin/cmake --build /home/armrs/drone_racing_ros2_ws/build/tello_driver -- -j4 -l4
[1.333s] DEBUG:colcon.colcon_core.event_handler.log_command:Invoking command in '/home/armrs/drone_racing_ros2_ws/build/tello_gazebo': CMAKE_PREFIX_PATH=/home/armrs/drone_racing_ros2_ws/install/tello_msgs:/home/armrs/drone_racing_ros2_ws/install/tello_gazebo:/home/armrs/drone_racing_ros2_ws/install/tello_driver:/home/armrs/drone_racing_ros2_ws/install/tello_description:/home/armrs/drone_racing_ros2_ws/install/ros2_shared:/opt/ros/galactic LD_LIBRARY_PATH=/home/armrs/drone_racing_ros2_ws/install/tello_msgs/lib:/home/armrs/drone_racing_ros2_ws/install/tello_gazebo/lib:/home/armrs/drone_racing_ros2_ws/install/tello_driver/lib:/usr/lib/x86_64-linux-gnu/gazebo-11/plugins:/opt/ros/galactic/opt/yaml_cpp_vendor/lib:/opt/ros/galactic/opt/rviz_ogre_vendor/lib:/opt/ros/galactic/lib/x86_64-linux-gnu:/opt/ros/galactic/lib:/usr/lib/x86_64-linux-gnu/gazebo-11/plugins:/usr/lib/x86_64-linux-gnu/gazebo-11/plugins:/usr/lib/x86_64-linux-gnu/gazebo-11/plugins:/usr/lib/x86_64-linux-gnu/gazebo-11/plugins:/usr/lib/x86_64-linux-gnu/gazebo-11/plugins:/usr/lib/x86_64-linux-gnu/gazebo-11/plugins:/usr/lib/x86_64-linux-gnu/gazebo-11/plugins:/usr/lib/x86_64-linux-gnu/gazebo-11/plugins:/usr/lib/x86_64-linux-gnu/gazebo-11/plugins:/usr/lib/x86_64-linux-gnu/gazebo-11/plugins:/usr/lib/x86_64-linux-gnu/gazebo-11/plugins:/usr/lib/x86_64-linux-gnu/gazebo-11/plugins:/usr/lib/x86_64-linux-gnu/gazebo-11/plugins:/usr/lib/x86_64-linux-gnu/gazebo-11/plugins:/usr/lib/x86_64-linux-gnu/gazebo-11/plugins /usr/bin/cmake --build /home/armrs/drone_racing_ros2_ws/build/tello_gazebo -- -j4 -l4
[1.492s] DEBUG:colcon.colcon_core.event_handler.log_command:Invoked command in '/home/armrs/drone_racing_ros2_ws/build/tello_driver' returned '0': CMAKE_PREFIX_PATH=/home/armrs/drone_racing_ros2_ws/install/tello_msgs:/home/armrs/drone_racing_ros2_ws/install/ros2_shared:/home/armrs/drone_racing_ros2_ws/install/tello_gazebo:/home/armrs/drone_racing_ros2_ws/install/tello_driver:/home/armrs/drone_racing_ros2_ws/install/tello_description:/opt/ros/galactic LD_LIBRARY_PATH=/home/armrs/drone_racing_ros2_ws/install/tello_msgs/lib:/home/armrs/drone_racing_ros2_ws/install/tello_gazebo/lib:/home/armrs/drone_racing_ros2_ws/install/tello_driver/lib:/usr/lib/x86_64-linux-gnu/gazebo-11/plugins:/opt/ros/galactic/opt/yaml_cpp_vendor/lib:/opt/ros/galactic/opt/rviz_ogre_vendor/lib:/opt/ros/galactic/lib/x86_64-linux-gnu:/opt/ros/galactic/lib:/usr/lib/x86_64-linux-gnu/gazebo-11/plugins:/usr/lib/x86_64-linux-gnu/gazebo-11/plugins:/usr/lib/x86_64-linux-gnu/gazebo-11/plugins:/usr/lib/x86_64-linux-gnu/gazebo-11/plugins:/usr/lib/x86_64-linux-gnu/gazebo-11/plugins:/usr/lib/x86_64-linux-gnu/gazebo-11/plugins:/usr/lib/x86_64-linux-gnu/gazebo-11/plugins:/usr/lib/x86_64-linux-gnu/gazebo-11/plugins:/usr/lib/x86_64-linux-gnu/gazebo-11/plugins:/usr/lib/x86_64-linux-gnu/gazebo-11/plugins:/usr/lib/x86_64-linux-gnu/gazebo-11/plugins:/usr/lib/x86_64-linux-gnu/gazebo-11/plugins:/usr/lib/x86_64-linux-gnu/gazebo-11/plugins:/usr/lib/x86_64-linux-gnu/gazebo-11/plugins:/usr/lib/x86_64-linux-gnu/gazebo-11/plugins /usr/bin/cmake --build /home/armrs/drone_racing_ros2_ws/build/tello_driver -- -j4 -l4
[1.497s] DEBUG:colcon.colcon_core.event_handler.log_command:Invoking command in '/home/armrs/drone_racing_ros2_ws/build/tello_driver': CMAKE_PREFIX_PATH=/home/armrs/drone_racing_ros2_ws/install/tello_msgs:/home/armrs/drone_racing_ros2_ws/install/ros2_shared:/home/armrs/drone_racing_ros2_ws/install/tello_gazebo:/home/armrs/drone_racing_ros2_ws/install/tello_driver:/home/armrs/drone_racing_ros2_ws/install/tello_description:/opt/ros/galactic LD_LIBRARY_PATH=/home/armrs/drone_racing_ros2_ws/install/tello_msgs/lib:/home/armrs/drone_racing_ros2_ws/install/tello_gazebo/lib:/home/armrs/drone_racing_ros2_ws/install/tello_driver/lib:/usr/lib/x86_64-linux-gnu/gazebo-11/plugins:/opt/ros/galactic/opt/yaml_cpp_vendor/lib:/opt/ros/galactic/opt/rviz_ogre_vendor/lib:/opt/ros/galactic/lib/x86_64-linux-gnu:/opt/ros/galactic/lib:/usr/lib/x86_64-linux-gnu/gazebo-11/plugins:/usr/lib/x86_64-linux-gnu/gazebo-11/plugins:/usr/lib/x86_64-linux-gnu/gazebo-11/plugins:/usr/lib/x86_64-linux-gnu/gazebo-11/plugins:/usr/lib/x86_64-linux-gnu/gazebo-11/plugins:/usr/lib/x86_64-linux-gnu/gazebo-11/plugins:/usr/lib/x86_64-linux-gnu/gazebo-11/plugins:/usr/lib/x86_64-linux-gnu/gazebo-11/plugins:/usr/lib/x86_64-linux-gnu/gazebo-11/plugins:/usr/lib/x86_64-linux-gnu/gazebo-11/plugins:/usr/lib/x86_64-linux-gnu/gazebo-11/plugins:/usr/lib/x86_64-linux-gnu/gazebo-11/plugins:/usr/lib/x86_64-linux-gnu/gazebo-11/plugins:/usr/lib/x86_64-linux-gnu/gazebo-11/plugins:/usr/lib/x86_64-linux-gnu/gazebo-11/plugins /usr/bin/cmake --install /home/armrs/drone_racing_ros2_ws/build/tello_driver
[1.502s] DEBUG:colcon.colcon_core.event_handler.log_command:Invoked command in '/home/armrs/drone_racing_ros2_ws/build/tello_gazebo' returned '0': CMAKE_PREFIX_PATH=/home/armrs/drone_racing_ros2_ws/install/tello_msgs:/home/armrs/drone_racing_ros2_ws/install/tello_gazebo:/home/armrs/drone_racing_ros2_ws/install/tello_driver:/home/armrs/drone_racing_ros2_ws/install/tello_description:/home/armrs/drone_racing_ros2_ws/install/ros2_shared:/opt/ros/galactic LD_LIBRARY_PATH=/home/armrs/drone_racing_ros2_ws/install/tello_msgs/lib:/home/armrs/drone_racing_ros2_ws/install/tello_gazebo/lib:/home/armrs/drone_racing_ros2_ws/install/tello_driver/lib:/usr/lib/x86_64-linux-gnu/gazebo-11/plugins:/opt/ros/galactic/opt/yaml_cpp_vendor/lib:/opt/ros/galactic/opt/rviz_ogre_vendor/lib:/opt/ros/galactic/lib/x86_64-linux-gnu:/opt/ros/galactic/lib:/usr/lib/x86_64-linux-gnu/gazebo-11/plugins:/usr/lib/x86_64-linux-gnu/gazebo-11/plugins:/usr/lib/x86_64-linux-gnu/gazebo-11/plugins:/usr/lib/x86_64-linux-gnu/gazebo-11/plugins:/usr/lib/x86_64-linux-gnu/gazebo-11/plugins:/usr/lib/x86_64-linux-gnu/gazebo-11/plugins:/usr/lib/x86_64-linux-gnu/gazebo-11/plugins:/usr/lib/x86_64-linux-gnu/gazebo-11/plugins:/usr/lib/x86_64-linux-gnu/gazebo-11/plugins:/usr/lib/x86_64-linux-gnu/gazebo-11/plugins:/usr/lib/x86_64-linux-gnu/gazebo-11/plugins:/usr/lib/x86_64-linux-gnu/gazebo-11/plugins:/usr/lib/x86_64-linux-gnu/gazebo-11/plugins:/usr/lib/x86_64-linux-gnu/gazebo-11/plugins:/usr/lib/x86_64-linux-gnu/gazebo-11/plugins /usr/bin/cmake --build /home/armrs/drone_racing_ros2_ws/build/tello_gazebo -- -j4 -l4
[1.508s] DEBUG:colcon.colcon_core.event_handler.log_command:Invoking command in '/home/armrs/drone_racing_ros2_ws/build/tello_gazebo': CMAKE_PREFIX_PATH=/home/armrs/drone_racing_ros2_ws/install/tello_msgs:/home/armrs/drone_racing_ros2_ws/install/tello_gazebo:/home/armrs/drone_racing_ros2_ws/install/tello_driver:/home/armrs/drone_racing_ros2_ws/install/tello_description:/home/armrs/drone_racing_ros2_ws/install/ros2_shared:/opt/ros/galactic LD_LIBRARY_PATH=/home/armrs/drone_racing_ros2_ws/install/tello_msgs/lib:/home/armrs/drone_racing_ros2_ws/install/tello_gazebo/lib:/home/armrs/drone_racing_ros2_ws/install/tello_driver/lib:/usr/lib/x86_64-linux-gnu/gazebo-11/plugins:/opt/ros/galactic/opt/yaml_cpp_vendor/lib:/opt/ros/galactic/opt/rviz_ogre_vendor/lib:/opt/ros/galactic/lib/x86_64-linux-gnu:/opt/ros/galactic/lib:/usr/lib/x86_64-linux-gnu/gazebo-11/plugins:/usr/lib/x86_64-linux-gnu/gazebo-11/plugins:/usr/lib/x86_64-linux-gnu/gazebo-11/plugins:/usr/lib/x86_64-linux-gnu/gazebo-11/plugins:/usr/lib/x86_64-linux-gnu/gazebo-11/plugins:/usr/lib/x86_64-linux-gnu/gazebo-11/plugins:/usr/lib/x86_64-linux-gnu/gazebo-11/plugins:/usr/lib/x86_64-linux-gnu/gazebo-11/plugins:/usr/lib/x86_64-linux-gnu/gazebo-11/plugins:/usr/lib/x86_64-linux-gnu/gazebo-11/plugins:/usr/lib/x86_64-linux-gnu/gazebo-11/plugins:/usr/lib/x86_64-linux-gnu/gazebo-11/plugins:/usr/lib/x86_64-linux-gnu/gazebo-11/plugins:/usr/lib/x86_64-linux-gnu/gazebo-11/plugins:/usr/lib/x86_64-linux-gnu/gazebo-11/plugins /usr/bin/cmake --install /home/armrs/drone_racing_ros2_ws/build/tello_gazebo
[1.517s] Level 1:colcon.colcon_core.environment:create_environment_scripts_only(tello_driver)
[1.518s] Level 1:colcon.colcon_core.environment:checking '/home/armrs/drone_racing_ros2_ws/install/tello_driver' for CMake module files
[1.519s] DEBUG:colcon.colcon_core.event_handler.log_command:Invoked command in '/home/armrs/drone_racing_ros2_ws/build/tello_driver' returned '0': CMAKE_PREFIX_PATH=/home/armrs/drone_racing_ros2_ws/install/tello_msgs:/home/armrs/drone_racing_ros2_ws/install/ros2_shared:/home/armrs/drone_racing_ros2_ws/install/tello_gazebo:/home/armrs/drone_racing_ros2_ws/install/tello_driver:/home/armrs/drone_racing_ros2_ws/install/tello_description:/opt/ros/galactic LD_LIBRARY_PATH=/home/armrs/drone_racing_ros2_ws/install/tello_msgs/lib:/home/armrs/drone_racing_ros2_ws/install/tello_gazebo/lib:/home/armrs/drone_racing_ros2_ws/install/tello_driver/lib:/usr/lib/x86_64-linux-gnu/gazebo-11/plugins:/opt/ros/galactic/opt/yaml_cpp_vendor/lib:/opt/ros/galactic/opt/rviz_ogre_vendor/lib:/opt/ros/galactic/lib/x86_64-linux-gnu:/opt/ros/galactic/lib:/usr/lib/x86_64-linux-gnu/gazebo-11/plugins:/usr/lib/x86_64-linux-gnu/gazebo-11/plugins:/usr/lib/x86_64-linux-gnu/gazebo-11/plugins:/usr/lib/x86_64-linux-gnu/gazebo-11/plugins:/usr/lib/x86_64-linux-gnu/gazebo-11/plugins:/usr/lib/x86_64-linux-gnu/gazebo-11/plugins:/usr/lib/x86_64-linux-gnu/gazebo-11/plugins:/usr/lib/x86_64-linux-gnu/gazebo-11/plugins:/usr/lib/x86_64-linux-gnu/gazebo-11/plugins:/usr/lib/x86_64-linux-gnu/gazebo-11/plugins:/usr/lib/x86_64-linux-gnu/gazebo-11/plugins:/usr/lib/x86_64-linux-gnu/gazebo-11/plugins:/usr/lib/x86_64-linux-gnu/gazebo-11/plugins:/usr/lib/x86_64-linux-gnu/gazebo-11/plugins:/usr/lib/x86_64-linux-gnu/gazebo-11/plugins /usr/bin/cmake --install /home/armrs/drone_racing_ros2_ws/build/tello_driver
[1.520s] Level 1:colcon.colcon_core.environment:checking '/home/armrs/drone_racing_ros2_ws/install/tello_driver' for CMake config files
[1.520s] Level 1:colcon.colcon_core.shell:create_environment_hook('tello_driver', 'cmake_prefix_path')
[1.521s] INFO:colcon.colcon_core.shell:Creating environment hook '/home/armrs/drone_racing_ros2_ws/install/tello_driver/share/tello_driver/hook/cmake_prefix_path.ps1'
[1.522s] INFO:colcon.colcon_core.shell:Creating environment descriptor '/home/armrs/drone_racing_ros2_ws/install/tello_driver/share/tello_driver/hook/cmake_prefix_path.dsv'
[1.524s] INFO:colcon.colcon_core.shell:Creating environment hook '/home/armrs/drone_racing_ros2_ws/install/tello_driver/share/tello_driver/hook/cmake_prefix_path.sh'
[1.526s] Level 1:colcon.colcon_core.environment:checking '/home/armrs/drone_racing_ros2_ws/install/tello_driver/lib'
[1.527s] Level 1:colcon.colcon_core.shell:create_environment_hook('tello_driver', 'ld_library_path_lib')
[1.528s] INFO:colcon.colcon_core.shell:Creating environment hook '/home/armrs/drone_racing_ros2_ws/install/tello_driver/share/tello_driver/hook/ld_library_path_lib.ps1'
[1.529s] INFO:colcon.colcon_core.shell:Creating environment descriptor '/home/armrs/drone_racing_ros2_ws/install/tello_driver/share/tello_driver/hook/ld_library_path_lib.dsv'
[1.530s] INFO:colcon.colcon_core.shell:Creating environment hook '/home/armrs/drone_racing_ros2_ws/install/tello_driver/share/tello_driver/hook/ld_library_path_lib.sh'
[1.531s] Level 1:colcon.colcon_core.environment:checking '/home/armrs/drone_racing_ros2_ws/install/tello_driver/bin'
[1.532s] Level 1:colcon.colcon_core.environment:checking '/home/armrs/drone_racing_ros2_ws/install/tello_driver/lib/pkgconfig/tello_driver.pc'
[1.532s] Level 1:colcon.colcon_core.environment:checking '/home/armrs/drone_racing_ros2_ws/install/tello_driver/lib/python3.8/site-packages'
[1.533s] Level 1:colcon.colcon_core.environment:checking '/home/armrs/drone_racing_ros2_ws/install/tello_driver/bin'
[1.533s] INFO:colcon.colcon_core.shell:Creating package script '/home/armrs/drone_racing_ros2_ws/install/tello_driver/share/tello_driver/package.ps1'
[1.534s] INFO:colcon.colcon_core.shell:Creating package descriptor '/home/armrs/drone_racing_ros2_ws/install/tello_driver/share/tello_driver/package.dsv'
[1.536s] INFO:colcon.colcon_core.shell:Creating package script '/home/armrs/drone_racing_ros2_ws/install/tello_driver/share/tello_driver/package.sh'
[1.537s] INFO:colcon.colcon_core.shell:Creating package script '/home/armrs/drone_racing_ros2_ws/install/tello_driver/share/tello_driver/package.bash'
[1.538s] INFO:colcon.colcon_core.shell:Creating package script '/home/armrs/drone_racing_ros2_ws/install/tello_driver/share/tello_driver/package.zsh'
[1.540s] Level 1:colcon.colcon_core.environment:create_file_with_runtime_dependencies(/home/armrs/drone_racing_ros2_ws/install/tello_driver/share/colcon-core/packages/tello_driver)
[1.541s] Level 1:colcon.colcon_core.environment:create_environment_scripts_only(tello_driver)
[1.542s] Level 1:colcon.colcon_core.environment:checking '/home/armrs/drone_racing_ros2_ws/install/tello_driver' for CMake module files
[1.545s] Level 1:colcon.colcon_core.environment:checking '/home/armrs/drone_racing_ros2_ws/install/tello_driver' for CMake config files
[1.550s] Level 1:colcon.colcon_core.shell:create_environment_hook('tello_driver', 'cmake_prefix_path')
[1.550s] INFO:colcon.colcon_core.shell:Creating environment hook '/home/armrs/drone_racing_ros2_ws/install/tello_driver/share/tello_driver/hook/cmake_prefix_path.ps1'
[1.552s] INFO:colcon.colcon_core.shell:Creating environment descriptor '/home/armrs/drone_racing_ros2_ws/install/tello_driver/share/tello_driver/hook/cmake_prefix_path.dsv'
[1.552s] INFO:colcon.colcon_core.shell:Creating environment hook '/home/armrs/drone_racing_ros2_ws/install/tello_driver/share/tello_driver/hook/cmake_prefix_path.sh'
[1.553s] Level 1:colcon.colcon_core.environment:checking '/home/armrs/drone_racing_ros2_ws/install/tello_driver/lib'
[1.553s] Level 1:colcon.colcon_core.shell:create_environment_hook('tello_driver', 'ld_library_path_lib')
[1.553s] INFO:colcon.colcon_core.shell:Creating environment hook '/home/armrs/drone_racing_ros2_ws/install/tello_driver/share/tello_driver/hook/ld_library_path_lib.ps1'
[1.554s] INFO:colcon.colcon_core.shell:Creating environment descriptor '/home/armrs/drone_racing_ros2_ws/install/tello_driver/share/tello_driver/hook/ld_library_path_lib.dsv'
[1.554s] INFO:colcon.colcon_core.shell:Creating environment hook '/home/armrs/drone_racing_ros2_ws/install/tello_driver/share/tello_driver/hook/ld_library_path_lib.sh'
[1.555s] Level 1:colcon.colcon_core.environment:checking '/home/armrs/drone_racing_ros2_ws/install/tello_driver/bin'
[1.555s] Level 1:colcon.colcon_core.environment:checking '/home/armrs/drone_racing_ros2_ws/install/tello_driver/lib/pkgconfig/tello_driver.pc'
[1.555s] Level 1:colcon.colcon_core.environment:checking '/home/armrs/drone_racing_ros2_ws/install/tello_driver/lib/python3.8/site-packages'
[1.555s] Level 1:colcon.colcon_core.environment:checking '/home/armrs/drone_racing_ros2_ws/install/tello_driver/bin'
[1.556s] INFO:colcon.colcon_core.shell:Creating package script '/home/armrs/drone_racing_ros2_ws/install/tello_driver/share/tello_driver/package.ps1'
[1.556s] INFO:colcon.colcon_core.shell:Creating package descriptor '/home/armrs/drone_racing_ros2_ws/install/tello_driver/share/tello_driver/package.dsv'
[1.557s] INFO:colcon.colcon_core.shell:Creating package script '/home/armrs/drone_racing_ros2_ws/install/tello_driver/share/tello_driver/package.sh'
[1.557s] INFO:colcon.colcon_core.shell:Creating package script '/home/armrs/drone_racing_ros2_ws/install/tello_driver/share/tello_driver/package.bash'
[1.558s] INFO:colcon.colcon_core.shell:Creating package script '/home/armrs/drone_racing_ros2_ws/install/tello_driver/share/tello_driver/package.zsh'
[1.558s] Level 1:colcon.colcon_core.environment:create_file_with_runtime_dependencies(/home/armrs/drone_racing_ros2_ws/install/tello_driver/share/colcon-core/packages/tello_driver)
[1.560s] Level 1:colcon.colcon_core.environment:create_environment_scripts_only(tello_gazebo)
[1.561s] Level 1:colcon.colcon_core.environment:checking '/home/armrs/drone_racing_ros2_ws/install/tello_gazebo' for CMake module files
[1.562s] DEBUG:colcon.colcon_core.event_handler.log_command:Invoked command in '/home/armrs/drone_racing_ros2_ws/build/tello_gazebo' returned '0': CMAKE_PREFIX_PATH=/home/armrs/drone_racing_ros2_ws/install/tello_msgs:/home/armrs/drone_racing_ros2_ws/install/tello_gazebo:/home/armrs/drone_racing_ros2_ws/install/tello_driver:/home/armrs/drone_racing_ros2_ws/install/tello_description:/home/armrs/drone_racing_ros2_ws/install/ros2_shared:/opt/ros/galactic LD_LIBRARY_PATH=/home/armrs/drone_racing_ros2_ws/install/tello_msgs/lib:/home/armrs/drone_racing_ros2_ws/install/tello_gazebo/lib:/home/armrs/drone_racing_ros2_ws/install/tello_driver/lib:/usr/lib/x86_64-linux-gnu/gazebo-11/plugins:/opt/ros/galactic/opt/yaml_cpp_vendor/lib:/opt/ros/galactic/opt/rviz_ogre_vendor/lib:/opt/ros/galactic/lib/x86_64-linux-gnu:/opt/ros/galactic/lib:/usr/lib/x86_64-linux-gnu/gazebo-11/plugins:/usr/lib/x86_64-linux-gnu/gazebo-11/plugins:/usr/lib/x86_64-linux-gnu/gazebo-11/plugins:/usr/lib/x86_64-linux-gnu/gazebo-11/plugins:/usr/lib/x86_64-linux-gnu/gazebo-11/plugins:/usr/lib/x86_64-linux-gnu/gazebo-11/plugins:/usr/lib/x86_64-linux-gnu/gazebo-11/plugins:/usr/lib/x86_64-linux-gnu/gazebo-11/plugins:/usr/lib/x86_64-linux-gnu/gazebo-11/plugins:/usr/lib/x86_64-linux-gnu/gazebo-11/plugins:/usr/lib/x86_64-linux-gnu/gazebo-11/plugins:/usr/lib/x86_64-linux-gnu/gazebo-11/plugins:/usr/lib/x86_64-linux-gnu/gazebo-11/plugins:/usr/lib/x86_64-linux-gnu/gazebo-11/plugins:/usr/lib/x86_64-linux-gnu/gazebo-11/plugins /usr/bin/cmake --install /home/armrs/drone_racing_ros2_ws/build/tello_gazebo
[1.562s] Level 1:colcon.colcon_core.environment:checking '/home/armrs/drone_racing_ros2_ws/install/tello_gazebo' for CMake config files
[1.563s] Level 1:colcon.colcon_core.shell:create_environment_hook('tello_gazebo', 'cmake_prefix_path')
[1.564s] INFO:colcon.colcon_core.shell:Creating environment hook '/home/armrs/drone_racing_ros2_ws/install/tello_gazebo/share/tello_gazebo/hook/cmake_prefix_path.ps1'
[1.564s] INFO:colcon.colcon_core.shell:Creating environment descriptor '/home/armrs/drone_racing_ros2_ws/install/tello_gazebo/share/tello_gazebo/hook/cmake_prefix_path.dsv'
[1.565s] INFO:colcon.colcon_core.shell:Creating environment hook '/home/armrs/drone_racing_ros2_ws/install/tello_gazebo/share/tello_gazebo/hook/cmake_prefix_path.sh'
[1.565s] Level 1:colcon.colcon_core.environment:checking '/home/armrs/drone_racing_ros2_ws/install/tello_gazebo/lib'
[1.566s] Level 1:colcon.colcon_core.shell:create_environment_hook('tello_gazebo', 'ld_library_path_lib')
[1.566s] INFO:colcon.colcon_core.shell:Creating environment hook '/home/armrs/drone_racing_ros2_ws/install/tello_gazebo/share/tello_gazebo/hook/ld_library_path_lib.ps1'
[1.567s] INFO:colcon.colcon_core.shell:Creating environment descriptor '/home/armrs/drone_racing_ros2_ws/install/tello_gazebo/share/tello_gazebo/hook/ld_library_path_lib.dsv'
[1.567s] INFO:colcon.colcon_core.shell:Creating environment hook '/home/armrs/drone_racing_ros2_ws/install/tello_gazebo/share/tello_gazebo/hook/ld_library_path_lib.sh'
[1.568s] Level 1:colcon.colcon_core.environment:checking '/home/armrs/drone_racing_ros2_ws/install/tello_gazebo/bin'
[1.568s] Level 1:colcon.colcon_core.environment:checking '/home/armrs/drone_racing_ros2_ws/install/tello_gazebo/lib/pkgconfig/tello_gazebo.pc'
[1.568s] Level 1:colcon.colcon_core.environment:checking '/home/armrs/drone_racing_ros2_ws/install/tello_gazebo/lib/python3.8/site-packages'
[1.568s] Level 1:colcon.colcon_core.environment:checking '/home/armrs/drone_racing_ros2_ws/install/tello_gazebo/bin'
[1.569s] INFO:colcon.colcon_core.shell:Creating package script '/home/armrs/drone_racing_ros2_ws/install/tello_gazebo/share/tello_gazebo/package.ps1'
[1.569s] INFO:colcon.colcon_core.shell:Creating package descriptor '/home/armrs/drone_racing_ros2_ws/install/tello_gazebo/share/tello_gazebo/package.dsv'
[1.570s] INFO:colcon.colcon_core.shell:Creating package script '/home/armrs/drone_racing_ros2_ws/install/tello_gazebo/share/tello_gazebo/package.sh'
[1.570s] INFO:colcon.colcon_core.shell:Creating package script '/home/armrs/drone_racing_ros2_ws/install/tello_gazebo/share/tello_gazebo/package.bash'
[1.571s] INFO:colcon.colcon_core.shell:Creating package script '/home/armrs/drone_racing_ros2_ws/install/tello_gazebo/share/tello_gazebo/package.zsh'
[1.572s] Level 1:colcon.colcon_core.environment:create_file_with_runtime_dependencies(/home/armrs/drone_racing_ros2_ws/install/tello_gazebo/share/colcon-core/packages/tello_gazebo)
[1.573s] Level 1:colcon.colcon_core.environment:create_environment_scripts_only(tello_gazebo)
[1.573s] Level 1:colcon.colcon_core.environment:checking '/home/armrs/drone_racing_ros2_ws/install/tello_gazebo' for CMake module files
[1.574s] Level 1:colcon.colcon_core.environment:checking '/home/armrs/drone_racing_ros2_ws/install/tello_gazebo' for CMake config files
[1.575s] Level 1:colcon.colcon_core.shell:create_environment_hook('tello_gazebo', 'cmake_prefix_path')
[1.576s] INFO:colcon.colcon_core.shell:Creating environment hook '/home/armrs/drone_racing_ros2_ws/install/tello_gazebo/share/tello_gazebo/hook/cmake_prefix_path.ps1'
[1.577s] INFO:colcon.colcon_core.shell:Creating environment descriptor '/home/armrs/drone_racing_ros2_ws/install/tello_gazebo/share/tello_gazebo/hook/cmake_prefix_path.dsv'
[1.577s] INFO:colcon.colcon_core.shell:Creating environment hook '/home/armrs/drone_racing_ros2_ws/install/tello_gazebo/share/tello_gazebo/hook/cmake_prefix_path.sh'
[1.578s] Level 1:colcon.colcon_core.environment:checking '/home/armrs/drone_racing_ros2_ws/install/tello_gazebo/lib'
[1.578s] Level 1:colcon.colcon_core.shell:create_environment_hook('tello_gazebo', 'ld_library_path_lib')
[1.579s] INFO:colcon.colcon_core.shell:Creating environment hook '/home/armrs/drone_racing_ros2_ws/install/tello_gazebo/share/tello_gazebo/hook/ld_library_path_lib.ps1'
[1.579s] INFO:colcon.colcon_core.shell:Creating environment descriptor '/home/armrs/drone_racing_ros2_ws/install/tello_gazebo/share/tello_gazebo/hook/ld_library_path_lib.dsv'
[1.580s] INFO:colcon.colcon_core.shell:Creating environment hook '/home/armrs/drone_racing_ros2_ws/install/tello_gazebo/share/tello_gazebo/hook/ld_library_path_lib.sh'
[1.580s] Level 1:colcon.colcon_core.environment:checking '/home/armrs/drone_racing_ros2_ws/install/tello_gazebo/bin'
[1.580s] Level 1:colcon.colcon_core.environment:checking '/home/armrs/drone_racing_ros2_ws/install/tello_gazebo/lib/pkgconfig/tello_gazebo.pc'
[1.581s] Level 1:colcon.colcon_core.environment:checking '/home/armrs/drone_racing_ros2_ws/install/tello_gazebo/lib/python3.8/site-packages'
[1.581s] Level 1:colcon.colcon_core.environment:checking '/home/armrs/drone_racing_ros2_ws/install/tello_gazebo/bin'
[1.581s] INFO:colcon.colcon_core.shell:Creating package script '/home/armrs/drone_racing_ros2_ws/install/tello_gazebo/share/tello_gazebo/package.ps1'
[1.582s] INFO:colcon.colcon_core.shell:Creating package descriptor '/home/armrs/drone_racing_ros2_ws/install/tello_gazebo/share/tello_gazebo/package.dsv'
[1.583s] INFO:colcon.colcon_core.shell:Creating package script '/home/armrs/drone_racing_ros2_ws/install/tello_gazebo/share/tello_gazebo/package.sh'
[1.583s] INFO:colcon.colcon_core.shell:Creating package script '/home/armrs/drone_racing_ros2_ws/install/tello_gazebo/share/tello_gazebo/package.bash'
[1.584s] INFO:colcon.colcon_core.shell:Creating package script '/home/armrs/drone_racing_ros2_ws/install/tello_gazebo/share/tello_gazebo/package.zsh'
[1.584s] Level 1:colcon.colcon_core.environment:create_file_with_runtime_dependencies(/home/armrs/drone_racing_ros2_ws/install/tello_gazebo/share/colcon-core/packages/tello_gazebo)
[1.585s] DEBUG:colcon.colcon_parallel_executor.executor.parallel:closing loop
[1.585s] DEBUG:colcon.colcon_parallel_executor.executor.parallel:loop closed
[1.586s] DEBUG:colcon.colcon_parallel_executor.executor.parallel:run_until_complete finished with '0'
[1.586s] DEBUG:colcon.colcon_core.event_reactor:joining thread
[1.593s] INFO:colcon.colcon_core.plugin_system:Skipping extension 'colcon_notification.desktop_notification.terminal_notifier': Not used on non-Darwin systems
[1.594s] INFO:colcon.colcon_core.plugin_system:Skipping extension 'colcon_notification.desktop_notification.win32': Not used on non-Windows systems
[1.594s] INFO:colcon.colcon_notification.desktop_notification:Sending desktop notification using 'notify2'
[1.609s] DEBUG:colcon.colcon_core.event_reactor:joined thread
[1.610s] INFO:colcon.colcon_core.shell:Creating prefix script '/home/armrs/drone_racing_ros2_ws/install/local_setup.ps1'
[1.611s] INFO:colcon.colcon_core.shell:Creating prefix util module '/home/armrs/drone_racing_ros2_ws/install/_local_setup_util_ps1.py'
[1.613s] INFO:colcon.colcon_core.shell:Creating prefix chain script '/home/armrs/drone_racing_ros2_ws/install/setup.ps1'
[1.616s] INFO:colcon.colcon_core.shell:Creating prefix script '/home/armrs/drone_racing_ros2_ws/install/local_setup.sh'
[1.617s] INFO:colcon.colcon_core.shell:Creating prefix util module '/home/armrs/drone_racing_ros2_ws/install/_local_setup_util_sh.py'
[1.618s] INFO:colcon.colcon_core.shell:Creating prefix chain script '/home/armrs/drone_racing_ros2_ws/install/setup.sh'
[1.620s] INFO:colcon.colcon_core.shell:Creating prefix script '/home/armrs/drone_racing_ros2_ws/install/local_setup.bash'
[1.621s] INFO:colcon.colcon_core.shell:Creating prefix chain script '/home/armrs/drone_racing_ros2_ws/install/setup.bash'
[1.623s] INFO:colcon.colcon_core.shell:Creating prefix script '/home/armrs/drone_racing_ros2_ws/install/local_setup.zsh'
[1.623s] INFO:colcon.colcon_core.shell:Creating prefix chain script '/home/armrs/drone_racing_ros2_ws/install/setup.zsh'
