[0.026s] Invoking command in '/home/armrs/drone_racing_ros2_ws/build/tello_gazebo': AMENT_PREFIX_PATH=/home/armrs/drone_racing_ros2_ws/install/tello_msgs:${AMENT_PREFIX_PATH} CMAKE_PREFIX_PATH=/home/armrs/drone_racing_ros2_ws/install/tello_msgs:/opt/ros/galactic LD_LIBRARY_PATH=/home/armrs/drone_racing_ros2_ws/install/tello_msgs/lib:${LD_LIBRARY_PATH} PYTHONPATH=/home/armrs/drone_racing_ros2_ws/install/tello_msgs/lib/python3.8/site-packages:${PYTHONPATH} /usr/bin/cmake --build /home/armrs/drone_racing_ros2_ws/build/tello_gazebo -- -j4 -l4
[0.194s] [100%] Built target TelloPlugin
[0.210s] Invoked command in '/home/armrs/drone_racing_ros2_ws/build/tello_gazebo' returned '0': AMENT_PREFIX_PATH=/home/armrs/drone_racing_ros2_ws/install/tello_msgs:${AMENT_PREFIX_PATH} CMAKE_PREFIX_PATH=/home/armrs/drone_racing_ros2_ws/install/tello_msgs:/opt/ros/galactic LD_LIBRARY_PATH=/home/armrs/drone_racing_ros2_ws/install/tello_msgs/lib:${LD_LIBRARY_PATH} PYTHONPATH=/home/armrs/drone_racing_ros2_ws/install/tello_msgs/lib/python3.8/site-packages:${PYTHONPATH} /usr/bin/cmake --build /home/armrs/drone_racing_ros2_ws/build/tello_gazebo -- -j4 -l4
[0.213s] Invoking command in '/home/armrs/drone_racing_ros2_ws/build/tello_gazebo': AMENT_PREFIX_PATH=/home/armrs/drone_racing_ros2_ws/install/tello_msgs:${AMENT_PREFIX_PATH} CMAKE_PREFIX_PATH=/home/armrs/drone_racing_ros2_ws/install/tello_msgs:/opt/ros/galactic LD_LIBRARY_PATH=/home/armrs/drone_racing_ros2_ws/install/tello_msgs/lib:${LD_LIBRARY_PATH} PYTHONPATH=/home/armrs/drone_racing_ros2_ws/install/tello_msgs/lib/python3.8/site-packages:${PYTHONPATH} /usr/bin/cmake --install /home/armrs/drone_racing_ros2_ws/build/tello_gazebo
[0.230s] -- Install configuration: ""
[0.231s] -- Up-to-date: /home/armrs/drone_racing_ros2_ws/install/tello_gazebo/lib/libTelloPlugin.so
[0.231s] -- Up-to-date: /home/armrs/drone_racing_ros2_ws/install/tello_gazebo/share/tello_gazebo/models
[0.232s] -- Up-to-date: /home/armrs/drone_racing_ros2_ws/install/tello_gazebo/share/tello_gazebo/models/square_gate_blue
[0.232s] -- Up-to-date: /home/armrs/drone_racing_ros2_ws/install/tello_gazebo/share/tello_gazebo/models/square_gate_blue/square_gate.dae
[0.232s] -- Up-to-date: /home/armrs/drone_racing_ros2_ws/install/tello_gazebo/share/tello_gazebo/models/square_gate_blue/model.config
[0.233s] -- Up-to-date: /home/armrs/drone_racing_ros2_ws/install/tello_gazebo/share/tello_gazebo/models/square_gate_blue/model.sdf
[0.233s] -- Up-to-date: /home/armrs/drone_racing_ros2_ws/install/tello_gazebo/share/tello_gazebo/models/square_gate_green_tall
[0.233s] -- Up-to-date: /home/armrs/drone_racing_ros2_ws/install/tello_gazebo/share/tello_gazebo/models/square_gate_green_tall/model.config
[0.233s] -- Up-to-date: /home/armrs/drone_racing_ros2_ws/install/tello_gazebo/share/tello_gazebo/models/square_gate_green_tall/model.sdf
[0.233s] -- Up-to-date: /home/armrs/drone_racing_ros2_ws/install/tello_gazebo/share/tello_gazebo/models/square_gate_green_tall/square_gate_tall.dae
[0.234s] -- Up-to-date: /home/armrs/drone_racing_ros2_ws/install/tello_gazebo/share/tello_gazebo/models/euro_pallet
[0.234s] -- Up-to-date: /home/armrs/drone_racing_ros2_ws/install/tello_gazebo/share/tello_gazebo/models/euro_pallet/meshes
[0.234s] -- Up-to-date: /home/armrs/drone_racing_ros2_ws/install/tello_gazebo/share/tello_gazebo/models/euro_pallet/meshes/pallet.dae
[0.234s] -- Up-to-date: /home/armrs/drone_racing_ros2_ws/install/tello_gazebo/share/tello_gazebo/models/euro_pallet/model.config
[0.234s] -- Up-to-date: /home/armrs/drone_racing_ros2_ws/install/tello_gazebo/share/tello_gazebo/models/euro_pallet/model.sdf
[0.234s] -- Up-to-date: /home/armrs/drone_racing_ros2_ws/install/tello_gazebo/share/tello_gazebo/models/square_gate_green_short
[0.235s] -- Up-to-date: /home/armrs/drone_racing_ros2_ws/install/tello_gazebo/share/tello_gazebo/models/square_gate_green_short/square_gate_short.dae
[0.235s] -- Up-to-date: /home/armrs/drone_racing_ros2_ws/install/tello_gazebo/share/tello_gazebo/models/square_gate_green_short/model.config
[0.235s] -- Up-to-date: /home/armrs/drone_racing_ros2_ws/install/tello_gazebo/share/tello_gazebo/models/square_gate_green_short/model.sdf
[0.235s] -- Up-to-date: /home/armrs/drone_racing_ros2_ws/install/tello_gazebo/share/tello_gazebo/models/circle_gate_blue
[0.235s] -- Up-to-date: /home/armrs/drone_racing_ros2_ws/install/tello_gazebo/share/tello_gazebo/models/circle_gate_blue/circle_gate.dae
[0.235s] -- Up-to-date: /home/armrs/drone_racing_ros2_ws/install/tello_gazebo/share/tello_gazebo/models/circle_gate_blue/model.config
[0.236s] -- Up-to-date: /home/armrs/drone_racing_ros2_ws/install/tello_gazebo/share/tello_gazebo/models/circle_gate_blue/model.sdf
[0.236s] -- Up-to-date: /home/armrs/drone_racing_ros2_ws/install/tello_gazebo/share/tello_gazebo/models/circle_gate_green
[0.236s] -- Up-to-date: /home/armrs/drone_racing_ros2_ws/install/tello_gazebo/share/tello_gazebo/models/circle_gate_green/circle_gate.dae
[0.236s] -- Up-to-date: /home/armrs/drone_racing_ros2_ws/install/tello_gazebo/share/tello_gazebo/models/circle_gate_green/model.config
[0.236s] -- Up-to-date: /home/armrs/drone_racing_ros2_ws/install/tello_gazebo/share/tello_gazebo/models/circle_gate_green/model.sdf
[0.236s] -- Up-to-date: /home/armrs/drone_racing_ros2_ws/install/tello_gazebo/share/tello_gazebo/models/stop_sign
[0.237s] -- Up-to-date: /home/armrs/drone_racing_ros2_ws/install/tello_gazebo/share/tello_gazebo/models/stop_sign/meshes
[0.237s] -- Up-to-date: /home/armrs/drone_racing_ros2_ws/install/tello_gazebo/share/tello_gazebo/models/stop_sign/meshes/stop_sign.dae
[0.237s] -- Up-to-date: /home/armrs/drone_racing_ros2_ws/install/tello_gazebo/share/tello_gazebo/models/stop_sign/model-1_3.sdf
[0.237s] -- Up-to-date: /home/armrs/drone_racing_ros2_ws/install/tello_gazebo/share/tello_gazebo/models/stop_sign/materials
[0.237s] -- Up-to-date: /home/armrs/drone_racing_ros2_ws/install/tello_gazebo/share/tello_gazebo/models/stop_sign/materials/scripts
[0.237s] -- Up-to-date: /home/armrs/drone_racing_ros2_ws/install/tello_gazebo/share/tello_gazebo/models/stop_sign/materials/scripts/stopsign.material
[0.237s] -- Up-to-date: /home/armrs/drone_racing_ros2_ws/install/tello_gazebo/share/tello_gazebo/models/stop_sign/materials/textures
[0.238s] -- Up-to-date: /home/armrs/drone_racing_ros2_ws/install/tello_gazebo/share/tello_gazebo/models/stop_sign/materials/textures/StopSign_Spec.png
[0.238s] -- Up-to-date: /home/armrs/drone_racing_ros2_ws/install/tello_gazebo/share/tello_gazebo/models/stop_sign/materials/textures/StopSign_Diffuse.png
[0.239s] -- Up-to-date: /home/armrs/drone_racing_ros2_ws/install/tello_gazebo/share/tello_gazebo/models/stop_sign/model.config
[0.239s] -- Up-to-date: /home/armrs/drone_racing_ros2_ws/install/tello_gazebo/share/tello_gazebo/models/stop_sign/model.sdf
[0.239s] -- Up-to-date: /home/armrs/drone_racing_ros2_ws/install/tello_gazebo/share/tello_gazebo/models/stop_sign/model-1_4.sdf
[0.239s] -- Up-to-date: /home/armrs/drone_racing_ros2_ws/install/tello_gazebo/share/tello_gazebo/models/circle_gate_green_short
[0.240s] -- Up-to-date: /home/armrs/drone_racing_ros2_ws/install/tello_gazebo/share/tello_gazebo/models/circle_gate_green_short/circle_gate_short.dae
[0.240s] -- Up-to-date: /home/armrs/drone_racing_ros2_ws/install/tello_gazebo/share/tello_gazebo/models/circle_gate_green_short/model.config
[0.240s] -- Up-to-date: /home/armrs/drone_racing_ros2_ws/install/tello_gazebo/share/tello_gazebo/models/circle_gate_green_short/model.sdf
[0.241s] -- Up-to-date: /home/armrs/drone_racing_ros2_ws/install/tello_gazebo/share/tello_gazebo/models/square_gate_red
[0.241s] -- Up-to-date: /home/armrs/drone_racing_ros2_ws/install/tello_gazebo/share/tello_gazebo/models/square_gate_red/square_gate.dae
[0.241s] -- Up-to-date: /home/armrs/drone_racing_ros2_ws/install/tello_gazebo/share/tello_gazebo/models/square_gate_red/model.config
[0.241s] -- Up-to-date: /home/armrs/drone_racing_ros2_ws/install/tello_gazebo/share/tello_gazebo/models/square_gate_red/model.sdf
[0.241s] -- Up-to-date: /home/armrs/drone_racing_ros2_ws/install/tello_gazebo/share/tello_gazebo/models/circle_gate_green_tall
[0.243s] -- Up-to-date: /home/armrs/drone_racing_ros2_ws/install/tello_gazebo/share/tello_gazebo/models/circle_gate_green_tall/circle_gate_tall.dae
[0.243s] -- Up-to-date: /home/armrs/drone_racing_ros2_ws/install/tello_gazebo/share/tello_gazebo/models/circle_gate_green_tall/model.config
[0.243s] -- Up-to-date: /home/armrs/drone_racing_ros2_ws/install/tello_gazebo/share/tello_gazebo/models/circle_gate_green_tall/model.sdf
[0.244s] -- Up-to-date: /home/armrs/drone_racing_ros2_ws/install/tello_gazebo/share/tello_gazebo/models/asphalt_plane
[0.244s] -- Up-to-date: /home/armrs/drone_racing_ros2_ws/install/tello_gazebo/share/tello_gazebo/models/asphalt_plane/materials
[0.244s] -- Up-to-date: /home/armrs/drone_racing_ros2_ws/install/tello_gazebo/share/tello_gazebo/models/asphalt_plane/materials/scripts
[0.245s] -- Up-to-date: /home/armrs/drone_racing_ros2_ws/install/tello_gazebo/share/tello_gazebo/models/asphalt_plane/materials/scripts/asphalt.material
[0.246s] -- Up-to-date: /home/armrs/drone_racing_ros2_ws/install/tello_gazebo/share/tello_gazebo/models/asphalt_plane/materials/textures
[0.246s] -- Up-to-date: /home/armrs/drone_racing_ros2_ws/install/tello_gazebo/share/tello_gazebo/models/asphalt_plane/materials/textures/tarmac.png
[0.246s] -- Up-to-date: /home/armrs/drone_racing_ros2_ws/install/tello_gazebo/share/tello_gazebo/models/asphalt_plane/model.config
[0.246s] -- Up-to-date: /home/armrs/drone_racing_ros2_ws/install/tello_gazebo/share/tello_gazebo/models/asphalt_plane/model.sdf
[0.247s] -- Up-to-date: /home/armrs/drone_racing_ros2_ws/install/tello_gazebo/share/tello_gazebo/models/asphalt_plane/model-1_4.sdf
[0.247s] -- Up-to-date: /home/armrs/drone_racing_ros2_ws/install/tello_gazebo/share/tello_gazebo/models/square_gate_green
[0.247s] -- Up-to-date: /home/armrs/drone_racing_ros2_ws/install/tello_gazebo/share/tello_gazebo/models/square_gate_green/square_gate.dae
[0.247s] -- Up-to-date: /home/armrs/drone_racing_ros2_ws/install/tello_gazebo/share/tello_gazebo/models/square_gate_green/model.config
[0.248s] -- Up-to-date: /home/armrs/drone_racing_ros2_ws/install/tello_gazebo/share/tello_gazebo/models/square_gate_green/model.sdf
[0.248s] -- Up-to-date: /home/armrs/drone_racing_ros2_ws/install/tello_gazebo/share/tello_gazebo/models/circle_gate_red
[0.248s] -- Up-to-date: /home/armrs/drone_racing_ros2_ws/install/tello_gazebo/share/tello_gazebo/models/circle_gate_red/circle_gate.dae
[0.249s] -- Up-to-date: /home/armrs/drone_racing_ros2_ws/install/tello_gazebo/share/tello_gazebo/models/circle_gate_red/model.config
[0.249s] -- Up-to-date: /home/armrs/drone_racing_ros2_ws/install/tello_gazebo/share/tello_gazebo/models/circle_gate_red/model.sdf
[0.249s] -- Up-to-date: /home/armrs/drone_racing_ros2_ws/install/tello_gazebo/share/tello_gazebo/worlds
[0.250s] -- Up-to-date: /home/armrs/drone_racing_ros2_ws/install/tello_gazebo/share/tello_gazebo/worlds/simple.world
[0.250s] -- Up-to-date: /home/armrs/drone_racing_ros2_ws/install/tello_gazebo/share/tello_gazebo/worlds/demo_track.world
[0.250s] -- Up-to-date: /home/armrs/drone_racing_ros2_ws/install/tello_gazebo/share/tello_gazebo/launch
[0.250s] -- Up-to-date: /home/armrs/drone_racing_ros2_ws/install/tello_gazebo/share/tello_gazebo/launch/simple_launch.py
[0.250s] -- Up-to-date: /home/armrs/drone_racing_ros2_ws/install/tello_gazebo/share/tello_gazebo/launch/__pycache__
[0.251s] -- Up-to-date: /home/armrs/drone_racing_ros2_ws/install/tello_gazebo/share/tello_gazebo/launch/__pycache__/vlam_launch.cpython-38.pyc
[0.251s] -- Up-to-date: /home/armrs/drone_racing_ros2_ws/install/tello_gazebo/share/tello_gazebo/launch/demo_track_launch.py
[0.251s] -- Up-to-date: /home/armrs/drone_racing_ros2_ws/install/tello_gazebo/lib/tello_gazebo/inject_entity.py
[0.252s] -- Up-to-date: /home/armrs/drone_racing_ros2_ws/install/tello_gazebo/share/ament_index/resource_index/package_run_dependencies/tello_gazebo
[0.252s] -- Up-to-date: /home/armrs/drone_racing_ros2_ws/install/tello_gazebo/share/ament_index/resource_index/parent_prefix_path/tello_gazebo
[0.252s] -- Up-to-date: /home/armrs/drone_racing_ros2_ws/install/tello_gazebo/share/tello_gazebo/environment/ament_prefix_path.sh
[0.252s] -- Up-to-date: /home/armrs/drone_racing_ros2_ws/install/tello_gazebo/share/tello_gazebo/environment/ament_prefix_path.dsv
[0.252s] -- Up-to-date: /home/armrs/drone_racing_ros2_ws/install/tello_gazebo/share/tello_gazebo/environment/path.sh
[0.253s] -- Up-to-date: /home/armrs/drone_racing_ros2_ws/install/tello_gazebo/share/tello_gazebo/environment/path.dsv
[0.253s] -- Up-to-date: /home/armrs/drone_racing_ros2_ws/install/tello_gazebo/share/tello_gazebo/local_setup.bash
[0.253s] -- Up-to-date: /home/armrs/drone_racing_ros2_ws/install/tello_gazebo/share/tello_gazebo/local_setup.sh
[0.253s] -- Up-to-date: /home/armrs/drone_racing_ros2_ws/install/tello_gazebo/share/tello_gazebo/local_setup.zsh
[0.253s] -- Up-to-date: /home/armrs/drone_racing_ros2_ws/install/tello_gazebo/share/tello_gazebo/local_setup.dsv
[0.253s] -- Installing: /home/armrs/drone_racing_ros2_ws/install/tello_gazebo/share/tello_gazebo/package.dsv
[0.253s] -- Up-to-date: /home/armrs/drone_racing_ros2_ws/install/tello_gazebo/share/ament_index/resource_index/packages/tello_gazebo
[0.253s] -- Up-to-date: /home/armrs/drone_racing_ros2_ws/install/tello_gazebo/share/tello_gazebo/cmake/tello_gazeboConfig.cmake
[0.254s] -- Up-to-date: /home/armrs/drone_racing_ros2_ws/install/tello_gazebo/share/tello_gazebo/cmake/tello_gazeboConfig-version.cmake
[0.254s] -- Up-to-date: /home/armrs/drone_racing_ros2_ws/install/tello_gazebo/share/tello_gazebo/package.xml
[0.263s] Invoked command in '/home/armrs/drone_racing_ros2_ws/build/tello_gazebo' returned '0': AMENT_PREFIX_PATH=/home/armrs/drone_racing_ros2_ws/install/tello_msgs:${AMENT_PREFIX_PATH} CMAKE_PREFIX_PATH=/home/armrs/drone_racing_ros2_ws/install/tello_msgs:/opt/ros/galactic LD_LIBRARY_PATH=/home/armrs/drone_racing_ros2_ws/install/tello_msgs/lib:${LD_LIBRARY_PATH} PYTHONPATH=/home/armrs/drone_racing_ros2_ws/install/tello_msgs/lib/python3.8/site-packages:${PYTHONPATH} /usr/bin/cmake --install /home/armrs/drone_racing_ros2_ws/build/tello_gazebo
