[0.027s] Invoking command in '/home/armrs/drone_racing_ros2_ws/build/tello_gazebo': CMAKE_PREFIX_PATH=/home/armrs/drone_racing_ros2_ws/install/tello_msgs:/home/armrs/drone_racing_ros2_ws/install/tello_gazebo:/home/armrs/drone_racing_ros2_ws/install/tello_driver:/home/armrs/drone_racing_ros2_ws/install/tello_description:/home/armrs/drone_racing_ros2_ws/install/ros2_shared:/opt/ros/galactic LD_LIBRARY_PATH=/home/armrs/drone_racing_ros2_ws/install/tello_msgs/lib:/home/armrs/drone_racing_ros2_ws/install/tello_gazebo/lib:/home/armrs/drone_racing_ros2_ws/install/tello_driver/lib:/usr/lib/x86_64-linux-gnu/gazebo-11/plugins:/opt/ros/galactic/opt/yaml_cpp_vendor/lib:/opt/ros/galactic/opt/rviz_ogre_vendor/lib:/opt/ros/galactic/lib/x86_64-linux-gnu:/opt/ros/galactic/lib:/usr/lib/x86_64-linux-gnu/gazebo-11/plugins:/usr/lib/x86_64-linux-gnu/gazebo-11/plugins:/usr/lib/x86_64-linux-gnu/gazebo-11/plugins /usr/bin/cmake --build /home/armrs/drone_racing_ros2_ws/build/tello_gazebo -- -j4 -l4
[0.127s] [100%] Built target TelloPlugin
[0.141s] Invoked command in '/home/armrs/drone_racing_ros2_ws/build/tello_gazebo' returned '0': CMAKE_PREFIX_PATH=/home/armrs/drone_racing_ros2_ws/install/tello_msgs:/home/armrs/drone_racing_ros2_ws/install/tello_gazebo:/home/armrs/drone_racing_ros2_ws/install/tello_driver:/home/armrs/drone_racing_ros2_ws/install/tello_description:/home/armrs/drone_racing_ros2_ws/install/ros2_shared:/opt/ros/galactic LD_LIBRARY_PATH=/home/armrs/drone_racing_ros2_ws/install/tello_msgs/lib:/home/armrs/drone_racing_ros2_ws/install/tello_gazebo/lib:/home/armrs/drone_racing_ros2_ws/install/tello_driver/lib:/usr/lib/x86_64-linux-gnu/gazebo-11/plugins:/opt/ros/galactic/opt/yaml_cpp_vendor/lib:/opt/ros/galactic/opt/rviz_ogre_vendor/lib:/opt/ros/galactic/lib/x86_64-linux-gnu:/opt/ros/galactic/lib:/usr/lib/x86_64-linux-gnu/gazebo-11/plugins:/usr/lib/x86_64-linux-gnu/gazebo-11/plugins:/usr/lib/x86_64-linux-gnu/gazebo-11/plugins /usr/bin/cmake --build /home/armrs/drone_racing_ros2_ws/build/tello_gazebo -- -j4 -l4
[0.143s] Invoking command in '/home/armrs/drone_racing_ros2_ws/build/tello_gazebo': CMAKE_PREFIX_PATH=/home/armrs/drone_racing_ros2_ws/install/tello_msgs:/home/armrs/drone_racing_ros2_ws/install/tello_gazebo:/home/armrs/drone_racing_ros2_ws/install/tello_driver:/home/armrs/drone_racing_ros2_ws/install/tello_description:/home/armrs/drone_racing_ros2_ws/install/ros2_shared:/opt/ros/galactic LD_LIBRARY_PATH=/home/armrs/drone_racing_ros2_ws/install/tello_msgs/lib:/home/armrs/drone_racing_ros2_ws/install/tello_gazebo/lib:/home/armrs/drone_racing_ros2_ws/install/tello_driver/lib:/usr/lib/x86_64-linux-gnu/gazebo-11/plugins:/opt/ros/galactic/opt/yaml_cpp_vendor/lib:/opt/ros/galactic/opt/rviz_ogre_vendor/lib:/opt/ros/galactic/lib/x86_64-linux-gnu:/opt/ros/galactic/lib:/usr/lib/x86_64-linux-gnu/gazebo-11/plugins:/usr/lib/x86_64-linux-gnu/gazebo-11/plugins:/usr/lib/x86_64-linux-gnu/gazebo-11/plugins /usr/bin/cmake --install /home/armrs/drone_racing_ros2_ws/build/tello_gazebo
[0.157s] -- Install configuration: ""
[0.158s] -- Up-to-date: /home/armrs/drone_racing_ros2_ws/install/tello_gazebo/lib/libTelloPlugin.so
[0.158s] -- Up-to-date: /home/armrs/drone_racing_ros2_ws/install/tello_gazebo/share/tello_gazebo/models
[0.158s] -- Up-to-date: /home/armrs/drone_racing_ros2_ws/install/tello_gazebo/share/tello_gazebo/models/square_gate_blue
[0.158s] -- Up-to-date: /home/armrs/drone_racing_ros2_ws/install/tello_gazebo/share/tello_gazebo/models/square_gate_blue/square_gate.dae
[0.158s] -- Up-to-date: /home/armrs/drone_racing_ros2_ws/install/tello_gazebo/share/tello_gazebo/models/square_gate_blue/model.config
[0.159s] -- Up-to-date: /home/armrs/drone_racing_ros2_ws/install/tello_gazebo/share/tello_gazebo/models/square_gate_blue/model.sdf
[0.159s] -- Up-to-date: /home/armrs/drone_racing_ros2_ws/install/tello_gazebo/share/tello_gazebo/models/square_gate_green_tall
[0.159s] -- Up-to-date: /home/armrs/drone_racing_ros2_ws/install/tello_gazebo/share/tello_gazebo/models/square_gate_green_tall/model.config
[0.159s] -- Up-to-date: /home/armrs/drone_racing_ros2_ws/install/tello_gazebo/share/tello_gazebo/models/square_gate_green_tall/model.sdf
[0.159s] -- Up-to-date: /home/armrs/drone_racing_ros2_ws/install/tello_gazebo/share/tello_gazebo/models/square_gate_green_tall/square_gate_tall.dae
[0.159s] -- Up-to-date: /home/armrs/drone_racing_ros2_ws/install/tello_gazebo/share/tello_gazebo/models/euro_pallet
[0.160s] -- Up-to-date: /home/armrs/drone_racing_ros2_ws/install/tello_gazebo/share/tello_gazebo/models/euro_pallet/meshes
[0.160s] -- Up-to-date: /home/armrs/drone_racing_ros2_ws/install/tello_gazebo/share/tello_gazebo/models/euro_pallet/meshes/pallet.dae
[0.161s] -- Up-to-date: /home/armrs/drone_racing_ros2_ws/install/tello_gazebo/share/tello_gazebo/models/euro_pallet/model.config
[0.161s] -- Up-to-date: /home/armrs/drone_racing_ros2_ws/install/tello_gazebo/share/tello_gazebo/models/euro_pallet/model.sdf
[0.161s] -- Up-to-date: /home/armrs/drone_racing_ros2_ws/install/tello_gazebo/share/tello_gazebo/models/square_gate_green_short
[0.161s] -- Up-to-date: /home/armrs/drone_racing_ros2_ws/install/tello_gazebo/share/tello_gazebo/models/square_gate_green_short/square_gate_short.dae
[0.161s] -- Up-to-date: /home/armrs/drone_racing_ros2_ws/install/tello_gazebo/share/tello_gazebo/models/square_gate_green_short/model.config
[0.161s] -- Up-to-date: /home/armrs/drone_racing_ros2_ws/install/tello_gazebo/share/tello_gazebo/models/square_gate_green_short/model.sdf
[0.162s] -- Up-to-date: /home/armrs/drone_racing_ros2_ws/install/tello_gazebo/share/tello_gazebo/models/circle_gate_blue
[0.162s] -- Up-to-date: /home/armrs/drone_racing_ros2_ws/install/tello_gazebo/share/tello_gazebo/models/circle_gate_blue/circle_gate.dae
[0.162s] -- Up-to-date: /home/armrs/drone_racing_ros2_ws/install/tello_gazebo/share/tello_gazebo/models/circle_gate_blue/model.config
[0.162s] -- Up-to-date: /home/armrs/drone_racing_ros2_ws/install/tello_gazebo/share/tello_gazebo/models/circle_gate_blue/model.sdf
[0.162s] -- Up-to-date: /home/armrs/drone_racing_ros2_ws/install/tello_gazebo/share/tello_gazebo/models/circle_gate_green
[0.162s] -- Up-to-date: /home/armrs/drone_racing_ros2_ws/install/tello_gazebo/share/tello_gazebo/models/circle_gate_green/circle_gate.dae
[0.162s] -- Up-to-date: /home/armrs/drone_racing_ros2_ws/install/tello_gazebo/share/tello_gazebo/models/circle_gate_green/model.config
[0.163s] -- Up-to-date: /home/armrs/drone_racing_ros2_ws/install/tello_gazebo/share/tello_gazebo/models/circle_gate_green/model.sdf
[0.163s] -- Up-to-date: /home/armrs/drone_racing_ros2_ws/install/tello_gazebo/share/tello_gazebo/models/stop_sign
[0.163s] -- Up-to-date: /home/armrs/drone_racing_ros2_ws/install/tello_gazebo/share/tello_gazebo/models/stop_sign/meshes
[0.163s] -- Up-to-date: /home/armrs/drone_racing_ros2_ws/install/tello_gazebo/share/tello_gazebo/models/stop_sign/meshes/stop_sign.dae
[0.164s] -- Up-to-date: /home/armrs/drone_racing_ros2_ws/install/tello_gazebo/share/tello_gazebo/models/stop_sign/model-1_3.sdf
[0.164s] -- Up-to-date: /home/armrs/drone_racing_ros2_ws/install/tello_gazebo/share/tello_gazebo/models/stop_sign/materials
[0.164s] -- Up-to-date: /home/armrs/drone_racing_ros2_ws/install/tello_gazebo/share/tello_gazebo/models/stop_sign/materials/scripts
[0.164s] -- Up-to-date: /home/armrs/drone_racing_ros2_ws/install/tello_gazebo/share/tello_gazebo/models/stop_sign/materials/scripts/stopsign.material
[0.165s] -- Up-to-date: /home/armrs/drone_racing_ros2_ws/install/tello_gazebo/share/tello_gazebo/models/stop_sign/materials/textures
[0.165s] -- Up-to-date: /home/armrs/drone_racing_ros2_ws/install/tello_gazebo/share/tello_gazebo/models/stop_sign/materials/textures/StopSign_Spec.png
[0.165s] -- Up-to-date: /home/armrs/drone_racing_ros2_ws/install/tello_gazebo/share/tello_gazebo/models/stop_sign/materials/textures/StopSign_Diffuse.png
[0.165s] -- Up-to-date: /home/armrs/drone_racing_ros2_ws/install/tello_gazebo/share/tello_gazebo/models/stop_sign/model.config
[0.165s] -- Up-to-date: /home/armrs/drone_racing_ros2_ws/install/tello_gazebo/share/tello_gazebo/models/stop_sign/model.sdf
[0.167s] -- Up-to-date: /home/armrs/drone_racing_ros2_ws/install/tello_gazebo/share/tello_gazebo/models/stop_sign/model-1_4.sdf
[0.167s] -- Up-to-date: /home/armrs/drone_racing_ros2_ws/install/tello_gazebo/share/tello_gazebo/models/circle_gate_green_short
[0.167s] -- Up-to-date: /home/armrs/drone_racing_ros2_ws/install/tello_gazebo/share/tello_gazebo/models/circle_gate_green_short/circle_gate_short.dae
[0.168s] -- Up-to-date: /home/armrs/drone_racing_ros2_ws/install/tello_gazebo/share/tello_gazebo/models/circle_gate_green_short/model.config
[0.168s] -- Up-to-date: /home/armrs/drone_racing_ros2_ws/install/tello_gazebo/share/tello_gazebo/models/circle_gate_green_short/model.sdf
[0.168s] -- Up-to-date: /home/armrs/drone_racing_ros2_ws/install/tello_gazebo/share/tello_gazebo/models/square_gate_red
[0.168s] -- Up-to-date: /home/armrs/drone_racing_ros2_ws/install/tello_gazebo/share/tello_gazebo/models/square_gate_red/square_gate.dae
[0.168s] -- Up-to-date: /home/armrs/drone_racing_ros2_ws/install/tello_gazebo/share/tello_gazebo/models/square_gate_red/model.config
[0.168s] -- Up-to-date: /home/armrs/drone_racing_ros2_ws/install/tello_gazebo/share/tello_gazebo/models/square_gate_red/model.sdf
[0.168s] -- Up-to-date: /home/armrs/drone_racing_ros2_ws/install/tello_gazebo/share/tello_gazebo/models/circle_gate_green_tall
[0.168s] -- Up-to-date: /home/armrs/drone_racing_ros2_ws/install/tello_gazebo/share/tello_gazebo/models/circle_gate_green_tall/circle_gate_tall.dae
[0.169s] -- Up-to-date: /home/armrs/drone_racing_ros2_ws/install/tello_gazebo/share/tello_gazebo/models/circle_gate_green_tall/model.config
[0.169s] -- Up-to-date: /home/armrs/drone_racing_ros2_ws/install/tello_gazebo/share/tello_gazebo/models/circle_gate_green_tall/model.sdf
[0.169s] -- Up-to-date: /home/armrs/drone_racing_ros2_ws/install/tello_gazebo/share/tello_gazebo/models/asphalt_plane
[0.169s] -- Up-to-date: /home/armrs/drone_racing_ros2_ws/install/tello_gazebo/share/tello_gazebo/models/asphalt_plane/materials
[0.169s] -- Up-to-date: /home/armrs/drone_racing_ros2_ws/install/tello_gazebo/share/tello_gazebo/models/asphalt_plane/materials/scripts
[0.169s] -- Up-to-date: /home/armrs/drone_racing_ros2_ws/install/tello_gazebo/share/tello_gazebo/models/asphalt_plane/materials/scripts/asphalt.material
[0.169s] -- Up-to-date: /home/armrs/drone_racing_ros2_ws/install/tello_gazebo/share/tello_gazebo/models/asphalt_plane/materials/textures
[0.169s] -- Up-to-date: /home/armrs/drone_racing_ros2_ws/install/tello_gazebo/share/tello_gazebo/models/asphalt_plane/materials/textures/tarmac.png
[0.170s] -- Up-to-date: /home/armrs/drone_racing_ros2_ws/install/tello_gazebo/share/tello_gazebo/models/asphalt_plane/model.config
[0.170s] -- Up-to-date: /home/armrs/drone_racing_ros2_ws/install/tello_gazebo/share/tello_gazebo/models/asphalt_plane/model.sdf
[0.170s] -- Up-to-date: /home/armrs/drone_racing_ros2_ws/install/tello_gazebo/share/tello_gazebo/models/asphalt_plane/model-1_4.sdf
[0.170s] -- Up-to-date: /home/armrs/drone_racing_ros2_ws/install/tello_gazebo/share/tello_gazebo/models/square_gate_green
[0.170s] -- Up-to-date: /home/armrs/drone_racing_ros2_ws/install/tello_gazebo/share/tello_gazebo/models/square_gate_green/square_gate.dae
[0.170s] -- Up-to-date: /home/armrs/drone_racing_ros2_ws/install/tello_gazebo/share/tello_gazebo/models/square_gate_green/model.config
[0.170s] -- Up-to-date: /home/armrs/drone_racing_ros2_ws/install/tello_gazebo/share/tello_gazebo/models/square_gate_green/model.sdf
[0.170s] -- Up-to-date: /home/armrs/drone_racing_ros2_ws/install/tello_gazebo/share/tello_gazebo/models/circle_gate_red
[0.171s] -- Up-to-date: /home/armrs/drone_racing_ros2_ws/install/tello_gazebo/share/tello_gazebo/models/circle_gate_red/circle_gate.dae
[0.171s] -- Up-to-date: /home/armrs/drone_racing_ros2_ws/install/tello_gazebo/share/tello_gazebo/models/circle_gate_red/model.config
[0.171s] -- Up-to-date: /home/armrs/drone_racing_ros2_ws/install/tello_gazebo/share/tello_gazebo/models/circle_gate_red/model.sdf
[0.171s] -- Up-to-date: /home/armrs/drone_racing_ros2_ws/install/tello_gazebo/share/tello_gazebo/worlds
[0.172s] -- Up-to-date: /home/armrs/drone_racing_ros2_ws/install/tello_gazebo/share/tello_gazebo/worlds/simple.world
[0.172s] -- Up-to-date: /home/armrs/drone_racing_ros2_ws/install/tello_gazebo/share/tello_gazebo/worlds/demo_track.world
[0.173s] -- Up-to-date: /home/armrs/drone_racing_ros2_ws/install/tello_gazebo/share/tello_gazebo/launch
[0.173s] -- Up-to-date: /home/armrs/drone_racing_ros2_ws/install/tello_gazebo/share/tello_gazebo/launch/simple_launch.py
[0.173s] -- Up-to-date: /home/armrs/drone_racing_ros2_ws/install/tello_gazebo/share/tello_gazebo/launch/__pycache__
[0.173s] -- Up-to-date: /home/armrs/drone_racing_ros2_ws/install/tello_gazebo/share/tello_gazebo/launch/__pycache__/vlam_launch.cpython-38.pyc
[0.173s] -- Up-to-date: /home/armrs/drone_racing_ros2_ws/install/tello_gazebo/share/tello_gazebo/launch/demo_track_launch.py
[0.173s] -- Up-to-date: /home/armrs/drone_racing_ros2_ws/install/tello_gazebo/lib/tello_gazebo/inject_entity.py
[0.174s] -- Up-to-date: /home/armrs/drone_racing_ros2_ws/install/tello_gazebo/share/ament_index/resource_index/package_run_dependencies/tello_gazebo
[0.174s] -- Up-to-date: /home/armrs/drone_racing_ros2_ws/install/tello_gazebo/share/ament_index/resource_index/parent_prefix_path/tello_gazebo
[0.174s] -- Up-to-date: /home/armrs/drone_racing_ros2_ws/install/tello_gazebo/share/tello_gazebo/environment/ament_prefix_path.sh
[0.174s] -- Up-to-date: /home/armrs/drone_racing_ros2_ws/install/tello_gazebo/share/tello_gazebo/environment/ament_prefix_path.dsv
[0.174s] -- Up-to-date: /home/armrs/drone_racing_ros2_ws/install/tello_gazebo/share/tello_gazebo/environment/path.sh
[0.174s] -- Up-to-date: /home/armrs/drone_racing_ros2_ws/install/tello_gazebo/share/tello_gazebo/environment/path.dsv
[0.175s] -- Up-to-date: /home/armrs/drone_racing_ros2_ws/install/tello_gazebo/share/tello_gazebo/local_setup.bash
[0.175s] -- Up-to-date: /home/armrs/drone_racing_ros2_ws/install/tello_gazebo/share/tello_gazebo/local_setup.sh
[0.175s] -- Up-to-date: /home/armrs/drone_racing_ros2_ws/install/tello_gazebo/share/tello_gazebo/local_setup.zsh
[0.175s] -- Up-to-date: /home/armrs/drone_racing_ros2_ws/install/tello_gazebo/share/tello_gazebo/local_setup.dsv
[0.175s] -- Installing: /home/armrs/drone_racing_ros2_ws/install/tello_gazebo/share/tello_gazebo/package.dsv
[0.175s] -- Up-to-date: /home/armrs/drone_racing_ros2_ws/install/tello_gazebo/share/ament_index/resource_index/packages/tello_gazebo
[0.175s] -- Up-to-date: /home/armrs/drone_racing_ros2_ws/install/tello_gazebo/share/tello_gazebo/cmake/tello_gazeboConfig.cmake
[0.176s] -- Up-to-date: /home/armrs/drone_racing_ros2_ws/install/tello_gazebo/share/tello_gazebo/cmake/tello_gazeboConfig-version.cmake
[0.176s] -- Up-to-date: /home/armrs/drone_racing_ros2_ws/install/tello_gazebo/share/tello_gazebo/package.xml
[0.176s] Invoked command in '/home/armrs/drone_racing_ros2_ws/build/tello_gazebo' returned '0': CMAKE_PREFIX_PATH=/home/armrs/drone_racing_ros2_ws/install/tello_msgs:/home/armrs/drone_racing_ros2_ws/install/tello_gazebo:/home/armrs/drone_racing_ros2_ws/install/tello_driver:/home/armrs/drone_racing_ros2_ws/install/tello_description:/home/armrs/drone_racing_ros2_ws/install/ros2_shared:/opt/ros/galactic LD_LIBRARY_PATH=/home/armrs/drone_racing_ros2_ws/install/tello_msgs/lib:/home/armrs/drone_racing_ros2_ws/install/tello_gazebo/lib:/home/armrs/drone_racing_ros2_ws/install/tello_driver/lib:/usr/lib/x86_64-linux-gnu/gazebo-11/plugins:/opt/ros/galactic/opt/yaml_cpp_vendor/lib:/opt/ros/galactic/opt/rviz_ogre_vendor/lib:/opt/ros/galactic/lib/x86_64-linux-gnu:/opt/ros/galactic/lib:/usr/lib/x86_64-linux-gnu/gazebo-11/plugins:/usr/lib/x86_64-linux-gnu/gazebo-11/plugins:/usr/lib/x86_64-linux-gnu/gazebo-11/plugins /usr/bin/cmake --install /home/armrs/drone_racing_ros2_ws/build/tello_gazebo
