[0.036s] Invoking command in '/home/armrs/drone_racing_ros2_ws/build/tello_msgs': CMAKE_PREFIX_PATH=/opt/ros/galactic /usr/bin/cmake --build /home/armrs/drone_racing_ros2_ws/build/tello_msgs -- -j4 -l4
[0.137s] [  2%] Built target tello_msgs__cpp
[0.156s] [ 12%] Built target tello_msgs__rosidl_generator_c
[0.259s] [ 23%] Built target tello_msgs__rosidl_typesupport_introspection_cpp
[0.272s] [ 34%] Built target tello_msgs__rosidl_typesupport_fastrtps_cpp
[0.273s] [ 44%] Built target tello_msgs__rosidl_typesupport_introspection_c
[0.283s] [ 55%] Built target tello_msgs__rosidl_typesupport_cpp
[0.307s] [ 65%] Built target tello_msgs__rosidl_typesupport_c
[0.340s] [ 76%] Built target tello_msgs__rosidl_typesupport_fastrtps_c
[0.375s] [ 76%] Built target tello_msgs
[0.403s] [ 78%] Built target tello_msgs__py
[0.440s] [ 87%] Built target tello_msgs__python
[0.483s] [ 91%] Built target tello_msgs__rosidl_typesupport_introspection_c__pyext
[0.484s] [ 95%] Built target tello_msgs__rosidl_typesupport_c__pyext
[0.485s] [100%] Built target tello_msgs__rosidl_typesupport_fastrtps_c__pyext
[0.502s] Invoked command in '/home/armrs/drone_racing_ros2_ws/build/tello_msgs' returned '0': CMAKE_PREFIX_PATH=/opt/ros/galactic /usr/bin/cmake --build /home/armrs/drone_racing_ros2_ws/build/tello_msgs -- -j4 -l4
[0.504s] Invoking command in '/home/armrs/drone_racing_ros2_ws/build/tello_msgs': CMAKE_PREFIX_PATH=/opt/ros/galactic /usr/bin/cmake --install /home/armrs/drone_racing_ros2_ws/build/tello_msgs
[0.517s] -- Install configuration: ""
[0.518s] -- Up-to-date: /home/armrs/drone_racing_ros2_ws/install/tello_msgs/share/ament_index/resource_index/rosidl_interfaces/tello_msgs
[0.518s] -- Up-to-date: /home/armrs/drone_racing_ros2_ws/install/tello_msgs/include/tello_msgs
[0.518s] -- Up-to-date: /home/armrs/drone_racing_ros2_ws/install/tello_msgs/include/tello_msgs/msg
[0.518s] -- Up-to-date: /home/armrs/drone_racing_ros2_ws/install/tello_msgs/include/tello_msgs/msg/flight_data.h
[0.518s] -- Up-to-date: /home/armrs/drone_racing_ros2_ws/install/tello_msgs/include/tello_msgs/msg/detail
[0.519s] -- Up-to-date: /home/armrs/drone_racing_ros2_ws/install/tello_msgs/include/tello_msgs/msg/detail/tello_response__functions.h
[0.519s] -- Up-to-date: /home/armrs/drone_racing_ros2_ws/install/tello_msgs/include/tello_msgs/msg/detail/flight_data__functions.h
[0.519s] -- Up-to-date: /home/armrs/drone_racing_ros2_ws/install/tello_msgs/include/tello_msgs/msg/detail/tello_response__type_support.h
[0.519s] -- Up-to-date: /home/armrs/drone_racing_ros2_ws/install/tello_msgs/include/tello_msgs/msg/detail/tello_response__struct.h
[0.519s] -- Up-to-date: /home/armrs/drone_racing_ros2_ws/install/tello_msgs/include/tello_msgs/msg/detail/flight_data__type_support.h
[0.520s] -- Up-to-date: /home/armrs/drone_racing_ros2_ws/install/tello_msgs/include/tello_msgs/msg/detail/tello_response__functions.c
[0.520s] -- Up-to-date: /home/armrs/drone_racing_ros2_ws/install/tello_msgs/include/tello_msgs/msg/detail/flight_data__struct.h
[0.520s] -- Up-to-date: /home/armrs/drone_racing_ros2_ws/install/tello_msgs/include/tello_msgs/msg/detail/flight_data__functions.c
[0.520s] -- Up-to-date: /home/armrs/drone_racing_ros2_ws/install/tello_msgs/include/tello_msgs/msg/tello_response.h
[0.520s] -- Up-to-date: /home/armrs/drone_racing_ros2_ws/install/tello_msgs/include/tello_msgs/msg/rosidl_generator_c__visibility_control.h
[0.521s] -- Up-to-date: /home/armrs/drone_racing_ros2_ws/install/tello_msgs/include/tello_msgs/srv
[0.521s] -- Up-to-date: /home/armrs/drone_racing_ros2_ws/install/tello_msgs/include/tello_msgs/srv/tello_action.h
[0.521s] -- Up-to-date: /home/armrs/drone_racing_ros2_ws/install/tello_msgs/include/tello_msgs/srv/detail
[0.521s] -- Up-to-date: /home/armrs/drone_racing_ros2_ws/install/tello_msgs/include/tello_msgs/srv/detail/tello_action__struct.h
[0.521s] -- Up-to-date: /home/armrs/drone_racing_ros2_ws/install/tello_msgs/include/tello_msgs/srv/detail/tello_action__functions.h
[0.521s] -- Up-to-date: /home/armrs/drone_racing_ros2_ws/install/tello_msgs/include/tello_msgs/srv/detail/tello_action__type_support.h
[0.522s] -- Up-to-date: /home/armrs/drone_racing_ros2_ws/install/tello_msgs/include/tello_msgs/srv/detail/tello_action__functions.c
[0.522s] -- Up-to-date: /home/armrs/drone_racing_ros2_ws/install/tello_msgs/share/tello_msgs/environment/library_path.sh
[0.522s] -- Up-to-date: /home/armrs/drone_racing_ros2_ws/install/tello_msgs/share/tello_msgs/environment/library_path.dsv
[0.522s] -- Up-to-date: /home/armrs/drone_racing_ros2_ws/install/tello_msgs/lib/libtello_msgs__rosidl_generator_c.so
[0.522s] -- Up-to-date: /home/armrs/drone_racing_ros2_ws/install/tello_msgs/include/tello_msgs
[0.523s] -- Up-to-date: /home/armrs/drone_racing_ros2_ws/install/tello_msgs/include/tello_msgs/msg
[0.523s] -- Up-to-date: /home/armrs/drone_racing_ros2_ws/install/tello_msgs/include/tello_msgs/msg/rosidl_typesupport_fastrtps_c__visibility_control.h
[0.523s] -- Up-to-date: /home/armrs/drone_racing_ros2_ws/install/tello_msgs/include/tello_msgs/msg/detail
[0.523s] -- Up-to-date: /home/armrs/drone_racing_ros2_ws/install/tello_msgs/include/tello_msgs/msg/detail/flight_data__rosidl_typesupport_fastrtps_c.h
[0.523s] -- Up-to-date: /home/armrs/drone_racing_ros2_ws/install/tello_msgs/include/tello_msgs/msg/detail/tello_response__rosidl_typesupport_fastrtps_c.h
[0.523s] -- Up-to-date: /home/armrs/drone_racing_ros2_ws/install/tello_msgs/include/tello_msgs/srv
[0.524s] -- Up-to-date: /home/armrs/drone_racing_ros2_ws/install/tello_msgs/include/tello_msgs/srv/detail
[0.524s] -- Up-to-date: /home/armrs/drone_racing_ros2_ws/install/tello_msgs/include/tello_msgs/srv/detail/tello_action__rosidl_typesupport_fastrtps_c.h
[0.524s] -- Up-to-date: /home/armrs/drone_racing_ros2_ws/install/tello_msgs/lib/libtello_msgs__rosidl_typesupport_fastrtps_c.so
[0.524s] -- Up-to-date: /home/armrs/drone_racing_ros2_ws/install/tello_msgs/include/tello_msgs
[0.525s] -- Up-to-date: /home/armrs/drone_racing_ros2_ws/install/tello_msgs/include/tello_msgs/msg
[0.525s] -- Up-to-date: /home/armrs/drone_racing_ros2_ws/install/tello_msgs/include/tello_msgs/msg/rosidl_typesupport_fastrtps_cpp__visibility_control.h
[0.525s] -- Up-to-date: /home/armrs/drone_racing_ros2_ws/install/tello_msgs/include/tello_msgs/msg/detail
[0.525s] -- Up-to-date: /home/armrs/drone_racing_ros2_ws/install/tello_msgs/include/tello_msgs/msg/detail/dds_fastrtps
[0.525s] -- Up-to-date: /home/armrs/drone_racing_ros2_ws/install/tello_msgs/include/tello_msgs/msg/detail/flight_data__rosidl_typesupport_fastrtps_cpp.hpp
[0.526s] -- Up-to-date: /home/armrs/drone_racing_ros2_ws/install/tello_msgs/include/tello_msgs/msg/detail/tello_response__rosidl_typesupport_fastrtps_cpp.hpp
[0.526s] -- Up-to-date: /home/armrs/drone_racing_ros2_ws/install/tello_msgs/include/tello_msgs/srv
[0.526s] -- Up-to-date: /home/armrs/drone_racing_ros2_ws/install/tello_msgs/include/tello_msgs/srv/detail
[0.526s] -- Up-to-date: /home/armrs/drone_racing_ros2_ws/install/tello_msgs/include/tello_msgs/srv/detail/dds_fastrtps
[0.526s] -- Up-to-date: /home/armrs/drone_racing_ros2_ws/install/tello_msgs/include/tello_msgs/srv/detail/tello_action__rosidl_typesupport_fastrtps_cpp.hpp
[0.526s] -- Up-to-date: /home/armrs/drone_racing_ros2_ws/install/tello_msgs/lib/libtello_msgs__rosidl_typesupport_fastrtps_cpp.so
[0.527s] -- Up-to-date: /home/armrs/drone_racing_ros2_ws/install/tello_msgs/include/tello_msgs
[0.527s] -- Up-to-date: /home/armrs/drone_racing_ros2_ws/install/tello_msgs/include/tello_msgs/msg
[0.527s] -- Up-to-date: /home/armrs/drone_racing_ros2_ws/install/tello_msgs/include/tello_msgs/msg/rosidl_typesupport_introspection_c__visibility_control.h
[0.527s] -- Up-to-date: /home/armrs/drone_racing_ros2_ws/install/tello_msgs/include/tello_msgs/msg/detail
[0.527s] -- Up-to-date: /home/armrs/drone_racing_ros2_ws/install/tello_msgs/include/tello_msgs/msg/detail/tello_response__type_support.c
[0.527s] -- Up-to-date: /home/armrs/drone_racing_ros2_ws/install/tello_msgs/include/tello_msgs/msg/detail/tello_response__rosidl_typesupport_introspection_c.h
[0.527s] -- Up-to-date: /home/armrs/drone_racing_ros2_ws/install/tello_msgs/include/tello_msgs/msg/detail/flight_data__type_support.c
[0.528s] -- Up-to-date: /home/armrs/drone_racing_ros2_ws/install/tello_msgs/include/tello_msgs/msg/detail/flight_data__rosidl_typesupport_introspection_c.h
[0.528s] -- Up-to-date: /home/armrs/drone_racing_ros2_ws/install/tello_msgs/include/tello_msgs/srv
[0.528s] -- Up-to-date: /home/armrs/drone_racing_ros2_ws/install/tello_msgs/include/tello_msgs/srv/detail
[0.528s] -- Up-to-date: /home/armrs/drone_racing_ros2_ws/install/tello_msgs/include/tello_msgs/srv/detail/tello_action__rosidl_typesupport_introspection_c.h
[0.528s] -- Up-to-date: /home/armrs/drone_racing_ros2_ws/install/tello_msgs/include/tello_msgs/srv/detail/tello_action__type_support.c
[0.528s] -- Up-to-date: /home/armrs/drone_racing_ros2_ws/install/tello_msgs/lib/libtello_msgs__rosidl_typesupport_introspection_c.so
[0.528s] -- Up-to-date: /home/armrs/drone_racing_ros2_ws/install/tello_msgs/lib/libtello_msgs__rosidl_typesupport_c.so
[0.529s] -- Up-to-date: /home/armrs/drone_racing_ros2_ws/install/tello_msgs/include/tello_msgs
[0.529s] -- Up-to-date: /home/armrs/drone_racing_ros2_ws/install/tello_msgs/include/tello_msgs/msg
[0.529s] -- Up-to-date: /home/armrs/drone_racing_ros2_ws/install/tello_msgs/include/tello_msgs/msg/tello_response.hpp
[0.529s] -- Up-to-date: /home/armrs/drone_racing_ros2_ws/install/tello_msgs/include/tello_msgs/msg/detail
[0.529s] -- Up-to-date: /home/armrs/drone_racing_ros2_ws/install/tello_msgs/include/tello_msgs/msg/detail/tello_response__builder.hpp
[0.529s] -- Up-to-date: /home/armrs/drone_racing_ros2_ws/install/tello_msgs/include/tello_msgs/msg/detail/flight_data__traits.hpp
[0.529s] -- Up-to-date: /home/armrs/drone_racing_ros2_ws/install/tello_msgs/include/tello_msgs/msg/detail/flight_data__struct.hpp
[0.529s] -- Up-to-date: /home/armrs/drone_racing_ros2_ws/install/tello_msgs/include/tello_msgs/msg/detail/tello_response__traits.hpp
[0.529s] -- Up-to-date: /home/armrs/drone_racing_ros2_ws/install/tello_msgs/include/tello_msgs/msg/detail/flight_data__builder.hpp
[0.530s] -- Up-to-date: /home/armrs/drone_racing_ros2_ws/install/tello_msgs/include/tello_msgs/msg/detail/tello_response__struct.hpp
[0.530s] -- Up-to-date: /home/armrs/drone_racing_ros2_ws/install/tello_msgs/include/tello_msgs/msg/flight_data.hpp
[0.530s] -- Up-to-date: /home/armrs/drone_racing_ros2_ws/install/tello_msgs/include/tello_msgs/srv
[0.530s] -- Up-to-date: /home/armrs/drone_racing_ros2_ws/install/tello_msgs/include/tello_msgs/srv/tello_action.hpp
[0.530s] -- Up-to-date: /home/armrs/drone_racing_ros2_ws/install/tello_msgs/include/tello_msgs/srv/detail
[0.530s] -- Up-to-date: /home/armrs/drone_racing_ros2_ws/install/tello_msgs/include/tello_msgs/srv/detail/tello_action__struct.hpp
[0.530s] -- Up-to-date: /home/armrs/drone_racing_ros2_ws/install/tello_msgs/include/tello_msgs/srv/detail/tello_action__builder.hpp
[0.530s] -- Up-to-date: /home/armrs/drone_racing_ros2_ws/install/tello_msgs/include/tello_msgs/srv/detail/tello_action__traits.hpp
[0.531s] -- Up-to-date: /home/armrs/drone_racing_ros2_ws/install/tello_msgs/include/tello_msgs
[0.531s] -- Up-to-date: /home/armrs/drone_racing_ros2_ws/install/tello_msgs/include/tello_msgs/msg
[0.531s] -- Up-to-date: /home/armrs/drone_racing_ros2_ws/install/tello_msgs/include/tello_msgs/msg/detail
[0.531s] -- Up-to-date: /home/armrs/drone_racing_ros2_ws/install/tello_msgs/include/tello_msgs/msg/detail/flight_data__rosidl_typesupport_introspection_cpp.hpp
[0.531s] -- Up-to-date: /home/armrs/drone_racing_ros2_ws/install/tello_msgs/include/tello_msgs/msg/detail/flight_data__type_support.cpp
[0.531s] -- Up-to-date: /home/armrs/drone_racing_ros2_ws/install/tello_msgs/include/tello_msgs/msg/detail/tello_response__rosidl_typesupport_introspection_cpp.hpp
[0.531s] -- Up-to-date: /home/armrs/drone_racing_ros2_ws/install/tello_msgs/include/tello_msgs/msg/detail/tello_response__type_support.cpp
[0.531s] -- Up-to-date: /home/armrs/drone_racing_ros2_ws/install/tello_msgs/include/tello_msgs/srv
[0.532s] -- Up-to-date: /home/armrs/drone_racing_ros2_ws/install/tello_msgs/include/tello_msgs/srv/detail
[0.532s] -- Up-to-date: /home/armrs/drone_racing_ros2_ws/install/tello_msgs/include/tello_msgs/srv/detail/tello_action__type_support.cpp
[0.532s] -- Up-to-date: /home/armrs/drone_racing_ros2_ws/install/tello_msgs/include/tello_msgs/srv/detail/tello_action__rosidl_typesupport_introspection_cpp.hpp
[0.532s] -- Up-to-date: /home/armrs/drone_racing_ros2_ws/install/tello_msgs/lib/libtello_msgs__rosidl_typesupport_introspection_cpp.so
[0.532s] -- Up-to-date: /home/armrs/drone_racing_ros2_ws/install/tello_msgs/lib/libtello_msgs__rosidl_typesupport_cpp.so
[0.532s] -- Up-to-date: /home/armrs/drone_racing_ros2_ws/install/tello_msgs/share/tello_msgs/environment/pythonpath.sh
[0.533s] -- Up-to-date: /home/armrs/drone_racing_ros2_ws/install/tello_msgs/share/tello_msgs/environment/pythonpath.dsv
[0.533s] -- Up-to-date: /home/armrs/drone_racing_ros2_ws/install/tello_msgs/lib/python3.8/site-packages/tello_msgs/__init__.py
[0.567s] -- Up-to-date: /home/armrs/drone_racing_ros2_ws/install/tello_msgs/lib/python3.8/site-packages/tello_msgs/msg
[0.567s] -- Up-to-date: /home/armrs/drone_racing_ros2_ws/install/tello_msgs/lib/python3.8/site-packages/tello_msgs/msg/_tello_response_s.c
[0.567s] -- Up-to-date: /home/armrs/drone_racing_ros2_ws/install/tello_msgs/lib/python3.8/site-packages/tello_msgs/msg/_flight_data_s.c
[0.568s] -- Up-to-date: /home/armrs/drone_racing_ros2_ws/install/tello_msgs/lib/python3.8/site-packages/tello_msgs/msg/__init__.py
[0.568s] -- Up-to-date: /home/armrs/drone_racing_ros2_ws/install/tello_msgs/lib/python3.8/site-packages/tello_msgs/msg/_flight_data.py
[0.568s] -- Up-to-date: /home/armrs/drone_racing_ros2_ws/install/tello_msgs/lib/python3.8/site-packages/tello_msgs/msg/_tello_response.py
[0.568s] -- Up-to-date: /home/armrs/drone_racing_ros2_ws/install/tello_msgs/lib/python3.8/site-packages/tello_msgs/srv
[0.568s] -- Up-to-date: /home/armrs/drone_racing_ros2_ws/install/tello_msgs/lib/python3.8/site-packages/tello_msgs/srv/_tello_action.py
[0.568s] -- Up-to-date: /home/armrs/drone_racing_ros2_ws/install/tello_msgs/lib/python3.8/site-packages/tello_msgs/srv/_tello_action_s.c
[0.568s] -- Up-to-date: /home/armrs/drone_racing_ros2_ws/install/tello_msgs/lib/python3.8/site-packages/tello_msgs/srv/__init__.py
[0.569s] -- Up-to-date: /home/armrs/drone_racing_ros2_ws/install/tello_msgs/lib/python3.8/site-packages/tello_msgs/tello_msgs_s__rosidl_typesupport_fastrtps_c.cpython-38-x86_64-linux-gnu.so
[0.569s] -- Up-to-date: /home/armrs/drone_racing_ros2_ws/install/tello_msgs/lib/python3.8/site-packages/tello_msgs/tello_msgs_s__rosidl_typesupport_introspection_c.cpython-38-x86_64-linux-gnu.so
[0.570s] -- Up-to-date: /home/armrs/drone_racing_ros2_ws/install/tello_msgs/lib/python3.8/site-packages/tello_msgs/tello_msgs_s__rosidl_typesupport_c.cpython-38-x86_64-linux-gnu.so
[0.571s] -- Up-to-date: /home/armrs/drone_racing_ros2_ws/install/tello_msgs/lib/libtello_msgs__python.so
[0.571s] -- Up-to-date: /home/armrs/drone_racing_ros2_ws/install/tello_msgs/share/tello_msgs/msg/FlightData.idl
[0.571s] -- Up-to-date: /home/armrs/drone_racing_ros2_ws/install/tello_msgs/share/tello_msgs/msg/TelloResponse.idl
[0.571s] -- Up-to-date: /home/armrs/drone_racing_ros2_ws/install/tello_msgs/share/tello_msgs/srv/TelloAction.idl
[0.572s] -- Up-to-date: /home/armrs/drone_racing_ros2_ws/install/tello_msgs/share/tello_msgs/msg/FlightData.msg
[0.572s] -- Up-to-date: /home/armrs/drone_racing_ros2_ws/install/tello_msgs/share/tello_msgs/msg/TelloResponse.msg
[0.572s] -- Up-to-date: /home/armrs/drone_racing_ros2_ws/install/tello_msgs/share/tello_msgs/srv/TelloAction.srv
[0.572s] -- Up-to-date: /home/armrs/drone_racing_ros2_ws/install/tello_msgs/share/tello_msgs/srv/TelloAction_Request.msg
[0.572s] -- Up-to-date: /home/armrs/drone_racing_ros2_ws/install/tello_msgs/share/tello_msgs/srv/TelloAction_Response.msg
[0.573s] -- Up-to-date: /home/armrs/drone_racing_ros2_ws/install/tello_msgs/share/ament_index/resource_index/package_run_dependencies/tello_msgs
[0.573s] -- Up-to-date: /home/armrs/drone_racing_ros2_ws/install/tello_msgs/share/ament_index/resource_index/parent_prefix_path/tello_msgs
[0.573s] -- Up-to-date: /home/armrs/drone_racing_ros2_ws/install/tello_msgs/share/tello_msgs/environment/ament_prefix_path.sh
[0.573s] -- Up-to-date: /home/armrs/drone_racing_ros2_ws/install/tello_msgs/share/tello_msgs/environment/ament_prefix_path.dsv
[0.573s] -- Up-to-date: /home/armrs/drone_racing_ros2_ws/install/tello_msgs/share/tello_msgs/environment/path.sh
[0.573s] -- Up-to-date: /home/armrs/drone_racing_ros2_ws/install/tello_msgs/share/tello_msgs/environment/path.dsv
[0.573s] -- Up-to-date: /home/armrs/drone_racing_ros2_ws/install/tello_msgs/share/tello_msgs/local_setup.bash
[0.574s] -- Up-to-date: /home/armrs/drone_racing_ros2_ws/install/tello_msgs/share/tello_msgs/local_setup.sh
[0.574s] -- Up-to-date: /home/armrs/drone_racing_ros2_ws/install/tello_msgs/share/tello_msgs/local_setup.zsh
[0.574s] -- Up-to-date: /home/armrs/drone_racing_ros2_ws/install/tello_msgs/share/tello_msgs/local_setup.dsv
[0.574s] -- Installing: /home/armrs/drone_racing_ros2_ws/install/tello_msgs/share/tello_msgs/package.dsv
[0.574s] -- Up-to-date: /home/armrs/drone_racing_ros2_ws/install/tello_msgs/share/ament_index/resource_index/packages/tello_msgs
[0.574s] -- Up-to-date: /home/armrs/drone_racing_ros2_ws/install/tello_msgs/share/tello_msgs/cmake/tello_msgs__rosidl_generator_cExport.cmake
[0.574s] -- Up-to-date: /home/armrs/drone_racing_ros2_ws/install/tello_msgs/share/tello_msgs/cmake/tello_msgs__rosidl_generator_cExport-noconfig.cmake
[0.575s] -- Up-to-date: /home/armrs/drone_racing_ros2_ws/install/tello_msgs/share/tello_msgs/cmake/tello_msgs__rosidl_typesupport_introspection_cExport.cmake
[0.575s] -- Up-to-date: /home/armrs/drone_racing_ros2_ws/install/tello_msgs/share/tello_msgs/cmake/tello_msgs__rosidl_typesupport_introspection_cExport-noconfig.cmake
[0.575s] -- Up-to-date: /home/armrs/drone_racing_ros2_ws/install/tello_msgs/share/tello_msgs/cmake/tello_msgs__rosidl_typesupport_cExport.cmake
[0.575s] -- Up-to-date: /home/armrs/drone_racing_ros2_ws/install/tello_msgs/share/tello_msgs/cmake/tello_msgs__rosidl_typesupport_cExport-noconfig.cmake
[0.575s] -- Up-to-date: /home/armrs/drone_racing_ros2_ws/install/tello_msgs/share/tello_msgs/cmake/tello_msgs__rosidl_generator_cppExport.cmake
[0.575s] -- Up-to-date: /home/armrs/drone_racing_ros2_ws/install/tello_msgs/share/tello_msgs/cmake/tello_msgs__rosidl_typesupport_introspection_cppExport.cmake
[0.575s] -- Up-to-date: /home/armrs/drone_racing_ros2_ws/install/tello_msgs/share/tello_msgs/cmake/tello_msgs__rosidl_typesupport_introspection_cppExport-noconfig.cmake
[0.575s] -- Up-to-date: /home/armrs/drone_racing_ros2_ws/install/tello_msgs/share/tello_msgs/cmake/tello_msgs__rosidl_typesupport_cppExport.cmake
[0.576s] -- Up-to-date: /home/armrs/drone_racing_ros2_ws/install/tello_msgs/share/tello_msgs/cmake/tello_msgs__rosidl_typesupport_cppExport-noconfig.cmake
[0.576s] -- Up-to-date: /home/armrs/drone_racing_ros2_ws/install/tello_msgs/share/tello_msgs/cmake/rosidl_cmake-extras.cmake
[0.576s] -- Up-to-date: /home/armrs/drone_racing_ros2_ws/install/tello_msgs/share/tello_msgs/cmake/ament_cmake_export_dependencies-extras.cmake
[0.576s] -- Up-to-date: /home/armrs/drone_racing_ros2_ws/install/tello_msgs/share/tello_msgs/cmake/ament_cmake_export_libraries-extras.cmake
[0.576s] -- Up-to-date: /home/armrs/drone_racing_ros2_ws/install/tello_msgs/share/tello_msgs/cmake/ament_cmake_export_targets-extras.cmake
[0.576s] -- Up-to-date: /home/armrs/drone_racing_ros2_ws/install/tello_msgs/share/tello_msgs/cmake/ament_cmake_export_include_directories-extras.cmake
[0.576s] -- Up-to-date: /home/armrs/drone_racing_ros2_ws/install/tello_msgs/share/tello_msgs/cmake/rosidl_cmake_export_typesupport_libraries-extras.cmake
[0.576s] -- Up-to-date: /home/armrs/drone_racing_ros2_ws/install/tello_msgs/share/tello_msgs/cmake/rosidl_cmake_export_typesupport_targets-extras.cmake
[0.577s] -- Up-to-date: /home/armrs/drone_racing_ros2_ws/install/tello_msgs/share/tello_msgs/cmake/tello_msgsConfig.cmake
[0.577s] -- Up-to-date: /home/armrs/drone_racing_ros2_ws/install/tello_msgs/share/tello_msgs/cmake/tello_msgsConfig-version.cmake
[0.577s] -- Up-to-date: /home/armrs/drone_racing_ros2_ws/install/tello_msgs/share/tello_msgs/package.xml
[0.580s] Invoked command in '/home/armrs/drone_racing_ros2_ws/build/tello_msgs' returned '0': CMAKE_PREFIX_PATH=/opt/ros/galactic /usr/bin/cmake --install /home/armrs/drone_racing_ros2_ws/build/tello_msgs
