[0.035s] Invoking command in '/home/armrs/drone_racing_ros2_ws/build/tello_description': CMAKE_PREFIX_PATH=/opt/ros/galactic /usr/bin/cmake /home/armrs/drone_racing_ros2_ws/src/drone_racing_ros2/tello_ros/tello_description -DCMAKE_INSTALL_PREFIX=/home/armrs/drone_racing_ros2_ws/install/tello_description
[0.140s] -- The C compiler identification is GNU 9.4.0
[0.341s] -- The CXX compiler identification is GNU 9.4.0
[0.348s] -- Check for working C compiler: /usr/bin/cc
[0.453s] -- Check for working C compiler: /usr/bin/cc -- works
[0.455s] -- Detecting C compiler ABI info
[0.563s] -- Detecting C compiler ABI info - done
[0.589s] -- Detecting C compile features
[0.590s] -- Detecting C compile features - done
[0.594s] -- Check for working CXX compiler: /usr/bin/c++
[0.726s] -- Check for working CXX compiler: /usr/bin/c++ -- works
[0.727s] -- Detecting CXX compiler ABI info
[0.861s] -- Detecting CXX compiler ABI info - done
[0.879s] -- Detecting CXX compile features
[0.880s] -- Detecting CXX compile features - done
[0.883s] -- Found ament_cmake: 1.1.6 (/opt/ros/galactic/share/ament_cmake/cmake)
[0.925s] -- Found PythonInterp: /usr/bin/python3 (found suitable version "3.8.10", minimum required is "3") 
[0.926s] -- Using PYTHON_EXECUTABLE: /usr/bin/python3
[1.062s] -- creating rules for /home/armrs/drone_racing_ros2_ws/build/tello_description/urdf/tello.urdf
[1.062s] -- creating rules for /home/armrs/drone_racing_ros2_ws/build/tello_description/urdf/tello_1.urdf
[1.063s] -- creating rules for /home/armrs/drone_racing_ros2_ws/build/tello_description/urdf/tello_2.urdf
[1.063s] -- creating rules for /home/armrs/drone_racing_ros2_ws/build/tello_description/urdf/tello_3.urdf
[1.063s] -- creating rules for /home/armrs/drone_racing_ros2_ws/build/tello_description/urdf/tello_4.urdf
[1.063s] -- creating rules for /home/armrs/drone_racing_ros2_ws/build/tello_description/urdf/tello_5.urdf
[1.063s] -- creating rules for /home/armrs/drone_racing_ros2_ws/build/tello_description/urdf/tello_6.urdf
[1.063s] -- creating rules for /home/armrs/drone_racing_ros2_ws/build/tello_description/urdf/tello_7.urdf
[1.063s] -- creating rules for /home/armrs/drone_racing_ros2_ws/build/tello_description/urdf/tello_8.urdf
[1.166s] -- Configuring done
[1.176s] -- Generating done
[1.184s] -- Build files have been written to: /home/armrs/drone_racing_ros2_ws/build/tello_description
[1.202s] Invoked command in '/home/armrs/drone_racing_ros2_ws/build/tello_description' returned '0': CMAKE_PREFIX_PATH=/opt/ros/galactic /usr/bin/cmake /home/armrs/drone_racing_ros2_ws/src/drone_racing_ros2/tello_ros/tello_description -DCMAKE_INSTALL_PREFIX=/home/armrs/drone_racing_ros2_ws/install/tello_description
[1.206s] Invoking command in '/home/armrs/drone_racing_ros2_ws/build/tello_description': CMAKE_PREFIX_PATH=/opt/ros/galactic /usr/bin/cmake --build /home/armrs/drone_racing_ros2_ws/build/tello_description -- -j4 -l4
[1.262s] [35m[1mScanning dependencies of target generate_urdf_6[0m
[1.268s] [35m[1mScanning dependencies of target generate_urdf_1[0m
[1.274s] [35m[1mScanning dependencies of target generate_urdf[0m
[1.278s] [35m[1mScanning dependencies of target generate_urdf_3[0m
[1.282s] [ 11%] [34m[1mGenerate /home/armrs/drone_racing_ros2_ws/build/tello_description/urdf/tello_6.urdf[0m
[1.295s] [ 22%] [34m[1mGenerate /home/armrs/drone_racing_ros2_ws/build/tello_description/urdf/tello_1.urdf[0m
[1.301s] [ 33%] [34m[1mGenerate /home/armrs/drone_racing_ros2_ws/build/tello_description/urdf/tello_3.urdf[0m
[1.302s] [ 44%] [34m[1mGenerate /home/armrs/drone_racing_ros2_ws/build/tello_description/urdf/tello.urdf[0m
[1.365s] [ 44%] Built target generate_urdf_3
[1.382s] [ 44%] Built target generate_urdf
[1.383s] [35m[1mScanning dependencies of target generate_urdf_8[0m
[1.391s] [ 44%] Built target generate_urdf_6
[1.396s] [ 44%] Built target generate_urdf_1
[1.404s] [ 55%] [34m[1mGenerate /home/armrs/drone_racing_ros2_ws/build/tello_description/urdf/tello_8.urdf[0m
[1.405s] [35m[1mScanning dependencies of target generate_urdf_4[0m
[1.409s] [35m[1mScanning dependencies of target generate_urdf_5[0m
[1.426s] [35m[1mScanning dependencies of target generate_urdf_7[0m
[1.429s] [ 66%] [34m[1mGenerate /home/armrs/drone_racing_ros2_ws/build/tello_description/urdf/tello_5.urdf[0m
[1.438s] [ 77%] [34m[1mGenerate /home/armrs/drone_racing_ros2_ws/build/tello_description/urdf/tello_4.urdf[0m
[1.447s] [ 88%] [34m[1mGenerate /home/armrs/drone_racing_ros2_ws/build/tello_description/urdf/tello_7.urdf[0m
[1.500s] [ 88%] Built target generate_urdf_8
[1.509s] [ 88%] Built target generate_urdf_7
[1.519s] [ 88%] Built target generate_urdf_5
[1.521s] [ 88%] Built target generate_urdf_4
[1.526s] [35m[1mScanning dependencies of target generate_urdf_2[0m
[1.539s] [100%] [34m[1mGenerate /home/armrs/drone_racing_ros2_ws/build/tello_description/urdf/tello_2.urdf[0m
[1.577s] [100%] Built target generate_urdf_2
[1.590s] Invoked command in '/home/armrs/drone_racing_ros2_ws/build/tello_description' returned '0': CMAKE_PREFIX_PATH=/opt/ros/galactic /usr/bin/cmake --build /home/armrs/drone_racing_ros2_ws/build/tello_description -- -j4 -l4
[1.593s] Invoking command in '/home/armrs/drone_racing_ros2_ws/build/tello_description': CMAKE_PREFIX_PATH=/opt/ros/galactic /usr/bin/cmake --install /home/armrs/drone_racing_ros2_ws/build/tello_description
[1.603s] -- Install configuration: ""
[1.604s] -- Installing: /home/armrs/drone_racing_ros2_ws/install/tello_description/share/tello_description/urdf
[1.604s] -- Installing: /home/armrs/drone_racing_ros2_ws/install/tello_description/share/tello_description/urdf/tello_7.urdf
[1.604s] -- Installing: /home/armrs/drone_racing_ros2_ws/install/tello_description/share/tello_description/urdf/tello.urdf
[1.604s] -- Installing: /home/armrs/drone_racing_ros2_ws/install/tello_description/share/tello_description/urdf/tello_2.urdf
[1.605s] -- Installing: /home/armrs/drone_racing_ros2_ws/install/tello_description/share/tello_description/urdf/tello_3.urdf
[1.605s] -- Installing: /home/armrs/drone_racing_ros2_ws/install/tello_description/share/tello_description/urdf/tello_6.urdf
[1.605s] -- Installing: /home/armrs/drone_racing_ros2_ws/install/tello_description/share/tello_description/urdf/tello_1.urdf
[1.605s] -- Installing: /home/armrs/drone_racing_ros2_ws/install/tello_description/share/tello_description/urdf/tello_5.urdf
[1.605s] -- Installing: /home/armrs/drone_racing_ros2_ws/install/tello_description/share/tello_description/urdf/tello_8.urdf
[1.606s] -- Installing: /home/armrs/drone_racing_ros2_ws/install/tello_description/share/tello_description/urdf/tello_4.urdf
[1.606s] -- Installing: /home/armrs/drone_racing_ros2_ws/install/tello_description/share/ament_index/resource_index/package_run_dependencies/tello_description
[1.606s] -- Installing: /home/armrs/drone_racing_ros2_ws/install/tello_description/share/ament_index/resource_index/parent_prefix_path/tello_description
[1.607s] -- Installing: /home/armrs/drone_racing_ros2_ws/install/tello_description/share/tello_description/environment/ament_prefix_path.sh
[1.607s] -- Installing: /home/armrs/drone_racing_ros2_ws/install/tello_description/share/tello_description/environment/ament_prefix_path.dsv
[1.608s] -- Installing: /home/armrs/drone_racing_ros2_ws/install/tello_description/share/tello_description/environment/path.sh
[1.608s] -- Installing: /home/armrs/drone_racing_ros2_ws/install/tello_description/share/tello_description/environment/path.dsv
[1.609s] -- Installing: /home/armrs/drone_racing_ros2_ws/install/tello_description/share/tello_description/local_setup.bash
[1.609s] -- Installing: /home/armrs/drone_racing_ros2_ws/install/tello_description/share/tello_description/local_setup.sh
[1.609s] -- Installing: /home/armrs/drone_racing_ros2_ws/install/tello_description/share/tello_description/local_setup.zsh
[1.609s] -- Installing: /home/armrs/drone_racing_ros2_ws/install/tello_description/share/tello_description/local_setup.dsv
[1.609s] -- Installing: /home/armrs/drone_racing_ros2_ws/install/tello_description/share/tello_description/package.dsv
[1.610s] -- Installing: /home/armrs/drone_racing_ros2_ws/install/tello_description/share/ament_index/resource_index/packages/tello_description
[1.610s] -- Installing: /home/armrs/drone_racing_ros2_ws/install/tello_description/share/tello_description/cmake/tello_descriptionConfig.cmake
[1.610s] -- Installing: /home/armrs/drone_racing_ros2_ws/install/tello_description/share/tello_description/cmake/tello_descriptionConfig-version.cmake
[1.610s] -- Installing: /home/armrs/drone_racing_ros2_ws/install/tello_description/share/tello_description/package.xml
[1.613s] Invoked command in '/home/armrs/drone_racing_ros2_ws/build/tello_description' returned '0': CMAKE_PREFIX_PATH=/opt/ros/galactic /usr/bin/cmake --install /home/armrs/drone_racing_ros2_ws/build/tello_description
