[0.234s] DEBUG:colcon:Command line arguments: ['/usr/bin/colcon', 'build']
[0.235s] DEBUG:colcon:Parsed command line arguments: Namespace(allow_overriding=[], ament_cmake_args=None, base_paths=['.'], build_base='build', catkin_cmake_args=None, catkin_skip_building_tests=False, cmake_args=None, cmake_clean_cache=False, cmake_clean_first=False, cmake_force_configure=False, cmake_target=None, cmake_target_skip_unavailable=False, continue_on_error=False, event_handlers=None, executor='parallel', ignore_user_meta=False, install_base='install', log_base=None, log_level=None, main=<bound method BuildVerb.main of <colcon_core.verb.build.BuildVerb object at 0x7fc8d5890340>>, merge_install=False, metas=['./colcon.meta'], mixin=None, mixin_files=None, mixin_verb=('build',), packages_above=None, packages_above_and_dependencies=None, packages_above_depth=None, packages_end=None, packages_ignore=None, packages_ignore_regex=None, packages_select=None, packages_select_build_failed=False, packages_select_by_dep=None, packages_select_regex=None, packages_select_test_failures=False, packages_skip=None, packages_skip_build_finished=False, packages_skip_by_dep=None, packages_skip_regex=None, packages_skip_test_passed=False, packages_skip_up_to=None, packages_start=None, packages_up_to=None, packages_up_to_regex=None, parallel_workers=4, paths=None, symlink_install=False, test_result_base=None, verb_extension=<colcon_core.verb.build.BuildVerb object at 0x7fc8d5890340>, verb_name='build', verb_parser=<colcon_mixin.mixin.mixin_argument.MixinArgumentDecorator object at 0x7fc8d5890b50>)
[0.414s] Level 1:colcon.colcon_core.package_discovery:discover_packages(colcon_meta) check parameters
[0.414s] Level 1:colcon.colcon_core.package_discovery:discover_packages(recursive) check parameters
[0.414s] Level 1:colcon.colcon_core.package_discovery:discover_packages(ignore) check parameters
[0.414s] Level 1:colcon.colcon_core.package_discovery:discover_packages(path) check parameters
[0.414s] Level 1:colcon.colcon_core.package_discovery:discover_packages(colcon_meta) discover
[0.414s] Level 1:colcon.colcon_core.package_discovery:discover_packages(recursive) discover
[0.414s] INFO:colcon.colcon_core.package_discovery:Crawling recursively for packages in '/home/armrs/drone_racing_ros2_ws'
[0.415s] Level 1:colcon.colcon_core.package_identification:_identify(.) by extensions ['ignore', 'ignore_ament_install']
[0.415s] Level 1:colcon.colcon_core.package_identification:_identify(.) by extension 'ignore'
[0.415s] Level 1:colcon.colcon_core.package_identification:_identify(.) by extension 'ignore_ament_install'
[0.415s] Level 1:colcon.colcon_core.package_identification:_identify(.) by extensions ['colcon_pkg']
[0.415s] Level 1:colcon.colcon_core.package_identification:_identify(.) by extension 'colcon_pkg'
[0.415s] Level 1:colcon.colcon_core.package_identification:_identify(.) by extensions ['colcon_meta']
[0.415s] Level 1:colcon.colcon_core.package_identification:_identify(.) by extension 'colcon_meta'
[0.415s] Level 1:colcon.colcon_core.package_identification:_identify(.) by extensions ['ros']
[0.415s] Level 1:colcon.colcon_core.package_identification:_identify(.) by extension 'ros'
[0.427s] Level 1:colcon.colcon_core.package_identification:_identify(.) by extensions ['cmake', 'python']
[0.428s] Level 1:colcon.colcon_core.package_identification:_identify(.) by extension 'cmake'
[0.428s] Level 1:colcon.colcon_core.package_identification:_identify(.) by extension 'python'
[0.428s] Level 1:colcon.colcon_core.package_identification:_identify(.) by extensions ['python_setup_py']
[0.428s] Level 1:colcon.colcon_core.package_identification:_identify(.) by extension 'python_setup_py'
[0.428s] Level 1:colcon.colcon_core.package_identification:_identify(build) by extensions ['ignore', 'ignore_ament_install']
[0.428s] Level 1:colcon.colcon_core.package_identification:_identify(build) by extension 'ignore'
[0.428s] Level 1:colcon.colcon_core.package_identification:_identify(build) ignored
[0.428s] Level 1:colcon.colcon_core.package_identification:_identify(install) by extensions ['ignore', 'ignore_ament_install']
[0.428s] Level 1:colcon.colcon_core.package_identification:_identify(install) by extension 'ignore'
[0.428s] Level 1:colcon.colcon_core.package_identification:_identify(install) ignored
[0.428s] Level 1:colcon.colcon_core.package_identification:_identify(log) by extensions ['ignore', 'ignore_ament_install']
[0.429s] Level 1:colcon.colcon_core.package_identification:_identify(log) by extension 'ignore'
[0.429s] Level 1:colcon.colcon_core.package_identification:_identify(log) ignored
[0.429s] Level 1:colcon.colcon_core.package_identification:_identify(src) by extensions ['ignore', 'ignore_ament_install']
[0.429s] Level 1:colcon.colcon_core.package_identification:_identify(src) by extension 'ignore'
[0.429s] Level 1:colcon.colcon_core.package_identification:_identify(src) by extension 'ignore_ament_install'
[0.429s] Level 1:colcon.colcon_core.package_identification:_identify(src) by extensions ['colcon_pkg']
[0.429s] Level 1:colcon.colcon_core.package_identification:_identify(src) by extension 'colcon_pkg'
[0.429s] Level 1:colcon.colcon_core.package_identification:_identify(src) by extensions ['colcon_meta']
[0.429s] Level 1:colcon.colcon_core.package_identification:_identify(src) by extension 'colcon_meta'
[0.429s] Level 1:colcon.colcon_core.package_identification:_identify(src) by extensions ['ros']
[0.429s] Level 1:colcon.colcon_core.package_identification:_identify(src) by extension 'ros'
[0.429s] Level 1:colcon.colcon_core.package_identification:_identify(src) by extensions ['cmake', 'python']
[0.429s] Level 1:colcon.colcon_core.package_identification:_identify(src) by extension 'cmake'
[0.429s] Level 1:colcon.colcon_core.package_identification:_identify(src) by extension 'python'
[0.429s] Level 1:colcon.colcon_core.package_identification:_identify(src) by extensions ['python_setup_py']
[0.429s] Level 1:colcon.colcon_core.package_identification:_identify(src) by extension 'python_setup_py'
[0.429s] Level 1:colcon.colcon_core.package_identification:_identify(src/drone_racing_ros2) by extensions ['ignore', 'ignore_ament_install']
[0.430s] Level 1:colcon.colcon_core.package_identification:_identify(src/drone_racing_ros2) by extension 'ignore'
[0.430s] Level 1:colcon.colcon_core.package_identification:_identify(src/drone_racing_ros2) by extension 'ignore_ament_install'
[0.430s] Level 1:colcon.colcon_core.package_identification:_identify(src/drone_racing_ros2) by extensions ['colcon_pkg']
[0.430s] Level 1:colcon.colcon_core.package_identification:_identify(src/drone_racing_ros2) by extension 'colcon_pkg'
[0.430s] Level 1:colcon.colcon_core.package_identification:_identify(src/drone_racing_ros2) by extensions ['colcon_meta']
[0.430s] Level 1:colcon.colcon_core.package_identification:_identify(src/drone_racing_ros2) by extension 'colcon_meta'
[0.430s] Level 1:colcon.colcon_core.package_identification:_identify(src/drone_racing_ros2) by extensions ['ros']
[0.430s] Level 1:colcon.colcon_core.package_identification:_identify(src/drone_racing_ros2) by extension 'ros'
[0.430s] Level 1:colcon.colcon_core.package_identification:_identify(src/drone_racing_ros2) by extensions ['cmake', 'python']
[0.430s] Level 1:colcon.colcon_core.package_identification:_identify(src/drone_racing_ros2) by extension 'cmake'
[0.430s] Level 1:colcon.colcon_core.package_identification:_identify(src/drone_racing_ros2) by extension 'python'
[0.430s] Level 1:colcon.colcon_core.package_identification:_identify(src/drone_racing_ros2) by extensions ['python_setup_py']
[0.430s] Level 1:colcon.colcon_core.package_identification:_identify(src/drone_racing_ros2) by extension 'python_setup_py'
[0.430s] Level 1:colcon.colcon_core.package_identification:_identify(src/drone_racing_ros2/ros2_shared) by extensions ['ignore', 'ignore_ament_install']
[0.430s] Level 1:colcon.colcon_core.package_identification:_identify(src/drone_racing_ros2/ros2_shared) by extension 'ignore'
[0.430s] Level 1:colcon.colcon_core.package_identification:_identify(src/drone_racing_ros2/ros2_shared) by extension 'ignore_ament_install'
[0.430s] Level 1:colcon.colcon_core.package_identification:_identify(src/drone_racing_ros2/ros2_shared) by extensions ['colcon_pkg']
[0.430s] Level 1:colcon.colcon_core.package_identification:_identify(src/drone_racing_ros2/ros2_shared) by extension 'colcon_pkg'
[0.431s] Level 1:colcon.colcon_core.package_identification:_identify(src/drone_racing_ros2/ros2_shared) by extensions ['colcon_meta']
[0.431s] Level 1:colcon.colcon_core.package_identification:_identify(src/drone_racing_ros2/ros2_shared) by extension 'colcon_meta'
[0.431s] Level 1:colcon.colcon_core.package_identification:_identify(src/drone_racing_ros2/ros2_shared) by extensions ['ros']
[0.431s] Level 1:colcon.colcon_core.package_identification:_identify(src/drone_racing_ros2/ros2_shared) by extension 'ros'
[0.433s] DEBUG:colcon.colcon_core.package_identification:Package 'src/drone_racing_ros2/ros2_shared' with type 'ros.ament_cmake' and name 'ros2_shared'
[0.433s] Level 1:colcon.colcon_core.package_identification:_identify(src/drone_racing_ros2/tello_ros) by extensions ['ignore', 'ignore_ament_install']
[0.434s] Level 1:colcon.colcon_core.package_identification:_identify(src/drone_racing_ros2/tello_ros) by extension 'ignore'
[0.434s] Level 1:colcon.colcon_core.package_identification:_identify(src/drone_racing_ros2/tello_ros) by extension 'ignore_ament_install'
[0.434s] Level 1:colcon.colcon_core.package_identification:_identify(src/drone_racing_ros2/tello_ros) by extensions ['colcon_pkg']
[0.434s] Level 1:colcon.colcon_core.package_identification:_identify(src/drone_racing_ros2/tello_ros) by extension 'colcon_pkg'
[0.434s] Level 1:colcon.colcon_core.package_identification:_identify(src/drone_racing_ros2/tello_ros) by extensions ['colcon_meta']
[0.434s] Level 1:colcon.colcon_core.package_identification:_identify(src/drone_racing_ros2/tello_ros) by extension 'colcon_meta'
[0.434s] Level 1:colcon.colcon_core.package_identification:_identify(src/drone_racing_ros2/tello_ros) by extensions ['ros']
[0.434s] Level 1:colcon.colcon_core.package_identification:_identify(src/drone_racing_ros2/tello_ros) by extension 'ros'
[0.434s] Level 1:colcon.colcon_core.package_identification:_identify(src/drone_racing_ros2/tello_ros) by extensions ['cmake', 'python']
[0.434s] Level 1:colcon.colcon_core.package_identification:_identify(src/drone_racing_ros2/tello_ros) by extension 'cmake'
[0.434s] Level 1:colcon.colcon_core.package_identification:_identify(src/drone_racing_ros2/tello_ros) by extension 'python'
[0.434s] Level 1:colcon.colcon_core.package_identification:_identify(src/drone_racing_ros2/tello_ros) by extensions ['python_setup_py']
[0.434s] Level 1:colcon.colcon_core.package_identification:_identify(src/drone_racing_ros2/tello_ros) by extension 'python_setup_py'
[0.434s] Level 1:colcon.colcon_core.package_identification:_identify(src/drone_racing_ros2/tello_ros/docker) by extensions ['ignore', 'ignore_ament_install']
[0.434s] Level 1:colcon.colcon_core.package_identification:_identify(src/drone_racing_ros2/tello_ros/docker) by extension 'ignore'
[0.434s] Level 1:colcon.colcon_core.package_identification:_identify(src/drone_racing_ros2/tello_ros/docker) by extension 'ignore_ament_install'
[0.435s] Level 1:colcon.colcon_core.package_identification:_identify(src/drone_racing_ros2/tello_ros/docker) by extensions ['colcon_pkg']
[0.435s] Level 1:colcon.colcon_core.package_identification:_identify(src/drone_racing_ros2/tello_ros/docker) by extension 'colcon_pkg'
[0.435s] Level 1:colcon.colcon_core.package_identification:_identify(src/drone_racing_ros2/tello_ros/docker) by extensions ['colcon_meta']
[0.435s] Level 1:colcon.colcon_core.package_identification:_identify(src/drone_racing_ros2/tello_ros/docker) by extension 'colcon_meta'
[0.435s] Level 1:colcon.colcon_core.package_identification:_identify(src/drone_racing_ros2/tello_ros/docker) by extensions ['ros']
[0.435s] Level 1:colcon.colcon_core.package_identification:_identify(src/drone_racing_ros2/tello_ros/docker) by extension 'ros'
[0.435s] Level 1:colcon.colcon_core.package_identification:_identify(src/drone_racing_ros2/tello_ros/docker) by extensions ['cmake', 'python']
[0.435s] Level 1:colcon.colcon_core.package_identification:_identify(src/drone_racing_ros2/tello_ros/docker) by extension 'cmake'
[0.435s] Level 1:colcon.colcon_core.package_identification:_identify(src/drone_racing_ros2/tello_ros/docker) by extension 'python'
[0.435s] Level 1:colcon.colcon_core.package_identification:_identify(src/drone_racing_ros2/tello_ros/docker) by extensions ['python_setup_py']
[0.435s] Level 1:colcon.colcon_core.package_identification:_identify(src/drone_racing_ros2/tello_ros/docker) by extension 'python_setup_py'
[0.435s] Level 1:colcon.colcon_core.package_identification:_identify(src/drone_racing_ros2/tello_ros/tello_description) by extensions ['ignore', 'ignore_ament_install']
[0.435s] Level 1:colcon.colcon_core.package_identification:_identify(src/drone_racing_ros2/tello_ros/tello_description) by extension 'ignore'
[0.435s] Level 1:colcon.colcon_core.package_identification:_identify(src/drone_racing_ros2/tello_ros/tello_description) by extension 'ignore_ament_install'
[0.435s] Level 1:colcon.colcon_core.package_identification:_identify(src/drone_racing_ros2/tello_ros/tello_description) by extensions ['colcon_pkg']
[0.435s] Level 1:colcon.colcon_core.package_identification:_identify(src/drone_racing_ros2/tello_ros/tello_description) by extension 'colcon_pkg'
[0.435s] Level 1:colcon.colcon_core.package_identification:_identify(src/drone_racing_ros2/tello_ros/tello_description) by extensions ['colcon_meta']
[0.435s] Level 1:colcon.colcon_core.package_identification:_identify(src/drone_racing_ros2/tello_ros/tello_description) by extension 'colcon_meta'
[0.436s] Level 1:colcon.colcon_core.package_identification:_identify(src/drone_racing_ros2/tello_ros/tello_description) by extensions ['ros']
[0.436s] Level 1:colcon.colcon_core.package_identification:_identify(src/drone_racing_ros2/tello_ros/tello_description) by extension 'ros'
[0.436s] DEBUG:colcon.colcon_core.package_identification:Package 'src/drone_racing_ros2/tello_ros/tello_description' with type 'ros.ament_cmake' and name 'tello_description'
[0.436s] Level 1:colcon.colcon_core.package_identification:_identify(src/drone_racing_ros2/tello_ros/tello_driver) by extensions ['ignore', 'ignore_ament_install']
[0.436s] Level 1:colcon.colcon_core.package_identification:_identify(src/drone_racing_ros2/tello_ros/tello_driver) by extension 'ignore'
[0.436s] Level 1:colcon.colcon_core.package_identification:_identify(src/drone_racing_ros2/tello_ros/tello_driver) by extension 'ignore_ament_install'
[0.437s] Level 1:colcon.colcon_core.package_identification:_identify(src/drone_racing_ros2/tello_ros/tello_driver) by extensions ['colcon_pkg']
[0.437s] Level 1:colcon.colcon_core.package_identification:_identify(src/drone_racing_ros2/tello_ros/tello_driver) by extension 'colcon_pkg'
[0.437s] Level 1:colcon.colcon_core.package_identification:_identify(src/drone_racing_ros2/tello_ros/tello_driver) by extensions ['colcon_meta']
[0.437s] Level 1:colcon.colcon_core.package_identification:_identify(src/drone_racing_ros2/tello_ros/tello_driver) by extension 'colcon_meta'
[0.437s] Level 1:colcon.colcon_core.package_identification:_identify(src/drone_racing_ros2/tello_ros/tello_driver) by extensions ['ros']
[0.437s] Level 1:colcon.colcon_core.package_identification:_identify(src/drone_racing_ros2/tello_ros/tello_driver) by extension 'ros'
[0.438s] DEBUG:colcon.colcon_core.package_identification:Package 'src/drone_racing_ros2/tello_ros/tello_driver' with type 'ros.ament_cmake' and name 'tello_driver'
[0.438s] Level 1:colcon.colcon_core.package_identification:_identify(src/drone_racing_ros2/tello_ros/tello_gazebo) by extensions ['ignore', 'ignore_ament_install']
[0.438s] Level 1:colcon.colcon_core.package_identification:_identify(src/drone_racing_ros2/tello_ros/tello_gazebo) by extension 'ignore'
[0.438s] Level 1:colcon.colcon_core.package_identification:_identify(src/drone_racing_ros2/tello_ros/tello_gazebo) by extension 'ignore_ament_install'
[0.439s] Level 1:colcon.colcon_core.package_identification:_identify(src/drone_racing_ros2/tello_ros/tello_gazebo) by extensions ['colcon_pkg']
[0.439s] Level 1:colcon.colcon_core.package_identification:_identify(src/drone_racing_ros2/tello_ros/tello_gazebo) by extension 'colcon_pkg'
[0.439s] Level 1:colcon.colcon_core.package_identification:_identify(src/drone_racing_ros2/tello_ros/tello_gazebo) by extensions ['colcon_meta']
[0.439s] Level 1:colcon.colcon_core.package_identification:_identify(src/drone_racing_ros2/tello_ros/tello_gazebo) by extension 'colcon_meta'
[0.439s] Level 1:colcon.colcon_core.package_identification:_identify(src/drone_racing_ros2/tello_ros/tello_gazebo) by extensions ['ros']
[0.439s] Level 1:colcon.colcon_core.package_identification:_identify(src/drone_racing_ros2/tello_ros/tello_gazebo) by extension 'ros'
[0.440s] DEBUG:colcon.colcon_core.package_identification:Package 'src/drone_racing_ros2/tello_ros/tello_gazebo' with type 'ros.ament_cmake' and name 'tello_gazebo'
[0.440s] Level 1:colcon.colcon_core.package_identification:_identify(src/drone_racing_ros2/tello_ros/tello_msgs) by extensions ['ignore', 'ignore_ament_install']
[0.440s] Level 1:colcon.colcon_core.package_identification:_identify(src/drone_racing_ros2/tello_ros/tello_msgs) by extension 'ignore'
[0.440s] Level 1:colcon.colcon_core.package_identification:_identify(src/drone_racing_ros2/tello_ros/tello_msgs) by extension 'ignore_ament_install'
[0.440s] Level 1:colcon.colcon_core.package_identification:_identify(src/drone_racing_ros2/tello_ros/tello_msgs) by extensions ['colcon_pkg']
[0.440s] Level 1:colcon.colcon_core.package_identification:_identify(src/drone_racing_ros2/tello_ros/tello_msgs) by extension 'colcon_pkg'
[0.440s] Level 1:colcon.colcon_core.package_identification:_identify(src/drone_racing_ros2/tello_ros/tello_msgs) by extensions ['colcon_meta']
[0.440s] Level 1:colcon.colcon_core.package_identification:_identify(src/drone_racing_ros2/tello_ros/tello_msgs) by extension 'colcon_meta'
[0.440s] Level 1:colcon.colcon_core.package_identification:_identify(src/drone_racing_ros2/tello_ros/tello_msgs) by extensions ['ros']
[0.440s] Level 1:colcon.colcon_core.package_identification:_identify(src/drone_racing_ros2/tello_ros/tello_msgs) by extension 'ros'
[0.441s] DEBUG:colcon.colcon_core.package_identification:Package 'src/drone_racing_ros2/tello_ros/tello_msgs' with type 'ros.ament_cmake' and name 'tello_msgs'
[0.441s] Level 1:colcon.colcon_core.package_discovery:discover_packages(recursive) using defaults
[0.441s] Level 1:colcon.colcon_core.package_discovery:discover_packages(ignore) discover
[0.441s] Level 1:colcon.colcon_core.package_discovery:discover_packages(ignore) using defaults
[0.441s] Level 1:colcon.colcon_core.package_discovery:discover_packages(path) discover
[0.441s] Level 1:colcon.colcon_core.package_discovery:discover_packages(path) using defaults
[0.460s] Level 1:colcon.colcon_core.package_discovery:discover_packages(prefix_path) check parameters
[0.460s] Level 1:colcon.colcon_core.package_discovery:discover_packages(prefix_path) discover
[0.463s] DEBUG:colcon.colcon_installed_package_information.package_discovery:Found 275 installed packages in /opt/ros/galactic
[0.475s] Level 1:colcon.colcon_core.package_discovery:discover_packages(prefix_path) using defaults
[0.560s] Level 5:colcon.colcon_core.verb:set package 'ros2_shared' build argument 'cmake_args' from command line to 'None'
[0.560s] Level 5:colcon.colcon_core.verb:set package 'ros2_shared' build argument 'cmake_target' from command line to 'None'
[0.561s] Level 5:colcon.colcon_core.verb:set package 'ros2_shared' build argument 'cmake_target_skip_unavailable' from command line to 'False'
[0.561s] Level 5:colcon.colcon_core.verb:set package 'ros2_shared' build argument 'cmake_clean_cache' from command line to 'False'
[0.561s] Level 5:colcon.colcon_core.verb:set package 'ros2_shared' build argument 'cmake_clean_first' from command line to 'False'
[0.561s] Level 5:colcon.colcon_core.verb:set package 'ros2_shared' build argument 'cmake_force_configure' from command line to 'False'
[0.561s] Level 5:colcon.colcon_core.verb:set package 'ros2_shared' build argument 'ament_cmake_args' from command line to 'None'
[0.561s] Level 5:colcon.colcon_core.verb:set package 'ros2_shared' build argument 'catkin_cmake_args' from command line to 'None'
[0.561s] Level 5:colcon.colcon_core.verb:set package 'ros2_shared' build argument 'catkin_skip_building_tests' from command line to 'False'
[0.561s] DEBUG:colcon.colcon_core.verb:Building package 'ros2_shared' with the following arguments: {'ament_cmake_args': None, 'build_base': '/home/armrs/drone_racing_ros2_ws/build/ros2_shared', 'catkin_cmake_args': None, 'catkin_skip_building_tests': False, 'cmake_args': None, 'cmake_clean_cache': False, 'cmake_clean_first': False, 'cmake_force_configure': False, 'cmake_target': None, 'cmake_target_skip_unavailable': False, 'install_base': '/home/armrs/drone_racing_ros2_ws/install/ros2_shared', 'merge_install': False, 'path': '/home/armrs/drone_racing_ros2_ws/src/drone_racing_ros2/ros2_shared', 'symlink_install': False, 'test_result_base': None}
[0.561s] Level 5:colcon.colcon_core.verb:set package 'tello_description' build argument 'cmake_args' from command line to 'None'
[0.561s] Level 5:colcon.colcon_core.verb:set package 'tello_description' build argument 'cmake_target' from command line to 'None'
[0.561s] Level 5:colcon.colcon_core.verb:set package 'tello_description' build argument 'cmake_target_skip_unavailable' from command line to 'False'
[0.561s] Level 5:colcon.colcon_core.verb:set package 'tello_description' build argument 'cmake_clean_cache' from command line to 'False'
[0.561s] Level 5:colcon.colcon_core.verb:set package 'tello_description' build argument 'cmake_clean_first' from command line to 'False'
[0.561s] Level 5:colcon.colcon_core.verb:set package 'tello_description' build argument 'cmake_force_configure' from command line to 'False'
[0.561s] Level 5:colcon.colcon_core.verb:set package 'tello_description' build argument 'ament_cmake_args' from command line to 'None'
[0.561s] Level 5:colcon.colcon_core.verb:set package 'tello_description' build argument 'catkin_cmake_args' from command line to 'None'
[0.561s] Level 5:colcon.colcon_core.verb:set package 'tello_description' build argument 'catkin_skip_building_tests' from command line to 'False'
[0.561s] DEBUG:colcon.colcon_core.verb:Building package 'tello_description' with the following arguments: {'ament_cmake_args': None, 'build_base': '/home/armrs/drone_racing_ros2_ws/build/tello_description', 'catkin_cmake_args': None, 'catkin_skip_building_tests': False, 'cmake_args': None, 'cmake_clean_cache': False, 'cmake_clean_first': False, 'cmake_force_configure': False, 'cmake_target': None, 'cmake_target_skip_unavailable': False, 'install_base': '/home/armrs/drone_racing_ros2_ws/install/tello_description', 'merge_install': False, 'path': '/home/armrs/drone_racing_ros2_ws/src/drone_racing_ros2/tello_ros/tello_description', 'symlink_install': False, 'test_result_base': None}
[0.562s] Level 5:colcon.colcon_core.verb:set package 'tello_msgs' build argument 'cmake_args' from command line to 'None'
[0.562s] Level 5:colcon.colcon_core.verb:set package 'tello_msgs' build argument 'cmake_target' from command line to 'None'
[0.562s] Level 5:colcon.colcon_core.verb:set package 'tello_msgs' build argument 'cmake_target_skip_unavailable' from command line to 'False'
[0.562s] Level 5:colcon.colcon_core.verb:set package 'tello_msgs' build argument 'cmake_clean_cache' from command line to 'False'
[0.562s] Level 5:colcon.colcon_core.verb:set package 'tello_msgs' build argument 'cmake_clean_first' from command line to 'False'
[0.562s] Level 5:colcon.colcon_core.verb:set package 'tello_msgs' build argument 'cmake_force_configure' from command line to 'False'
[0.562s] Level 5:colcon.colcon_core.verb:set package 'tello_msgs' build argument 'ament_cmake_args' from command line to 'None'
[0.562s] Level 5:colcon.colcon_core.verb:set package 'tello_msgs' build argument 'catkin_cmake_args' from command line to 'None'
[0.562s] Level 5:colcon.colcon_core.verb:set package 'tello_msgs' build argument 'catkin_skip_building_tests' from command line to 'False'
[0.562s] DEBUG:colcon.colcon_core.verb:Building package 'tello_msgs' with the following arguments: {'ament_cmake_args': None, 'build_base': '/home/armrs/drone_racing_ros2_ws/build/tello_msgs', 'catkin_cmake_args': None, 'catkin_skip_building_tests': False, 'cmake_args': None, 'cmake_clean_cache': False, 'cmake_clean_first': False, 'cmake_force_configure': False, 'cmake_target': None, 'cmake_target_skip_unavailable': False, 'install_base': '/home/armrs/drone_racing_ros2_ws/install/tello_msgs', 'merge_install': False, 'path': '/home/armrs/drone_racing_ros2_ws/src/drone_racing_ros2/tello_ros/tello_msgs', 'symlink_install': False, 'test_result_base': None}
[0.563s] Level 5:colcon.colcon_core.verb:set package 'tello_driver' build argument 'cmake_args' from command line to 'None'
[0.563s] Level 5:colcon.colcon_core.verb:set package 'tello_driver' build argument 'cmake_target' from command line to 'None'
[0.563s] Level 5:colcon.colcon_core.verb:set package 'tello_driver' build argument 'cmake_target_skip_unavailable' from command line to 'False'
[0.563s] Level 5:colcon.colcon_core.verb:set package 'tello_driver' build argument 'cmake_clean_cache' from command line to 'False'
[0.563s] Level 5:colcon.colcon_core.verb:set package 'tello_driver' build argument 'cmake_clean_first' from command line to 'False'
[0.563s] Level 5:colcon.colcon_core.verb:set package 'tello_driver' build argument 'cmake_force_configure' from command line to 'False'
[0.563s] Level 5:colcon.colcon_core.verb:set package 'tello_driver' build argument 'ament_cmake_args' from command line to 'None'
[0.563s] Level 5:colcon.colcon_core.verb:set package 'tello_driver' build argument 'catkin_cmake_args' from command line to 'None'
[0.563s] Level 5:colcon.colcon_core.verb:set package 'tello_driver' build argument 'catkin_skip_building_tests' from command line to 'False'
[0.563s] DEBUG:colcon.colcon_core.verb:Building package 'tello_driver' with the following arguments: {'ament_cmake_args': None, 'build_base': '/home/armrs/drone_racing_ros2_ws/build/tello_driver', 'catkin_cmake_args': None, 'catkin_skip_building_tests': False, 'cmake_args': None, 'cmake_clean_cache': False, 'cmake_clean_first': False, 'cmake_force_configure': False, 'cmake_target': None, 'cmake_target_skip_unavailable': False, 'install_base': '/home/armrs/drone_racing_ros2_ws/install/tello_driver', 'merge_install': False, 'path': '/home/armrs/drone_racing_ros2_ws/src/drone_racing_ros2/tello_ros/tello_driver', 'symlink_install': False, 'test_result_base': None}
[0.563s] Level 5:colcon.colcon_core.verb:set package 'tello_gazebo' build argument 'cmake_args' from command line to 'None'
[0.563s] Level 5:colcon.colcon_core.verb:set package 'tello_gazebo' build argument 'cmake_target' from command line to 'None'
[0.563s] Level 5:colcon.colcon_core.verb:set package 'tello_gazebo' build argument 'cmake_target_skip_unavailable' from command line to 'False'
[0.563s] Level 5:colcon.colcon_core.verb:set package 'tello_gazebo' build argument 'cmake_clean_cache' from command line to 'False'
[0.563s] Level 5:colcon.colcon_core.verb:set package 'tello_gazebo' build argument 'cmake_clean_first' from command line to 'False'
[0.563s] Level 5:colcon.colcon_core.verb:set package 'tello_gazebo' build argument 'cmake_force_configure' from command line to 'False'
[0.563s] Level 5:colcon.colcon_core.verb:set package 'tello_gazebo' build argument 'ament_cmake_args' from command line to 'None'
[0.563s] Level 5:colcon.colcon_core.verb:set package 'tello_gazebo' build argument 'catkin_cmake_args' from command line to 'None'
[0.563s] Level 5:colcon.colcon_core.verb:set package 'tello_gazebo' build argument 'catkin_skip_building_tests' from command line to 'False'
[0.563s] DEBUG:colcon.colcon_core.verb:Building package 'tello_gazebo' with the following arguments: {'ament_cmake_args': None, 'build_base': '/home/armrs/drone_racing_ros2_ws/build/tello_gazebo', 'catkin_cmake_args': None, 'catkin_skip_building_tests': False, 'cmake_args': None, 'cmake_clean_cache': False, 'cmake_clean_first': False, 'cmake_force_configure': False, 'cmake_target': None, 'cmake_target_skip_unavailable': False, 'install_base': '/home/armrs/drone_racing_ros2_ws/install/tello_gazebo', 'merge_install': False, 'path': '/home/armrs/drone_racing_ros2_ws/src/drone_racing_ros2/tello_ros/tello_gazebo', 'symlink_install': False, 'test_result_base': None}
[0.564s] INFO:colcon.colcon_core.executor:Executing jobs using 'parallel' executor
[0.565s] DEBUG:colcon.colcon_parallel_executor.executor.parallel:run_until_complete
[0.565s] INFO:colcon.colcon_ros.task.ament_cmake.build:Building ROS package in '/home/armrs/drone_racing_ros2_ws/src/drone_racing_ros2/tello_ros/tello_msgs' with build type 'ament_cmake'
[0.565s] INFO:colcon.colcon_cmake.task.cmake.build:Building CMake package in '/home/armrs/drone_racing_ros2_ws/src/drone_racing_ros2/tello_ros/tello_msgs'
[0.567s] INFO:colcon.colcon_core.plugin_system:Skipping extension 'colcon_core.shell.bat': Not used on non-Windows systems
[0.568s] INFO:colcon.colcon_core.shell:Skip shell extension 'powershell' for command environment: Not usable outside of PowerShell
[0.568s] DEBUG:colcon.colcon_core.shell:Skip shell extension 'dsv' for command environment
[0.572s] INFO:colcon.colcon_ros.task.ament_cmake.build:Building ROS package in '/home/armrs/drone_racing_ros2_ws/src/drone_racing_ros2/ros2_shared' with build type 'ament_cmake'
[0.573s] INFO:colcon.colcon_cmake.task.cmake.build:Building CMake package in '/home/armrs/drone_racing_ros2_ws/src/drone_racing_ros2/ros2_shared'
[0.573s] INFO:colcon.colcon_core.shell:Skip shell extension 'powershell' for command environment: Not usable outside of PowerShell
[0.574s] DEBUG:colcon.colcon_core.shell:Skip shell extension 'dsv' for command environment
[0.580s] INFO:colcon.colcon_ros.task.ament_cmake.build:Building ROS package in '/home/armrs/drone_racing_ros2_ws/src/drone_racing_ros2/tello_ros/tello_description' with build type 'ament_cmake'
[0.580s] INFO:colcon.colcon_cmake.task.cmake.build:Building CMake package in '/home/armrs/drone_racing_ros2_ws/src/drone_racing_ros2/tello_ros/tello_description'
[0.581s] INFO:colcon.colcon_core.shell:Skip shell extension 'powershell' for command environment: Not usable outside of PowerShell
[0.582s] DEBUG:colcon.colcon_core.shell:Skip shell extension 'dsv' for command environment
[0.599s] DEBUG:colcon.colcon_core.event_handler.log_command:Invoking command in '/home/armrs/drone_racing_ros2_ws/build/tello_msgs': CMAKE_PREFIX_PATH=/opt/ros/galactic /usr/bin/cmake --build /home/armrs/drone_racing_ros2_ws/build/tello_msgs -- -j4 -l4
[0.609s] DEBUG:colcon.colcon_core.event_handler.log_command:Invoking command in '/home/armrs/drone_racing_ros2_ws/build/ros2_shared': CMAKE_PREFIX_PATH=/opt/ros/galactic /usr/bin/cmake --build /home/armrs/drone_racing_ros2_ws/build/ros2_shared -- -j4 -l4
[0.618s] DEBUG:colcon.colcon_core.event_handler.log_command:Invoking command in '/home/armrs/drone_racing_ros2_ws/build/tello_description': CMAKE_PREFIX_PATH=/opt/ros/galactic /usr/bin/cmake --build /home/armrs/drone_racing_ros2_ws/build/tello_description -- -j4 -l4
[0.670s] DEBUG:colcon.colcon_core.event_handler.log_command:Invoked command in '/home/armrs/drone_racing_ros2_ws/build/ros2_shared' returned '0': CMAKE_PREFIX_PATH=/opt/ros/galactic /usr/bin/cmake --build /home/armrs/drone_racing_ros2_ws/build/ros2_shared -- -j4 -l4
[0.698s] DEBUG:colcon.colcon_core.event_handler.log_command:Invoking command in '/home/armrs/drone_racing_ros2_ws/build/ros2_shared': CMAKE_PREFIX_PATH=/opt/ros/galactic /usr/bin/cmake --install /home/armrs/drone_racing_ros2_ws/build/ros2_shared
[0.729s] Level 1:colcon.colcon_core.environment:create_environment_scripts_only(ros2_shared)
[0.735s] Level 1:colcon.colcon_core.environment:checking '/home/armrs/drone_racing_ros2_ws/install/ros2_shared' for CMake module files
[0.736s] Level 1:colcon.colcon_core.environment:checking '/home/armrs/drone_racing_ros2_ws/install/ros2_shared' for CMake config files
[0.737s] DEBUG:colcon.colcon_core.event_handler.log_command:Invoked command in '/home/armrs/drone_racing_ros2_ws/build/ros2_shared' returned '0': CMAKE_PREFIX_PATH=/opt/ros/galactic /usr/bin/cmake --install /home/armrs/drone_racing_ros2_ws/build/ros2_shared
[0.737s] Level 1:colcon.colcon_core.shell:create_environment_hook('ros2_shared', 'cmake_prefix_path')
[0.738s] INFO:colcon.colcon_core.shell:Creating environment hook '/home/armrs/drone_racing_ros2_ws/install/ros2_shared/share/ros2_shared/hook/cmake_prefix_path.ps1'
[0.744s] INFO:colcon.colcon_core.shell:Creating environment descriptor '/home/armrs/drone_racing_ros2_ws/install/ros2_shared/share/ros2_shared/hook/cmake_prefix_path.dsv'
[0.745s] INFO:colcon.colcon_core.shell:Creating environment hook '/home/armrs/drone_racing_ros2_ws/install/ros2_shared/share/ros2_shared/hook/cmake_prefix_path.sh'
[0.747s] Level 1:colcon.colcon_core.environment:checking '/home/armrs/drone_racing_ros2_ws/install/ros2_shared/bin'
[0.748s] Level 1:colcon.colcon_core.environment:checking '/home/armrs/drone_racing_ros2_ws/install/ros2_shared/lib/pkgconfig/ros2_shared.pc'
[0.751s] Level 1:colcon.colcon_core.environment:checking '/home/armrs/drone_racing_ros2_ws/install/ros2_shared/lib/python3.8/site-packages'
[0.752s] Level 1:colcon.colcon_core.environment:checking '/home/armrs/drone_racing_ros2_ws/install/ros2_shared/bin'
[0.753s] INFO:colcon.colcon_core.shell:Creating package script '/home/armrs/drone_racing_ros2_ws/install/ros2_shared/share/ros2_shared/package.ps1'
[0.758s] INFO:colcon.colcon_core.shell:Creating package descriptor '/home/armrs/drone_racing_ros2_ws/install/ros2_shared/share/ros2_shared/package.dsv'
[0.759s] INFO:colcon.colcon_core.shell:Creating package script '/home/armrs/drone_racing_ros2_ws/install/ros2_shared/share/ros2_shared/package.sh'
[0.764s] INFO:colcon.colcon_core.shell:Creating package script '/home/armrs/drone_racing_ros2_ws/install/ros2_shared/share/ros2_shared/package.bash'
[0.766s] INFO:colcon.colcon_core.shell:Creating package script '/home/armrs/drone_racing_ros2_ws/install/ros2_shared/share/ros2_shared/package.zsh'
[0.768s] Level 1:colcon.colcon_core.environment:create_file_with_runtime_dependencies(/home/armrs/drone_racing_ros2_ws/install/ros2_shared/share/colcon-core/packages/ros2_shared)
[0.769s] Level 1:colcon.colcon_core.environment:create_environment_scripts_only(ros2_shared)
[0.770s] Level 1:colcon.colcon_core.environment:checking '/home/armrs/drone_racing_ros2_ws/install/ros2_shared' for CMake module files
[0.771s] Level 1:colcon.colcon_core.environment:checking '/home/armrs/drone_racing_ros2_ws/install/ros2_shared' for CMake config files
[0.771s] Level 1:colcon.colcon_core.shell:create_environment_hook('ros2_shared', 'cmake_prefix_path')
[0.772s] INFO:colcon.colcon_core.shell:Creating environment hook '/home/armrs/drone_racing_ros2_ws/install/ros2_shared/share/ros2_shared/hook/cmake_prefix_path.ps1'
[0.784s] INFO:colcon.colcon_core.shell:Creating environment descriptor '/home/armrs/drone_racing_ros2_ws/install/ros2_shared/share/ros2_shared/hook/cmake_prefix_path.dsv'
[0.785s] INFO:colcon.colcon_core.shell:Creating environment hook '/home/armrs/drone_racing_ros2_ws/install/ros2_shared/share/ros2_shared/hook/cmake_prefix_path.sh'
[0.786s] Level 1:colcon.colcon_core.environment:checking '/home/armrs/drone_racing_ros2_ws/install/ros2_shared/bin'
[0.786s] Level 1:colcon.colcon_core.environment:checking '/home/armrs/drone_racing_ros2_ws/install/ros2_shared/lib/pkgconfig/ros2_shared.pc'
[0.787s] Level 1:colcon.colcon_core.environment:checking '/home/armrs/drone_racing_ros2_ws/install/ros2_shared/lib/python3.8/site-packages'
[0.787s] Level 1:colcon.colcon_core.environment:checking '/home/armrs/drone_racing_ros2_ws/install/ros2_shared/bin'
[0.788s] INFO:colcon.colcon_core.shell:Creating package script '/home/armrs/drone_racing_ros2_ws/install/ros2_shared/share/ros2_shared/package.ps1'
[0.789s] INFO:colcon.colcon_core.shell:Creating package descriptor '/home/armrs/drone_racing_ros2_ws/install/ros2_shared/share/ros2_shared/package.dsv'
[0.790s] INFO:colcon.colcon_core.shell:Creating package script '/home/armrs/drone_racing_ros2_ws/install/ros2_shared/share/ros2_shared/package.sh'
[0.791s] INFO:colcon.colcon_core.shell:Creating package script '/home/armrs/drone_racing_ros2_ws/install/ros2_shared/share/ros2_shared/package.bash'
[0.793s] INFO:colcon.colcon_core.shell:Creating package script '/home/armrs/drone_racing_ros2_ws/install/ros2_shared/share/ros2_shared/package.zsh'
[0.796s] Level 1:colcon.colcon_core.environment:create_file_with_runtime_dependencies(/home/armrs/drone_racing_ros2_ws/install/ros2_shared/share/colcon-core/packages/ros2_shared)
[1.064s] DEBUG:colcon.colcon_core.event_handler.log_command:Invoked command in '/home/armrs/drone_racing_ros2_ws/build/tello_description' returned '0': CMAKE_PREFIX_PATH=/opt/ros/galactic /usr/bin/cmake --build /home/armrs/drone_racing_ros2_ws/build/tello_description -- -j4 -l4
[1.065s] DEBUG:colcon.colcon_core.event_handler.log_command:Invoking command in '/home/armrs/drone_racing_ros2_ws/build/tello_description': CMAKE_PREFIX_PATH=/opt/ros/galactic /usr/bin/cmake --install /home/armrs/drone_racing_ros2_ws/build/tello_description
[1.090s] Level 1:colcon.colcon_core.environment:create_environment_scripts_only(tello_description)
[1.091s] Level 1:colcon.colcon_core.environment:checking '/home/armrs/drone_racing_ros2_ws/install/tello_description' for CMake module files
[1.092s] Level 1:colcon.colcon_core.environment:checking '/home/armrs/drone_racing_ros2_ws/install/tello_description' for CMake config files
[1.093s] Level 1:colcon.colcon_core.shell:create_environment_hook('tello_description', 'cmake_prefix_path')
[1.094s] INFO:colcon.colcon_core.shell:Creating environment hook '/home/armrs/drone_racing_ros2_ws/install/tello_description/share/tello_description/hook/cmake_prefix_path.ps1'
[1.095s] INFO:colcon.colcon_core.shell:Creating environment descriptor '/home/armrs/drone_racing_ros2_ws/install/tello_description/share/tello_description/hook/cmake_prefix_path.dsv'
[1.097s] INFO:colcon.colcon_core.shell:Creating environment hook '/home/armrs/drone_racing_ros2_ws/install/tello_description/share/tello_description/hook/cmake_prefix_path.sh'
[1.098s] DEBUG:colcon.colcon_core.event_handler.log_command:Invoked command in '/home/armrs/drone_racing_ros2_ws/build/tello_description' returned '0': CMAKE_PREFIX_PATH=/opt/ros/galactic /usr/bin/cmake --install /home/armrs/drone_racing_ros2_ws/build/tello_description
[1.098s] Level 1:colcon.colcon_core.environment:checking '/home/armrs/drone_racing_ros2_ws/install/tello_description/bin'
[1.099s] Level 1:colcon.colcon_core.environment:checking '/home/armrs/drone_racing_ros2_ws/install/tello_description/lib/pkgconfig/tello_description.pc'
[1.099s] Level 1:colcon.colcon_core.environment:checking '/home/armrs/drone_racing_ros2_ws/install/tello_description/lib/python3.8/site-packages'
[1.099s] Level 1:colcon.colcon_core.environment:checking '/home/armrs/drone_racing_ros2_ws/install/tello_description/bin'
[1.101s] INFO:colcon.colcon_core.shell:Creating package script '/home/armrs/drone_racing_ros2_ws/install/tello_description/share/tello_description/package.ps1'
[1.102s] INFO:colcon.colcon_core.shell:Creating package descriptor '/home/armrs/drone_racing_ros2_ws/install/tello_description/share/tello_description/package.dsv'
[1.102s] INFO:colcon.colcon_core.shell:Creating package script '/home/armrs/drone_racing_ros2_ws/install/tello_description/share/tello_description/package.sh'
[1.103s] INFO:colcon.colcon_core.shell:Creating package script '/home/armrs/drone_racing_ros2_ws/install/tello_description/share/tello_description/package.bash'
[1.104s] INFO:colcon.colcon_core.shell:Creating package script '/home/armrs/drone_racing_ros2_ws/install/tello_description/share/tello_description/package.zsh'
[1.104s] Level 1:colcon.colcon_core.environment:create_file_with_runtime_dependencies(/home/armrs/drone_racing_ros2_ws/install/tello_description/share/colcon-core/packages/tello_description)
[1.105s] Level 1:colcon.colcon_core.environment:create_environment_scripts_only(tello_description)
[1.106s] Level 1:colcon.colcon_core.environment:checking '/home/armrs/drone_racing_ros2_ws/install/tello_description' for CMake module files
[1.107s] Level 1:colcon.colcon_core.environment:checking '/home/armrs/drone_racing_ros2_ws/install/tello_description' for CMake config files
[1.108s] Level 1:colcon.colcon_core.shell:create_environment_hook('tello_description', 'cmake_prefix_path')
[1.108s] INFO:colcon.colcon_core.shell:Creating environment hook '/home/armrs/drone_racing_ros2_ws/install/tello_description/share/tello_description/hook/cmake_prefix_path.ps1'
[1.109s] INFO:colcon.colcon_core.shell:Creating environment descriptor '/home/armrs/drone_racing_ros2_ws/install/tello_description/share/tello_description/hook/cmake_prefix_path.dsv'
[1.109s] INFO:colcon.colcon_core.shell:Creating environment hook '/home/armrs/drone_racing_ros2_ws/install/tello_description/share/tello_description/hook/cmake_prefix_path.sh'
[1.110s] Level 1:colcon.colcon_core.environment:checking '/home/armrs/drone_racing_ros2_ws/install/tello_description/bin'
[1.110s] Level 1:colcon.colcon_core.environment:checking '/home/armrs/drone_racing_ros2_ws/install/tello_description/lib/pkgconfig/tello_description.pc'
[1.110s] Level 1:colcon.colcon_core.environment:checking '/home/armrs/drone_racing_ros2_ws/install/tello_description/lib/python3.8/site-packages'
[1.110s] Level 1:colcon.colcon_core.environment:checking '/home/armrs/drone_racing_ros2_ws/install/tello_description/bin'
[1.111s] INFO:colcon.colcon_core.shell:Creating package script '/home/armrs/drone_racing_ros2_ws/install/tello_description/share/tello_description/package.ps1'
[1.111s] INFO:colcon.colcon_core.shell:Creating package descriptor '/home/armrs/drone_racing_ros2_ws/install/tello_description/share/tello_description/package.dsv'
[1.112s] INFO:colcon.colcon_core.shell:Creating package script '/home/armrs/drone_racing_ros2_ws/install/tello_description/share/tello_description/package.sh'
[1.112s] INFO:colcon.colcon_core.shell:Creating package script '/home/armrs/drone_racing_ros2_ws/install/tello_description/share/tello_description/package.bash'
[1.113s] INFO:colcon.colcon_core.shell:Creating package script '/home/armrs/drone_racing_ros2_ws/install/tello_description/share/tello_description/package.zsh'
[1.113s] Level 1:colcon.colcon_core.environment:create_file_with_runtime_dependencies(/home/armrs/drone_racing_ros2_ws/install/tello_description/share/colcon-core/packages/tello_description)
[1.121s] DEBUG:colcon.colcon_core.event_handler.log_command:Invoked command in '/home/armrs/drone_racing_ros2_ws/build/tello_msgs' returned '0': CMAKE_PREFIX_PATH=/opt/ros/galactic /usr/bin/cmake --build /home/armrs/drone_racing_ros2_ws/build/tello_msgs -- -j4 -l4
[1.125s] DEBUG:colcon.colcon_core.event_handler.log_command:Invoking command in '/home/armrs/drone_racing_ros2_ws/build/tello_msgs': CMAKE_PREFIX_PATH=/opt/ros/galactic /usr/bin/cmake --install /home/armrs/drone_racing_ros2_ws/build/tello_msgs
[1.193s] Level 1:colcon.colcon_core.environment:create_environment_scripts_only(tello_msgs)
[1.194s] Level 1:colcon.colcon_core.environment:checking '/home/armrs/drone_racing_ros2_ws/install/tello_msgs' for CMake module files
[1.197s] Level 1:colcon.colcon_core.environment:checking '/home/armrs/drone_racing_ros2_ws/install/tello_msgs' for CMake config files
[1.198s] DEBUG:colcon.colcon_core.event_handler.log_command:Invoked command in '/home/armrs/drone_racing_ros2_ws/build/tello_msgs' returned '0': CMAKE_PREFIX_PATH=/opt/ros/galactic /usr/bin/cmake --install /home/armrs/drone_racing_ros2_ws/build/tello_msgs
[1.199s] Level 1:colcon.colcon_core.shell:create_environment_hook('tello_msgs', 'cmake_prefix_path')
[1.200s] INFO:colcon.colcon_core.shell:Creating environment hook '/home/armrs/drone_racing_ros2_ws/install/tello_msgs/share/tello_msgs/hook/cmake_prefix_path.ps1'
[1.200s] INFO:colcon.colcon_core.shell:Creating environment descriptor '/home/armrs/drone_racing_ros2_ws/install/tello_msgs/share/tello_msgs/hook/cmake_prefix_path.dsv'
[1.201s] INFO:colcon.colcon_core.shell:Creating environment hook '/home/armrs/drone_racing_ros2_ws/install/tello_msgs/share/tello_msgs/hook/cmake_prefix_path.sh'
[1.202s] Level 1:colcon.colcon_core.environment:checking '/home/armrs/drone_racing_ros2_ws/install/tello_msgs/lib'
[1.202s] Level 1:colcon.colcon_core.shell:create_environment_hook('tello_msgs', 'ld_library_path_lib')
[1.202s] INFO:colcon.colcon_core.shell:Creating environment hook '/home/armrs/drone_racing_ros2_ws/install/tello_msgs/share/tello_msgs/hook/ld_library_path_lib.ps1'
[1.203s] INFO:colcon.colcon_core.shell:Creating environment descriptor '/home/armrs/drone_racing_ros2_ws/install/tello_msgs/share/tello_msgs/hook/ld_library_path_lib.dsv'
[1.203s] INFO:colcon.colcon_core.shell:Creating environment hook '/home/armrs/drone_racing_ros2_ws/install/tello_msgs/share/tello_msgs/hook/ld_library_path_lib.sh'
[1.203s] Level 1:colcon.colcon_core.environment:checking '/home/armrs/drone_racing_ros2_ws/install/tello_msgs/bin'
[1.204s] Level 1:colcon.colcon_core.environment:checking '/home/armrs/drone_racing_ros2_ws/install/tello_msgs/lib/pkgconfig/tello_msgs.pc'
[1.204s] Level 1:colcon.colcon_core.environment:checking '/home/armrs/drone_racing_ros2_ws/install/tello_msgs/lib/python3.8/site-packages'
[1.204s] Level 1:colcon.colcon_core.shell:create_environment_hook('tello_msgs', 'pythonpath')
[1.204s] INFO:colcon.colcon_core.shell:Creating environment hook '/home/armrs/drone_racing_ros2_ws/install/tello_msgs/share/tello_msgs/hook/pythonpath.ps1'
[1.205s] INFO:colcon.colcon_core.shell:Creating environment descriptor '/home/armrs/drone_racing_ros2_ws/install/tello_msgs/share/tello_msgs/hook/pythonpath.dsv'
[1.205s] INFO:colcon.colcon_core.shell:Creating environment hook '/home/armrs/drone_racing_ros2_ws/install/tello_msgs/share/tello_msgs/hook/pythonpath.sh'
[1.206s] Level 1:colcon.colcon_core.environment:checking '/home/armrs/drone_racing_ros2_ws/install/tello_msgs/bin'
[1.206s] INFO:colcon.colcon_core.shell:Creating package script '/home/armrs/drone_racing_ros2_ws/install/tello_msgs/share/tello_msgs/package.ps1'
[1.207s] INFO:colcon.colcon_core.shell:Creating package descriptor '/home/armrs/drone_racing_ros2_ws/install/tello_msgs/share/tello_msgs/package.dsv'
[1.207s] INFO:colcon.colcon_core.shell:Creating package script '/home/armrs/drone_racing_ros2_ws/install/tello_msgs/share/tello_msgs/package.sh'
[1.208s] INFO:colcon.colcon_core.shell:Creating package script '/home/armrs/drone_racing_ros2_ws/install/tello_msgs/share/tello_msgs/package.bash'
[1.209s] INFO:colcon.colcon_core.shell:Creating package script '/home/armrs/drone_racing_ros2_ws/install/tello_msgs/share/tello_msgs/package.zsh'
[1.209s] Level 1:colcon.colcon_core.environment:create_file_with_runtime_dependencies(/home/armrs/drone_racing_ros2_ws/install/tello_msgs/share/colcon-core/packages/tello_msgs)
[1.210s] Level 1:colcon.colcon_core.environment:create_environment_scripts_only(tello_msgs)
[1.210s] Level 1:colcon.colcon_core.environment:checking '/home/armrs/drone_racing_ros2_ws/install/tello_msgs' for CMake module files
[1.211s] Level 1:colcon.colcon_core.environment:checking '/home/armrs/drone_racing_ros2_ws/install/tello_msgs' for CMake config files
[1.211s] Level 1:colcon.colcon_core.shell:create_environment_hook('tello_msgs', 'cmake_prefix_path')
[1.211s] INFO:colcon.colcon_core.shell:Creating environment hook '/home/armrs/drone_racing_ros2_ws/install/tello_msgs/share/tello_msgs/hook/cmake_prefix_path.ps1'
[1.212s] INFO:colcon.colcon_core.shell:Creating environment descriptor '/home/armrs/drone_racing_ros2_ws/install/tello_msgs/share/tello_msgs/hook/cmake_prefix_path.dsv'
[1.212s] INFO:colcon.colcon_core.shell:Creating environment hook '/home/armrs/drone_racing_ros2_ws/install/tello_msgs/share/tello_msgs/hook/cmake_prefix_path.sh'
[1.213s] Level 1:colcon.colcon_core.environment:checking '/home/armrs/drone_racing_ros2_ws/install/tello_msgs/lib'
[1.213s] Level 1:colcon.colcon_core.shell:create_environment_hook('tello_msgs', 'ld_library_path_lib')
[1.213s] INFO:colcon.colcon_core.shell:Creating environment hook '/home/armrs/drone_racing_ros2_ws/install/tello_msgs/share/tello_msgs/hook/ld_library_path_lib.ps1'
[1.214s] INFO:colcon.colcon_core.shell:Creating environment descriptor '/home/armrs/drone_racing_ros2_ws/install/tello_msgs/share/tello_msgs/hook/ld_library_path_lib.dsv'
[1.214s] INFO:colcon.colcon_core.shell:Creating environment hook '/home/armrs/drone_racing_ros2_ws/install/tello_msgs/share/tello_msgs/hook/ld_library_path_lib.sh'
[1.214s] Level 1:colcon.colcon_core.environment:checking '/home/armrs/drone_racing_ros2_ws/install/tello_msgs/bin'
[1.214s] Level 1:colcon.colcon_core.environment:checking '/home/armrs/drone_racing_ros2_ws/install/tello_msgs/lib/pkgconfig/tello_msgs.pc'
[1.215s] Level 1:colcon.colcon_core.environment:checking '/home/armrs/drone_racing_ros2_ws/install/tello_msgs/lib/python3.8/site-packages'
[1.215s] Level 1:colcon.colcon_core.shell:create_environment_hook('tello_msgs', 'pythonpath')
[1.215s] INFO:colcon.colcon_core.shell:Creating environment hook '/home/armrs/drone_racing_ros2_ws/install/tello_msgs/share/tello_msgs/hook/pythonpath.ps1'
[1.215s] INFO:colcon.colcon_core.shell:Creating environment descriptor '/home/armrs/drone_racing_ros2_ws/install/tello_msgs/share/tello_msgs/hook/pythonpath.dsv'
[1.216s] INFO:colcon.colcon_core.shell:Creating environment hook '/home/armrs/drone_racing_ros2_ws/install/tello_msgs/share/tello_msgs/hook/pythonpath.sh'
[1.217s] Level 1:colcon.colcon_core.environment:checking '/home/armrs/drone_racing_ros2_ws/install/tello_msgs/bin'
[1.217s] INFO:colcon.colcon_core.shell:Creating package script '/home/armrs/drone_racing_ros2_ws/install/tello_msgs/share/tello_msgs/package.ps1'
[1.218s] INFO:colcon.colcon_core.shell:Creating package descriptor '/home/armrs/drone_racing_ros2_ws/install/tello_msgs/share/tello_msgs/package.dsv'
[1.218s] INFO:colcon.colcon_core.shell:Creating package script '/home/armrs/drone_racing_ros2_ws/install/tello_msgs/share/tello_msgs/package.sh'
[1.219s] INFO:colcon.colcon_core.shell:Creating package script '/home/armrs/drone_racing_ros2_ws/install/tello_msgs/share/tello_msgs/package.bash'
[1.219s] INFO:colcon.colcon_core.shell:Creating package script '/home/armrs/drone_racing_ros2_ws/install/tello_msgs/share/tello_msgs/package.zsh'
[1.220s] Level 1:colcon.colcon_core.environment:create_file_with_runtime_dependencies(/home/armrs/drone_racing_ros2_ws/install/tello_msgs/share/colcon-core/packages/tello_msgs)
[1.220s] INFO:colcon.colcon_ros.task.ament_cmake.build:Building ROS package in '/home/armrs/drone_racing_ros2_ws/src/drone_racing_ros2/tello_ros/tello_driver' with build type 'ament_cmake'
[1.220s] INFO:colcon.colcon_cmake.task.cmake.build:Building CMake package in '/home/armrs/drone_racing_ros2_ws/src/drone_racing_ros2/tello_ros/tello_driver'
[1.221s] INFO:colcon.colcon_core.shell:Skip shell extension 'powershell' for command environment: Not usable outside of PowerShell
[1.221s] DEBUG:colcon.colcon_core.shell:Skip shell extension 'dsv' for command environment
[1.228s] INFO:colcon.colcon_ros.task.ament_cmake.build:Building ROS package in '/home/armrs/drone_racing_ros2_ws/src/drone_racing_ros2/tello_ros/tello_gazebo' with build type 'ament_cmake'
[1.229s] INFO:colcon.colcon_cmake.task.cmake.build:Building CMake package in '/home/armrs/drone_racing_ros2_ws/src/drone_racing_ros2/tello_ros/tello_gazebo'
[1.229s] INFO:colcon.colcon_core.shell:Skip shell extension 'powershell' for command environment: Not usable outside of PowerShell
[1.230s] DEBUG:colcon.colcon_core.shell:Skip shell extension 'dsv' for command environment
[1.245s] DEBUG:colcon.colcon_core.event_handler.log_command:Invoking command in '/home/armrs/drone_racing_ros2_ws/build/tello_driver': AMENT_PREFIX_PATH=/home/armrs/drone_racing_ros2_ws/install/tello_msgs:/home/armrs/drone_racing_ros2_ws/install/ros2_shared:${AMENT_PREFIX_PATH} CMAKE_PREFIX_PATH=/home/armrs/drone_racing_ros2_ws/install/tello_msgs:/home/armrs/drone_racing_ros2_ws/install/ros2_shared:/opt/ros/galactic LD_LIBRARY_PATH=/home/armrs/drone_racing_ros2_ws/install/tello_msgs/lib:${LD_LIBRARY_PATH} PYTHONPATH=/home/armrs/drone_racing_ros2_ws/install/tello_msgs/lib/python3.8/site-packages:${PYTHONPATH} /usr/bin/cmake --build /home/armrs/drone_racing_ros2_ws/build/tello_driver -- -j4 -l4
[1.257s] DEBUG:colcon.colcon_core.event_handler.log_command:Invoking command in '/home/armrs/drone_racing_ros2_ws/build/tello_gazebo': AMENT_PREFIX_PATH=/home/armrs/drone_racing_ros2_ws/install/tello_msgs:${AMENT_PREFIX_PATH} CMAKE_PREFIX_PATH=/home/armrs/drone_racing_ros2_ws/install/tello_msgs:/opt/ros/galactic LD_LIBRARY_PATH=/home/armrs/drone_racing_ros2_ws/install/tello_msgs/lib:${LD_LIBRARY_PATH} PYTHONPATH=/home/armrs/drone_racing_ros2_ws/install/tello_msgs/lib/python3.8/site-packages:${PYTHONPATH} /usr/bin/cmake --build /home/armrs/drone_racing_ros2_ws/build/tello_gazebo -- -j4 -l4
[1.412s] DEBUG:colcon.colcon_core.event_handler.log_command:Invoked command in '/home/armrs/drone_racing_ros2_ws/build/tello_gazebo' returned '0': AMENT_PREFIX_PATH=/home/armrs/drone_racing_ros2_ws/install/tello_msgs:${AMENT_PREFIX_PATH} CMAKE_PREFIX_PATH=/home/armrs/drone_racing_ros2_ws/install/tello_msgs:/opt/ros/galactic LD_LIBRARY_PATH=/home/armrs/drone_racing_ros2_ws/install/tello_msgs/lib:${LD_LIBRARY_PATH} PYTHONPATH=/home/armrs/drone_racing_ros2_ws/install/tello_msgs/lib/python3.8/site-packages:${PYTHONPATH} /usr/bin/cmake --build /home/armrs/drone_racing_ros2_ws/build/tello_gazebo -- -j4 -l4
[1.416s] DEBUG:colcon.colcon_core.event_handler.log_command:Invoking command in '/home/armrs/drone_racing_ros2_ws/build/tello_gazebo': AMENT_PREFIX_PATH=/home/armrs/drone_racing_ros2_ws/install/tello_msgs:${AMENT_PREFIX_PATH} CMAKE_PREFIX_PATH=/home/armrs/drone_racing_ros2_ws/install/tello_msgs:/opt/ros/galactic LD_LIBRARY_PATH=/home/armrs/drone_racing_ros2_ws/install/tello_msgs/lib:${LD_LIBRARY_PATH} PYTHONPATH=/home/armrs/drone_racing_ros2_ws/install/tello_msgs/lib/python3.8/site-packages:${PYTHONPATH} /usr/bin/cmake --install /home/armrs/drone_racing_ros2_ws/build/tello_gazebo
[1.419s] DEBUG:colcon.colcon_core.event_handler.log_command:Invoked command in '/home/armrs/drone_racing_ros2_ws/build/tello_driver' returned '0': AMENT_PREFIX_PATH=/home/armrs/drone_racing_ros2_ws/install/tello_msgs:/home/armrs/drone_racing_ros2_ws/install/ros2_shared:${AMENT_PREFIX_PATH} CMAKE_PREFIX_PATH=/home/armrs/drone_racing_ros2_ws/install/tello_msgs:/home/armrs/drone_racing_ros2_ws/install/ros2_shared:/opt/ros/galactic LD_LIBRARY_PATH=/home/armrs/drone_racing_ros2_ws/install/tello_msgs/lib:${LD_LIBRARY_PATH} PYTHONPATH=/home/armrs/drone_racing_ros2_ws/install/tello_msgs/lib/python3.8/site-packages:${PYTHONPATH} /usr/bin/cmake --build /home/armrs/drone_racing_ros2_ws/build/tello_driver -- -j4 -l4
[1.423s] DEBUG:colcon.colcon_core.event_handler.log_command:Invoking command in '/home/armrs/drone_racing_ros2_ws/build/tello_driver': AMENT_PREFIX_PATH=/home/armrs/drone_racing_ros2_ws/install/tello_msgs:/home/armrs/drone_racing_ros2_ws/install/ros2_shared:${AMENT_PREFIX_PATH} CMAKE_PREFIX_PATH=/home/armrs/drone_racing_ros2_ws/install/tello_msgs:/home/armrs/drone_racing_ros2_ws/install/ros2_shared:/opt/ros/galactic LD_LIBRARY_PATH=/home/armrs/drone_racing_ros2_ws/install/tello_msgs/lib:${LD_LIBRARY_PATH} PYTHONPATH=/home/armrs/drone_racing_ros2_ws/install/tello_msgs/lib/python3.8/site-packages:${PYTHONPATH} /usr/bin/cmake --install /home/armrs/drone_racing_ros2_ws/build/tello_driver
[1.442s] Level 1:colcon.colcon_core.environment:create_environment_scripts_only(tello_gazebo)
[1.443s] Level 1:colcon.colcon_core.environment:checking '/home/armrs/drone_racing_ros2_ws/install/tello_gazebo' for CMake module files
[1.448s] DEBUG:colcon.colcon_core.event_handler.log_command:Invoked command in '/home/armrs/drone_racing_ros2_ws/build/tello_gazebo' returned '0': AMENT_PREFIX_PATH=/home/armrs/drone_racing_ros2_ws/install/tello_msgs:${AMENT_PREFIX_PATH} CMAKE_PREFIX_PATH=/home/armrs/drone_racing_ros2_ws/install/tello_msgs:/opt/ros/galactic LD_LIBRARY_PATH=/home/armrs/drone_racing_ros2_ws/install/tello_msgs/lib:${LD_LIBRARY_PATH} PYTHONPATH=/home/armrs/drone_racing_ros2_ws/install/tello_msgs/lib/python3.8/site-packages:${PYTHONPATH} /usr/bin/cmake --install /home/armrs/drone_racing_ros2_ws/build/tello_gazebo
[1.449s] Level 1:colcon.colcon_core.environment:checking '/home/armrs/drone_racing_ros2_ws/install/tello_gazebo' for CMake config files
[1.453s] Level 1:colcon.colcon_core.shell:create_environment_hook('tello_gazebo', 'cmake_prefix_path')
[1.453s] INFO:colcon.colcon_core.shell:Creating environment hook '/home/armrs/drone_racing_ros2_ws/install/tello_gazebo/share/tello_gazebo/hook/cmake_prefix_path.ps1'
[1.454s] INFO:colcon.colcon_core.shell:Creating environment descriptor '/home/armrs/drone_racing_ros2_ws/install/tello_gazebo/share/tello_gazebo/hook/cmake_prefix_path.dsv'
[1.455s] INFO:colcon.colcon_core.shell:Creating environment hook '/home/armrs/drone_racing_ros2_ws/install/tello_gazebo/share/tello_gazebo/hook/cmake_prefix_path.sh'
[1.455s] Level 1:colcon.colcon_core.environment:checking '/home/armrs/drone_racing_ros2_ws/install/tello_gazebo/lib'
[1.455s] Level 1:colcon.colcon_core.shell:create_environment_hook('tello_gazebo', 'ld_library_path_lib')
[1.456s] INFO:colcon.colcon_core.shell:Creating environment hook '/home/armrs/drone_racing_ros2_ws/install/tello_gazebo/share/tello_gazebo/hook/ld_library_path_lib.ps1'
[1.456s] INFO:colcon.colcon_core.shell:Creating environment descriptor '/home/armrs/drone_racing_ros2_ws/install/tello_gazebo/share/tello_gazebo/hook/ld_library_path_lib.dsv'
[1.457s] INFO:colcon.colcon_core.shell:Creating environment hook '/home/armrs/drone_racing_ros2_ws/install/tello_gazebo/share/tello_gazebo/hook/ld_library_path_lib.sh'
[1.457s] Level 1:colcon.colcon_core.environment:checking '/home/armrs/drone_racing_ros2_ws/install/tello_gazebo/bin'
[1.457s] Level 1:colcon.colcon_core.environment:checking '/home/armrs/drone_racing_ros2_ws/install/tello_gazebo/lib/pkgconfig/tello_gazebo.pc'
[1.458s] Level 1:colcon.colcon_core.environment:checking '/home/armrs/drone_racing_ros2_ws/install/tello_gazebo/lib/python3.8/site-packages'
[1.458s] Level 1:colcon.colcon_core.environment:checking '/home/armrs/drone_racing_ros2_ws/install/tello_gazebo/bin'
[1.458s] INFO:colcon.colcon_core.shell:Creating package script '/home/armrs/drone_racing_ros2_ws/install/tello_gazebo/share/tello_gazebo/package.ps1'
[1.459s] INFO:colcon.colcon_core.shell:Creating package descriptor '/home/armrs/drone_racing_ros2_ws/install/tello_gazebo/share/tello_gazebo/package.dsv'
[1.459s] INFO:colcon.colcon_core.shell:Creating package script '/home/armrs/drone_racing_ros2_ws/install/tello_gazebo/share/tello_gazebo/package.sh'
[1.460s] INFO:colcon.colcon_core.shell:Creating package script '/home/armrs/drone_racing_ros2_ws/install/tello_gazebo/share/tello_gazebo/package.bash'
[1.460s] INFO:colcon.colcon_core.shell:Creating package script '/home/armrs/drone_racing_ros2_ws/install/tello_gazebo/share/tello_gazebo/package.zsh'
[1.461s] Level 1:colcon.colcon_core.environment:create_file_with_runtime_dependencies(/home/armrs/drone_racing_ros2_ws/install/tello_gazebo/share/colcon-core/packages/tello_gazebo)
[1.462s] Level 1:colcon.colcon_core.environment:create_environment_scripts_only(tello_gazebo)
[1.462s] Level 1:colcon.colcon_core.environment:checking '/home/armrs/drone_racing_ros2_ws/install/tello_gazebo' for CMake module files
[1.462s] Level 1:colcon.colcon_core.environment:checking '/home/armrs/drone_racing_ros2_ws/install/tello_gazebo' for CMake config files
[1.463s] Level 1:colcon.colcon_core.shell:create_environment_hook('tello_gazebo', 'cmake_prefix_path')
[1.463s] INFO:colcon.colcon_core.shell:Creating environment hook '/home/armrs/drone_racing_ros2_ws/install/tello_gazebo/share/tello_gazebo/hook/cmake_prefix_path.ps1'
[1.464s] INFO:colcon.colcon_core.shell:Creating environment descriptor '/home/armrs/drone_racing_ros2_ws/install/tello_gazebo/share/tello_gazebo/hook/cmake_prefix_path.dsv'
[1.464s] INFO:colcon.colcon_core.shell:Creating environment hook '/home/armrs/drone_racing_ros2_ws/install/tello_gazebo/share/tello_gazebo/hook/cmake_prefix_path.sh'
[1.465s] Level 1:colcon.colcon_core.environment:checking '/home/armrs/drone_racing_ros2_ws/install/tello_gazebo/lib'
[1.465s] Level 1:colcon.colcon_core.shell:create_environment_hook('tello_gazebo', 'ld_library_path_lib')
[1.465s] INFO:colcon.colcon_core.shell:Creating environment hook '/home/armrs/drone_racing_ros2_ws/install/tello_gazebo/share/tello_gazebo/hook/ld_library_path_lib.ps1'
[1.466s] INFO:colcon.colcon_core.shell:Creating environment descriptor '/home/armrs/drone_racing_ros2_ws/install/tello_gazebo/share/tello_gazebo/hook/ld_library_path_lib.dsv'
[1.466s] INFO:colcon.colcon_core.shell:Creating environment hook '/home/armrs/drone_racing_ros2_ws/install/tello_gazebo/share/tello_gazebo/hook/ld_library_path_lib.sh'
[1.467s] Level 1:colcon.colcon_core.environment:checking '/home/armrs/drone_racing_ros2_ws/install/tello_gazebo/bin'
[1.467s] Level 1:colcon.colcon_core.environment:checking '/home/armrs/drone_racing_ros2_ws/install/tello_gazebo/lib/pkgconfig/tello_gazebo.pc'
[1.467s] Level 1:colcon.colcon_core.environment:checking '/home/armrs/drone_racing_ros2_ws/install/tello_gazebo/lib/python3.8/site-packages'
[1.467s] Level 1:colcon.colcon_core.environment:checking '/home/armrs/drone_racing_ros2_ws/install/tello_gazebo/bin'
[1.467s] INFO:colcon.colcon_core.shell:Creating package script '/home/armrs/drone_racing_ros2_ws/install/tello_gazebo/share/tello_gazebo/package.ps1'
[1.468s] INFO:colcon.colcon_core.shell:Creating package descriptor '/home/armrs/drone_racing_ros2_ws/install/tello_gazebo/share/tello_gazebo/package.dsv'
[1.469s] INFO:colcon.colcon_core.shell:Creating package script '/home/armrs/drone_racing_ros2_ws/install/tello_gazebo/share/tello_gazebo/package.sh'
[1.469s] INFO:colcon.colcon_core.shell:Creating package script '/home/armrs/drone_racing_ros2_ws/install/tello_gazebo/share/tello_gazebo/package.bash'
[1.470s] INFO:colcon.colcon_core.shell:Creating package script '/home/armrs/drone_racing_ros2_ws/install/tello_gazebo/share/tello_gazebo/package.zsh'
[1.470s] Level 1:colcon.colcon_core.environment:create_file_with_runtime_dependencies(/home/armrs/drone_racing_ros2_ws/install/tello_gazebo/share/colcon-core/packages/tello_gazebo)
[1.471s] Level 1:colcon.colcon_core.environment:create_environment_scripts_only(tello_driver)
[1.472s] Level 1:colcon.colcon_core.environment:checking '/home/armrs/drone_racing_ros2_ws/install/tello_driver' for CMake module files
[1.473s] DEBUG:colcon.colcon_core.event_handler.log_command:Invoked command in '/home/armrs/drone_racing_ros2_ws/build/tello_driver' returned '0': AMENT_PREFIX_PATH=/home/armrs/drone_racing_ros2_ws/install/tello_msgs:/home/armrs/drone_racing_ros2_ws/install/ros2_shared:${AMENT_PREFIX_PATH} CMAKE_PREFIX_PATH=/home/armrs/drone_racing_ros2_ws/install/tello_msgs:/home/armrs/drone_racing_ros2_ws/install/ros2_shared:/opt/ros/galactic LD_LIBRARY_PATH=/home/armrs/drone_racing_ros2_ws/install/tello_msgs/lib:${LD_LIBRARY_PATH} PYTHONPATH=/home/armrs/drone_racing_ros2_ws/install/tello_msgs/lib/python3.8/site-packages:${PYTHONPATH} /usr/bin/cmake --install /home/armrs/drone_racing_ros2_ws/build/tello_driver
[1.473s] Level 1:colcon.colcon_core.environment:checking '/home/armrs/drone_racing_ros2_ws/install/tello_driver' for CMake config files
[1.474s] Level 1:colcon.colcon_core.shell:create_environment_hook('tello_driver', 'cmake_prefix_path')
[1.474s] INFO:colcon.colcon_core.shell:Creating environment hook '/home/armrs/drone_racing_ros2_ws/install/tello_driver/share/tello_driver/hook/cmake_prefix_path.ps1'
[1.475s] INFO:colcon.colcon_core.shell:Creating environment descriptor '/home/armrs/drone_racing_ros2_ws/install/tello_driver/share/tello_driver/hook/cmake_prefix_path.dsv'
[1.475s] INFO:colcon.colcon_core.shell:Creating environment hook '/home/armrs/drone_racing_ros2_ws/install/tello_driver/share/tello_driver/hook/cmake_prefix_path.sh'
[1.476s] Level 1:colcon.colcon_core.environment:checking '/home/armrs/drone_racing_ros2_ws/install/tello_driver/lib'
[1.476s] Level 1:colcon.colcon_core.shell:create_environment_hook('tello_driver', 'ld_library_path_lib')
[1.476s] INFO:colcon.colcon_core.shell:Creating environment hook '/home/armrs/drone_racing_ros2_ws/install/tello_driver/share/tello_driver/hook/ld_library_path_lib.ps1'
[1.477s] INFO:colcon.colcon_core.shell:Creating environment descriptor '/home/armrs/drone_racing_ros2_ws/install/tello_driver/share/tello_driver/hook/ld_library_path_lib.dsv'
[1.478s] INFO:colcon.colcon_core.shell:Creating environment hook '/home/armrs/drone_racing_ros2_ws/install/tello_driver/share/tello_driver/hook/ld_library_path_lib.sh'
[1.478s] Level 1:colcon.colcon_core.environment:checking '/home/armrs/drone_racing_ros2_ws/install/tello_driver/bin'
[1.479s] Level 1:colcon.colcon_core.environment:checking '/home/armrs/drone_racing_ros2_ws/install/tello_driver/lib/pkgconfig/tello_driver.pc'
[1.479s] Level 1:colcon.colcon_core.environment:checking '/home/armrs/drone_racing_ros2_ws/install/tello_driver/lib/python3.8/site-packages'
[1.479s] Level 1:colcon.colcon_core.environment:checking '/home/armrs/drone_racing_ros2_ws/install/tello_driver/bin'
[1.480s] INFO:colcon.colcon_core.shell:Creating package script '/home/armrs/drone_racing_ros2_ws/install/tello_driver/share/tello_driver/package.ps1'
[1.481s] INFO:colcon.colcon_core.shell:Creating package descriptor '/home/armrs/drone_racing_ros2_ws/install/tello_driver/share/tello_driver/package.dsv'
[1.481s] INFO:colcon.colcon_core.shell:Creating package script '/home/armrs/drone_racing_ros2_ws/install/tello_driver/share/tello_driver/package.sh'
[1.482s] INFO:colcon.colcon_core.shell:Creating package script '/home/armrs/drone_racing_ros2_ws/install/tello_driver/share/tello_driver/package.bash'
[1.483s] INFO:colcon.colcon_core.shell:Creating package script '/home/armrs/drone_racing_ros2_ws/install/tello_driver/share/tello_driver/package.zsh'
[1.483s] Level 1:colcon.colcon_core.environment:create_file_with_runtime_dependencies(/home/armrs/drone_racing_ros2_ws/install/tello_driver/share/colcon-core/packages/tello_driver)
[1.484s] Level 1:colcon.colcon_core.environment:create_environment_scripts_only(tello_driver)
[1.485s] Level 1:colcon.colcon_core.environment:checking '/home/armrs/drone_racing_ros2_ws/install/tello_driver' for CMake module files
[1.486s] Level 1:colcon.colcon_core.environment:checking '/home/armrs/drone_racing_ros2_ws/install/tello_driver' for CMake config files
[1.486s] Level 1:colcon.colcon_core.shell:create_environment_hook('tello_driver', 'cmake_prefix_path')
[1.487s] INFO:colcon.colcon_core.shell:Creating environment hook '/home/armrs/drone_racing_ros2_ws/install/tello_driver/share/tello_driver/hook/cmake_prefix_path.ps1'
[1.487s] INFO:colcon.colcon_core.shell:Creating environment descriptor '/home/armrs/drone_racing_ros2_ws/install/tello_driver/share/tello_driver/hook/cmake_prefix_path.dsv'
[1.488s] INFO:colcon.colcon_core.shell:Creating environment hook '/home/armrs/drone_racing_ros2_ws/install/tello_driver/share/tello_driver/hook/cmake_prefix_path.sh'
[1.489s] Level 1:colcon.colcon_core.environment:checking '/home/armrs/drone_racing_ros2_ws/install/tello_driver/lib'
[1.489s] Level 1:colcon.colcon_core.shell:create_environment_hook('tello_driver', 'ld_library_path_lib')
[1.490s] INFO:colcon.colcon_core.shell:Creating environment hook '/home/armrs/drone_racing_ros2_ws/install/tello_driver/share/tello_driver/hook/ld_library_path_lib.ps1'
[1.490s] INFO:colcon.colcon_core.shell:Creating environment descriptor '/home/armrs/drone_racing_ros2_ws/install/tello_driver/share/tello_driver/hook/ld_library_path_lib.dsv'
[1.491s] INFO:colcon.colcon_core.shell:Creating environment hook '/home/armrs/drone_racing_ros2_ws/install/tello_driver/share/tello_driver/hook/ld_library_path_lib.sh'
[1.491s] Level 1:colcon.colcon_core.environment:checking '/home/armrs/drone_racing_ros2_ws/install/tello_driver/bin'
[1.491s] Level 1:colcon.colcon_core.environment:checking '/home/armrs/drone_racing_ros2_ws/install/tello_driver/lib/pkgconfig/tello_driver.pc'
[1.492s] Level 1:colcon.colcon_core.environment:checking '/home/armrs/drone_racing_ros2_ws/install/tello_driver/lib/python3.8/site-packages'
[1.492s] Level 1:colcon.colcon_core.environment:checking '/home/armrs/drone_racing_ros2_ws/install/tello_driver/bin'
[1.492s] INFO:colcon.colcon_core.shell:Creating package script '/home/armrs/drone_racing_ros2_ws/install/tello_driver/share/tello_driver/package.ps1'
[1.493s] INFO:colcon.colcon_core.shell:Creating package descriptor '/home/armrs/drone_racing_ros2_ws/install/tello_driver/share/tello_driver/package.dsv'
[1.494s] INFO:colcon.colcon_core.shell:Creating package script '/home/armrs/drone_racing_ros2_ws/install/tello_driver/share/tello_driver/package.sh'
[1.495s] INFO:colcon.colcon_core.shell:Creating package script '/home/armrs/drone_racing_ros2_ws/install/tello_driver/share/tello_driver/package.bash'
[1.496s] INFO:colcon.colcon_core.shell:Creating package script '/home/armrs/drone_racing_ros2_ws/install/tello_driver/share/tello_driver/package.zsh'
[1.496s] Level 1:colcon.colcon_core.environment:create_file_with_runtime_dependencies(/home/armrs/drone_racing_ros2_ws/install/tello_driver/share/colcon-core/packages/tello_driver)
[1.497s] DEBUG:colcon.colcon_parallel_executor.executor.parallel:closing loop
[1.497s] DEBUG:colcon.colcon_parallel_executor.executor.parallel:loop closed
[1.497s] DEBUG:colcon.colcon_parallel_executor.executor.parallel:run_until_complete finished with '0'
[1.497s] DEBUG:colcon.colcon_core.event_reactor:joining thread
[1.504s] INFO:colcon.colcon_core.plugin_system:Skipping extension 'colcon_notification.desktop_notification.terminal_notifier': Not used on non-Darwin systems
[1.504s] INFO:colcon.colcon_core.plugin_system:Skipping extension 'colcon_notification.desktop_notification.win32': Not used on non-Windows systems
[1.504s] INFO:colcon.colcon_notification.desktop_notification:Sending desktop notification using 'notify2'
[1.521s] DEBUG:colcon.colcon_core.event_reactor:joined thread
[1.521s] INFO:colcon.colcon_core.shell:Creating prefix script '/home/armrs/drone_racing_ros2_ws/install/local_setup.ps1'
[1.523s] INFO:colcon.colcon_core.shell:Creating prefix util module '/home/armrs/drone_racing_ros2_ws/install/_local_setup_util_ps1.py'
[1.526s] INFO:colcon.colcon_core.shell:Creating prefix chain script '/home/armrs/drone_racing_ros2_ws/install/setup.ps1'
[1.530s] INFO:colcon.colcon_core.shell:Creating prefix script '/home/armrs/drone_racing_ros2_ws/install/local_setup.sh'
[1.531s] INFO:colcon.colcon_core.shell:Creating prefix util module '/home/armrs/drone_racing_ros2_ws/install/_local_setup_util_sh.py'
[1.531s] INFO:colcon.colcon_core.shell:Creating prefix chain script '/home/armrs/drone_racing_ros2_ws/install/setup.sh'
[1.533s] INFO:colcon.colcon_core.shell:Creating prefix script '/home/armrs/drone_racing_ros2_ws/install/local_setup.bash'
[1.534s] INFO:colcon.colcon_core.shell:Creating prefix chain script '/home/armrs/drone_racing_ros2_ws/install/setup.bash'
[1.535s] INFO:colcon.colcon_core.shell:Creating prefix script '/home/armrs/drone_racing_ros2_ws/install/local_setup.zsh'
[1.536s] INFO:colcon.colcon_core.shell:Creating prefix chain script '/home/armrs/drone_racing_ros2_ws/install/setup.zsh'
